[3.291s] Invoking command in '/home/said/Desktop/sobat/ROS2WorkSpace/src/halka_gorev': AMENT_PREFIX_PATH=/home/said/Desktop/sobat/ROS2WorkSpace/install/motor_kontrol:${AMENT_PREFIX_PATH} PYTHONPATH=/home/said/Desktop/sobat/ROS2WorkSpace/build/halka_gorev/prefix_override:/home/said/Desktop/sobat/ROS2WorkSpace/install/halka_gorev/lib/python3.8/site-packages:/home/said/Desktop/sobat/ROS2WorkSpace/install/motor_kontrol/lib/python3.8/site-packages:/home/said/Desktop/sobat/ROS2WorkSpace/install/sobat_interfaces/lib/python3.8/site-packages:/home/said/Desktop/sobat/ROS2WorkSpace/install/torpido_gorev/lib/python3.8/site-packages:/home/said/Desktop/sobat/ROS2WorkSpace/install/halka_gorev/lib/python3.8/site-packages:/home/said/Desktop/sobat/ROS2WorkSpace/install/kablo_gorev/lib/python3.8/site-packages:/opt/ros/foxy/lib/python3.8/site-packages /usr/bin/python3 setup.py egg_info --egg-base ../../build/halka_gorev build --build-base /home/said/Desktop/sobat/ROS2WorkSpace/build/halka_gorev/build install --record /home/said/Desktop/sobat/ROS2WorkSpace/build/halka_gorev/install.log --install-scripts $base/lib/halka_gorev --single-version-externally-managed
[3.473s] running egg_info
[3.474s] writing ../../build/halka_gorev/halka_gorev.egg-info/PKG-INFO
[3.474s] writing dependency_links to ../../build/halka_gorev/halka_gorev.egg-info/dependency_links.txt
[3.474s] writing entry points to ../../build/halka_gorev/halka_gorev.egg-info/entry_points.txt
[3.475s] writing requirements to ../../build/halka_gorev/halka_gorev.egg-info/requires.txt
[3.475s] writing top-level names to ../../build/halka_gorev/halka_gorev.egg-info/top_level.txt
[3.505s] reading manifest file '../../build/halka_gorev/halka_gorev.egg-info/SOURCES.txt'
[3.506s] writing manifest file '../../build/halka_gorev/halka_gorev.egg-info/SOURCES.txt'
[3.506s] running build
[3.507s] running build_py
[3.507s] running install
[3.508s] running install_lib
[3.509s] running install_data
[3.509s] copying package.xml -> /home/said/Desktop/sobat/ROS2WorkSpace/install/halka_gorev/share/halka_gorev
[3.509s] running install_egg_info
[3.510s] removing '/home/said/Desktop/sobat/ROS2WorkSpace/install/halka_gorev/lib/python3.8/site-packages/halka_gorev-0.0.0-py3.8.egg-info' (and everything under it)
[3.510s] Copying ../../build/halka_gorev/halka_gorev.egg-info to /home/said/Desktop/sobat/ROS2WorkSpace/install/halka_gorev/lib/python3.8/site-packages/halka_gorev-0.0.0-py3.8.egg-info
[3.510s] running install_scripts
[3.524s] Installing dummy_mesafe script to /home/said/Desktop/sobat/ROS2WorkSpace/install/halka_gorev/lib/halka_gorev
[3.525s] Installing halka_arama script to /home/said/Desktop/sobat/ROS2WorkSpace/install/halka_gorev/lib/halka_gorev
[3.526s] Installing mesafe_sensoru_oku script to /home/said/Desktop/sobat/ROS2WorkSpace/install/halka_gorev/lib/halka_gorev
[3.527s] writing list of installed files to '/home/said/Desktop/sobat/ROS2WorkSpace/build/halka_gorev/install.log'
[3.897s] Invoked command in '/home/said/Desktop/sobat/ROS2WorkSpace/src/halka_gorev' returned '0': AMENT_PREFIX_PATH=/home/said/Desktop/sobat/ROS2WorkSpace/install/motor_kontrol:${AMENT_PREFIX_PATH} PYTHONPATH=/home/said/Desktop/sobat/ROS2WorkSpace/build/halka_gorev/prefix_override:/home/said/Desktop/sobat/ROS2WorkSpace/install/halka_gorev/lib/python3.8/site-packages:/home/said/Desktop/sobat/ROS2WorkSpace/install/motor_kontrol/lib/python3.8/site-packages:/home/said/Desktop/sobat/ROS2WorkSpace/install/sobat_interfaces/lib/python3.8/site-packages:/home/said/Desktop/sobat/ROS2WorkSpace/install/torpido_gorev/lib/python3.8/site-packages:/home/said/Desktop/sobat/ROS2WorkSpace/install/halka_gorev/lib/python3.8/site-packages:/home/said/Desktop/sobat/ROS2WorkSpace/install/kablo_gorev/lib/python3.8/site-packages:/opt/ros/foxy/lib/python3.8/site-packages /usr/bin/python3 setup.py egg_info --egg-base ../../build/halka_gorev build --build-base /home/said/Desktop/sobat/ROS2WorkSpace/build/halka_gorev/build install --record /home/said/Desktop/sobat/ROS2WorkSpace/build/halka_gorev/install.log --install-scripts $base/lib/halka_gorev --single-version-externally-managed
