running egg_info
creating ../../build/kablo_gorev/kablo_gorev.egg-info
writing ../../build/kablo_gorev/kablo_gorev.egg-info/PKG-INFO
writing dependency_links to ../../build/kablo_gorev/kablo_gorev.egg-info/dependency_links.txt
writing entry points to ../../build/kablo_gorev/kablo_gorev.egg-info/entry_points.txt
writing requirements to ../../build/kablo_gorev/kablo_gorev.egg-info/requires.txt
writing top-level names to ../../build/kablo_gorev/kablo_gorev.egg-info/top_level.txt
writing manifest file '../../build/kablo_gorev/kablo_gorev.egg-info/SOURCES.txt'
reading manifest file '../../build/kablo_gorev/kablo_gorev.egg-info/SOURCES.txt'
writing manifest file '../../build/kablo_gorev/kablo_gorev.egg-info/SOURCES.txt'
running build
running build_py
creating /home/said/Desktop/sobat/ROS2WorkSpace/build/kablo_gorev/build
creating /home/said/Desktop/sobat/ROS2WorkSpace/build/kablo_gorev/build/lib
creating /home/said/Desktop/sobat/ROS2WorkSpace/build/kablo_gorev/build/lib/kablo_gorev
copying kablo_gorev/__init__.py -> /home/said/Desktop/sobat/ROS2WorkSpace/build/kablo_gorev/build/lib/kablo_gorev
running install
running install_lib
creating /home/said/Desktop/sobat/ROS2WorkSpace/install/kablo_gorev/lib/python3.8/site-packages/kablo_gorev
copying /home/said/Desktop/sobat/ROS2WorkSpace/build/kablo_gorev/build/lib/kablo_gorev/__init__.py -> /home/said/Desktop/sobat/ROS2WorkSpace/install/kablo_gorev/lib/python3.8/site-packages/kablo_gorev
byte-compiling /home/said/Desktop/sobat/ROS2WorkSpace/install/kablo_gorev/lib/python3.8/site-packages/kablo_gorev/__init__.py to __init__.cpython-38.pyc
running install_data
creating /home/said/Desktop/sobat/ROS2WorkSpace/install/kablo_gorev/share/ament_index
creating /home/said/Desktop/sobat/ROS2WorkSpace/install/kablo_gorev/share/ament_index/resource_index
creating /home/said/Desktop/sobat/ROS2WorkSpace/install/kablo_gorev/share/ament_index/resource_index/packages
copying resource/kablo_gorev -> /home/said/Desktop/sobat/ROS2WorkSpace/install/kablo_gorev/share/ament_index/resource_index/packages
copying package.xml -> /home/said/Desktop/sobat/ROS2WorkSpace/install/kablo_gorev/share/kablo_gorev
running install_egg_info
Copying ../../build/kablo_gorev/kablo_gorev.egg-info to /home/said/Desktop/sobat/ROS2WorkSpace/install/kablo_gorev/lib/python3.8/site-packages/kablo_gorev-0.0.0-py3.8.egg-info
running install_scripts
writing list of installed files to '/home/said/Desktop/sobat/ROS2WorkSpace/build/kablo_gorev/install.log'
