[2.151s] Invoking command in '/home/said/Desktop/sobat/ROS2WorkSpace/src/kablo_gorev': PYTHONPATH=/home/said/Desktop/sobat/ROS2WorkSpace/build/kablo_gorev/prefix_override:/home/said/Desktop/sobat/ROS2WorkSpace/install/kablo_gorev/lib/python3.8/site-packages:${PYTHONPATH} /usr/bin/python3 setup.py egg_info --egg-base ../../build/kablo_gorev build --build-base /home/said/Desktop/sobat/ROS2WorkSpace/build/kablo_gorev/build install --record /home/said/Desktop/sobat/ROS2WorkSpace/build/kablo_gorev/install.log --install-scripts $base/lib/kablo_gorev --single-version-externally-managed
[2.307s] running egg_info
[2.307s] creating ../../build/kablo_gorev/kablo_gorev.egg-info
[2.307s] writing ../../build/kablo_gorev/kablo_gorev.egg-info/PKG-INFO
[2.307s] writing dependency_links to ../../build/kablo_gorev/kablo_gorev.egg-info/dependency_links.txt
[2.307s] writing entry points to ../../build/kablo_gorev/kablo_gorev.egg-info/entry_points.txt
[2.308s] writing requirements to ../../build/kablo_gorev/kablo_gorev.egg-info/requires.txt
[2.308s] writing top-level names to ../../build/kablo_gorev/kablo_gorev.egg-info/top_level.txt
[2.308s] writing manifest file '../../build/kablo_gorev/kablo_gorev.egg-info/SOURCES.txt'
[2.335s] reading manifest file '../../build/kablo_gorev/kablo_gorev.egg-info/SOURCES.txt'
[2.336s] writing manifest file '../../build/kablo_gorev/kablo_gorev.egg-info/SOURCES.txt'
[2.336s] running build
[2.336s] running build_py
[2.336s] creating /home/said/Desktop/sobat/ROS2WorkSpace/build/kablo_gorev/build
[2.336s] creating /home/said/Desktop/sobat/ROS2WorkSpace/build/kablo_gorev/build/lib
[2.336s] creating /home/said/Desktop/sobat/ROS2WorkSpace/build/kablo_gorev/build/lib/kablo_gorev
[2.336s] copying kablo_gorev/__init__.py -> /home/said/Desktop/sobat/ROS2WorkSpace/build/kablo_gorev/build/lib/kablo_gorev
[2.336s] running install
[2.337s] running install_lib
[2.337s] creating /home/said/Desktop/sobat/ROS2WorkSpace/install/kablo_gorev/lib/python3.8/site-packages/kablo_gorev
[2.337s] copying /home/said/Desktop/sobat/ROS2WorkSpace/build/kablo_gorev/build/lib/kablo_gorev/__init__.py -> /home/said/Desktop/sobat/ROS2WorkSpace/install/kablo_gorev/lib/python3.8/site-packages/kablo_gorev
[2.338s] byte-compiling /home/said/Desktop/sobat/ROS2WorkSpace/install/kablo_gorev/lib/python3.8/site-packages/kablo_gorev/__init__.py to __init__.cpython-38.pyc
[2.338s] running install_data
[2.339s] creating /home/said/Desktop/sobat/ROS2WorkSpace/install/kablo_gorev/share/ament_index
[2.339s] creating /home/said/Desktop/sobat/ROS2WorkSpace/install/kablo_gorev/share/ament_index/resource_index
[2.339s] creating /home/said/Desktop/sobat/ROS2WorkSpace/install/kablo_gorev/share/ament_index/resource_index/packages
[2.339s] copying resource/kablo_gorev -> /home/said/Desktop/sobat/ROS2WorkSpace/install/kablo_gorev/share/ament_index/resource_index/packages
[2.339s] copying package.xml -> /home/said/Desktop/sobat/ROS2WorkSpace/install/kablo_gorev/share/kablo_gorev
[2.339s] running install_egg_info
[2.341s] Copying ../../build/kablo_gorev/kablo_gorev.egg-info to /home/said/Desktop/sobat/ROS2WorkSpace/install/kablo_gorev/lib/python3.8/site-packages/kablo_gorev-0.0.0-py3.8.egg-info
[2.341s] running install_scripts
[2.355s] writing list of installed files to '/home/said/Desktop/sobat/ROS2WorkSpace/build/kablo_gorev/install.log'
[2.807s] Invoked command in '/home/said/Desktop/sobat/ROS2WorkSpace/src/kablo_gorev' returned '0': PYTHONPATH=/home/said/Desktop/sobat/ROS2WorkSpace/build/kablo_gorev/prefix_override:/home/said/Desktop/sobat/ROS2WorkSpace/install/kablo_gorev/lib/python3.8/site-packages:${PYTHONPATH} /usr/bin/python3 setup.py egg_info --egg-base ../../build/kablo_gorev build --build-base /home/said/Desktop/sobat/ROS2WorkSpace/build/kablo_gorev/build install --record /home/said/Desktop/sobat/ROS2WorkSpace/build/kablo_gorev/install.log --install-scripts $base/lib/kablo_gorev --single-version-externally-managed
