[1.115s] Invoking command in '/home/said/Desktop/sobat/ROS2WorkSpace/src/torpido_gorev': PYTHONPATH=/home/said/Desktop/sobat/ROS2WorkSpace/build/torpido_gorev/prefix_override:/home/said/Desktop/sobat/ROS2WorkSpace/install/torpido_gorev/lib/python3.10/site-packages:${PYTHONPATH} /usr/bin/python3 setup.py egg_info --egg-base ../../build/torpido_gorev build --build-base /home/said/Desktop/sobat/ROS2WorkSpace/build/torpido_gorev/build install --record /home/said/Desktop/sobat/ROS2WorkSpace/build/torpido_gorev/install.log --single-version-externally-managed
[1.315s] running egg_info
[1.316s] creating ../../build/torpido_gorev/torpido_gorev.egg-info
[1.316s] writing ../../build/torpido_gorev/torpido_gorev.egg-info/PKG-INFO
[1.316s] writing dependency_links to ../../build/torpido_gorev/torpido_gorev.egg-info/dependency_links.txt
[1.316s] writing entry points to ../../build/torpido_gorev/torpido_gorev.egg-info/entry_points.txt
[1.316s] writing requirements to ../../build/torpido_gorev/torpido_gorev.egg-info/requires.txt
[1.317s] writing top-level names to ../../build/torpido_gorev/torpido_gorev.egg-info/top_level.txt
[1.317s] writing manifest file '../../build/torpido_gorev/torpido_gorev.egg-info/SOURCES.txt'
[1.318s] reading manifest file '../../build/torpido_gorev/torpido_gorev.egg-info/SOURCES.txt'
[1.319s] writing manifest file '../../build/torpido_gorev/torpido_gorev.egg-info/SOURCES.txt'
[1.319s] running build
[1.319s] running build_py
[1.319s] creating /home/said/Desktop/sobat/ROS2WorkSpace/build/torpido_gorev/build
[1.319s] creating /home/said/Desktop/sobat/ROS2WorkSpace/build/torpido_gorev/build/lib
[1.320s] creating /home/said/Desktop/sobat/ROS2WorkSpace/build/torpido_gorev/build/lib/torpido_gorev
[1.320s] copying torpido_gorev/__init__.py -> /home/said/Desktop/sobat/ROS2WorkSpace/build/torpido_gorev/build/lib/torpido_gorev
[1.320s] running install
[1.320s] running install_lib
[1.320s] creating /home/said/Desktop/sobat/ROS2WorkSpace/install/torpido_gorev/lib/python3.10/site-packages/torpido_gorev
[1.320s] copying /home/said/Desktop/sobat/ROS2WorkSpace/build/torpido_gorev/build/lib/torpido_gorev/__init__.py -> /home/said/Desktop/sobat/ROS2WorkSpace/install/torpido_gorev/lib/python3.10/site-packages/torpido_gorev
[1.321s] byte-compiling /home/said/Desktop/sobat/ROS2WorkSpace/install/torpido_gorev/lib/python3.10/site-packages/torpido_gorev/__init__.py to __init__.cpython-310.pyc
[1.321s] running install_data
[1.321s] creating /home/said/Desktop/sobat/ROS2WorkSpace/install/torpido_gorev/share/ament_index
[1.321s] creating /home/said/Desktop/sobat/ROS2WorkSpace/install/torpido_gorev/share/ament_index/resource_index
[1.321s] creating /home/said/Desktop/sobat/ROS2WorkSpace/install/torpido_gorev/share/ament_index/resource_index/packages
[1.321s] copying resource/torpido_gorev -> /home/said/Desktop/sobat/ROS2WorkSpace/install/torpido_gorev/share/ament_index/resource_index/packages
[1.321s] copying package.xml -> /home/said/Desktop/sobat/ROS2WorkSpace/install/torpido_gorev/share/torpido_gorev
[1.322s] running install_egg_info
[1.322s] Copying ../../build/torpido_gorev/torpido_gorev.egg-info to /home/said/Desktop/sobat/ROS2WorkSpace/install/torpido_gorev/lib/python3.10/site-packages/torpido_gorev-0.0.0-py3.10.egg-info
[1.323s] running install_scripts
[1.339s] writing list of installed files to '/home/said/Desktop/sobat/ROS2WorkSpace/build/torpido_gorev/install.log'
[1.369s] Invoked command in '/home/said/Desktop/sobat/ROS2WorkSpace/src/torpido_gorev' returned '0': PYTHONPATH=/home/said/Desktop/sobat/ROS2WorkSpace/build/torpido_gorev/prefix_override:/home/said/Desktop/sobat/ROS2WorkSpace/install/torpido_gorev/lib/python3.10/site-packages:${PYTHONPATH} /usr/bin/python3 setup.py egg_info --egg-base ../../build/torpido_gorev build --build-base /home/said/Desktop/sobat/ROS2WorkSpace/build/torpido_gorev/build install --record /home/said/Desktop/sobat/ROS2WorkSpace/build/torpido_gorev/install.log --single-version-externally-managed
