[2.122s] Invoking command in '/home/said/Desktop/sobat/ROS2WorkSpace/src/torpido_gorev': AMENT_PREFIX_PATH=/home/said/Desktop/sobat/ROS2WorkSpace/install/motor_kontrol:/home/said/Desktop/sobat/ROS2WorkSpace/install/torpido_gorev:/home/said/Desktop/sobat/ROS2WorkSpace/install/kablo_gorev:/home/said/Desktop/sobat/ROS2WorkSpace/install/halka_gorev:/home/said/Desktop/sobat/ROS2WorkSpace/install/sobat_interfaces:/opt/ros/foxy PYTHONPATH=/home/said/Desktop/sobat/ROS2WorkSpace/build/torpido_gorev/prefix_override:/home/said/Desktop/sobat/ROS2WorkSpace/install/torpido_gorev/lib/python3.8/site-packages:/home/said/Desktop/sobat/ROS2WorkSpace/install/motor_kontrol/lib/python3.8/site-packages:/home/said/Desktop/sobat/ROS2WorkSpace/install/sobat_interfaces/lib/python3.8/site-packages:/home/said/Desktop/sobat/ROS2WorkSpace/build/motor_kontrol:/home/said/Desktop/sobat/ROS2WorkSpace/build/torpido_gorev:/home/said/Desktop/sobat/ROS2WorkSpace/install/torpido_gorev/lib/python3.8/site-packages:/home/said/Desktop/sobat/ROS2WorkSpace/build/kablo_gorev:/home/said/Desktop/sobat/ROS2WorkSpace/install/kablo_gorev/lib/python3.8/site-packages:/home/said/Desktop/sobat/ROS2WorkSpace/build/halka_gorev:/home/said/Desktop/sobat/ROS2WorkSpace/install/halka_gorev/lib/python3.8/site-packages:/opt/ros/foxy/lib/python3.8/site-packages /usr/bin/python3 setup.py egg_info --egg-base ../../build/torpido_gorev build --build-base /home/said/Desktop/sobat/ROS2WorkSpace/build/torpido_gorev/build install --record /home/said/Desktop/sobat/ROS2WorkSpace/build/torpido_gorev/install.log --install-scripts $base/lib/torpido_gorev --single-version-externally-managed
[2.288s] running egg_info
[2.288s] writing ../../build/torpido_gorev/torpido_gorev.egg-info/PKG-INFO
[2.288s] writing dependency_links to ../../build/torpido_gorev/torpido_gorev.egg-info/dependency_links.txt
[2.289s] writing entry points to ../../build/torpido_gorev/torpido_gorev.egg-info/entry_points.txt
[2.289s] writing requirements to ../../build/torpido_gorev/torpido_gorev.egg-info/requires.txt
[2.289s] writing top-level names to ../../build/torpido_gorev/torpido_gorev.egg-info/top_level.txt
[2.316s] reading manifest file '../../build/torpido_gorev/torpido_gorev.egg-info/SOURCES.txt'
[2.317s] writing manifest file '../../build/torpido_gorev/torpido_gorev.egg-info/SOURCES.txt'
[2.317s] running build
[2.317s] running build_py
[2.317s] running install
[2.318s] running install_lib
[2.319s] running install_data
[2.319s] running install_egg_info
[2.321s] removing '/home/said/Desktop/sobat/ROS2WorkSpace/install/torpido_gorev/lib/python3.8/site-packages/torpido_gorev-0.0.0-py3.8.egg-info' (and everything under it)
[2.321s] Copying ../../build/torpido_gorev/torpido_gorev.egg-info to /home/said/Desktop/sobat/ROS2WorkSpace/install/torpido_gorev/lib/python3.8/site-packages/torpido_gorev-0.0.0-py3.8.egg-info
[2.321s] running install_scripts
[2.336s] writing list of installed files to '/home/said/Desktop/sobat/ROS2WorkSpace/build/torpido_gorev/install.log'
[2.805s] Invoked command in '/home/said/Desktop/sobat/ROS2WorkSpace/src/torpido_gorev' returned '0': AMENT_PREFIX_PATH=/home/said/Desktop/sobat/ROS2WorkSpace/install/motor_kontrol:/home/said/Desktop/sobat/ROS2WorkSpace/install/torpido_gorev:/home/said/Desktop/sobat/ROS2WorkSpace/install/kablo_gorev:/home/said/Desktop/sobat/ROS2WorkSpace/install/halka_gorev:/home/said/Desktop/sobat/ROS2WorkSpace/install/sobat_interfaces:/opt/ros/foxy PYTHONPATH=/home/said/Desktop/sobat/ROS2WorkSpace/build/torpido_gorev/prefix_override:/home/said/Desktop/sobat/ROS2WorkSpace/install/torpido_gorev/lib/python3.8/site-packages:/home/said/Desktop/sobat/ROS2WorkSpace/install/motor_kontrol/lib/python3.8/site-packages:/home/said/Desktop/sobat/ROS2WorkSpace/install/sobat_interfaces/lib/python3.8/site-packages:/home/said/Desktop/sobat/ROS2WorkSpace/build/motor_kontrol:/home/said/Desktop/sobat/ROS2WorkSpace/build/torpido_gorev:/home/said/Desktop/sobat/ROS2WorkSpace/install/torpido_gorev/lib/python3.8/site-packages:/home/said/Desktop/sobat/ROS2WorkSpace/build/kablo_gorev:/home/said/Desktop/sobat/ROS2WorkSpace/install/kablo_gorev/lib/python3.8/site-packages:/home/said/Desktop/sobat/ROS2WorkSpace/build/halka_gorev:/home/said/Desktop/sobat/ROS2WorkSpace/install/halka_gorev/lib/python3.8/site-packages:/opt/ros/foxy/lib/python3.8/site-packages /usr/bin/python3 setup.py egg_info --egg-base ../../build/torpido_gorev build --build-base /home/said/Desktop/sobat/ROS2WorkSpace/build/torpido_gorev/build install --record /home/said/Desktop/sobat/ROS2WorkSpace/build/torpido_gorev/install.log --install-scripts $base/lib/torpido_gorev --single-version-externally-managed
