[1.459s] Invoking command in '/home/said/Desktop/sobat/ROS2WorkSpace/src/kablo_gorev': PYTHONPATH=/home/said/Desktop/sobat/ROS2WorkSpace/build/kablo_gorev/prefix_override:/home/said/Desktop/sobat/ROS2WorkSpace/install/kablo_gorev/lib/python3.10/site-packages:${PYTHONPATH} /usr/bin/python3 setup.py egg_info --egg-base ../../build/kablo_gorev build --build-base /home/said/Desktop/sobat/ROS2WorkSpace/build/kablo_gorev/build install --record /home/said/Desktop/sobat/ROS2WorkSpace/build/kablo_gorev/install.log --single-version-externally-managed
[1.685s] running egg_info
[1.685s] creating ../../build/kablo_gorev/kablo_gorev.egg-info
[1.685s] writing ../../build/kablo_gorev/kablo_gorev.egg-info/PKG-INFO
[1.686s] writing dependency_links to ../../build/kablo_gorev/kablo_gorev.egg-info/dependency_links.txt
[1.686s] writing entry points to ../../build/kablo_gorev/kablo_gorev.egg-info/entry_points.txt
[1.686s] writing requirements to ../../build/kablo_gorev/kablo_gorev.egg-info/requires.txt
[1.686s] writing top-level names to ../../build/kablo_gorev/kablo_gorev.egg-info/top_level.txt
[1.686s] writing manifest file '../../build/kablo_gorev/kablo_gorev.egg-info/SOURCES.txt'
[1.688s] reading manifest file '../../build/kablo_gorev/kablo_gorev.egg-info/SOURCES.txt'
[1.689s] writing manifest file '../../build/kablo_gorev/kablo_gorev.egg-info/SOURCES.txt'
[1.689s] running build
[1.689s] running build_py
[1.689s] creating /home/said/Desktop/sobat/ROS2WorkSpace/build/kablo_gorev/build
[1.690s] creating /home/said/Desktop/sobat/ROS2WorkSpace/build/kablo_gorev/build/lib
[1.690s] creating /home/said/Desktop/sobat/ROS2WorkSpace/build/kablo_gorev/build/lib/kablo_gorev
[1.690s] copying kablo_gorev/__init__.py -> /home/said/Desktop/sobat/ROS2WorkSpace/build/kablo_gorev/build/lib/kablo_gorev
[1.690s] running install
[1.690s] running install_lib
[1.691s] creating /home/said/Desktop/sobat/ROS2WorkSpace/install/kablo_gorev/lib/python3.10/site-packages/kablo_gorev
[1.691s] copying /home/said/Desktop/sobat/ROS2WorkSpace/build/kablo_gorev/build/lib/kablo_gorev/__init__.py -> /home/said/Desktop/sobat/ROS2WorkSpace/install/kablo_gorev/lib/python3.10/site-packages/kablo_gorev
[1.691s] byte-compiling /home/said/Desktop/sobat/ROS2WorkSpace/install/kablo_gorev/lib/python3.10/site-packages/kablo_gorev/__init__.py to __init__.cpython-310.pyc
[1.691s] running install_data
[1.692s] creating /home/said/Desktop/sobat/ROS2WorkSpace/install/kablo_gorev/share/ament_index
[1.692s] creating /home/said/Desktop/sobat/ROS2WorkSpace/install/kablo_gorev/share/ament_index/resource_index
[1.692s] creating /home/said/Desktop/sobat/ROS2WorkSpace/install/kablo_gorev/share/ament_index/resource_index/packages
[1.692s] copying resource/kablo_gorev -> /home/said/Desktop/sobat/ROS2WorkSpace/install/kablo_gorev/share/ament_index/resource_index/packages
[1.692s] copying package.xml -> /home/said/Desktop/sobat/ROS2WorkSpace/install/kablo_gorev/share/kablo_gorev
[1.692s] running install_egg_info
[1.694s] Copying ../../build/kablo_gorev/kablo_gorev.egg-info to /home/said/Desktop/sobat/ROS2WorkSpace/install/kablo_gorev/lib/python3.10/site-packages/kablo_gorev-0.0.0-py3.10.egg-info
[1.695s] running install_scripts
[1.713s] writing list of installed files to '/home/said/Desktop/sobat/ROS2WorkSpace/build/kablo_gorev/install.log'
[1.797s] Invoked command in '/home/said/Desktop/sobat/ROS2WorkSpace/src/kablo_gorev' returned '0': PYTHONPATH=/home/said/Desktop/sobat/ROS2WorkSpace/build/kablo_gorev/prefix_override:/home/said/Desktop/sobat/ROS2WorkSpace/install/kablo_gorev/lib/python3.10/site-packages:${PYTHONPATH} /usr/bin/python3 setup.py egg_info --egg-base ../../build/kablo_gorev build --build-base /home/said/Desktop/sobat/ROS2WorkSpace/build/kablo_gorev/build install --record /home/said/Desktop/sobat/ROS2WorkSpace/build/kablo_gorev/install.log --single-version-externally-managed
