[2.714s] Invoking command in '/home/said/Desktop/sobat/ROS2WorkSpace/src/kablo_gorev': PYTHONPATH=/home/said/Desktop/sobat/ROS2WorkSpace/build/kablo_gorev/prefix_override:/home/said/Desktop/sobat/ROS2WorkSpace/install/kablo_gorev/lib/python3.8/site-packages:${PYTHONPATH} /usr/bin/python3 setup.py egg_info --egg-base ../../build/kablo_gorev build --build-base /home/said/Desktop/sobat/ROS2WorkSpace/build/kablo_gorev/build install --record /home/said/Desktop/sobat/ROS2WorkSpace/build/kablo_gorev/install.log --install-scripts $base/lib/kablo_gorev --single-version-externally-managed
[2.889s] running egg_info
[2.890s] writing ../../build/kablo_gorev/kablo_gorev.egg-info/PKG-INFO
[2.890s] writing dependency_links to ../../build/kablo_gorev/kablo_gorev.egg-info/dependency_links.txt
[2.890s] writing entry points to ../../build/kablo_gorev/kablo_gorev.egg-info/entry_points.txt
[2.890s] writing requirements to ../../build/kablo_gorev/kablo_gorev.egg-info/requires.txt
[2.891s] writing top-level names to ../../build/kablo_gorev/kablo_gorev.egg-info/top_level.txt
[2.920s] reading manifest file '../../build/kablo_gorev/kablo_gorev.egg-info/SOURCES.txt'
[2.921s] writing manifest file '../../build/kablo_gorev/kablo_gorev.egg-info/SOURCES.txt'
[2.921s] running build
[2.921s] running build_py
[2.921s] running install
[2.922s] running install_lib
[2.923s] running install_data
[2.924s] running install_egg_info
[2.925s] removing '/home/said/Desktop/sobat/ROS2WorkSpace/install/kablo_gorev/lib/python3.8/site-packages/kablo_gorev-0.0.0-py3.8.egg-info' (and everything under it)
[2.925s] Copying ../../build/kablo_gorev/kablo_gorev.egg-info to /home/said/Desktop/sobat/ROS2WorkSpace/install/kablo_gorev/lib/python3.8/site-packages/kablo_gorev-0.0.0-py3.8.egg-info
[2.926s] running install_scripts
[2.941s] writing list of installed files to '/home/said/Desktop/sobat/ROS2WorkSpace/build/kablo_gorev/install.log'
[2.961s] Invoked command in '/home/said/Desktop/sobat/ROS2WorkSpace/src/kablo_gorev' returned '0': PYTHONPATH=/home/said/Desktop/sobat/ROS2WorkSpace/build/kablo_gorev/prefix_override:/home/said/Desktop/sobat/ROS2WorkSpace/install/kablo_gorev/lib/python3.8/site-packages:${PYTHONPATH} /usr/bin/python3 setup.py egg_info --egg-base ../../build/kablo_gorev build --build-base /home/said/Desktop/sobat/ROS2WorkSpace/build/kablo_gorev/build install --record /home/said/Desktop/sobat/ROS2WorkSpace/build/kablo_gorev/install.log --install-scripts $base/lib/kablo_gorev --single-version-externally-managed
