[1.283s] Invoking command in '/home/said/Desktop/sobat/ROS2WorkSpace/build/motor_kontrol': PYTHONPATH=/home/said/Desktop/sobat/ROS2WorkSpace/build/motor_kontrol/prefix_override:/home/said/Desktop/sobat/ROS2WorkSpace/install/motor_kontrol/lib/python3.8/site-packages:/home/said/Desktop/sobat/ROS2WorkSpace/install/sobat_interfaces/lib/python3.8/site-packages:/home/said/Desktop/sobat/ROS2WorkSpace/build/torpido_gorev:/home/said/Desktop/sobat/ROS2WorkSpace/build/kablo_gorev:/home/said/Desktop/sobat/ROS2WorkSpace/build/halka_gorev:/home/said/Desktop/sobat/ROS2WorkSpace/build/motor_kontrol:/home/said/Desktop/sobat/ROS2WorkSpace/install/motor_kontrol/lib/python3.8/site-packages:/home/said/Desktop/sobat/ROS2WorkSpace/install/torpido_gorev/lib/python3.8/site-packages:/home/said/Desktop/sobat/ROS2WorkSpace/install/halka_gorev/lib/python3.8/site-packages:/home/said/Desktop/sobat/ROS2WorkSpace/install/kablo_gorev/lib/python3.8/site-packages:/opt/ros/foxy/lib/python3.8/site-packages /usr/bin/python3 setup.py develop --uninstall --editable --build-directory /home/said/Desktop/sobat/ROS2WorkSpace/build/motor_kontrol/build
[1.479s] running develop
[1.592s] Removing /home/said/Desktop/sobat/ROS2WorkSpace/install/motor_kontrol/lib/python3.8/site-packages/motor-kontrol.egg-link (link to .)
[1.610s] Invoked command in '/home/said/Desktop/sobat/ROS2WorkSpace/build/motor_kontrol' returned '0': PYTHONPATH=/home/said/Desktop/sobat/ROS2WorkSpace/build/motor_kontrol/prefix_override:/home/said/Desktop/sobat/ROS2WorkSpace/install/motor_kontrol/lib/python3.8/site-packages:/home/said/Desktop/sobat/ROS2WorkSpace/install/sobat_interfaces/lib/python3.8/site-packages:/home/said/Desktop/sobat/ROS2WorkSpace/build/torpido_gorev:/home/said/Desktop/sobat/ROS2WorkSpace/build/kablo_gorev:/home/said/Desktop/sobat/ROS2WorkSpace/build/halka_gorev:/home/said/Desktop/sobat/ROS2WorkSpace/build/motor_kontrol:/home/said/Desktop/sobat/ROS2WorkSpace/install/motor_kontrol/lib/python3.8/site-packages:/home/said/Desktop/sobat/ROS2WorkSpace/install/torpido_gorev/lib/python3.8/site-packages:/home/said/Desktop/sobat/ROS2WorkSpace/install/halka_gorev/lib/python3.8/site-packages:/home/said/Desktop/sobat/ROS2WorkSpace/install/kablo_gorev/lib/python3.8/site-packages:/opt/ros/foxy/lib/python3.8/site-packages /usr/bin/python3 setup.py develop --uninstall --editable --build-directory /home/said/Desktop/sobat/ROS2WorkSpace/build/motor_kontrol/build
[1.612s] Invoking command in '/home/said/Desktop/sobat/ROS2WorkSpace/src/motor_kontrol': PYTHONPATH=/home/said/Desktop/sobat/ROS2WorkSpace/build/motor_kontrol/prefix_override:/home/said/Desktop/sobat/ROS2WorkSpace/install/motor_kontrol/lib/python3.8/site-packages:/home/said/Desktop/sobat/ROS2WorkSpace/install/sobat_interfaces/lib/python3.8/site-packages:/home/said/Desktop/sobat/ROS2WorkSpace/build/torpido_gorev:/home/said/Desktop/sobat/ROS2WorkSpace/build/kablo_gorev:/home/said/Desktop/sobat/ROS2WorkSpace/build/halka_gorev:/home/said/Desktop/sobat/ROS2WorkSpace/build/motor_kontrol:/home/said/Desktop/sobat/ROS2WorkSpace/install/motor_kontrol/lib/python3.8/site-packages:/home/said/Desktop/sobat/ROS2WorkSpace/install/torpido_gorev/lib/python3.8/site-packages:/home/said/Desktop/sobat/ROS2WorkSpace/install/halka_gorev/lib/python3.8/site-packages:/home/said/Desktop/sobat/ROS2WorkSpace/install/kablo_gorev/lib/python3.8/site-packages:/opt/ros/foxy/lib/python3.8/site-packages /usr/bin/python3 setup.py egg_info --egg-base ../../build/motor_kontrol build --build-base /home/said/Desktop/sobat/ROS2WorkSpace/build/motor_kontrol/build install --record /home/said/Desktop/sobat/ROS2WorkSpace/build/motor_kontrol/install.log --install-scripts $base/lib/motor_kontrol --single-version-externally-managed
[1.792s] running egg_info
[1.792s] writing ../../build/motor_kontrol/motor_kontrol.egg-info/PKG-INFO
[1.792s] writing dependency_links to ../../build/motor_kontrol/motor_kontrol.egg-info/dependency_links.txt
[1.793s] writing entry points to ../../build/motor_kontrol/motor_kontrol.egg-info/entry_points.txt
[1.793s] writing requirements to ../../build/motor_kontrol/motor_kontrol.egg-info/requires.txt
[1.793s] writing top-level names to ../../build/motor_kontrol/motor_kontrol.egg-info/top_level.txt
[1.821s] reading manifest file '../../build/motor_kontrol/motor_kontrol.egg-info/SOURCES.txt'
[1.822s] writing manifest file '../../build/motor_kontrol/motor_kontrol.egg-info/SOURCES.txt'
[1.822s] running build
[1.822s] running build_py
[1.822s] running install
[1.823s] running install_lib
[1.824s] creating /home/said/Desktop/sobat/ROS2WorkSpace/install/motor_kontrol/lib/python3.8/site-packages/motor_kontrol
[1.824s] copying /home/said/Desktop/sobat/ROS2WorkSpace/build/motor_kontrol/build/lib/motor_kontrol/__init__.py -> /home/said/Desktop/sobat/ROS2WorkSpace/install/motor_kontrol/lib/python3.8/site-packages/motor_kontrol
[1.824s] copying /home/said/Desktop/sobat/ROS2WorkSpace/build/motor_kontrol/build/lib/motor_kontrol/motor_control_node.py -> /home/said/Desktop/sobat/ROS2WorkSpace/install/motor_kontrol/lib/python3.8/site-packages/motor_kontrol
[1.824s] byte-compiling /home/said/Desktop/sobat/ROS2WorkSpace/install/motor_kontrol/lib/python3.8/site-packages/motor_kontrol/__init__.py to __init__.cpython-38.pyc
[1.825s] byte-compiling /home/said/Desktop/sobat/ROS2WorkSpace/install/motor_kontrol/lib/python3.8/site-packages/motor_kontrol/motor_control_node.py to motor_control_node.cpython-38.pyc
[1.826s] running install_data
[1.826s] running install_egg_info
[1.827s] Copying ../../build/motor_kontrol/motor_kontrol.egg-info to /home/said/Desktop/sobat/ROS2WorkSpace/install/motor_kontrol/lib/python3.8/site-packages/motor_kontrol-0.0.1-py3.8.egg-info
[1.828s] running install_scripts
[1.842s] Installing motor_kontrol_node script to /home/said/Desktop/sobat/ROS2WorkSpace/install/motor_kontrol/lib/motor_kontrol
[1.842s] writing list of installed files to '/home/said/Desktop/sobat/ROS2WorkSpace/build/motor_kontrol/install.log'
[1.862s] Invoked command in '/home/said/Desktop/sobat/ROS2WorkSpace/src/motor_kontrol' returned '0': PYTHONPATH=/home/said/Desktop/sobat/ROS2WorkSpace/build/motor_kontrol/prefix_override:/home/said/Desktop/sobat/ROS2WorkSpace/install/motor_kontrol/lib/python3.8/site-packages:/home/said/Desktop/sobat/ROS2WorkSpace/install/sobat_interfaces/lib/python3.8/site-packages:/home/said/Desktop/sobat/ROS2WorkSpace/build/torpido_gorev:/home/said/Desktop/sobat/ROS2WorkSpace/build/kablo_gorev:/home/said/Desktop/sobat/ROS2WorkSpace/build/halka_gorev:/home/said/Desktop/sobat/ROS2WorkSpace/build/motor_kontrol:/home/said/Desktop/sobat/ROS2WorkSpace/install/motor_kontrol/lib/python3.8/site-packages:/home/said/Desktop/sobat/ROS2WorkSpace/install/torpido_gorev/lib/python3.8/site-packages:/home/said/Desktop/sobat/ROS2WorkSpace/install/halka_gorev/lib/python3.8/site-packages:/home/said/Desktop/sobat/ROS2WorkSpace/install/kablo_gorev/lib/python3.8/site-packages:/opt/ros/foxy/lib/python3.8/site-packages /usr/bin/python3 setup.py egg_info --egg-base ../../build/motor_kontrol build --build-base /home/said/Desktop/sobat/ROS2WorkSpace/build/motor_kontrol/build install --record /home/said/Desktop/sobat/ROS2WorkSpace/build/motor_kontrol/install.log --install-scripts $base/lib/motor_kontrol --single-version-externally-managed
