running egg_info
creating ../../build/motor_kontrol/motor_kontrol.egg-info
writing ../../build/motor_kontrol/motor_kontrol.egg-info/PKG-INFO
writing dependency_links to ../../build/motor_kontrol/motor_kontrol.egg-info/dependency_links.txt
writing entry points to ../../build/motor_kontrol/motor_kontrol.egg-info/entry_points.txt
writing requirements to ../../build/motor_kontrol/motor_kontrol.egg-info/requires.txt
writing top-level names to ../../build/motor_kontrol/motor_kontrol.egg-info/top_level.txt
writing manifest file '../../build/motor_kontrol/motor_kontrol.egg-info/SOURCES.txt'
reading manifest file '../../build/motor_kontrol/motor_kontrol.egg-info/SOURCES.txt'
writing manifest file '../../build/motor_kontrol/motor_kontrol.egg-info/SOURCES.txt'
running build
running build_py
creating /home/said/Desktop/sobat/ROS2WorkSpace/build/motor_kontrol/build
creating /home/said/Desktop/sobat/ROS2WorkSpace/build/motor_kontrol/build/lib
creating /home/said/Desktop/sobat/ROS2WorkSpace/build/motor_kontrol/build/lib/motor_kontrol
copying motor_kontrol/__init__.py -> /home/said/Desktop/sobat/ROS2WorkSpace/build/motor_kontrol/build/lib/motor_kontrol
copying motor_kontrol/motor_control_node.py -> /home/said/Desktop/sobat/ROS2WorkSpace/build/motor_kontrol/build/lib/motor_kontrol
running install
running install_lib
creating /home/said/Desktop/sobat/ROS2WorkSpace/install/motor_kontrol/lib/python3.8/site-packages/motor_kontrol
copying /home/said/Desktop/sobat/ROS2WorkSpace/build/motor_kontrol/build/lib/motor_kontrol/__init__.py -> /home/said/Desktop/sobat/ROS2WorkSpace/install/motor_kontrol/lib/python3.8/site-packages/motor_kontrol
copying /home/said/Desktop/sobat/ROS2WorkSpace/build/motor_kontrol/build/lib/motor_kontrol/motor_control_node.py -> /home/said/Desktop/sobat/ROS2WorkSpace/install/motor_kontrol/lib/python3.8/site-packages/motor_kontrol
byte-compiling /home/said/Desktop/sobat/ROS2WorkSpace/install/motor_kontrol/lib/python3.8/site-packages/motor_kontrol/__init__.py to __init__.cpython-38.pyc
byte-compiling /home/said/Desktop/sobat/ROS2WorkSpace/install/motor_kontrol/lib/python3.8/site-packages/motor_kontrol/motor_control_node.py to motor_control_node.cpython-38.pyc
running install_data
creating /home/said/Desktop/sobat/ROS2WorkSpace/install/motor_kontrol/share/ament_index
creating /home/said/Desktop/sobat/ROS2WorkSpace/install/motor_kontrol/share/ament_index/resource_index
creating /home/said/Desktop/sobat/ROS2WorkSpace/install/motor_kontrol/share/ament_index/resource_index/packages
copying resource/motor_kontrol -> /home/said/Desktop/sobat/ROS2WorkSpace/install/motor_kontrol/share/ament_index/resource_index/packages
copying package.xml -> /home/said/Desktop/sobat/ROS2WorkSpace/install/motor_kontrol/share/motor_kontrol
running install_egg_info
Copying ../../build/motor_kontrol/motor_kontrol.egg-info to /home/said/Desktop/sobat/ROS2WorkSpace/install/motor_kontrol/lib/python3.8/site-packages/motor_kontrol-0.0.1-py3.8.egg-info
running install_scripts
Installing motor_kontrol_node script to /home/said/Desktop/sobat/ROS2WorkSpace/install/motor_kontrol/lib/motor_kontrol
writing list of installed files to '/home/said/Desktop/sobat/ROS2WorkSpace/build/motor_kontrol/install.log'
