[2.855s] Invoking command in '/home/said/Desktop/sobat/ROS2WorkSpace/build/halka_gorev': AMENT_PREFIX_PATH=/home/said/Desktop/sobat/ROS2WorkSpace/install/motor_kontrol:/home/said/Desktop/sobat/ROS2WorkSpace/install/torpido_gorev:/home/said/Desktop/sobat/ROS2WorkSpace/install/kablo_gorev:/home/said/Desktop/sobat/ROS2WorkSpace/install/halka_gorev:/home/said/Desktop/sobat/ROS2WorkSpace/install/sobat_interfaces:/opt/ros/foxy PYTHONPATH=/home/said/Desktop/sobat/ROS2WorkSpace/build/halka_gorev/prefix_override:/home/said/Desktop/sobat/ROS2WorkSpace/install/halka_gorev/lib/python3.8/site-packages:/home/said/Desktop/sobat/ROS2WorkSpace/install/motor_kontrol/lib/python3.8/site-packages:/home/said/Desktop/sobat/ROS2WorkSpace/install/sobat_interfaces/lib/python3.8/site-packages:/home/said/Desktop/sobat/ROS2WorkSpace/build/torpido_gorev:/home/said/Desktop/sobat/ROS2WorkSpace/install/torpido_gorev/lib/python3.8/site-packages:/home/said/Desktop/sobat/ROS2WorkSpace/build/kablo_gorev:/home/said/Desktop/sobat/ROS2WorkSpace/install/kablo_gorev/lib/python3.8/site-packages:/home/said/Desktop/sobat/ROS2WorkSpace/build/halka_gorev:/home/said/Desktop/sobat/ROS2WorkSpace/install/halka_gorev/lib/python3.8/site-packages:/opt/ros/foxy/lib/python3.8/site-packages /usr/bin/python3 setup.py develop --uninstall --editable --build-directory /home/said/Desktop/sobat/ROS2WorkSpace/build/halka_gorev/build
[3.036s] running develop
[3.140s] Removing /home/said/Desktop/sobat/ROS2WorkSpace/install/halka_gorev/lib/python3.8/site-packages/halka-gorev.egg-link (link to .)
[3.156s] Invoked command in '/home/said/Desktop/sobat/ROS2WorkSpace/build/halka_gorev' returned '0': AMENT_PREFIX_PATH=/home/said/Desktop/sobat/ROS2WorkSpace/install/motor_kontrol:/home/said/Desktop/sobat/ROS2WorkSpace/install/torpido_gorev:/home/said/Desktop/sobat/ROS2WorkSpace/install/kablo_gorev:/home/said/Desktop/sobat/ROS2WorkSpace/install/halka_gorev:/home/said/Desktop/sobat/ROS2WorkSpace/install/sobat_interfaces:/opt/ros/foxy PYTHONPATH=/home/said/Desktop/sobat/ROS2WorkSpace/build/halka_gorev/prefix_override:/home/said/Desktop/sobat/ROS2WorkSpace/install/halka_gorev/lib/python3.8/site-packages:/home/said/Desktop/sobat/ROS2WorkSpace/install/motor_kontrol/lib/python3.8/site-packages:/home/said/Desktop/sobat/ROS2WorkSpace/install/sobat_interfaces/lib/python3.8/site-packages:/home/said/Desktop/sobat/ROS2WorkSpace/build/torpido_gorev:/home/said/Desktop/sobat/ROS2WorkSpace/install/torpido_gorev/lib/python3.8/site-packages:/home/said/Desktop/sobat/ROS2WorkSpace/build/kablo_gorev:/home/said/Desktop/sobat/ROS2WorkSpace/install/kablo_gorev/lib/python3.8/site-packages:/home/said/Desktop/sobat/ROS2WorkSpace/build/halka_gorev:/home/said/Desktop/sobat/ROS2WorkSpace/install/halka_gorev/lib/python3.8/site-packages:/opt/ros/foxy/lib/python3.8/site-packages /usr/bin/python3 setup.py develop --uninstall --editable --build-directory /home/said/Desktop/sobat/ROS2WorkSpace/build/halka_gorev/build
[3.159s] Invoking command in '/home/said/Desktop/sobat/ROS2WorkSpace/src/halka_gorev': AMENT_PREFIX_PATH=/home/said/Desktop/sobat/ROS2WorkSpace/install/motor_kontrol:/home/said/Desktop/sobat/ROS2WorkSpace/install/torpido_gorev:/home/said/Desktop/sobat/ROS2WorkSpace/install/kablo_gorev:/home/said/Desktop/sobat/ROS2WorkSpace/install/halka_gorev:/home/said/Desktop/sobat/ROS2WorkSpace/install/sobat_interfaces:/opt/ros/foxy PYTHONPATH=/home/said/Desktop/sobat/ROS2WorkSpace/build/halka_gorev/prefix_override:/home/said/Desktop/sobat/ROS2WorkSpace/install/halka_gorev/lib/python3.8/site-packages:/home/said/Desktop/sobat/ROS2WorkSpace/install/motor_kontrol/lib/python3.8/site-packages:/home/said/Desktop/sobat/ROS2WorkSpace/install/sobat_interfaces/lib/python3.8/site-packages:/home/said/Desktop/sobat/ROS2WorkSpace/build/torpido_gorev:/home/said/Desktop/sobat/ROS2WorkSpace/install/torpido_gorev/lib/python3.8/site-packages:/home/said/Desktop/sobat/ROS2WorkSpace/build/kablo_gorev:/home/said/Desktop/sobat/ROS2WorkSpace/install/kablo_gorev/lib/python3.8/site-packages:/home/said/Desktop/sobat/ROS2WorkSpace/build/halka_gorev:/home/said/Desktop/sobat/ROS2WorkSpace/install/halka_gorev/lib/python3.8/site-packages:/opt/ros/foxy/lib/python3.8/site-packages /usr/bin/python3 setup.py egg_info --egg-base ../../build/halka_gorev build --build-base /home/said/Desktop/sobat/ROS2WorkSpace/build/halka_gorev/build install --record /home/said/Desktop/sobat/ROS2WorkSpace/build/halka_gorev/install.log --install-scripts $base/lib/halka_gorev --single-version-externally-managed
[3.325s] running egg_info
[3.326s] writing ../../build/halka_gorev/halka_gorev.egg-info/PKG-INFO
[3.326s] writing dependency_links to ../../build/halka_gorev/halka_gorev.egg-info/dependency_links.txt
[3.326s] writing entry points to ../../build/halka_gorev/halka_gorev.egg-info/entry_points.txt
[3.326s] writing requirements to ../../build/halka_gorev/halka_gorev.egg-info/requires.txt
[3.326s] writing top-level names to ../../build/halka_gorev/halka_gorev.egg-info/top_level.txt
[3.353s] reading manifest file '../../build/halka_gorev/halka_gorev.egg-info/SOURCES.txt'
[3.354s] writing manifest file '../../build/halka_gorev/halka_gorev.egg-info/SOURCES.txt'
[3.354s] running build
[3.354s] running build_py
[3.354s] running install
[3.355s] running install_lib
[3.356s] copying /home/said/Desktop/sobat/ROS2WorkSpace/build/halka_gorev/build/lib/halka_gorev/halka_arama.py -> /home/said/Desktop/sobat/ROS2WorkSpace/install/halka_gorev/lib/python3.8/site-packages/halka_gorev
[3.356s] copying /home/said/Desktop/sobat/ROS2WorkSpace/build/halka_gorev/build/lib/halka_gorev/__init__.py -> /home/said/Desktop/sobat/ROS2WorkSpace/install/halka_gorev/lib/python3.8/site-packages/halka_gorev
[3.356s] copying /home/said/Desktop/sobat/ROS2WorkSpace/build/halka_gorev/build/lib/halka_gorev/dummy_mesafe_sensoru.py -> /home/said/Desktop/sobat/ROS2WorkSpace/install/halka_gorev/lib/python3.8/site-packages/halka_gorev
[3.356s] copying /home/said/Desktop/sobat/ROS2WorkSpace/build/halka_gorev/build/lib/halka_gorev/mesafe_sensor_oku_node.py -> /home/said/Desktop/sobat/ROS2WorkSpace/install/halka_gorev/lib/python3.8/site-packages/halka_gorev
[3.356s] copying /home/said/Desktop/sobat/ROS2WorkSpace/build/halka_gorev/build/lib/halka_gorev/mesafe_sensor_donanim.py -> /home/said/Desktop/sobat/ROS2WorkSpace/install/halka_gorev/lib/python3.8/site-packages/halka_gorev
[3.357s] byte-compiling /home/said/Desktop/sobat/ROS2WorkSpace/install/halka_gorev/lib/python3.8/site-packages/halka_gorev/halka_arama.py to halka_arama.cpython-38.pyc
[3.358s] byte-compiling /home/said/Desktop/sobat/ROS2WorkSpace/install/halka_gorev/lib/python3.8/site-packages/halka_gorev/__init__.py to __init__.cpython-38.pyc
[3.358s] byte-compiling /home/said/Desktop/sobat/ROS2WorkSpace/install/halka_gorev/lib/python3.8/site-packages/halka_gorev/dummy_mesafe_sensoru.py to dummy_mesafe_sensoru.cpython-38.pyc
[3.359s] byte-compiling /home/said/Desktop/sobat/ROS2WorkSpace/install/halka_gorev/lib/python3.8/site-packages/halka_gorev/mesafe_sensor_oku_node.py to mesafe_sensor_oku_node.cpython-38.pyc
[3.359s] byte-compiling /home/said/Desktop/sobat/ROS2WorkSpace/install/halka_gorev/lib/python3.8/site-packages/halka_gorev/mesafe_sensor_donanim.py to mesafe_sensor_donanim.cpython-38.pyc
[3.359s] running install_data
[3.360s] running install_egg_info
[3.361s] Copying ../../build/halka_gorev/halka_gorev.egg-info to /home/said/Desktop/sobat/ROS2WorkSpace/install/halka_gorev/lib/python3.8/site-packages/halka_gorev-0.0.0-py3.8.egg-info
[3.362s] running install_scripts
[3.375s] Installing dummy_mesafe script to /home/said/Desktop/sobat/ROS2WorkSpace/install/halka_gorev/lib/halka_gorev
[3.375s] Installing halka_arama script to /home/said/Desktop/sobat/ROS2WorkSpace/install/halka_gorev/lib/halka_gorev
[3.375s] Installing mesafe_sensoru_oku script to /home/said/Desktop/sobat/ROS2WorkSpace/install/halka_gorev/lib/halka_gorev
[3.375s] writing list of installed files to '/home/said/Desktop/sobat/ROS2WorkSpace/build/halka_gorev/install.log'
[3.395s] Invoked command in '/home/said/Desktop/sobat/ROS2WorkSpace/src/halka_gorev' returned '0': AMENT_PREFIX_PATH=/home/said/Desktop/sobat/ROS2WorkSpace/install/motor_kontrol:/home/said/Desktop/sobat/ROS2WorkSpace/install/torpido_gorev:/home/said/Desktop/sobat/ROS2WorkSpace/install/kablo_gorev:/home/said/Desktop/sobat/ROS2WorkSpace/install/halka_gorev:/home/said/Desktop/sobat/ROS2WorkSpace/install/sobat_interfaces:/opt/ros/foxy PYTHONPATH=/home/said/Desktop/sobat/ROS2WorkSpace/build/halka_gorev/prefix_override:/home/said/Desktop/sobat/ROS2WorkSpace/install/halka_gorev/lib/python3.8/site-packages:/home/said/Desktop/sobat/ROS2WorkSpace/install/motor_kontrol/lib/python3.8/site-packages:/home/said/Desktop/sobat/ROS2WorkSpace/install/sobat_interfaces/lib/python3.8/site-packages:/home/said/Desktop/sobat/ROS2WorkSpace/build/torpido_gorev:/home/said/Desktop/sobat/ROS2WorkSpace/install/torpido_gorev/lib/python3.8/site-packages:/home/said/Desktop/sobat/ROS2WorkSpace/build/kablo_gorev:/home/said/Desktop/sobat/ROS2WorkSpace/install/kablo_gorev/lib/python3.8/site-packages:/home/said/Desktop/sobat/ROS2WorkSpace/build/halka_gorev:/home/said/Desktop/sobat/ROS2WorkSpace/install/halka_gorev/lib/python3.8/site-packages:/opt/ros/foxy/lib/python3.8/site-packages /usr/bin/python3 setup.py egg_info --egg-base ../../build/halka_gorev build --build-base /home/said/Desktop/sobat/ROS2WorkSpace/build/halka_gorev/build install --record /home/said/Desktop/sobat/ROS2WorkSpace/build/halka_gorev/install.log --install-scripts $base/lib/halka_gorev --single-version-externally-managed
