[3.260s] Invoking command in '/home/said/Desktop/sobat/ROS2WorkSpace/src/halka_gorev': PYTHONPATH=/home/said/Desktop/sobat/ROS2WorkSpace/build/halka_gorev/prefix_override:/home/said/Desktop/sobat/ROS2WorkSpace/install/halka_gorev/lib/python3.8/site-packages:${PYTHONPATH} /usr/bin/python3 setup.py egg_info --egg-base ../../build/halka_gorev build --build-base /home/said/Desktop/sobat/ROS2WorkSpace/build/halka_gorev/build install --record /home/said/Desktop/sobat/ROS2WorkSpace/build/halka_gorev/install.log --install-scripts $base/lib/halka_gorev --single-version-externally-managed
[3.557s] running egg_info
[3.558s] writing ../../build/halka_gorev/halka_gorev.egg-info/PKG-INFO
[3.558s] writing dependency_links to ../../build/halka_gorev/halka_gorev.egg-info/dependency_links.txt
[3.559s] writing entry points to ../../build/halka_gorev/halka_gorev.egg-info/entry_points.txt
[3.560s] writing requirements to ../../build/halka_gorev/halka_gorev.egg-info/requires.txt
[3.561s] writing top-level names to ../../build/halka_gorev/halka_gorev.egg-info/top_level.txt
[3.608s] reading manifest file '../../build/halka_gorev/halka_gorev.egg-info/SOURCES.txt'
[3.609s] writing manifest file '../../build/halka_gorev/halka_gorev.egg-info/SOURCES.txt'
[3.610s] running build
[3.610s] running build_py
[3.610s] running install
[3.611s] running install_lib
[3.614s] running install_data
[3.614s] running install_egg_info
[3.617s] removing '/home/said/Desktop/sobat/ROS2WorkSpace/install/halka_gorev/lib/python3.8/site-packages/halka_gorev-0.0.0-py3.8.egg-info' (and everything under it)
[3.630s] Copying ../../build/halka_gorev/halka_gorev.egg-info to /home/said/Desktop/sobat/ROS2WorkSpace/install/halka_gorev/lib/python3.8/site-packages/halka_gorev-0.0.0-py3.8.egg-info
[3.633s] running install_scripts
[3.657s] Installing dummy_mesafe script to /home/said/Desktop/sobat/ROS2WorkSpace/install/halka_gorev/lib/halka_gorev
[3.657s] Installing halka_arama script to /home/said/Desktop/sobat/ROS2WorkSpace/install/halka_gorev/lib/halka_gorev
[3.657s] Installing mesafe_sensoru_oku script to /home/said/Desktop/sobat/ROS2WorkSpace/install/halka_gorev/lib/halka_gorev
[3.657s] writing list of installed files to '/home/said/Desktop/sobat/ROS2WorkSpace/build/halka_gorev/install.log'
[3.834s] Invoked command in '/home/said/Desktop/sobat/ROS2WorkSpace/src/halka_gorev' returned '0': PYTHONPATH=/home/said/Desktop/sobat/ROS2WorkSpace/build/halka_gorev/prefix_override:/home/said/Desktop/sobat/ROS2WorkSpace/install/halka_gorev/lib/python3.8/site-packages:${PYTHONPATH} /usr/bin/python3 setup.py egg_info --egg-base ../../build/halka_gorev build --build-base /home/said/Desktop/sobat/ROS2WorkSpace/build/halka_gorev/build install --record /home/said/Desktop/sobat/ROS2WorkSpace/build/halka_gorev/install.log --install-scripts $base/lib/halka_gorev --single-version-externally-managed
