running develop
Removing /home/said/Desktop/sobat/ROS2WorkSpace/install/torpido_gorev/lib/python3.8/site-packages/torpido-gorev.egg-link (link to .)
running egg_info
writing ../../build/torpido_gorev/torpido_gorev.egg-info/PKG-INFO
writing dependency_links to ../../build/torpido_gorev/torpido_gorev.egg-info/dependency_links.txt
writing entry points to ../../build/torpido_gorev/torpido_gorev.egg-info/entry_points.txt
writing requirements to ../../build/torpido_gorev/torpido_gorev.egg-info/requires.txt
writing top-level names to ../../build/torpido_gorev/torpido_gorev.egg-info/top_level.txt
reading manifest file '../../build/torpido_gorev/torpido_gorev.egg-info/SOURCES.txt'
writing manifest file '../../build/torpido_gorev/torpido_gorev.egg-info/SOURCES.txt'
running build
running build_py
running install
running install_lib
creating /home/said/Desktop/sobat/ROS2WorkSpace/install/torpido_gorev/lib/python3.8/site-packages/torpido_gorev
copying /home/said/Desktop/sobat/ROS2WorkSpace/build/torpido_gorev/build/lib/torpido_gorev/__init__.py -> /home/said/Desktop/sobat/ROS2WorkSpace/install/torpido_gorev/lib/python3.8/site-packages/torpido_gorev
byte-compiling /home/said/Desktop/sobat/ROS2WorkSpace/install/torpido_gorev/lib/python3.8/site-packages/torpido_gorev/__init__.py to __init__.cpython-38.pyc
running install_data
running install_egg_info
Copying ../../build/torpido_gorev/torpido_gorev.egg-info to /home/said/Desktop/sobat/ROS2WorkSpace/install/torpido_gorev/lib/python3.8/site-packages/torpido_gorev-0.0.0-py3.8.egg-info
running install_scripts
writing list of installed files to '/home/said/Desktop/sobat/ROS2WorkSpace/build/torpido_gorev/install.log'
