-- Found ament_cmake: 0.9.12 (/opt/ros/foxy/share/ament_cmake/cmake)
-- Found PythonInterp: /usr/bin/python3 (found suitable version "3.8.10", minimum required is "3") 
-- Using PYTHON_EXECUTABLE: /usr/bin/python3
-- Override CMake install command with custom implementation using symlinks instead of copying resources
-- Found rosidl_default_generators: 1.0.1 (/opt/ros/foxy/share/rosidl_default_generators/cmake)
-- Using all available rosidl_typesupport_c: rosidl_typesupport_fastrtps_c;rosidl_typesupport_introspection_c
-- Found rosidl_adapter: 1.3.1 (/opt/ros/foxy/share/rosidl_adapter/cmake)
-- Using all available rosidl_typesupport_cpp: rosidl_typesupport_fastrtps_cpp;rosidl_typesupport_introspection_cpp
-- Found PythonInterp: /usr/bin/python3 (found version "3.8.10") 
-- Found ament_cmake_ros: 0.9.2 (/opt/ros/foxy/share/ament_cmake_ros/cmake)
-- Using all available rosidl_typesupport_c: rosidl_typesupport_fastrtps_c;rosidl_typesupport_introspection_c
-- Using all available rosidl_typesupport_cpp: rosidl_typesupport_fastrtps_cpp;rosidl_typesupport_introspection_cpp
-- Found PythonInterp: /usr/bin/python3 (found suitable version "3.8.10", minimum required is "3.5") 
-- Found python_cmake_module: 0.8.1 (/opt/ros/foxy/share/python_cmake_module/cmake)
-- Using PYTHON_EXECUTABLE: /usr/bin/python3
-- Using PYTHON_INCLUDE_DIRS: /usr/include/python3.8
-- Using PYTHON_LIBRARIES: /usr/lib/x86_64-linux-gnu/libpython3.8.so
-- Configuring done
-- Generating done
-- Build files have been written to: /home/said/Desktop/sobat/ROS2WorkSpace/build/sobat_interfaces
[  2%] [34m[1mGenerating C code for ROS interfaces[0m
[35m[1mScanning dependencies of target sobat_interfaces__cpp[0m
[  5%] [34m[1mGenerating C++ code for ROS interfaces[0m
[  5%] Built target sobat_interfaces__cpp
[ 10%] [34m[1mGenerating C++ type support for eProsima Fast-RTPS[0m
[ 10%] [34m[1mGenerating C++ type support dispatch for ROS interfaces[0m
[ 12%] [34m[1mGenerating C++ introspection for ROS interfaces[0m
[35m[1mScanning dependencies of target sobat_interfaces__rosidl_generator_c[0m
[ 17%] [32mBuilding C object CMakeFiles/sobat_interfaces__rosidl_generator_c.dir/rosidl_generator_c/sobat_interfaces/msg/detail/sobat_hareket__functions.c.o[0m
[ 17%] [32mBuilding C object CMakeFiles/sobat_interfaces__rosidl_generator_c.dir/rosidl_generator_c/sobat_interfaces/msg/detail/mesafe_sensor__functions.c.o[0m
[ 20%] [32m[1mLinking C shared library libsobat_interfaces__rosidl_generator_c.so[0m
[ 20%] Built target sobat_interfaces__rosidl_generator_c
[ 23%] [34m[1mGenerating C type support dispatch for ROS interfaces[0m
[ 25%] [34m[1mGenerating C introspection for ROS interfaces[0m
[35m[1mScanning dependencies of target sobat_interfaces__rosidl_typesupport_cpp[0m
[35m[1mScanning dependencies of target sobat_interfaces__rosidl_typesupport_introspection_cpp[0m
[ 28%] [32mBuilding CXX object CMakeFiles/sobat_interfaces__rosidl_typesupport_cpp.dir/rosidl_typesupport_cpp/sobat_interfaces/msg/sobat_hareket__type_support.cpp.o[0m
[35m[1mScanning dependencies of target sobat_interfaces__rosidl_typesupport_fastrtps_cpp[0m
[ 30%] [32mBuilding CXX object CMakeFiles/sobat_interfaces__rosidl_typesupport_cpp.dir/rosidl_typesupport_cpp/sobat_interfaces/msg/mesafe_sensor__type_support.cpp.o[0m
[ 35%] [32mBuilding CXX object CMakeFiles/sobat_interfaces__rosidl_typesupport_introspection_cpp.dir/rosidl_typesupport_introspection_cpp/sobat_interfaces/msg/detail/sobat_hareket__type_support.cpp.o[0m
[ 35%] [32mBuilding CXX object CMakeFiles/sobat_interfaces__rosidl_typesupport_introspection_cpp.dir/rosidl_typesupport_introspection_cpp/sobat_interfaces/msg/detail/mesafe_sensor__type_support.cpp.o[0m
[ 38%] [32mBuilding CXX object CMakeFiles/sobat_interfaces__rosidl_typesupport_fastrtps_cpp.dir/rosidl_typesupport_fastrtps_cpp/sobat_interfaces/msg/detail/dds_fastrtps/sobat_hareket__type_support.cpp.o[0m
[ 41%] [32mBuilding CXX object CMakeFiles/sobat_interfaces__rosidl_typesupport_fastrtps_cpp.dir/rosidl_typesupport_fastrtps_cpp/sobat_interfaces/msg/detail/dds_fastrtps/mesafe_sensor__type_support.cpp.o[0m
[35m[1mScanning dependencies of target sobat_interfaces__rosidl_typesupport_c[0m
[ 43%] [32mBuilding CXX object CMakeFiles/sobat_interfaces__rosidl_typesupport_c.dir/rosidl_typesupport_c/sobat_interfaces/msg/mesafe_sensor__type_support.cpp.o[0m
[ 46%] [32mBuilding CXX object CMakeFiles/sobat_interfaces__rosidl_typesupport_c.dir/rosidl_typesupport_c/sobat_interfaces/msg/sobat_hareket__type_support.cpp.o[0m
[35m[1mScanning dependencies of target sobat_interfaces__rosidl_typesupport_introspection_c[0m
[ 48%] [32mBuilding C object CMakeFiles/sobat_interfaces__rosidl_typesupport_introspection_c.dir/rosidl_typesupport_introspection_c/sobat_interfaces/msg/detail/mesafe_sensor__type_support.c.o[0m
[ 51%] [32m[1mLinking CXX shared library libsobat_interfaces__rosidl_typesupport_c.so[0m
[ 53%] [32mBuilding C object CMakeFiles/sobat_interfaces__rosidl_typesupport_introspection_c.dir/rosidl_typesupport_introspection_c/sobat_interfaces/msg/detail/sobat_hareket__type_support.c.o[0m
[ 53%] Built target sobat_interfaces__rosidl_typesupport_c
[ 56%] [32m[1mLinking C shared library libsobat_interfaces__rosidl_typesupport_introspection_c.so[0m
[ 58%] [32m[1mLinking CXX shared library libsobat_interfaces__rosidl_typesupport_cpp.so[0m
[ 58%] Built target sobat_interfaces__rosidl_typesupport_introspection_c
[ 61%] [32m[1mLinking CXX shared library libsobat_interfaces__rosidl_typesupport_introspection_cpp.so[0m
[ 61%] Built target sobat_interfaces__rosidl_typesupport_cpp
[ 61%] Built target sobat_interfaces__rosidl_typesupport_introspection_cpp
[ 64%] [32m[1mLinking CXX shared library libsobat_interfaces__rosidl_typesupport_fastrtps_cpp.so[0m
[ 64%] Built target sobat_interfaces__rosidl_typesupport_fastrtps_cpp
[ 66%] [34m[1mGenerating C type support for eProsima Fast-RTPS[0m
[35m[1mScanning dependencies of target sobat_interfaces__rosidl_typesupport_fastrtps_c[0m
[ 69%] [32mBuilding CXX object CMakeFiles/sobat_interfaces__rosidl_typesupport_fastrtps_c.dir/rosidl_typesupport_fastrtps_c/sobat_interfaces/msg/detail/sobat_hareket__type_support_c.cpp.o[0m
[ 71%] [32mBuilding CXX object CMakeFiles/sobat_interfaces__rosidl_typesupport_fastrtps_c.dir/rosidl_typesupport_fastrtps_c/sobat_interfaces/msg/detail/mesafe_sensor__type_support_c.cpp.o[0m
[ 74%] [32m[1mLinking CXX shared library libsobat_interfaces__rosidl_typesupport_fastrtps_c.so[0m
[ 74%] Built target sobat_interfaces__rosidl_typesupport_fastrtps_c
[ 74%] Built target sobat_interfaces
[35m[1mScanning dependencies of target sobat_interfaces__py[0m
[ 76%] [34m[1mGenerating Python code for ROS interfaces[0m
[ 76%] Built target sobat_interfaces__py
[35m[1mScanning dependencies of target sobat_interfaces__python[0m
[ 82%] [32mBuilding C object CMakeFiles/sobat_interfaces__python.dir/rosidl_generator_py/sobat_interfaces/msg/_mesafe_sensor_s.c.o[0m
[ 82%] [32mBuilding C object CMakeFiles/sobat_interfaces__python.dir/rosidl_generator_py/sobat_interfaces/msg/_sobat_hareket_s.c.o[0m
[ 84%] [32m[1mLinking C shared library rosidl_generator_py/sobat_interfaces/libsobat_interfaces__python.so[0m
[ 84%] Built target sobat_interfaces__python
[35m[1mScanning dependencies of target sobat_interfaces__rosidl_typesupport_c__pyext[0m
[35m[1mScanning dependencies of target sobat_interfaces__rosidl_typesupport_fastrtps_c__pyext[0m
[35m[1mScanning dependencies of target sobat_interfaces__rosidl_typesupport_introspection_c__pyext[0m
[ 87%] [32mBuilding C object CMakeFiles/sobat_interfaces__rosidl_typesupport_c__pyext.dir/rosidl_generator_py/sobat_interfaces/_sobat_interfaces_s.ep.rosidl_typesupport_c.c.o[0m
[ 92%] [32mBuilding C object CMakeFiles/sobat_interfaces__rosidl_typesupport_introspection_c__pyext.dir/rosidl_generator_py/sobat_interfaces/_sobat_interfaces_s.ep.rosidl_typesupport_introspection_c.c.o[0m
[ 89%] [32mBuilding C object CMakeFiles/sobat_interfaces__rosidl_typesupport_fastrtps_c__pyext.dir/rosidl_generator_py/sobat_interfaces/_sobat_interfaces_s.ep.rosidl_typesupport_fastrtps_c.c.o[0m
[ 94%] [32m[1mLinking C shared library rosidl_generator_py/sobat_interfaces/sobat_interfaces_s__rosidl_typesupport_c.cpython-38-x86_64-linux-gnu.so[0m
[ 97%] [32m[1mLinking C shared library rosidl_generator_py/sobat_interfaces/sobat_interfaces_s__rosidl_typesupport_introspection_c.cpython-38-x86_64-linux-gnu.so[0m
[100%] [32m[1mLinking CXX shared library rosidl_generator_py/sobat_interfaces/sobat_interfaces_s__rosidl_typesupport_fastrtps_c.cpython-38-x86_64-linux-gnu.so[0m
[100%] Built target sobat_interfaces__rosidl_typesupport_c__pyext
[100%] Built target sobat_interfaces__rosidl_typesupport_introspection_c__pyext
[100%] Built target sobat_interfaces__rosidl_typesupport_fastrtps_c__pyext
-- Install configuration: ""
-- Execute custom install script
-- Up-to-date symlink: /home/said/Desktop/sobat/ROS2WorkSpace/install/sobat_interfaces/share/ament_index/resource_index/rosidl_interfaces/sobat_interfaces
-- Up-to-date symlink: /home/said/Desktop/sobat/ROS2WorkSpace/install/sobat_interfaces/include/sobat_interfaces/msg/detail/mesafe_sensor__functions.h
-- Up-to-date symlink: /home/said/Desktop/sobat/ROS2WorkSpace/install/sobat_interfaces/include/sobat_interfaces/msg/detail/mesafe_sensor__struct.h
-- Up-to-date symlink: /home/said/Desktop/sobat/ROS2WorkSpace/install/sobat_interfaces/include/sobat_interfaces/msg/detail/mesafe_sensor__type_support.h
-- Symlinking: /home/said/Desktop/sobat/ROS2WorkSpace/install/sobat_interfaces/include/sobat_interfaces/msg/detail/sobat_hareket__functions.h
-- Symlinking: /home/said/Desktop/sobat/ROS2WorkSpace/install/sobat_interfaces/include/sobat_interfaces/msg/detail/sobat_hareket__struct.h
-- Symlinking: /home/said/Desktop/sobat/ROS2WorkSpace/install/sobat_interfaces/include/sobat_interfaces/msg/detail/sobat_hareket__type_support.h
-- Up-to-date symlink: /home/said/Desktop/sobat/ROS2WorkSpace/install/sobat_interfaces/include/sobat_interfaces/msg/mesafe_sensor.h
-- Up-to-date symlink: /home/said/Desktop/sobat/ROS2WorkSpace/install/sobat_interfaces/include/sobat_interfaces/msg/rosidl_generator_c__visibility_control.h
-- Symlinking: /home/said/Desktop/sobat/ROS2WorkSpace/install/sobat_interfaces/include/sobat_interfaces/msg/sobat_hareket.h
-- Up-to-date symlink: /home/said/Desktop/sobat/ROS2WorkSpace/install/sobat_interfaces/share/sobat_interfaces/environment/library_path.sh
-- Up-to-date symlink: /home/said/Desktop/sobat/ROS2WorkSpace/install/sobat_interfaces/share/sobat_interfaces/environment/library_path.dsv
-- Up-to-date symlink: /home/said/Desktop/sobat/ROS2WorkSpace/install/sobat_interfaces/include/sobat_interfaces/msg/detail/mesafe_sensor__rosidl_typesupport_fastrtps_c.h
-- Symlinking: /home/said/Desktop/sobat/ROS2WorkSpace/install/sobat_interfaces/include/sobat_interfaces/msg/detail/sobat_hareket__rosidl_typesupport_fastrtps_c.h
-- Up-to-date symlink: /home/said/Desktop/sobat/ROS2WorkSpace/install/sobat_interfaces/include/sobat_interfaces/msg/rosidl_typesupport_fastrtps_c__visibility_control.h
-- Up-to-date symlink: /home/said/Desktop/sobat/ROS2WorkSpace/install/sobat_interfaces/lib/libsobat_interfaces__rosidl_typesupport_fastrtps_c.so
-- Up-to-date symlink: /home/said/Desktop/sobat/ROS2WorkSpace/install/sobat_interfaces/include/sobat_interfaces/msg/detail/mesafe_sensor__rosidl_typesupport_fastrtps_cpp.hpp
-- Symlinking: /home/said/Desktop/sobat/ROS2WorkSpace/install/sobat_interfaces/include/sobat_interfaces/msg/detail/sobat_hareket__rosidl_typesupport_fastrtps_cpp.hpp
-- Up-to-date symlink: /home/said/Desktop/sobat/ROS2WorkSpace/install/sobat_interfaces/include/sobat_interfaces/msg/rosidl_typesupport_fastrtps_cpp__visibility_control.h
-- Up-to-date symlink: /home/said/Desktop/sobat/ROS2WorkSpace/install/sobat_interfaces/lib/libsobat_interfaces__rosidl_typesupport_fastrtps_cpp.so
-- Up-to-date symlink: /home/said/Desktop/sobat/ROS2WorkSpace/install/sobat_interfaces/include/sobat_interfaces/msg/detail/mesafe_sensor__rosidl_typesupport_introspection_c.h
-- Symlinking: /home/said/Desktop/sobat/ROS2WorkSpace/install/sobat_interfaces/include/sobat_interfaces/msg/detail/sobat_hareket__rosidl_typesupport_introspection_c.h
-- Up-to-date symlink: /home/said/Desktop/sobat/ROS2WorkSpace/install/sobat_interfaces/include/sobat_interfaces/msg/rosidl_typesupport_introspection_c__visibility_control.h
-- Up-to-date symlink: /home/said/Desktop/sobat/ROS2WorkSpace/install/sobat_interfaces/include/sobat_interfaces/msg/detail/mesafe_sensor__builder.hpp
-- Up-to-date symlink: /home/said/Desktop/sobat/ROS2WorkSpace/install/sobat_interfaces/include/sobat_interfaces/msg/detail/mesafe_sensor__struct.hpp
-- Up-to-date symlink: /home/said/Desktop/sobat/ROS2WorkSpace/install/sobat_interfaces/include/sobat_interfaces/msg/detail/mesafe_sensor__traits.hpp
-- Up-to-date symlink: /home/said/Desktop/sobat/ROS2WorkSpace/install/sobat_interfaces/include/sobat_interfaces/msg/detail/mesafe_sensor__type_support.hpp
-- Symlinking: /home/said/Desktop/sobat/ROS2WorkSpace/install/sobat_interfaces/include/sobat_interfaces/msg/detail/sobat_hareket__builder.hpp
-- Symlinking: /home/said/Desktop/sobat/ROS2WorkSpace/install/sobat_interfaces/include/sobat_interfaces/msg/detail/sobat_hareket__struct.hpp
-- Symlinking: /home/said/Desktop/sobat/ROS2WorkSpace/install/sobat_interfaces/include/sobat_interfaces/msg/detail/sobat_hareket__traits.hpp
-- Symlinking: /home/said/Desktop/sobat/ROS2WorkSpace/install/sobat_interfaces/include/sobat_interfaces/msg/detail/sobat_hareket__type_support.hpp
-- Up-to-date symlink: /home/said/Desktop/sobat/ROS2WorkSpace/install/sobat_interfaces/include/sobat_interfaces/msg/mesafe_sensor.hpp
-- Up-to-date symlink: /home/said/Desktop/sobat/ROS2WorkSpace/install/sobat_interfaces/include/sobat_interfaces/msg/rosidl_generator_cpp__visibility_control.hpp
-- Symlinking: /home/said/Desktop/sobat/ROS2WorkSpace/install/sobat_interfaces/include/sobat_interfaces/msg/sobat_hareket.hpp
-- Up-to-date symlink: /home/said/Desktop/sobat/ROS2WorkSpace/install/sobat_interfaces/include/sobat_interfaces/msg/detail/mesafe_sensor__rosidl_typesupport_introspection_cpp.hpp
-- Symlinking: /home/said/Desktop/sobat/ROS2WorkSpace/install/sobat_interfaces/include/sobat_interfaces/msg/detail/sobat_hareket__rosidl_typesupport_introspection_cpp.hpp
-- Up-to-date symlink: /home/said/Desktop/sobat/ROS2WorkSpace/install/sobat_interfaces/share/sobat_interfaces/environment/pythonpath.sh
-- Up-to-date symlink: /home/said/Desktop/sobat/ROS2WorkSpace/install/sobat_interfaces/share/sobat_interfaces/environment/pythonpath.dsv
-- Up-to-date symlink: /home/said/Desktop/sobat/ROS2WorkSpace/install/sobat_interfaces/lib/python3.8/site-packages/sobat_interfaces/__init__.py
-- Up-to-date symlink: /home/said/Desktop/sobat/ROS2WorkSpace/install/sobat_interfaces/lib/python3.8/site-packages/sobat_interfaces/msg/__init__.py
-- Up-to-date symlink: /home/said/Desktop/sobat/ROS2WorkSpace/install/sobat_interfaces/lib/python3.8/site-packages/sobat_interfaces/msg/_mesafe_sensor.py
-- Symlinking: /home/said/Desktop/sobat/ROS2WorkSpace/install/sobat_interfaces/lib/python3.8/site-packages/sobat_interfaces/msg/_sobat_hareket.py
-- Up-to-date symlink: /home/said/Desktop/sobat/ROS2WorkSpace/install/sobat_interfaces/lib/python3.8/site-packages/sobat_interfaces/sobat_interfaces_s__rosidl_typesupport_fastrtps_c.cpython-38-x86_64-linux-gnu.so
-- Up-to-date symlink: /home/said/Desktop/sobat/ROS2WorkSpace/install/sobat_interfaces/lib/python3.8/site-packages/sobat_interfaces/sobat_interfaces_s__rosidl_typesupport_introspection_c.cpython-38-x86_64-linux-gnu.so
-- Up-to-date symlink: /home/said/Desktop/sobat/ROS2WorkSpace/install/sobat_interfaces/lib/python3.8/site-packages/sobat_interfaces/sobat_interfaces_s__rosidl_typesupport_c.cpython-38-x86_64-linux-gnu.so
-- Up-to-date symlink: /home/said/Desktop/sobat/ROS2WorkSpace/install/sobat_interfaces/lib/libsobat_interfaces__python.so
-- Up-to-date symlink: /home/said/Desktop/sobat/ROS2WorkSpace/install/sobat_interfaces/share/sobat_interfaces/msg/MesafeSensor.idl
-- Symlinking: /home/said/Desktop/sobat/ROS2WorkSpace/install/sobat_interfaces/share/sobat_interfaces/msg/SobatHareket.idl
-- Up-to-date symlink: /home/said/Desktop/sobat/ROS2WorkSpace/install/sobat_interfaces/share/sobat_interfaces/msg/MesafeSensor.msg
-- Symlinking: /home/said/Desktop/sobat/ROS2WorkSpace/install/sobat_interfaces/share/sobat_interfaces/msg/SobatHareket.msg
-- Up-to-date symlink: /home/said/Desktop/sobat/ROS2WorkSpace/install/sobat_interfaces/share/ament_index/resource_index/package_run_dependencies/sobat_interfaces
-- Up-to-date symlink: /home/said/Desktop/sobat/ROS2WorkSpace/install/sobat_interfaces/share/ament_index/resource_index/parent_prefix_path/sobat_interfaces
-- Up-to-date symlink: /home/said/Desktop/sobat/ROS2WorkSpace/install/sobat_interfaces/share/sobat_interfaces/environment/ament_prefix_path.sh
-- Up-to-date symlink: /home/said/Desktop/sobat/ROS2WorkSpace/install/sobat_interfaces/share/sobat_interfaces/environment/ament_prefix_path.dsv
-- Up-to-date symlink: /home/said/Desktop/sobat/ROS2WorkSpace/install/sobat_interfaces/share/sobat_interfaces/environment/path.sh
-- Up-to-date symlink: /home/said/Desktop/sobat/ROS2WorkSpace/install/sobat_interfaces/share/sobat_interfaces/environment/path.dsv
-- Up-to-date symlink: /home/said/Desktop/sobat/ROS2WorkSpace/install/sobat_interfaces/share/sobat_interfaces/local_setup.bash
-- Up-to-date symlink: /home/said/Desktop/sobat/ROS2WorkSpace/install/sobat_interfaces/share/sobat_interfaces/local_setup.sh
-- Up-to-date symlink: /home/said/Desktop/sobat/ROS2WorkSpace/install/sobat_interfaces/share/sobat_interfaces/local_setup.zsh
-- Up-to-date symlink: /home/said/Desktop/sobat/ROS2WorkSpace/install/sobat_interfaces/share/sobat_interfaces/local_setup.dsv
-- Symlinking: /home/said/Desktop/sobat/ROS2WorkSpace/install/sobat_interfaces/share/sobat_interfaces/package.dsv
-- Up-to-date symlink: /home/said/Desktop/sobat/ROS2WorkSpace/install/sobat_interfaces/share/ament_index/resource_index/packages/sobat_interfaces
-- Up-to-date symlink: /home/said/Desktop/sobat/ROS2WorkSpace/install/sobat_interfaces/share/sobat_interfaces/cmake/rosidl_cmake-extras.cmake
-- Up-to-date symlink: /home/said/Desktop/sobat/ROS2WorkSpace/install/sobat_interfaces/share/sobat_interfaces/cmake/ament_cmake_export_dependencies-extras.cmake
-- Up-to-date symlink: /home/said/Desktop/sobat/ROS2WorkSpace/install/sobat_interfaces/share/sobat_interfaces/cmake/ament_cmake_export_libraries-extras.cmake
-- Up-to-date symlink: /home/said/Desktop/sobat/ROS2WorkSpace/install/sobat_interfaces/share/sobat_interfaces/cmake/ament_cmake_export_targets-extras.cmake
-- Up-to-date symlink: /home/said/Desktop/sobat/ROS2WorkSpace/install/sobat_interfaces/share/sobat_interfaces/cmake/ament_cmake_export_include_directories-extras.cmake
-- Up-to-date symlink: /home/said/Desktop/sobat/ROS2WorkSpace/install/sobat_interfaces/share/sobat_interfaces/cmake/rosidl_cmake_export_typesupport_libraries-extras.cmake
-- Up-to-date symlink: /home/said/Desktop/sobat/ROS2WorkSpace/install/sobat_interfaces/share/sobat_interfaces/cmake/rosidl_cmake_export_typesupport_targets-extras.cmake
-- Up-to-date symlink: /home/said/Desktop/sobat/ROS2WorkSpace/install/sobat_interfaces/share/sobat_interfaces/cmake/sobat_interfacesConfig.cmake
-- Up-to-date symlink: /home/said/Desktop/sobat/ROS2WorkSpace/install/sobat_interfaces/share/sobat_interfaces/cmake/sobat_interfacesConfig-version.cmake
-- Up-to-date symlink: /home/said/Desktop/sobat/ROS2WorkSpace/install/sobat_interfaces/share/sobat_interfaces/package.xml
-- Installing: /home/said/Desktop/sobat/ROS2WorkSpace/install/sobat_interfaces/lib/libsobat_interfaces__rosidl_generator_c.so
-- Set runtime path of "/home/said/Desktop/sobat/ROS2WorkSpace/install/sobat_interfaces/lib/libsobat_interfaces__rosidl_generator_c.so" to ""
-- Installing: /home/said/Desktop/sobat/ROS2WorkSpace/install/sobat_interfaces/lib/libsobat_interfaces__rosidl_typesupport_introspection_c.so
-- Set runtime path of "/home/said/Desktop/sobat/ROS2WorkSpace/install/sobat_interfaces/lib/libsobat_interfaces__rosidl_typesupport_introspection_c.so" to ""
-- Installing: /home/said/Desktop/sobat/ROS2WorkSpace/install/sobat_interfaces/lib/libsobat_interfaces__rosidl_typesupport_c.so
-- Set runtime path of "/home/said/Desktop/sobat/ROS2WorkSpace/install/sobat_interfaces/lib/libsobat_interfaces__rosidl_typesupport_c.so" to ""
-- Installing: /home/said/Desktop/sobat/ROS2WorkSpace/install/sobat_interfaces/lib/libsobat_interfaces__rosidl_typesupport_introspection_cpp.so
-- Set runtime path of "/home/said/Desktop/sobat/ROS2WorkSpace/install/sobat_interfaces/lib/libsobat_interfaces__rosidl_typesupport_introspection_cpp.so" to ""
-- Installing: /home/said/Desktop/sobat/ROS2WorkSpace/install/sobat_interfaces/lib/libsobat_interfaces__rosidl_typesupport_cpp.so
-- Set runtime path of "/home/said/Desktop/sobat/ROS2WorkSpace/install/sobat_interfaces/lib/libsobat_interfaces__rosidl_typesupport_cpp.so" to ""
Compiling '/home/said/Desktop/sobat/ROS2WorkSpace/install/sobat_interfaces/lib/python3.8/site-packages/sobat_interfaces/__init__.py'...
-- Up-to-date: /home/said/Desktop/sobat/ROS2WorkSpace/install/sobat_interfaces/share/sobat_interfaces/cmake/sobat_interfaces__rosidl_generator_cExport.cmake
-- Installing: /home/said/Desktop/sobat/ROS2WorkSpace/install/sobat_interfaces/share/sobat_interfaces/cmake/sobat_interfaces__rosidl_generator_cExport-noconfig.cmake
-- Up-to-date: /home/said/Desktop/sobat/ROS2WorkSpace/install/sobat_interfaces/share/sobat_interfaces/cmake/sobat_interfaces__rosidl_typesupport_introspection_cExport.cmake
-- Installing: /home/said/Desktop/sobat/ROS2WorkSpace/install/sobat_interfaces/share/sobat_interfaces/cmake/sobat_interfaces__rosidl_typesupport_introspection_cExport-noconfig.cmake
-- Up-to-date: /home/said/Desktop/sobat/ROS2WorkSpace/install/sobat_interfaces/share/sobat_interfaces/cmake/sobat_interfaces__rosidl_typesupport_cExport.cmake
-- Installing: /home/said/Desktop/sobat/ROS2WorkSpace/install/sobat_interfaces/share/sobat_interfaces/cmake/sobat_interfaces__rosidl_typesupport_cExport-noconfig.cmake
-- Up-to-date: /home/said/Desktop/sobat/ROS2WorkSpace/install/sobat_interfaces/share/sobat_interfaces/cmake/sobat_interfaces__rosidl_generator_cppExport.cmake
-- Up-to-date: /home/said/Desktop/sobat/ROS2WorkSpace/install/sobat_interfaces/share/sobat_interfaces/cmake/sobat_interfaces__rosidl_typesupport_introspection_cppExport.cmake
-- Installing: /home/said/Desktop/sobat/ROS2WorkSpace/install/sobat_interfaces/share/sobat_interfaces/cmake/sobat_interfaces__rosidl_typesupport_introspection_cppExport-noconfig.cmake
-- Up-to-date: /home/said/Desktop/sobat/ROS2WorkSpace/install/sobat_interfaces/share/sobat_interfaces/cmake/sobat_interfaces__rosidl_typesupport_cppExport.cmake
-- Installing: /home/said/Desktop/sobat/ROS2WorkSpace/install/sobat_interfaces/share/sobat_interfaces/cmake/sobat_interfaces__rosidl_typesupport_cppExport-noconfig.cmake
