[0.304s] Invoking command in '/home/said/Desktop/sobat/ROS2WorkSpace/build/sobat_interfaces': CMAKE_PREFIX_PATH=${CMAKE_PREFIX_PATH}:/home/said/Desktop/sobat/ROS2WorkSpace/install/torpido_gorev:/home/said/Desktop/sobat/ROS2WorkSpace/install/kablo_gorev:/home/said/Desktop/sobat/ROS2WorkSpace/install/halka_gorev:/home/said/Desktop/sobat/ROS2WorkSpace/install/motor_kontrol:/opt/ros/foxy /usr/bin/cmake /home/said/Desktop/sobat/ROS2WorkSpace/src/sobat_interfaces -DCMAKE_INSTALL_PREFIX=/home/said/Desktop/sobat/ROS2WorkSpace/install/sobat_interfaces
[0.351s] -- Found ament_cmake: 0.9.12 (/opt/ros/foxy/share/ament_cmake/cmake)
[0.375s] -- Found PythonInterp: /usr/bin/python3 (found suitable version "3.8.10", minimum required is "3") 
[0.376s] -- Using PYTHON_EXECUTABLE: /usr/bin/python3
[0.515s] -- Override CMake install command with custom implementation using symlinks instead of copying resources
[0.531s] -- Found rosidl_default_generators: 1.0.1 (/opt/ros/foxy/share/rosidl_default_generators/cmake)
[0.534s] -- Using all available rosidl_typesupport_c: rosidl_typesupport_fastrtps_c;rosidl_typesupport_introspection_c
[0.539s] -- Found rosidl_adapter: 1.3.1 (/opt/ros/foxy/share/rosidl_adapter/cmake)
[0.662s] -- Using all available rosidl_typesupport_cpp: rosidl_typesupport_fastrtps_cpp;rosidl_typesupport_introspection_cpp
[0.706s] -- Found PythonInterp: /usr/bin/python3 (found version "3.8.10") 
[0.810s] -- Found ament_cmake_ros: 0.9.2 (/opt/ros/foxy/share/ament_cmake_ros/cmake)
[0.891s] -- Using all available rosidl_typesupport_c: rosidl_typesupport_fastrtps_c;rosidl_typesupport_introspection_c
[0.900s] -- Using all available rosidl_typesupport_cpp: rosidl_typesupport_fastrtps_cpp;rosidl_typesupport_introspection_cpp
[0.923s] -- Found PythonInterp: /usr/bin/python3 (found suitable version "3.8.10", minimum required is "3.5") 
[0.923s] -- Found python_cmake_module: 0.8.1 (/opt/ros/foxy/share/python_cmake_module/cmake)
[0.947s] -- Using PYTHON_EXECUTABLE: /usr/bin/python3
[0.947s] -- Using PYTHON_INCLUDE_DIRS: /usr/include/python3.8
[0.947s] -- Using PYTHON_LIBRARIES: /usr/lib/x86_64-linux-gnu/libpython3.8.so
[0.974s] -- Configuring done
[1.012s] -- Generating done
[1.015s] -- Build files have been written to: /home/said/Desktop/sobat/ROS2WorkSpace/build/sobat_interfaces
[1.022s] Invoked command in '/home/said/Desktop/sobat/ROS2WorkSpace/build/sobat_interfaces' returned '0': CMAKE_PREFIX_PATH=${CMAKE_PREFIX_PATH}:/home/said/Desktop/sobat/ROS2WorkSpace/install/torpido_gorev:/home/said/Desktop/sobat/ROS2WorkSpace/install/kablo_gorev:/home/said/Desktop/sobat/ROS2WorkSpace/install/halka_gorev:/home/said/Desktop/sobat/ROS2WorkSpace/install/motor_kontrol:/opt/ros/foxy /usr/bin/cmake /home/said/Desktop/sobat/ROS2WorkSpace/src/sobat_interfaces -DCMAKE_INSTALL_PREFIX=/home/said/Desktop/sobat/ROS2WorkSpace/install/sobat_interfaces
[1.023s] Invoking command in '/home/said/Desktop/sobat/ROS2WorkSpace/build/sobat_interfaces': CMAKE_PREFIX_PATH=${CMAKE_PREFIX_PATH}:/home/said/Desktop/sobat/ROS2WorkSpace/install/torpido_gorev:/home/said/Desktop/sobat/ROS2WorkSpace/install/kablo_gorev:/home/said/Desktop/sobat/ROS2WorkSpace/install/halka_gorev:/home/said/Desktop/sobat/ROS2WorkSpace/install/motor_kontrol:/opt/ros/foxy /usr/bin/cmake --build /home/said/Desktop/sobat/ROS2WorkSpace/build/sobat_interfaces -- -j8 -l8
[1.052s] [  2%] [34m[1mGenerating C code for ROS interfaces[0m
[1.053s] [35m[1mScanning dependencies of target sobat_interfaces__cpp[0m
[1.060s] [  5%] [34m[1mGenerating C++ code for ROS interfaces[0m
[1.275s] [  5%] Built target sobat_interfaces__cpp
[1.282s] [ 10%] [34m[1mGenerating C++ type support for eProsima Fast-RTPS[0m
[1.282s] [ 10%] [34m[1mGenerating C++ type support dispatch for ROS interfaces[0m
[1.283s] [ 12%] [34m[1mGenerating C++ introspection for ROS interfaces[0m
[1.287s] [35m[1mScanning dependencies of target sobat_interfaces__rosidl_generator_c[0m
[1.298s] [ 17%] [32mBuilding C object CMakeFiles/sobat_interfaces__rosidl_generator_c.dir/rosidl_generator_c/sobat_interfaces/msg/detail/sobat_hareket__functions.c.o[0m
[1.298s] [ 17%] [32mBuilding C object CMakeFiles/sobat_interfaces__rosidl_generator_c.dir/rosidl_generator_c/sobat_interfaces/msg/detail/mesafe_sensor__functions.c.o[0m
[1.435s] [ 20%] [32m[1mLinking C shared library libsobat_interfaces__rosidl_generator_c.so[0m
[1.473s] [ 20%] Built target sobat_interfaces__rosidl_generator_c
[1.483s] [ 23%] [34m[1mGenerating C type support dispatch for ROS interfaces[0m
[1.483s] [ 25%] [34m[1mGenerating C introspection for ROS interfaces[0m
[1.487s] [35m[1mScanning dependencies of target sobat_interfaces__rosidl_typesupport_cpp[0m
[1.489s] [35m[1mScanning dependencies of target sobat_interfaces__rosidl_typesupport_introspection_cpp[0m
[1.497s] [ 28%] [32mBuilding CXX object CMakeFiles/sobat_interfaces__rosidl_typesupport_cpp.dir/rosidl_typesupport_cpp/sobat_interfaces/msg/sobat_hareket__type_support.cpp.o[0m
[1.498s] [35m[1mScanning dependencies of target sobat_interfaces__rosidl_typesupport_fastrtps_cpp[0m
[1.499s] [ 30%] [32mBuilding CXX object CMakeFiles/sobat_interfaces__rosidl_typesupport_cpp.dir/rosidl_typesupport_cpp/sobat_interfaces/msg/mesafe_sensor__type_support.cpp.o[0m
[1.501s] [ 35%] [32mBuilding CXX object CMakeFiles/sobat_interfaces__rosidl_typesupport_introspection_cpp.dir/rosidl_typesupport_introspection_cpp/sobat_interfaces/msg/detail/sobat_hareket__type_support.cpp.o[0m
[1.501s] [ 35%] [32mBuilding CXX object CMakeFiles/sobat_interfaces__rosidl_typesupport_introspection_cpp.dir/rosidl_typesupport_introspection_cpp/sobat_interfaces/msg/detail/mesafe_sensor__type_support.cpp.o[0m
[1.509s] [ 38%] [32mBuilding CXX object CMakeFiles/sobat_interfaces__rosidl_typesupport_fastrtps_cpp.dir/rosidl_typesupport_fastrtps_cpp/sobat_interfaces/msg/detail/dds_fastrtps/sobat_hareket__type_support.cpp.o[0m
[1.510s] [ 41%] [32mBuilding CXX object CMakeFiles/sobat_interfaces__rosidl_typesupport_fastrtps_cpp.dir/rosidl_typesupport_fastrtps_cpp/sobat_interfaces/msg/detail/dds_fastrtps/mesafe_sensor__type_support.cpp.o[0m
[1.733s] [35m[1mScanning dependencies of target sobat_interfaces__rosidl_typesupport_c[0m
[1.751s] [ 43%] [32mBuilding CXX object CMakeFiles/sobat_interfaces__rosidl_typesupport_c.dir/rosidl_typesupport_c/sobat_interfaces/msg/mesafe_sensor__type_support.cpp.o[0m
[1.808s] [ 46%] [32mBuilding CXX object CMakeFiles/sobat_interfaces__rosidl_typesupport_c.dir/rosidl_typesupport_c/sobat_interfaces/msg/sobat_hareket__type_support.cpp.o[0m
[1.810s] [35m[1mScanning dependencies of target sobat_interfaces__rosidl_typesupport_introspection_c[0m
[1.828s] [ 48%] [32mBuilding C object CMakeFiles/sobat_interfaces__rosidl_typesupport_introspection_c.dir/rosidl_typesupport_introspection_c/sobat_interfaces/msg/detail/mesafe_sensor__type_support.c.o[0m
[1.848s] [ 51%] [32m[1mLinking CXX shared library libsobat_interfaces__rosidl_typesupport_c.so[0m
[1.872s] [ 53%] [32mBuilding C object CMakeFiles/sobat_interfaces__rosidl_typesupport_introspection_c.dir/rosidl_typesupport_introspection_c/sobat_interfaces/msg/detail/sobat_hareket__type_support.c.o[0m
[1.897s] [ 53%] Built target sobat_interfaces__rosidl_typesupport_c
[1.907s] [ 56%] [32m[1mLinking C shared library libsobat_interfaces__rosidl_typesupport_introspection_c.so[0m
[1.925s] [ 58%] [32m[1mLinking CXX shared library libsobat_interfaces__rosidl_typesupport_cpp.so[0m
[1.931s] [ 58%] Built target sobat_interfaces__rosidl_typesupport_introspection_c
[1.942s] [ 61%] [32m[1mLinking CXX shared library libsobat_interfaces__rosidl_typesupport_introspection_cpp.so[0m
[1.956s] [ 61%] Built target sobat_interfaces__rosidl_typesupport_cpp
[1.972s] [ 61%] Built target sobat_interfaces__rosidl_typesupport_introspection_cpp
[2.025s] [ 64%] [32m[1mLinking CXX shared library libsobat_interfaces__rosidl_typesupport_fastrtps_cpp.so[0m
[2.177s] [ 64%] Built target sobat_interfaces__rosidl_typesupport_fastrtps_cpp
[2.185s] [ 66%] [34m[1mGenerating C type support for eProsima Fast-RTPS[0m
[2.375s] [35m[1mScanning dependencies of target sobat_interfaces__rosidl_typesupport_fastrtps_c[0m
[2.384s] [ 69%] [32mBuilding CXX object CMakeFiles/sobat_interfaces__rosidl_typesupport_fastrtps_c.dir/rosidl_typesupport_fastrtps_c/sobat_interfaces/msg/detail/sobat_hareket__type_support_c.cpp.o[0m
[2.384s] [ 71%] [32mBuilding CXX object CMakeFiles/sobat_interfaces__rosidl_typesupport_fastrtps_c.dir/rosidl_typesupport_fastrtps_c/sobat_interfaces/msg/detail/mesafe_sensor__type_support_c.cpp.o[0m
[2.642s] [ 74%] [32m[1mLinking CXX shared library libsobat_interfaces__rosidl_typesupport_fastrtps_c.so[0m
[2.701s] [ 74%] Built target sobat_interfaces__rosidl_typesupport_fastrtps_c
[2.714s] [ 74%] Built target sobat_interfaces
[2.721s] [35m[1mScanning dependencies of target sobat_interfaces__py[0m
[2.729s] [ 76%] [34m[1mGenerating Python code for ROS interfaces[0m
[3.159s] [ 76%] Built target sobat_interfaces__py
[3.168s] [35m[1mScanning dependencies of target sobat_interfaces__python[0m
[3.180s] [ 82%] [32mBuilding C object CMakeFiles/sobat_interfaces__python.dir/rosidl_generator_py/sobat_interfaces/msg/_mesafe_sensor_s.c.o[0m
[3.180s] [ 82%] [32mBuilding C object CMakeFiles/sobat_interfaces__python.dir/rosidl_generator_py/sobat_interfaces/msg/_sobat_hareket_s.c.o[0m
[3.267s] [ 84%] [32m[1mLinking C shared library rosidl_generator_py/sobat_interfaces/libsobat_interfaces__python.so[0m
[3.295s] [ 84%] Built target sobat_interfaces__python
[3.303s] [35m[1mScanning dependencies of target sobat_interfaces__rosidl_typesupport_c__pyext[0m
[3.303s] [35m[1mScanning dependencies of target sobat_interfaces__rosidl_typesupport_fastrtps_c__pyext[0m
[3.303s] [35m[1mScanning dependencies of target sobat_interfaces__rosidl_typesupport_introspection_c__pyext[0m
[3.313s] [ 87%] [32mBuilding C object CMakeFiles/sobat_interfaces__rosidl_typesupport_c__pyext.dir/rosidl_generator_py/sobat_interfaces/_sobat_interfaces_s.ep.rosidl_typesupport_c.c.o[0m
[3.314s] [ 92%] [32mBuilding C object CMakeFiles/sobat_interfaces__rosidl_typesupport_introspection_c__pyext.dir/rosidl_generator_py/sobat_interfaces/_sobat_interfaces_s.ep.rosidl_typesupport_introspection_c.c.o[0m
[3.314s] [ 89%] [32mBuilding C object CMakeFiles/sobat_interfaces__rosidl_typesupport_fastrtps_c__pyext.dir/rosidl_generator_py/sobat_interfaces/_sobat_interfaces_s.ep.rosidl_typesupport_fastrtps_c.c.o[0m
[3.373s] [ 94%] [32m[1mLinking C shared library rosidl_generator_py/sobat_interfaces/sobat_interfaces_s__rosidl_typesupport_c.cpython-38-x86_64-linux-gnu.so[0m
[3.373s] [ 97%] [32m[1mLinking C shared library rosidl_generator_py/sobat_interfaces/sobat_interfaces_s__rosidl_typesupport_introspection_c.cpython-38-x86_64-linux-gnu.so[0m
[3.373s] [100%] [32m[1mLinking CXX shared library rosidl_generator_py/sobat_interfaces/sobat_interfaces_s__rosidl_typesupport_fastrtps_c.cpython-38-x86_64-linux-gnu.so[0m
[3.397s] [100%] Built target sobat_interfaces__rosidl_typesupport_c__pyext
[3.397s] [100%] Built target sobat_interfaces__rosidl_typesupport_introspection_c__pyext
[3.417s] [100%] Built target sobat_interfaces__rosidl_typesupport_fastrtps_c__pyext
[3.425s] Invoked command in '/home/said/Desktop/sobat/ROS2WorkSpace/build/sobat_interfaces' returned '0': CMAKE_PREFIX_PATH=${CMAKE_PREFIX_PATH}:/home/said/Desktop/sobat/ROS2WorkSpace/install/torpido_gorev:/home/said/Desktop/sobat/ROS2WorkSpace/install/kablo_gorev:/home/said/Desktop/sobat/ROS2WorkSpace/install/halka_gorev:/home/said/Desktop/sobat/ROS2WorkSpace/install/motor_kontrol:/opt/ros/foxy /usr/bin/cmake --build /home/said/Desktop/sobat/ROS2WorkSpace/build/sobat_interfaces -- -j8 -l8
[3.471s] Invoking command in '/home/said/Desktop/sobat/ROS2WorkSpace/build/sobat_interfaces': CMAKE_PREFIX_PATH=${CMAKE_PREFIX_PATH}:/home/said/Desktop/sobat/ROS2WorkSpace/install/torpido_gorev:/home/said/Desktop/sobat/ROS2WorkSpace/install/kablo_gorev:/home/said/Desktop/sobat/ROS2WorkSpace/install/halka_gorev:/home/said/Desktop/sobat/ROS2WorkSpace/install/motor_kontrol:/opt/ros/foxy /usr/bin/cmake --install /home/said/Desktop/sobat/ROS2WorkSpace/build/sobat_interfaces
[3.478s] -- Install configuration: ""
[3.478s] -- Execute custom install script
[3.480s] -- Up-to-date symlink: /home/said/Desktop/sobat/ROS2WorkSpace/install/sobat_interfaces/share/ament_index/resource_index/rosidl_interfaces/sobat_interfaces
[3.481s] -- Up-to-date symlink: /home/said/Desktop/sobat/ROS2WorkSpace/install/sobat_interfaces/include/sobat_interfaces/msg/detail/mesafe_sensor__functions.h
[3.481s] -- Up-to-date symlink: /home/said/Desktop/sobat/ROS2WorkSpace/install/sobat_interfaces/include/sobat_interfaces/msg/detail/mesafe_sensor__struct.h
[3.481s] -- Up-to-date symlink: /home/said/Desktop/sobat/ROS2WorkSpace/install/sobat_interfaces/include/sobat_interfaces/msg/detail/mesafe_sensor__type_support.h
[3.481s] -- Symlinking: /home/said/Desktop/sobat/ROS2WorkSpace/install/sobat_interfaces/include/sobat_interfaces/msg/detail/sobat_hareket__functions.h
[3.488s] -- Symlinking: /home/said/Desktop/sobat/ROS2WorkSpace/install/sobat_interfaces/include/sobat_interfaces/msg/detail/sobat_hareket__struct.h
[3.494s] -- Symlinking: /home/said/Desktop/sobat/ROS2WorkSpace/install/sobat_interfaces/include/sobat_interfaces/msg/detail/sobat_hareket__type_support.h
[3.500s] -- Up-to-date symlink: /home/said/Desktop/sobat/ROS2WorkSpace/install/sobat_interfaces/include/sobat_interfaces/msg/mesafe_sensor.h
[3.500s] -- Up-to-date symlink: /home/said/Desktop/sobat/ROS2WorkSpace/install/sobat_interfaces/include/sobat_interfaces/msg/rosidl_generator_c__visibility_control.h
[3.500s] -- Symlinking: /home/said/Desktop/sobat/ROS2WorkSpace/install/sobat_interfaces/include/sobat_interfaces/msg/sobat_hareket.h
[3.507s] -- Up-to-date symlink: /home/said/Desktop/sobat/ROS2WorkSpace/install/sobat_interfaces/share/sobat_interfaces/environment/library_path.sh
[3.507s] -- Up-to-date symlink: /home/said/Desktop/sobat/ROS2WorkSpace/install/sobat_interfaces/share/sobat_interfaces/environment/library_path.dsv
[3.507s] -- Up-to-date symlink: /home/said/Desktop/sobat/ROS2WorkSpace/install/sobat_interfaces/include/sobat_interfaces/msg/detail/mesafe_sensor__rosidl_typesupport_fastrtps_c.h
[3.508s] -- Symlinking: /home/said/Desktop/sobat/ROS2WorkSpace/install/sobat_interfaces/include/sobat_interfaces/msg/detail/sobat_hareket__rosidl_typesupport_fastrtps_c.h
[3.514s] -- Up-to-date symlink: /home/said/Desktop/sobat/ROS2WorkSpace/install/sobat_interfaces/include/sobat_interfaces/msg/rosidl_typesupport_fastrtps_c__visibility_control.h
[3.514s] -- Up-to-date symlink: /home/said/Desktop/sobat/ROS2WorkSpace/install/sobat_interfaces/lib/libsobat_interfaces__rosidl_typesupport_fastrtps_c.so
[3.515s] -- Up-to-date symlink: /home/said/Desktop/sobat/ROS2WorkSpace/install/sobat_interfaces/include/sobat_interfaces/msg/detail/mesafe_sensor__rosidl_typesupport_fastrtps_cpp.hpp
[3.515s] -- Symlinking: /home/said/Desktop/sobat/ROS2WorkSpace/install/sobat_interfaces/include/sobat_interfaces/msg/detail/sobat_hareket__rosidl_typesupport_fastrtps_cpp.hpp
[3.522s] -- Up-to-date symlink: /home/said/Desktop/sobat/ROS2WorkSpace/install/sobat_interfaces/include/sobat_interfaces/msg/rosidl_typesupport_fastrtps_cpp__visibility_control.h
[3.522s] -- Up-to-date symlink: /home/said/Desktop/sobat/ROS2WorkSpace/install/sobat_interfaces/lib/libsobat_interfaces__rosidl_typesupport_fastrtps_cpp.so
[3.522s] -- Up-to-date symlink: /home/said/Desktop/sobat/ROS2WorkSpace/install/sobat_interfaces/include/sobat_interfaces/msg/detail/mesafe_sensor__rosidl_typesupport_introspection_c.h
[3.523s] -- Symlinking: /home/said/Desktop/sobat/ROS2WorkSpace/install/sobat_interfaces/include/sobat_interfaces/msg/detail/sobat_hareket__rosidl_typesupport_introspection_c.h
[3.529s] -- Up-to-date symlink: /home/said/Desktop/sobat/ROS2WorkSpace/install/sobat_interfaces/include/sobat_interfaces/msg/rosidl_typesupport_introspection_c__visibility_control.h
[3.529s] -- Up-to-date symlink: /home/said/Desktop/sobat/ROS2WorkSpace/install/sobat_interfaces/include/sobat_interfaces/msg/detail/mesafe_sensor__builder.hpp
[3.530s] -- Up-to-date symlink: /home/said/Desktop/sobat/ROS2WorkSpace/install/sobat_interfaces/include/sobat_interfaces/msg/detail/mesafe_sensor__struct.hpp
[3.530s] -- Up-to-date symlink: /home/said/Desktop/sobat/ROS2WorkSpace/install/sobat_interfaces/include/sobat_interfaces/msg/detail/mesafe_sensor__traits.hpp
[3.530s] -- Up-to-date symlink: /home/said/Desktop/sobat/ROS2WorkSpace/install/sobat_interfaces/include/sobat_interfaces/msg/detail/mesafe_sensor__type_support.hpp
[3.530s] -- Symlinking: /home/said/Desktop/sobat/ROS2WorkSpace/install/sobat_interfaces/include/sobat_interfaces/msg/detail/sobat_hareket__builder.hpp
[3.537s] -- Symlinking: /home/said/Desktop/sobat/ROS2WorkSpace/install/sobat_interfaces/include/sobat_interfaces/msg/detail/sobat_hareket__struct.hpp
[3.543s] -- Symlinking: /home/said/Desktop/sobat/ROS2WorkSpace/install/sobat_interfaces/include/sobat_interfaces/msg/detail/sobat_hareket__traits.hpp
[3.549s] -- Symlinking: /home/said/Desktop/sobat/ROS2WorkSpace/install/sobat_interfaces/include/sobat_interfaces/msg/detail/sobat_hareket__type_support.hpp
[3.555s] -- Up-to-date symlink: /home/said/Desktop/sobat/ROS2WorkSpace/install/sobat_interfaces/include/sobat_interfaces/msg/mesafe_sensor.hpp
[3.556s] -- Up-to-date symlink: /home/said/Desktop/sobat/ROS2WorkSpace/install/sobat_interfaces/include/sobat_interfaces/msg/rosidl_generator_cpp__visibility_control.hpp
[3.556s] -- Symlinking: /home/said/Desktop/sobat/ROS2WorkSpace/install/sobat_interfaces/include/sobat_interfaces/msg/sobat_hareket.hpp
[3.562s] -- Up-to-date symlink: /home/said/Desktop/sobat/ROS2WorkSpace/install/sobat_interfaces/include/sobat_interfaces/msg/detail/mesafe_sensor__rosidl_typesupport_introspection_cpp.hpp
[3.562s] -- Symlinking: /home/said/Desktop/sobat/ROS2WorkSpace/install/sobat_interfaces/include/sobat_interfaces/msg/detail/sobat_hareket__rosidl_typesupport_introspection_cpp.hpp
[3.569s] -- Up-to-date symlink: /home/said/Desktop/sobat/ROS2WorkSpace/install/sobat_interfaces/share/sobat_interfaces/environment/pythonpath.sh
[3.569s] -- Up-to-date symlink: /home/said/Desktop/sobat/ROS2WorkSpace/install/sobat_interfaces/share/sobat_interfaces/environment/pythonpath.dsv
[3.569s] -- Up-to-date symlink: /home/said/Desktop/sobat/ROS2WorkSpace/install/sobat_interfaces/lib/python3.8/site-packages/sobat_interfaces/__init__.py
[3.570s] -- Up-to-date symlink: /home/said/Desktop/sobat/ROS2WorkSpace/install/sobat_interfaces/lib/python3.8/site-packages/sobat_interfaces/msg/__init__.py
[3.570s] -- Up-to-date symlink: /home/said/Desktop/sobat/ROS2WorkSpace/install/sobat_interfaces/lib/python3.8/site-packages/sobat_interfaces/msg/_mesafe_sensor.py
[3.570s] -- Symlinking: /home/said/Desktop/sobat/ROS2WorkSpace/install/sobat_interfaces/lib/python3.8/site-packages/sobat_interfaces/msg/_sobat_hareket.py
[3.578s] -- Up-to-date symlink: /home/said/Desktop/sobat/ROS2WorkSpace/install/sobat_interfaces/lib/python3.8/site-packages/sobat_interfaces/sobat_interfaces_s__rosidl_typesupport_fastrtps_c.cpython-38-x86_64-linux-gnu.so
[3.578s] -- Up-to-date symlink: /home/said/Desktop/sobat/ROS2WorkSpace/install/sobat_interfaces/lib/python3.8/site-packages/sobat_interfaces/sobat_interfaces_s__rosidl_typesupport_introspection_c.cpython-38-x86_64-linux-gnu.so
[3.578s] -- Up-to-date symlink: /home/said/Desktop/sobat/ROS2WorkSpace/install/sobat_interfaces/lib/python3.8/site-packages/sobat_interfaces/sobat_interfaces_s__rosidl_typesupport_c.cpython-38-x86_64-linux-gnu.so
[3.579s] -- Up-to-date symlink: /home/said/Desktop/sobat/ROS2WorkSpace/install/sobat_interfaces/lib/libsobat_interfaces__python.so
[3.579s] -- Up-to-date symlink: /home/said/Desktop/sobat/ROS2WorkSpace/install/sobat_interfaces/share/sobat_interfaces/msg/MesafeSensor.idl
[3.579s] -- Symlinking: /home/said/Desktop/sobat/ROS2WorkSpace/install/sobat_interfaces/share/sobat_interfaces/msg/SobatHareket.idl
[3.586s] -- Up-to-date symlink: /home/said/Desktop/sobat/ROS2WorkSpace/install/sobat_interfaces/share/sobat_interfaces/msg/MesafeSensor.msg
[3.586s] -- Symlinking: /home/said/Desktop/sobat/ROS2WorkSpace/install/sobat_interfaces/share/sobat_interfaces/msg/SobatHareket.msg
[3.593s] -- Up-to-date symlink: /home/said/Desktop/sobat/ROS2WorkSpace/install/sobat_interfaces/share/ament_index/resource_index/package_run_dependencies/sobat_interfaces
[3.593s] -- Up-to-date symlink: /home/said/Desktop/sobat/ROS2WorkSpace/install/sobat_interfaces/share/ament_index/resource_index/parent_prefix_path/sobat_interfaces
[3.593s] -- Up-to-date symlink: /home/said/Desktop/sobat/ROS2WorkSpace/install/sobat_interfaces/share/sobat_interfaces/environment/ament_prefix_path.sh
[3.593s] -- Up-to-date symlink: /home/said/Desktop/sobat/ROS2WorkSpace/install/sobat_interfaces/share/sobat_interfaces/environment/ament_prefix_path.dsv
[3.594s] -- Up-to-date symlink: /home/said/Desktop/sobat/ROS2WorkSpace/install/sobat_interfaces/share/sobat_interfaces/environment/path.sh
[3.594s] -- Up-to-date symlink: /home/said/Desktop/sobat/ROS2WorkSpace/install/sobat_interfaces/share/sobat_interfaces/environment/path.dsv
[3.594s] -- Up-to-date symlink: /home/said/Desktop/sobat/ROS2WorkSpace/install/sobat_interfaces/share/sobat_interfaces/local_setup.bash
[3.594s] -- Up-to-date symlink: /home/said/Desktop/sobat/ROS2WorkSpace/install/sobat_interfaces/share/sobat_interfaces/local_setup.sh
[3.595s] -- Up-to-date symlink: /home/said/Desktop/sobat/ROS2WorkSpace/install/sobat_interfaces/share/sobat_interfaces/local_setup.zsh
[3.595s] -- Up-to-date symlink: /home/said/Desktop/sobat/ROS2WorkSpace/install/sobat_interfaces/share/sobat_interfaces/local_setup.dsv
[3.595s] -- Symlinking: /home/said/Desktop/sobat/ROS2WorkSpace/install/sobat_interfaces/share/sobat_interfaces/package.dsv
[3.602s] -- Up-to-date symlink: /home/said/Desktop/sobat/ROS2WorkSpace/install/sobat_interfaces/share/ament_index/resource_index/packages/sobat_interfaces
[3.602s] -- Up-to-date symlink: /home/said/Desktop/sobat/ROS2WorkSpace/install/sobat_interfaces/share/sobat_interfaces/cmake/rosidl_cmake-extras.cmake
[3.602s] -- Up-to-date symlink: /home/said/Desktop/sobat/ROS2WorkSpace/install/sobat_interfaces/share/sobat_interfaces/cmake/ament_cmake_export_dependencies-extras.cmake
[3.603s] -- Up-to-date symlink: /home/said/Desktop/sobat/ROS2WorkSpace/install/sobat_interfaces/share/sobat_interfaces/cmake/ament_cmake_export_libraries-extras.cmake
[3.603s] -- Up-to-date symlink: /home/said/Desktop/sobat/ROS2WorkSpace/install/sobat_interfaces/share/sobat_interfaces/cmake/ament_cmake_export_targets-extras.cmake
[3.603s] -- Up-to-date symlink: /home/said/Desktop/sobat/ROS2WorkSpace/install/sobat_interfaces/share/sobat_interfaces/cmake/ament_cmake_export_include_directories-extras.cmake
[3.604s] -- Up-to-date symlink: /home/said/Desktop/sobat/ROS2WorkSpace/install/sobat_interfaces/share/sobat_interfaces/cmake/rosidl_cmake_export_typesupport_libraries-extras.cmake
[3.604s] -- Up-to-date symlink: /home/said/Desktop/sobat/ROS2WorkSpace/install/sobat_interfaces/share/sobat_interfaces/cmake/rosidl_cmake_export_typesupport_targets-extras.cmake
[3.604s] -- Up-to-date symlink: /home/said/Desktop/sobat/ROS2WorkSpace/install/sobat_interfaces/share/sobat_interfaces/cmake/sobat_interfacesConfig.cmake
[3.604s] -- Up-to-date symlink: /home/said/Desktop/sobat/ROS2WorkSpace/install/sobat_interfaces/share/sobat_interfaces/cmake/sobat_interfacesConfig-version.cmake
[3.604s] -- Up-to-date symlink: /home/said/Desktop/sobat/ROS2WorkSpace/install/sobat_interfaces/share/sobat_interfaces/package.xml
[3.605s] -- Installing: /home/said/Desktop/sobat/ROS2WorkSpace/install/sobat_interfaces/lib/libsobat_interfaces__rosidl_generator_c.so
[3.605s] -- Set runtime path of "/home/said/Desktop/sobat/ROS2WorkSpace/install/sobat_interfaces/lib/libsobat_interfaces__rosidl_generator_c.so" to ""
[3.606s] -- Installing: /home/said/Desktop/sobat/ROS2WorkSpace/install/sobat_interfaces/lib/libsobat_interfaces__rosidl_typesupport_introspection_c.so
[3.606s] -- Set runtime path of "/home/said/Desktop/sobat/ROS2WorkSpace/install/sobat_interfaces/lib/libsobat_interfaces__rosidl_typesupport_introspection_c.so" to ""
[3.606s] -- Installing: /home/said/Desktop/sobat/ROS2WorkSpace/install/sobat_interfaces/lib/libsobat_interfaces__rosidl_typesupport_c.so
[3.606s] -- Set runtime path of "/home/said/Desktop/sobat/ROS2WorkSpace/install/sobat_interfaces/lib/libsobat_interfaces__rosidl_typesupport_c.so" to ""
[3.607s] -- Installing: /home/said/Desktop/sobat/ROS2WorkSpace/install/sobat_interfaces/lib/libsobat_interfaces__rosidl_typesupport_introspection_cpp.so
[3.607s] -- Set runtime path of "/home/said/Desktop/sobat/ROS2WorkSpace/install/sobat_interfaces/lib/libsobat_interfaces__rosidl_typesupport_introspection_cpp.so" to ""
[3.607s] -- Installing: /home/said/Desktop/sobat/ROS2WorkSpace/install/sobat_interfaces/lib/libsobat_interfaces__rosidl_typesupport_cpp.so
[3.607s] -- Set runtime path of "/home/said/Desktop/sobat/ROS2WorkSpace/install/sobat_interfaces/lib/libsobat_interfaces__rosidl_typesupport_cpp.so" to ""
[3.633s] Compiling '/home/said/Desktop/sobat/ROS2WorkSpace/install/sobat_interfaces/lib/python3.8/site-packages/sobat_interfaces/__init__.py'...
[3.636s] -- Up-to-date: /home/said/Desktop/sobat/ROS2WorkSpace/install/sobat_interfaces/share/sobat_interfaces/cmake/sobat_interfaces__rosidl_generator_cExport.cmake
[3.637s] -- Installing: /home/said/Desktop/sobat/ROS2WorkSpace/install/sobat_interfaces/share/sobat_interfaces/cmake/sobat_interfaces__rosidl_generator_cExport-noconfig.cmake
[3.637s] -- Up-to-date: /home/said/Desktop/sobat/ROS2WorkSpace/install/sobat_interfaces/share/sobat_interfaces/cmake/sobat_interfaces__rosidl_typesupport_introspection_cExport.cmake
[3.637s] -- Installing: /home/said/Desktop/sobat/ROS2WorkSpace/install/sobat_interfaces/share/sobat_interfaces/cmake/sobat_interfaces__rosidl_typesupport_introspection_cExport-noconfig.cmake
[3.637s] -- Up-to-date: /home/said/Desktop/sobat/ROS2WorkSpace/install/sobat_interfaces/share/sobat_interfaces/cmake/sobat_interfaces__rosidl_typesupport_cExport.cmake
[3.637s] -- Installing: /home/said/Desktop/sobat/ROS2WorkSpace/install/sobat_interfaces/share/sobat_interfaces/cmake/sobat_interfaces__rosidl_typesupport_cExport-noconfig.cmake
[3.638s] -- Up-to-date: /home/said/Desktop/sobat/ROS2WorkSpace/install/sobat_interfaces/share/sobat_interfaces/cmake/sobat_interfaces__rosidl_generator_cppExport.cmake
[3.638s] -- Up-to-date: /home/said/Desktop/sobat/ROS2WorkSpace/install/sobat_interfaces/share/sobat_interfaces/cmake/sobat_interfaces__rosidl_typesupport_introspection_cppExport.cmake
[3.638s] -- Installing: /home/said/Desktop/sobat/ROS2WorkSpace/install/sobat_interfaces/share/sobat_interfaces/cmake/sobat_interfaces__rosidl_typesupport_introspection_cppExport-noconfig.cmake
[3.638s] -- Up-to-date: /home/said/Desktop/sobat/ROS2WorkSpace/install/sobat_interfaces/share/sobat_interfaces/cmake/sobat_interfaces__rosidl_typesupport_cppExport.cmake
[3.638s] -- Installing: /home/said/Desktop/sobat/ROS2WorkSpace/install/sobat_interfaces/share/sobat_interfaces/cmake/sobat_interfaces__rosidl_typesupport_cppExport-noconfig.cmake
[3.640s] Invoked command in '/home/said/Desktop/sobat/ROS2WorkSpace/build/sobat_interfaces' returned '0': CMAKE_PREFIX_PATH=${CMAKE_PREFIX_PATH}:/home/said/Desktop/sobat/ROS2WorkSpace/install/torpido_gorev:/home/said/Desktop/sobat/ROS2WorkSpace/install/kablo_gorev:/home/said/Desktop/sobat/ROS2WorkSpace/install/halka_gorev:/home/said/Desktop/sobat/ROS2WorkSpace/install/motor_kontrol:/opt/ros/foxy /usr/bin/cmake --install /home/said/Desktop/sobat/ROS2WorkSpace/build/sobat_interfaces
