running egg_info
creating ../../build/torpido_gorev/torpido_gorev.egg-info
writing ../../build/torpido_gorev/torpido_gorev.egg-info/PKG-INFO
writing dependency_links to ../../build/torpido_gorev/torpido_gorev.egg-info/dependency_links.txt
writing entry points to ../../build/torpido_gorev/torpido_gorev.egg-info/entry_points.txt
writing requirements to ../../build/torpido_gorev/torpido_gorev.egg-info/requires.txt
writing top-level names to ../../build/torpido_gorev/torpido_gorev.egg-info/top_level.txt
writing manifest file '../../build/torpido_gorev/torpido_gorev.egg-info/SOURCES.txt'
reading manifest file '../../build/torpido_gorev/torpido_gorev.egg-info/SOURCES.txt'
writing manifest file '../../build/torpido_gorev/torpido_gorev.egg-info/SOURCES.txt'
running build
running build_py
creating /home/said/Desktop/sobat/ROS2WorkSpace/build/torpido_gorev/build
creating /home/said/Desktop/sobat/ROS2WorkSpace/build/torpido_gorev/build/lib
creating /home/said/Desktop/sobat/ROS2WorkSpace/build/torpido_gorev/build/lib/torpido_gorev
copying torpido_gorev/__init__.py -> /home/said/Desktop/sobat/ROS2WorkSpace/build/torpido_gorev/build/lib/torpido_gorev
running install
running install_lib
creating /home/said/Desktop/sobat/ROS2WorkSpace/install/torpido_gorev/lib/python3.8/site-packages/torpido_gorev
copying /home/said/Desktop/sobat/ROS2WorkSpace/build/torpido_gorev/build/lib/torpido_gorev/__init__.py -> /home/said/Desktop/sobat/ROS2WorkSpace/install/torpido_gorev/lib/python3.8/site-packages/torpido_gorev
byte-compiling /home/said/Desktop/sobat/ROS2WorkSpace/install/torpido_gorev/lib/python3.8/site-packages/torpido_gorev/__init__.py to __init__.cpython-38.pyc
running install_data
creating /home/said/Desktop/sobat/ROS2WorkSpace/install/torpido_gorev/share/ament_index
creating /home/said/Desktop/sobat/ROS2WorkSpace/install/torpido_gorev/share/ament_index/resource_index
creating /home/said/Desktop/sobat/ROS2WorkSpace/install/torpido_gorev/share/ament_index/resource_index/packages
copying resource/torpido_gorev -> /home/said/Desktop/sobat/ROS2WorkSpace/install/torpido_gorev/share/ament_index/resource_index/packages
copying package.xml -> /home/said/Desktop/sobat/ROS2WorkSpace/install/torpido_gorev/share/torpido_gorev
running install_egg_info
Copying ../../build/torpido_gorev/torpido_gorev.egg-info to /home/said/Desktop/sobat/ROS2WorkSpace/install/torpido_gorev/lib/python3.8/site-packages/torpido_gorev-0.0.0-py3.8.egg-info
running install_scripts
writing list of installed files to '/home/said/Desktop/sobat/ROS2WorkSpace/build/torpido_gorev/install.log'
