[1.845s] Invoking command in '/home/said/Desktop/sobat/ROS2WorkSpace/src/torpido_gorev': PYTHONPATH=/home/said/Desktop/sobat/ROS2WorkSpace/build/torpido_gorev/prefix_override:/home/said/Desktop/sobat/ROS2WorkSpace/install/torpido_gorev/lib/python3.8/site-packages:${PYTHONPATH} /usr/bin/python3 setup.py egg_info --egg-base ../../build/torpido_gorev build --build-base /home/said/Desktop/sobat/ROS2WorkSpace/build/torpido_gorev/build install --record /home/said/Desktop/sobat/ROS2WorkSpace/build/torpido_gorev/install.log --install-scripts $base/lib/torpido_gorev --single-version-externally-managed
[2.005s] running egg_info
[2.005s] creating ../../build/torpido_gorev/torpido_gorev.egg-info
[2.006s] writing ../../build/torpido_gorev/torpido_gorev.egg-info/PKG-INFO
[2.006s] writing dependency_links to ../../build/torpido_gorev/torpido_gorev.egg-info/dependency_links.txt
[2.006s] writing entry points to ../../build/torpido_gorev/torpido_gorev.egg-info/entry_points.txt
[2.006s] writing requirements to ../../build/torpido_gorev/torpido_gorev.egg-info/requires.txt
[2.006s] writing top-level names to ../../build/torpido_gorev/torpido_gorev.egg-info/top_level.txt
[2.009s] writing manifest file '../../build/torpido_gorev/torpido_gorev.egg-info/SOURCES.txt'
[2.036s] reading manifest file '../../build/torpido_gorev/torpido_gorev.egg-info/SOURCES.txt'
[2.037s] writing manifest file '../../build/torpido_gorev/torpido_gorev.egg-info/SOURCES.txt'
[2.037s] running build
[2.038s] running build_py
[2.038s] creating /home/said/Desktop/sobat/ROS2WorkSpace/build/torpido_gorev/build
[2.038s] creating /home/said/Desktop/sobat/ROS2WorkSpace/build/torpido_gorev/build/lib
[2.038s] creating /home/said/Desktop/sobat/ROS2WorkSpace/build/torpido_gorev/build/lib/torpido_gorev
[2.038s] copying torpido_gorev/__init__.py -> /home/said/Desktop/sobat/ROS2WorkSpace/build/torpido_gorev/build/lib/torpido_gorev
[2.038s] running install
[2.038s] running install_lib
[2.039s] creating /home/said/Desktop/sobat/ROS2WorkSpace/install/torpido_gorev/lib/python3.8/site-packages/torpido_gorev
[2.039s] copying /home/said/Desktop/sobat/ROS2WorkSpace/build/torpido_gorev/build/lib/torpido_gorev/__init__.py -> /home/said/Desktop/sobat/ROS2WorkSpace/install/torpido_gorev/lib/python3.8/site-packages/torpido_gorev
[2.040s] byte-compiling /home/said/Desktop/sobat/ROS2WorkSpace/install/torpido_gorev/lib/python3.8/site-packages/torpido_gorev/__init__.py to __init__.cpython-38.pyc
[2.041s] running install_data
[2.041s] creating /home/said/Desktop/sobat/ROS2WorkSpace/install/torpido_gorev/share/ament_index
[2.041s] creating /home/said/Desktop/sobat/ROS2WorkSpace/install/torpido_gorev/share/ament_index/resource_index
[2.041s] creating /home/said/Desktop/sobat/ROS2WorkSpace/install/torpido_gorev/share/ament_index/resource_index/packages
[2.041s] copying resource/torpido_gorev -> /home/said/Desktop/sobat/ROS2WorkSpace/install/torpido_gorev/share/ament_index/resource_index/packages
[2.042s] copying package.xml -> /home/said/Desktop/sobat/ROS2WorkSpace/install/torpido_gorev/share/torpido_gorev
[2.042s] running install_egg_info
[2.043s] Copying ../../build/torpido_gorev/torpido_gorev.egg-info to /home/said/Desktop/sobat/ROS2WorkSpace/install/torpido_gorev/lib/python3.8/site-packages/torpido_gorev-0.0.0-py3.8.egg-info
[2.043s] running install_scripts
[2.058s] writing list of installed files to '/home/said/Desktop/sobat/ROS2WorkSpace/build/torpido_gorev/install.log'
[2.080s] Invoked command in '/home/said/Desktop/sobat/ROS2WorkSpace/src/torpido_gorev' returned '0': PYTHONPATH=/home/said/Desktop/sobat/ROS2WorkSpace/build/torpido_gorev/prefix_override:/home/said/Desktop/sobat/ROS2WorkSpace/install/torpido_gorev/lib/python3.8/site-packages:${PYTHONPATH} /usr/bin/python3 setup.py egg_info --egg-base ../../build/torpido_gorev build --build-base /home/said/Desktop/sobat/ROS2WorkSpace/build/torpido_gorev/build install --record /home/said/Desktop/sobat/ROS2WorkSpace/build/torpido_gorev/install.log --install-scripts $base/lib/torpido_gorev --single-version-externally-managed
