running egg_info
creating ../build/kapi_gorev/kapi_gorev.egg-info
writing ../build/kapi_gorev/kapi_gorev.egg-info/PKG-INFO
writing dependency_links to ../build/kapi_gorev/kapi_gorev.egg-info/dependency_links.txt
writing entry points to ../build/kapi_gorev/kapi_gorev.egg-info/entry_points.txt
writing requirements to ../build/kapi_gorev/kapi_gorev.egg-info/requires.txt
writing top-level names to ../build/kapi_gorev/kapi_gorev.egg-info/top_level.txt
writing manifest file '../build/kapi_gorev/kapi_gorev.egg-info/SOURCES.txt'
reading manifest file '../build/kapi_gorev/kapi_gorev.egg-info/SOURCES.txt'
writing manifest file '../build/kapi_gorev/kapi_gorev.egg-info/SOURCES.txt'
running build
running build_py
creating /home/said/Desktop/sobat/ROS2WorkSpace/src/build/kapi_gorev/build
creating /home/said/Desktop/sobat/ROS2WorkSpace/src/build/kapi_gorev/build/lib
creating /home/said/Desktop/sobat/ROS2WorkSpace/src/build/kapi_gorev/build/lib/kapi_gorev
copying kapi_gorev/__init__.py -> /home/said/Desktop/sobat/ROS2WorkSpace/src/build/kapi_gorev/build/lib/kapi_gorev
running install
running install_lib
creating /home/said/Desktop/sobat/ROS2WorkSpace/src/install/kapi_gorev/lib/python3.10/site-packages/kapi_gorev
copying /home/said/Desktop/sobat/ROS2WorkSpace/src/build/kapi_gorev/build/lib/kapi_gorev/__init__.py -> /home/said/Desktop/sobat/ROS2WorkSpace/src/install/kapi_gorev/lib/python3.10/site-packages/kapi_gorev
byte-compiling /home/said/Desktop/sobat/ROS2WorkSpace/src/install/kapi_gorev/lib/python3.10/site-packages/kapi_gorev/__init__.py to __init__.cpython-310.pyc
running install_data
creating /home/said/Desktop/sobat/ROS2WorkSpace/src/install/kapi_gorev/share/ament_index
creating /home/said/Desktop/sobat/ROS2WorkSpace/src/install/kapi_gorev/share/ament_index/resource_index
creating /home/said/Desktop/sobat/ROS2WorkSpace/src/install/kapi_gorev/share/ament_index/resource_index/packages
copying resource/kapi_gorev -> /home/said/Desktop/sobat/ROS2WorkSpace/src/install/kapi_gorev/share/ament_index/resource_index/packages
copying package.xml -> /home/said/Desktop/sobat/ROS2WorkSpace/src/install/kapi_gorev/share/kapi_gorev
running install_egg_info
Copying ../build/kapi_gorev/kapi_gorev.egg-info to /home/said/Desktop/sobat/ROS2WorkSpace/src/install/kapi_gorev/lib/python3.10/site-packages/kapi_gorev-0.0.0-py3.10.egg-info
running install_scripts
writing list of installed files to '/home/said/Desktop/sobat/ROS2WorkSpace/src/build/kapi_gorev/install.log'
