[1.145s] Invoking command in '/home/said/Desktop/sobat/ROS2WorkSpace/src/kapi_gorev': PYTHONPATH=/home/said/Desktop/sobat/ROS2WorkSpace/src/build/kapi_gorev/prefix_override:/home/said/Desktop/sobat/ROS2WorkSpace/src/install/kapi_gorev/lib/python3.10/site-packages:${PYTHONPATH} /usr/bin/python3 setup.py egg_info --egg-base ../build/kapi_gorev build --build-base /home/said/Desktop/sobat/ROS2WorkSpace/src/build/kapi_gorev/build install --record /home/said/Desktop/sobat/ROS2WorkSpace/src/build/kapi_gorev/install.log --single-version-externally-managed
[1.363s] running egg_info
[1.363s] creating ../build/kapi_gorev/kapi_gorev.egg-info
[1.363s] writing ../build/kapi_gorev/kapi_gorev.egg-info/PKG-INFO
[1.364s] writing dependency_links to ../build/kapi_gorev/kapi_gorev.egg-info/dependency_links.txt
[1.364s] writing entry points to ../build/kapi_gorev/kapi_gorev.egg-info/entry_points.txt
[1.364s] writing requirements to ../build/kapi_gorev/kapi_gorev.egg-info/requires.txt
[1.364s] writing top-level names to ../build/kapi_gorev/kapi_gorev.egg-info/top_level.txt
[1.364s] writing manifest file '../build/kapi_gorev/kapi_gorev.egg-info/SOURCES.txt'
[1.366s] reading manifest file '../build/kapi_gorev/kapi_gorev.egg-info/SOURCES.txt'
[1.367s] writing manifest file '../build/kapi_gorev/kapi_gorev.egg-info/SOURCES.txt'
[1.367s] running build
[1.367s] running build_py
[1.367s] creating /home/said/Desktop/sobat/ROS2WorkSpace/src/build/kapi_gorev/build
[1.367s] creating /home/said/Desktop/sobat/ROS2WorkSpace/src/build/kapi_gorev/build/lib
[1.367s] creating /home/said/Desktop/sobat/ROS2WorkSpace/src/build/kapi_gorev/build/lib/kapi_gorev
[1.367s] copying kapi_gorev/__init__.py -> /home/said/Desktop/sobat/ROS2WorkSpace/src/build/kapi_gorev/build/lib/kapi_gorev
[1.368s] running install
[1.368s] running install_lib
[1.368s] creating /home/said/Desktop/sobat/ROS2WorkSpace/src/install/kapi_gorev/lib/python3.10/site-packages/kapi_gorev
[1.368s] copying /home/said/Desktop/sobat/ROS2WorkSpace/src/build/kapi_gorev/build/lib/kapi_gorev/__init__.py -> /home/said/Desktop/sobat/ROS2WorkSpace/src/install/kapi_gorev/lib/python3.10/site-packages/kapi_gorev
[1.369s] byte-compiling /home/said/Desktop/sobat/ROS2WorkSpace/src/install/kapi_gorev/lib/python3.10/site-packages/kapi_gorev/__init__.py to __init__.cpython-310.pyc
[1.369s] running install_data
[1.369s] creating /home/said/Desktop/sobat/ROS2WorkSpace/src/install/kapi_gorev/share/ament_index
[1.369s] creating /home/said/Desktop/sobat/ROS2WorkSpace/src/install/kapi_gorev/share/ament_index/resource_index
[1.370s] creating /home/said/Desktop/sobat/ROS2WorkSpace/src/install/kapi_gorev/share/ament_index/resource_index/packages
[1.370s] copying resource/kapi_gorev -> /home/said/Desktop/sobat/ROS2WorkSpace/src/install/kapi_gorev/share/ament_index/resource_index/packages
[1.370s] copying package.xml -> /home/said/Desktop/sobat/ROS2WorkSpace/src/install/kapi_gorev/share/kapi_gorev
[1.370s] running install_egg_info
[1.371s] Copying ../build/kapi_gorev/kapi_gorev.egg-info to /home/said/Desktop/sobat/ROS2WorkSpace/src/install/kapi_gorev/lib/python3.10/site-packages/kapi_gorev-0.0.0-py3.10.egg-info
[1.372s] running install_scripts
[1.391s] writing list of installed files to '/home/said/Desktop/sobat/ROS2WorkSpace/src/build/kapi_gorev/install.log'
[1.503s] Invoked command in '/home/said/Desktop/sobat/ROS2WorkSpace/src/kapi_gorev' returned '0': PYTHONPATH=/home/said/Desktop/sobat/ROS2WorkSpace/src/build/kapi_gorev/prefix_override:/home/said/Desktop/sobat/ROS2WorkSpace/src/install/kapi_gorev/lib/python3.10/site-packages:${PYTHONPATH} /usr/bin/python3 setup.py egg_info --egg-base ../build/kapi_gorev build --build-base /home/said/Desktop/sobat/ROS2WorkSpace/src/build/kapi_gorev/build install --record /home/said/Desktop/sobat/ROS2WorkSpace/src/build/kapi_gorev/install.log --single-version-externally-managed
