[1.825s] Invoking command in '/home/said/Desktop/sobat/ROS2WorkSpace/src/torpido_gorev': PYTHONPATH=/home/said/Desktop/sobat/ROS2WorkSpace/build/torpido_gorev/prefix_override:/home/said/Desktop/sobat/ROS2WorkSpace/install/torpido_gorev/lib/python3.8/site-packages:${PYTHONPATH} /usr/bin/python3 setup.py egg_info --egg-base ../../build/torpido_gorev build --build-base /home/said/Desktop/sobat/ROS2WorkSpace/build/torpido_gorev/build install --record /home/said/Desktop/sobat/ROS2WorkSpace/build/torpido_gorev/install.log --install-scripts $base/lib/torpido_gorev --single-version-externally-managed
[1.989s] running egg_info
[1.990s] writing ../../build/torpido_gorev/torpido_gorev.egg-info/PKG-INFO
[1.990s] writing dependency_links to ../../build/torpido_gorev/torpido_gorev.egg-info/dependency_links.txt
[1.991s] writing entry points to ../../build/torpido_gorev/torpido_gorev.egg-info/entry_points.txt
[1.991s] writing requirements to ../../build/torpido_gorev/torpido_gorev.egg-info/requires.txt
[1.991s] writing top-level names to ../../build/torpido_gorev/torpido_gorev.egg-info/top_level.txt
[2.020s] reading manifest file '../../build/torpido_gorev/torpido_gorev.egg-info/SOURCES.txt'
[2.021s] writing manifest file '../../build/torpido_gorev/torpido_gorev.egg-info/SOURCES.txt'
[2.022s] running build
[2.023s] running build_py
[2.023s] running install
[2.024s] running install_lib
[2.024s] running install_data
[2.025s] running install_egg_info
[2.027s] removing '/home/said/Desktop/sobat/ROS2WorkSpace/install/torpido_gorev/lib/python3.8/site-packages/torpido_gorev-0.0.0-py3.8.egg-info' (and everything under it)
[2.028s] Copying ../../build/torpido_gorev/torpido_gorev.egg-info to /home/said/Desktop/sobat/ROS2WorkSpace/install/torpido_gorev/lib/python3.8/site-packages/torpido_gorev-0.0.0-py3.8.egg-info
[2.028s] running install_scripts
[2.045s] writing list of installed files to '/home/said/Desktop/sobat/ROS2WorkSpace/build/torpido_gorev/install.log'
[2.914s] Invoked command in '/home/said/Desktop/sobat/ROS2WorkSpace/src/torpido_gorev' returned '0': PYTHONPATH=/home/said/Desktop/sobat/ROS2WorkSpace/build/torpido_gorev/prefix_override:/home/said/Desktop/sobat/ROS2WorkSpace/install/torpido_gorev/lib/python3.8/site-packages:${PYTHONPATH} /usr/bin/python3 setup.py egg_info --egg-base ../../build/torpido_gorev build --build-base /home/said/Desktop/sobat/ROS2WorkSpace/build/torpido_gorev/build install --record /home/said/Desktop/sobat/ROS2WorkSpace/build/torpido_gorev/install.log --install-scripts $base/lib/torpido_gorev --single-version-externally-managed
