running egg_info
creating ../../build/halka_gorev/halka_gorev.egg-info
writing ../../build/halka_gorev/halka_gorev.egg-info/PKG-INFO
writing dependency_links to ../../build/halka_gorev/halka_gorev.egg-info/dependency_links.txt
writing entry points to ../../build/halka_gorev/halka_gorev.egg-info/entry_points.txt
writing requirements to ../../build/halka_gorev/halka_gorev.egg-info/requires.txt
writing top-level names to ../../build/halka_gorev/halka_gorev.egg-info/top_level.txt
writing manifest file '../../build/halka_gorev/halka_gorev.egg-info/SOURCES.txt'
reading manifest file '../../build/halka_gorev/halka_gorev.egg-info/SOURCES.txt'
writing manifest file '../../build/halka_gorev/halka_gorev.egg-info/SOURCES.txt'
running build
running build_py
creating /home/said/Desktop/sobat/ROS2WorkSpace/build/halka_gorev/build
creating /home/said/Desktop/sobat/ROS2WorkSpace/build/halka_gorev/build/lib
creating /home/said/Desktop/sobat/ROS2WorkSpace/build/halka_gorev/build/lib/halka_gorev
copying halka_gorev/__init__.py -> /home/said/Desktop/sobat/ROS2WorkSpace/build/halka_gorev/build/lib/halka_gorev
running install
running install_lib
creating /home/said/Desktop/sobat/ROS2WorkSpace/install/halka_gorev/lib/python3.10/site-packages/halka_gorev
copying /home/said/Desktop/sobat/ROS2WorkSpace/build/halka_gorev/build/lib/halka_gorev/__init__.py -> /home/said/Desktop/sobat/ROS2WorkSpace/install/halka_gorev/lib/python3.10/site-packages/halka_gorev
byte-compiling /home/said/Desktop/sobat/ROS2WorkSpace/install/halka_gorev/lib/python3.10/site-packages/halka_gorev/__init__.py to __init__.cpython-310.pyc
running install_data
creating /home/said/Desktop/sobat/ROS2WorkSpace/install/halka_gorev/share/ament_index
creating /home/said/Desktop/sobat/ROS2WorkSpace/install/halka_gorev/share/ament_index/resource_index
creating /home/said/Desktop/sobat/ROS2WorkSpace/install/halka_gorev/share/ament_index/resource_index/packages
copying resource/halka_gorev -> /home/said/Desktop/sobat/ROS2WorkSpace/install/halka_gorev/share/ament_index/resource_index/packages
copying package.xml -> /home/said/Desktop/sobat/ROS2WorkSpace/install/halka_gorev/share/halka_gorev
running install_egg_info
Copying ../../build/halka_gorev/halka_gorev.egg-info to /home/said/Desktop/sobat/ROS2WorkSpace/install/halka_gorev/lib/python3.10/site-packages/halka_gorev-0.0.0-py3.10.egg-info
running install_scripts
writing list of installed files to '/home/said/Desktop/sobat/ROS2WorkSpace/build/halka_gorev/install.log'
