[1.242s] Invoking command in '/home/said/Desktop/sobat/ROS2WorkSpace/src/halka_gorev': PYTHONPATH=/home/said/Desktop/sobat/ROS2WorkSpace/build/halka_gorev/prefix_override:/home/said/Desktop/sobat/ROS2WorkSpace/install/halka_gorev/lib/python3.10/site-packages:${PYTHONPATH} /usr/bin/python3 setup.py egg_info --egg-base ../../build/halka_gorev build --build-base /home/said/Desktop/sobat/ROS2WorkSpace/build/halka_gorev/build install --record /home/said/Desktop/sobat/ROS2WorkSpace/build/halka_gorev/install.log --single-version-externally-managed
[1.442s] running egg_info
[1.443s] creating ../../build/halka_gorev/halka_gorev.egg-info
[1.443s] writing ../../build/halka_gorev/halka_gorev.egg-info/PKG-INFO
[1.444s] writing dependency_links to ../../build/halka_gorev/halka_gorev.egg-info/dependency_links.txt
[1.444s] writing entry points to ../../build/halka_gorev/halka_gorev.egg-info/entry_points.txt
[1.444s] writing requirements to ../../build/halka_gorev/halka_gorev.egg-info/requires.txt
[1.444s] writing top-level names to ../../build/halka_gorev/halka_gorev.egg-info/top_level.txt
[1.445s] writing manifest file '../../build/halka_gorev/halka_gorev.egg-info/SOURCES.txt'
[1.446s] reading manifest file '../../build/halka_gorev/halka_gorev.egg-info/SOURCES.txt'
[1.447s] writing manifest file '../../build/halka_gorev/halka_gorev.egg-info/SOURCES.txt'
[1.447s] running build
[1.447s] running build_py
[1.447s] creating /home/said/Desktop/sobat/ROS2WorkSpace/build/halka_gorev/build
[1.448s] creating /home/said/Desktop/sobat/ROS2WorkSpace/build/halka_gorev/build/lib
[1.448s] creating /home/said/Desktop/sobat/ROS2WorkSpace/build/halka_gorev/build/lib/halka_gorev
[1.448s] copying halka_gorev/__init__.py -> /home/said/Desktop/sobat/ROS2WorkSpace/build/halka_gorev/build/lib/halka_gorev
[1.448s] running install
[1.448s] running install_lib
[1.449s] creating /home/said/Desktop/sobat/ROS2WorkSpace/install/halka_gorev/lib/python3.10/site-packages/halka_gorev
[1.449s] copying /home/said/Desktop/sobat/ROS2WorkSpace/build/halka_gorev/build/lib/halka_gorev/__init__.py -> /home/said/Desktop/sobat/ROS2WorkSpace/install/halka_gorev/lib/python3.10/site-packages/halka_gorev
[1.449s] byte-compiling /home/said/Desktop/sobat/ROS2WorkSpace/install/halka_gorev/lib/python3.10/site-packages/halka_gorev/__init__.py to __init__.cpython-310.pyc
[1.450s] running install_data
[1.450s] creating /home/said/Desktop/sobat/ROS2WorkSpace/install/halka_gorev/share/ament_index
[1.450s] creating /home/said/Desktop/sobat/ROS2WorkSpace/install/halka_gorev/share/ament_index/resource_index
[1.450s] creating /home/said/Desktop/sobat/ROS2WorkSpace/install/halka_gorev/share/ament_index/resource_index/packages
[1.450s] copying resource/halka_gorev -> /home/said/Desktop/sobat/ROS2WorkSpace/install/halka_gorev/share/ament_index/resource_index/packages
[1.451s] copying package.xml -> /home/said/Desktop/sobat/ROS2WorkSpace/install/halka_gorev/share/halka_gorev
[1.451s] running install_egg_info
[1.452s] Copying ../../build/halka_gorev/halka_gorev.egg-info to /home/said/Desktop/sobat/ROS2WorkSpace/install/halka_gorev/lib/python3.10/site-packages/halka_gorev-0.0.0-py3.10.egg-info
[1.453s] running install_scripts
[1.469s] writing list of installed files to '/home/said/Desktop/sobat/ROS2WorkSpace/build/halka_gorev/install.log'
[1.576s] Invoked command in '/home/said/Desktop/sobat/ROS2WorkSpace/src/halka_gorev' returned '0': PYTHONPATH=/home/said/Desktop/sobat/ROS2WorkSpace/build/halka_gorev/prefix_override:/home/said/Desktop/sobat/ROS2WorkSpace/install/halka_gorev/lib/python3.10/site-packages:${PYTHONPATH} /usr/bin/python3 setup.py egg_info --egg-base ../../build/halka_gorev build --build-base /home/said/Desktop/sobat/ROS2WorkSpace/build/halka_gorev/build install --record /home/said/Desktop/sobat/ROS2WorkSpace/build/halka_gorev/install.log --single-version-externally-managed
