[3.931s] DEBUG:colcon:Command line arguments: ['/usr/bin/colcon', 'build']
[3.931s] DEBUG:colcon:Parsed command line arguments: Namespace(allow_overriding=[], ament_cmake_args=None, base_paths=['.'], build_base='build', catkin_cmake_args=None, catkin_skip_building_tests=False, cmake_args=None, cmake_clean_cache=False, cmake_clean_first=False, cmake_force_configure=False, cmake_target=None, cmake_target_skip_unavailable=False, continue_on_error=False, event_handlers=None, executor='parallel', ignore_user_meta=False, install_base='install', log_base=None, log_level=None, main=<bound method BuildVerb.main of <colcon_core.verb.build.BuildVerb object at 0x7f0cdb8b2580>>, merge_install=False, metas=['./colcon.meta'], packages_above=None, packages_above_and_dependencies=None, packages_above_depth=None, packages_end=None, packages_ignore=None, packages_ignore_regex=None, packages_select=None, packages_select_build_failed=False, packages_select_by_dep=None, packages_select_regex=None, packages_select_test_failures=False, packages_skip=None, packages_skip_build_finished=False, packages_skip_by_dep=None, packages_skip_regex=None, packages_skip_test_passed=False, packages_skip_up_to=None, packages_start=None, packages_up_to=None, packages_up_to_regex=None, parallel_workers=8, paths=None, symlink_install=False, test_result_base=None, verb_extension=<colcon_core.verb.build.BuildVerb object at 0x7f0cdb8b2580>, verb_name='build', verb_parser=<colcon_defaults.argument_parser.defaults.DefaultArgumentsDecorator object at 0x7f0cdb8b2e20>)
[4.090s] Level 1:colcon.colcon_core.package_discovery:discover_packages(colcon_meta) check parameters
[4.090s] Level 1:colcon.colcon_core.package_discovery:discover_packages(recursive) check parameters
[4.090s] Level 1:colcon.colcon_core.package_discovery:discover_packages(ignore) check parameters
[4.090s] Level 1:colcon.colcon_core.package_discovery:discover_packages(path) check parameters
[4.090s] Level 1:colcon.colcon_core.package_discovery:discover_packages(colcon_meta) discover
[4.090s] Level 1:colcon.colcon_core.package_discovery:discover_packages(recursive) discover
[4.090s] INFO:colcon.colcon_core.package_discovery:Crawling recursively for packages in '/home/said/Desktop/sobat/ROS2WorkSpace'
[4.090s] Level 1:colcon.colcon_core.package_identification:_identify(.) by extensions ['ignore', 'ignore_ament_install']
[4.090s] Level 1:colcon.colcon_core.package_identification:_identify(.) by extension 'ignore'
[4.091s] Level 1:colcon.colcon_core.package_identification:_identify(.) by extension 'ignore_ament_install'
[4.091s] Level 1:colcon.colcon_core.package_identification:_identify(.) by extensions ['colcon_pkg']
[4.091s] Level 1:colcon.colcon_core.package_identification:_identify(.) by extension 'colcon_pkg'
[4.091s] Level 1:colcon.colcon_core.package_identification:_identify(.) by extensions ['colcon_meta']
[4.091s] Level 1:colcon.colcon_core.package_identification:_identify(.) by extension 'colcon_meta'
[4.091s] Level 1:colcon.colcon_core.package_identification:_identify(.) by extensions ['ros']
[4.091s] Level 1:colcon.colcon_core.package_identification:_identify(.) by extension 'ros'
[4.099s] Level 1:colcon.colcon_core.package_identification:_identify(.) by extensions ['cmake', 'python']
[4.099s] Level 1:colcon.colcon_core.package_identification:_identify(.) by extension 'cmake'
[4.099s] Level 1:colcon.colcon_core.package_identification:_identify(.) by extension 'python'
[4.099s] Level 1:colcon.colcon_core.package_identification:_identify(.) by extensions ['python_setup_py']
[4.099s] Level 1:colcon.colcon_core.package_identification:_identify(.) by extension 'python_setup_py'
[4.099s] Level 1:colcon.colcon_core.package_identification:_identify(build) by extensions ['ignore', 'ignore_ament_install']
[4.099s] Level 1:colcon.colcon_core.package_identification:_identify(build) by extension 'ignore'
[4.099s] Level 1:colcon.colcon_core.package_identification:_identify(build) ignored
[4.099s] Level 1:colcon.colcon_core.package_identification:_identify(install) by extensions ['ignore', 'ignore_ament_install']
[4.099s] Level 1:colcon.colcon_core.package_identification:_identify(install) by extension 'ignore'
[4.099s] Level 1:colcon.colcon_core.package_identification:_identify(install) ignored
[4.099s] Level 1:colcon.colcon_core.package_identification:_identify(log) by extensions ['ignore', 'ignore_ament_install']
[4.099s] Level 1:colcon.colcon_core.package_identification:_identify(log) by extension 'ignore'
[4.099s] Level 1:colcon.colcon_core.package_identification:_identify(log) ignored
[4.099s] Level 1:colcon.colcon_core.package_identification:_identify(src) by extensions ['ignore', 'ignore_ament_install']
[4.099s] Level 1:colcon.colcon_core.package_identification:_identify(src) by extension 'ignore'
[4.099s] Level 1:colcon.colcon_core.package_identification:_identify(src) by extension 'ignore_ament_install'
[4.099s] Level 1:colcon.colcon_core.package_identification:_identify(src) by extensions ['colcon_pkg']
[4.100s] Level 1:colcon.colcon_core.package_identification:_identify(src) by extension 'colcon_pkg'
[4.100s] Level 1:colcon.colcon_core.package_identification:_identify(src) by extensions ['colcon_meta']
[4.100s] Level 1:colcon.colcon_core.package_identification:_identify(src) by extension 'colcon_meta'
[4.100s] Level 1:colcon.colcon_core.package_identification:_identify(src) by extensions ['ros']
[4.100s] Level 1:colcon.colcon_core.package_identification:_identify(src) by extension 'ros'
[4.100s] Level 1:colcon.colcon_core.package_identification:_identify(src) by extensions ['cmake', 'python']
[4.100s] Level 1:colcon.colcon_core.package_identification:_identify(src) by extension 'cmake'
[4.100s] Level 1:colcon.colcon_core.package_identification:_identify(src) by extension 'python'
[4.100s] Level 1:colcon.colcon_core.package_identification:_identify(src) by extensions ['python_setup_py']
[4.100s] Level 1:colcon.colcon_core.package_identification:_identify(src) by extension 'python_setup_py'
[4.100s] Level 1:colcon.colcon_core.package_identification:_identify(src/halka_gorev) by extensions ['ignore', 'ignore_ament_install']
[4.100s] Level 1:colcon.colcon_core.package_identification:_identify(src/halka_gorev) by extension 'ignore'
[4.100s] Level 1:colcon.colcon_core.package_identification:_identify(src/halka_gorev) by extension 'ignore_ament_install'
[4.100s] Level 1:colcon.colcon_core.package_identification:_identify(src/halka_gorev) by extensions ['colcon_pkg']
[4.100s] Level 1:colcon.colcon_core.package_identification:_identify(src/halka_gorev) by extension 'colcon_pkg'
[4.100s] Level 1:colcon.colcon_core.package_identification:_identify(src/halka_gorev) by extensions ['colcon_meta']
[4.100s] Level 1:colcon.colcon_core.package_identification:_identify(src/halka_gorev) by extension 'colcon_meta'
[4.100s] Level 1:colcon.colcon_core.package_identification:_identify(src/halka_gorev) by extensions ['ros']
[4.100s] Level 1:colcon.colcon_core.package_identification:_identify(src/halka_gorev) by extension 'ros'
[4.102s] DEBUG:colcon.colcon_core.package_identification:Package 'src/halka_gorev' with type 'ros.ament_python' and name 'halka_gorev'
[4.102s] Level 1:colcon.colcon_core.package_identification:_identify(src/kablo_gorev) by extensions ['ignore', 'ignore_ament_install']
[4.102s] Level 1:colcon.colcon_core.package_identification:_identify(src/kablo_gorev) by extension 'ignore'
[4.102s] Level 1:colcon.colcon_core.package_identification:_identify(src/kablo_gorev) by extension 'ignore_ament_install'
[4.102s] Level 1:colcon.colcon_core.package_identification:_identify(src/kablo_gorev) by extensions ['colcon_pkg']
[4.102s] Level 1:colcon.colcon_core.package_identification:_identify(src/kablo_gorev) by extension 'colcon_pkg'
[4.102s] Level 1:colcon.colcon_core.package_identification:_identify(src/kablo_gorev) by extensions ['colcon_meta']
[4.102s] Level 1:colcon.colcon_core.package_identification:_identify(src/kablo_gorev) by extension 'colcon_meta'
[4.102s] Level 1:colcon.colcon_core.package_identification:_identify(src/kablo_gorev) by extensions ['ros']
[4.102s] Level 1:colcon.colcon_core.package_identification:_identify(src/kablo_gorev) by extension 'ros'
[4.103s] DEBUG:colcon.colcon_core.package_identification:Package 'src/kablo_gorev' with type 'ros.ament_python' and name 'kablo_gorev'
[4.103s] Level 1:colcon.colcon_core.package_identification:_identify(src/motor_kontrol) by extensions ['ignore', 'ignore_ament_install']
[4.103s] Level 1:colcon.colcon_core.package_identification:_identify(src/motor_kontrol) by extension 'ignore'
[4.103s] Level 1:colcon.colcon_core.package_identification:_identify(src/motor_kontrol) by extension 'ignore_ament_install'
[4.103s] Level 1:colcon.colcon_core.package_identification:_identify(src/motor_kontrol) by extensions ['colcon_pkg']
[4.103s] Level 1:colcon.colcon_core.package_identification:_identify(src/motor_kontrol) by extension 'colcon_pkg'
[4.103s] Level 1:colcon.colcon_core.package_identification:_identify(src/motor_kontrol) by extensions ['colcon_meta']
[4.103s] Level 1:colcon.colcon_core.package_identification:_identify(src/motor_kontrol) by extension 'colcon_meta'
[4.103s] Level 1:colcon.colcon_core.package_identification:_identify(src/motor_kontrol) by extensions ['ros']
[4.103s] Level 1:colcon.colcon_core.package_identification:_identify(src/motor_kontrol) by extension 'ros'
[4.104s] DEBUG:colcon.colcon_core.package_identification:Package 'src/motor_kontrol' with type 'ros.ament_python' and name 'motor_kontrol'
[4.104s] Level 1:colcon.colcon_core.package_identification:_identify(src/sobat_interfaces) by extensions ['ignore', 'ignore_ament_install']
[4.104s] Level 1:colcon.colcon_core.package_identification:_identify(src/sobat_interfaces) by extension 'ignore'
[4.104s] Level 1:colcon.colcon_core.package_identification:_identify(src/sobat_interfaces) by extension 'ignore_ament_install'
[4.104s] Level 1:colcon.colcon_core.package_identification:_identify(src/sobat_interfaces) by extensions ['colcon_pkg']
[4.104s] Level 1:colcon.colcon_core.package_identification:_identify(src/sobat_interfaces) by extension 'colcon_pkg'
[4.104s] Level 1:colcon.colcon_core.package_identification:_identify(src/sobat_interfaces) by extensions ['colcon_meta']
[4.104s] Level 1:colcon.colcon_core.package_identification:_identify(src/sobat_interfaces) by extension 'colcon_meta'
[4.104s] Level 1:colcon.colcon_core.package_identification:_identify(src/sobat_interfaces) by extensions ['ros']
[4.104s] Level 1:colcon.colcon_core.package_identification:_identify(src/sobat_interfaces) by extension 'ros'
[4.104s] DEBUG:colcon.colcon_core.package_identification:Package 'src/sobat_interfaces' with type 'ros.ament_cmake' and name 'sobat_interfaces'
[4.104s] Level 1:colcon.colcon_core.package_identification:_identify(src/torpido_gorev) by extensions ['ignore', 'ignore_ament_install']
[4.104s] Level 1:colcon.colcon_core.package_identification:_identify(src/torpido_gorev) by extension 'ignore'
[4.104s] Level 1:colcon.colcon_core.package_identification:_identify(src/torpido_gorev) by extension 'ignore_ament_install'
[4.104s] Level 1:colcon.colcon_core.package_identification:_identify(src/torpido_gorev) by extensions ['colcon_pkg']
[4.105s] Level 1:colcon.colcon_core.package_identification:_identify(src/torpido_gorev) by extension 'colcon_pkg'
[4.105s] Level 1:colcon.colcon_core.package_identification:_identify(src/torpido_gorev) by extensions ['colcon_meta']
[4.105s] Level 1:colcon.colcon_core.package_identification:_identify(src/torpido_gorev) by extension 'colcon_meta'
[4.105s] Level 1:colcon.colcon_core.package_identification:_identify(src/torpido_gorev) by extensions ['ros']
[4.105s] Level 1:colcon.colcon_core.package_identification:_identify(src/torpido_gorev) by extension 'ros'
[4.105s] DEBUG:colcon.colcon_core.package_identification:Package 'src/torpido_gorev' with type 'ros.ament_python' and name 'torpido_gorev'
[4.105s] Level 1:colcon.colcon_core.package_discovery:discover_packages(recursive) using defaults
[4.105s] Level 1:colcon.colcon_core.package_discovery:discover_packages(ignore) discover
[4.105s] Level 1:colcon.colcon_core.package_discovery:discover_packages(ignore) using defaults
[4.105s] Level 1:colcon.colcon_core.package_discovery:discover_packages(path) discover
[4.105s] Level 1:colcon.colcon_core.package_discovery:discover_packages(path) using defaults
[4.471s] Level 1:colcon.colcon_core.package_discovery:discover_packages(prefix_path) check parameters
[4.471s] Level 1:colcon.colcon_core.package_discovery:discover_packages(prefix_path) discover
[4.611s] DEBUG:colcon.colcon_installed_package_information.package_discovery:Found 335 installed packages in /opt/ros/foxy
[4.612s] Level 1:colcon.colcon_core.package_discovery:discover_packages(prefix_path) using defaults
[4.819s] Level 5:colcon.colcon_core.verb:set package 'sobat_interfaces' build argument 'cmake_args' from command line to 'None'
[4.819s] Level 5:colcon.colcon_core.verb:set package 'sobat_interfaces' build argument 'cmake_target' from command line to 'None'
[4.819s] Level 5:colcon.colcon_core.verb:set package 'sobat_interfaces' build argument 'cmake_target_skip_unavailable' from command line to 'False'
[4.819s] Level 5:colcon.colcon_core.verb:set package 'sobat_interfaces' build argument 'cmake_clean_cache' from command line to 'False'
[4.819s] Level 5:colcon.colcon_core.verb:set package 'sobat_interfaces' build argument 'cmake_clean_first' from command line to 'False'
[4.819s] Level 5:colcon.colcon_core.verb:set package 'sobat_interfaces' build argument 'cmake_force_configure' from command line to 'False'
[4.819s] Level 5:colcon.colcon_core.verb:set package 'sobat_interfaces' build argument 'ament_cmake_args' from command line to 'None'
[4.819s] Level 5:colcon.colcon_core.verb:set package 'sobat_interfaces' build argument 'catkin_cmake_args' from command line to 'None'
[4.819s] Level 5:colcon.colcon_core.verb:set package 'sobat_interfaces' build argument 'catkin_skip_building_tests' from command line to 'False'
[4.819s] DEBUG:colcon.colcon_core.verb:Building package 'sobat_interfaces' with the following arguments: {'ament_cmake_args': None, 'build_base': '/home/said/Desktop/sobat/ROS2WorkSpace/build/sobat_interfaces', 'catkin_cmake_args': None, 'catkin_skip_building_tests': False, 'cmake_args': None, 'cmake_clean_cache': False, 'cmake_clean_first': False, 'cmake_force_configure': False, 'cmake_target': None, 'cmake_target_skip_unavailable': False, 'install_base': '/home/said/Desktop/sobat/ROS2WorkSpace/install/sobat_interfaces', 'merge_install': False, 'path': '/home/said/Desktop/sobat/ROS2WorkSpace/src/sobat_interfaces', 'symlink_install': False, 'test_result_base': None}
[4.889s] Level 5:colcon.colcon_core.verb:set package 'motor_kontrol' build argument 'cmake_args' from command line to 'None'
[4.889s] Level 5:colcon.colcon_core.verb:set package 'motor_kontrol' build argument 'cmake_target' from command line to 'None'
[4.889s] Level 5:colcon.colcon_core.verb:set package 'motor_kontrol' build argument 'cmake_target_skip_unavailable' from command line to 'False'
[4.889s] Level 5:colcon.colcon_core.verb:set package 'motor_kontrol' build argument 'cmake_clean_cache' from command line to 'False'
[4.889s] Level 5:colcon.colcon_core.verb:set package 'motor_kontrol' build argument 'cmake_clean_first' from command line to 'False'
[4.889s] Level 5:colcon.colcon_core.verb:set package 'motor_kontrol' build argument 'cmake_force_configure' from command line to 'False'
[4.889s] Level 5:colcon.colcon_core.verb:set package 'motor_kontrol' build argument 'ament_cmake_args' from command line to 'None'
[4.889s] Level 5:colcon.colcon_core.verb:set package 'motor_kontrol' build argument 'catkin_cmake_args' from command line to 'None'
[4.889s] Level 5:colcon.colcon_core.verb:set package 'motor_kontrol' build argument 'catkin_skip_building_tests' from command line to 'False'
[4.889s] DEBUG:colcon.colcon_core.verb:Building package 'motor_kontrol' with the following arguments: {'ament_cmake_args': None, 'build_base': '/home/said/Desktop/sobat/ROS2WorkSpace/build/motor_kontrol', 'catkin_cmake_args': None, 'catkin_skip_building_tests': False, 'cmake_args': None, 'cmake_clean_cache': False, 'cmake_clean_first': False, 'cmake_force_configure': False, 'cmake_target': None, 'cmake_target_skip_unavailable': False, 'install_base': '/home/said/Desktop/sobat/ROS2WorkSpace/install/motor_kontrol', 'merge_install': False, 'path': '/home/said/Desktop/sobat/ROS2WorkSpace/src/motor_kontrol', 'symlink_install': False, 'test_result_base': None}
[4.959s] Level 5:colcon.colcon_core.verb:set package 'halka_gorev' build argument 'cmake_args' from command line to 'None'
[4.960s] Level 5:colcon.colcon_core.verb:set package 'halka_gorev' build argument 'cmake_target' from command line to 'None'
[4.960s] Level 5:colcon.colcon_core.verb:set package 'halka_gorev' build argument 'cmake_target_skip_unavailable' from command line to 'False'
[4.960s] Level 5:colcon.colcon_core.verb:set package 'halka_gorev' build argument 'cmake_clean_cache' from command line to 'False'
[4.960s] Level 5:colcon.colcon_core.verb:set package 'halka_gorev' build argument 'cmake_clean_first' from command line to 'False'
[4.960s] Level 5:colcon.colcon_core.verb:set package 'halka_gorev' build argument 'cmake_force_configure' from command line to 'False'
[4.960s] Level 5:colcon.colcon_core.verb:set package 'halka_gorev' build argument 'ament_cmake_args' from command line to 'None'
[4.960s] Level 5:colcon.colcon_core.verb:set package 'halka_gorev' build argument 'catkin_cmake_args' from command line to 'None'
[4.960s] Level 5:colcon.colcon_core.verb:set package 'halka_gorev' build argument 'catkin_skip_building_tests' from command line to 'False'
[4.960s] DEBUG:colcon.colcon_core.verb:Building package 'halka_gorev' with the following arguments: {'ament_cmake_args': None, 'build_base': '/home/said/Desktop/sobat/ROS2WorkSpace/build/halka_gorev', 'catkin_cmake_args': None, 'catkin_skip_building_tests': False, 'cmake_args': None, 'cmake_clean_cache': False, 'cmake_clean_first': False, 'cmake_force_configure': False, 'cmake_target': None, 'cmake_target_skip_unavailable': False, 'install_base': '/home/said/Desktop/sobat/ROS2WorkSpace/install/halka_gorev', 'merge_install': False, 'path': '/home/said/Desktop/sobat/ROS2WorkSpace/src/halka_gorev', 'symlink_install': False, 'test_result_base': None}
[5.031s] Level 5:colcon.colcon_core.verb:set package 'kablo_gorev' build argument 'cmake_args' from command line to 'None'
[5.031s] Level 5:colcon.colcon_core.verb:set package 'kablo_gorev' build argument 'cmake_target' from command line to 'None'
[5.031s] Level 5:colcon.colcon_core.verb:set package 'kablo_gorev' build argument 'cmake_target_skip_unavailable' from command line to 'False'
[5.031s] Level 5:colcon.colcon_core.verb:set package 'kablo_gorev' build argument 'cmake_clean_cache' from command line to 'False'
[5.031s] Level 5:colcon.colcon_core.verb:set package 'kablo_gorev' build argument 'cmake_clean_first' from command line to 'False'
[5.031s] Level 5:colcon.colcon_core.verb:set package 'kablo_gorev' build argument 'cmake_force_configure' from command line to 'False'
[5.031s] Level 5:colcon.colcon_core.verb:set package 'kablo_gorev' build argument 'ament_cmake_args' from command line to 'None'
[5.031s] Level 5:colcon.colcon_core.verb:set package 'kablo_gorev' build argument 'catkin_cmake_args' from command line to 'None'
[5.031s] Level 5:colcon.colcon_core.verb:set package 'kablo_gorev' build argument 'catkin_skip_building_tests' from command line to 'False'
[5.031s] DEBUG:colcon.colcon_core.verb:Building package 'kablo_gorev' with the following arguments: {'ament_cmake_args': None, 'build_base': '/home/said/Desktop/sobat/ROS2WorkSpace/build/kablo_gorev', 'catkin_cmake_args': None, 'catkin_skip_building_tests': False, 'cmake_args': None, 'cmake_clean_cache': False, 'cmake_clean_first': False, 'cmake_force_configure': False, 'cmake_target': None, 'cmake_target_skip_unavailable': False, 'install_base': '/home/said/Desktop/sobat/ROS2WorkSpace/install/kablo_gorev', 'merge_install': False, 'path': '/home/said/Desktop/sobat/ROS2WorkSpace/src/kablo_gorev', 'symlink_install': False, 'test_result_base': None}
[5.101s] Level 5:colcon.colcon_core.verb:set package 'torpido_gorev' build argument 'cmake_args' from command line to 'None'
[5.101s] Level 5:colcon.colcon_core.verb:set package 'torpido_gorev' build argument 'cmake_target' from command line to 'None'
[5.101s] Level 5:colcon.colcon_core.verb:set package 'torpido_gorev' build argument 'cmake_target_skip_unavailable' from command line to 'False'
[5.101s] Level 5:colcon.colcon_core.verb:set package 'torpido_gorev' build argument 'cmake_clean_cache' from command line to 'False'
[5.101s] Level 5:colcon.colcon_core.verb:set package 'torpido_gorev' build argument 'cmake_clean_first' from command line to 'False'
[5.101s] Level 5:colcon.colcon_core.verb:set package 'torpido_gorev' build argument 'cmake_force_configure' from command line to 'False'
[5.101s] Level 5:colcon.colcon_core.verb:set package 'torpido_gorev' build argument 'ament_cmake_args' from command line to 'None'
[5.101s] Level 5:colcon.colcon_core.verb:set package 'torpido_gorev' build argument 'catkin_cmake_args' from command line to 'None'
[5.101s] Level 5:colcon.colcon_core.verb:set package 'torpido_gorev' build argument 'catkin_skip_building_tests' from command line to 'False'
[5.101s] DEBUG:colcon.colcon_core.verb:Building package 'torpido_gorev' with the following arguments: {'ament_cmake_args': None, 'build_base': '/home/said/Desktop/sobat/ROS2WorkSpace/build/torpido_gorev', 'catkin_cmake_args': None, 'catkin_skip_building_tests': False, 'cmake_args': None, 'cmake_clean_cache': False, 'cmake_clean_first': False, 'cmake_force_configure': False, 'cmake_target': None, 'cmake_target_skip_unavailable': False, 'install_base': '/home/said/Desktop/sobat/ROS2WorkSpace/install/torpido_gorev', 'merge_install': False, 'path': '/home/said/Desktop/sobat/ROS2WorkSpace/src/torpido_gorev', 'symlink_install': False, 'test_result_base': None}
[5.172s] INFO:colcon.colcon_core.executor:Executing jobs using 'parallel' executor
[5.244s] DEBUG:colcon.colcon_parallel_executor.executor.parallel:run_until_complete
[5.244s] INFO:colcon.colcon_ros.task.ament_cmake.build:Building ROS package in '/home/said/Desktop/sobat/ROS2WorkSpace/src/sobat_interfaces' with build type 'ament_cmake'
[5.244s] INFO:colcon.colcon_cmake.task.cmake.build:Building CMake package in '/home/said/Desktop/sobat/ROS2WorkSpace/src/sobat_interfaces'
[5.317s] INFO:colcon.colcon_core.plugin_system:Skipping extension 'colcon_core.shell.bat': Not used on non-Windows systems
[5.317s] INFO:colcon.colcon_core.shell:Skip shell extension 'powershell' for command environment: Not usable outside of PowerShell
[5.317s] DEBUG:colcon.colcon_core.shell:Skip shell extension 'dsv' for command environment
[5.471s] DEBUG:colcon.colcon_core.event_handler.log_command:Invoking command in '/home/said/Desktop/sobat/ROS2WorkSpace/build/sobat_interfaces': CMAKE_PREFIX_PATH=/opt/ros/foxy /usr/bin/cmake --build /home/said/Desktop/sobat/ROS2WorkSpace/build/sobat_interfaces -- -j8 -l8
[5.614s] DEBUG:colcon.colcon_core.event_handler.log_command:Invoked command in '/home/said/Desktop/sobat/ROS2WorkSpace/build/sobat_interfaces' returned '0': CMAKE_PREFIX_PATH=/opt/ros/foxy /usr/bin/cmake --build /home/said/Desktop/sobat/ROS2WorkSpace/build/sobat_interfaces -- -j8 -l8
[5.658s] DEBUG:colcon.colcon_core.event_handler.log_command:Invoking command in '/home/said/Desktop/sobat/ROS2WorkSpace/build/sobat_interfaces': CMAKE_PREFIX_PATH=/opt/ros/foxy /usr/bin/cmake --install /home/said/Desktop/sobat/ROS2WorkSpace/build/sobat_interfaces
[5.711s] Level 1:colcon.colcon_core.environment:create_environment_scripts_only(sobat_interfaces)
[5.711s] DEBUG:colcon.colcon_core.event_handler.log_command:Invoked command in '/home/said/Desktop/sobat/ROS2WorkSpace/build/sobat_interfaces' returned '0': CMAKE_PREFIX_PATH=/opt/ros/foxy /usr/bin/cmake --install /home/said/Desktop/sobat/ROS2WorkSpace/build/sobat_interfaces
[5.787s] Level 1:colcon.colcon_core.environment:checking '/home/said/Desktop/sobat/ROS2WorkSpace/install/sobat_interfaces' for CMake module files
[5.787s] Level 1:colcon.colcon_core.environment:checking '/home/said/Desktop/sobat/ROS2WorkSpace/install/sobat_interfaces' for CMake config files
[5.787s] Level 1:colcon.colcon_core.shell:create_environment_hook('sobat_interfaces', 'cmake_prefix_path')
[5.859s] INFO:colcon.colcon_core.shell:Creating environment hook '/home/said/Desktop/sobat/ROS2WorkSpace/install/sobat_interfaces/share/sobat_interfaces/hook/cmake_prefix_path.ps1'
[5.860s] INFO:colcon.colcon_core.shell:Creating environment descriptor '/home/said/Desktop/sobat/ROS2WorkSpace/install/sobat_interfaces/share/sobat_interfaces/hook/cmake_prefix_path.dsv'
[5.860s] INFO:colcon.colcon_core.shell:Creating environment hook '/home/said/Desktop/sobat/ROS2WorkSpace/install/sobat_interfaces/share/sobat_interfaces/hook/cmake_prefix_path.sh'
[5.861s] Level 1:colcon.colcon_core.environment:checking '/home/said/Desktop/sobat/ROS2WorkSpace/install/sobat_interfaces/lib'
[5.861s] Level 1:colcon.colcon_core.shell:create_environment_hook('sobat_interfaces', 'ld_library_path_lib')
[5.933s] INFO:colcon.colcon_core.shell:Creating environment hook '/home/said/Desktop/sobat/ROS2WorkSpace/install/sobat_interfaces/share/sobat_interfaces/hook/ld_library_path_lib.ps1'
[5.934s] INFO:colcon.colcon_core.shell:Creating environment descriptor '/home/said/Desktop/sobat/ROS2WorkSpace/install/sobat_interfaces/share/sobat_interfaces/hook/ld_library_path_lib.dsv'
[5.934s] INFO:colcon.colcon_core.shell:Creating environment hook '/home/said/Desktop/sobat/ROS2WorkSpace/install/sobat_interfaces/share/sobat_interfaces/hook/ld_library_path_lib.sh'
[5.934s] Level 1:colcon.colcon_core.environment:checking '/home/said/Desktop/sobat/ROS2WorkSpace/install/sobat_interfaces/bin'
[5.934s] Level 1:colcon.colcon_core.environment:checking '/home/said/Desktop/sobat/ROS2WorkSpace/install/sobat_interfaces/lib/pkgconfig/sobat_interfaces.pc'
[5.934s] Level 1:colcon.colcon_core.environment:checking '/home/said/Desktop/sobat/ROS2WorkSpace/install/sobat_interfaces/lib/python3.8/site-packages'
[5.934s] Level 1:colcon.colcon_core.shell:create_environment_hook('sobat_interfaces', 'pythonpath')
[6.007s] INFO:colcon.colcon_core.shell:Creating environment hook '/home/said/Desktop/sobat/ROS2WorkSpace/install/sobat_interfaces/share/sobat_interfaces/hook/pythonpath.ps1'
[6.008s] INFO:colcon.colcon_core.shell:Creating environment descriptor '/home/said/Desktop/sobat/ROS2WorkSpace/install/sobat_interfaces/share/sobat_interfaces/hook/pythonpath.dsv'
[6.008s] INFO:colcon.colcon_core.shell:Creating environment hook '/home/said/Desktop/sobat/ROS2WorkSpace/install/sobat_interfaces/share/sobat_interfaces/hook/pythonpath.sh'
[6.008s] Level 1:colcon.colcon_core.environment:checking '/home/said/Desktop/sobat/ROS2WorkSpace/install/sobat_interfaces/bin'
[6.081s] INFO:colcon.colcon_core.shell:Creating package script '/home/said/Desktop/sobat/ROS2WorkSpace/install/sobat_interfaces/share/sobat_interfaces/package.ps1'
[6.082s] INFO:colcon.colcon_core.shell:Creating package descriptor '/home/said/Desktop/sobat/ROS2WorkSpace/install/sobat_interfaces/share/sobat_interfaces/package.dsv'
[6.082s] INFO:colcon.colcon_core.shell:Creating package script '/home/said/Desktop/sobat/ROS2WorkSpace/install/sobat_interfaces/share/sobat_interfaces/package.sh'
[6.083s] INFO:colcon.colcon_core.shell:Creating package script '/home/said/Desktop/sobat/ROS2WorkSpace/install/sobat_interfaces/share/sobat_interfaces/package.bash'
[6.083s] INFO:colcon.colcon_core.shell:Creating package script '/home/said/Desktop/sobat/ROS2WorkSpace/install/sobat_interfaces/share/sobat_interfaces/package.zsh'
[6.084s] Level 1:colcon.colcon_core.environment:create_file_with_runtime_dependencies(/home/said/Desktop/sobat/ROS2WorkSpace/install/sobat_interfaces/share/colcon-core/packages/sobat_interfaces)
[6.194s] Level 1:colcon.colcon_core.environment:create_environment_scripts_only(sobat_interfaces)
[6.267s] Level 1:colcon.colcon_core.environment:checking '/home/said/Desktop/sobat/ROS2WorkSpace/install/sobat_interfaces' for CMake module files
[6.267s] Level 1:colcon.colcon_core.environment:checking '/home/said/Desktop/sobat/ROS2WorkSpace/install/sobat_interfaces' for CMake config files
[6.267s] Level 1:colcon.colcon_core.shell:create_environment_hook('sobat_interfaces', 'cmake_prefix_path')
[6.340s] INFO:colcon.colcon_core.shell:Creating environment hook '/home/said/Desktop/sobat/ROS2WorkSpace/install/sobat_interfaces/share/sobat_interfaces/hook/cmake_prefix_path.ps1'
[6.340s] INFO:colcon.colcon_core.shell:Creating environment descriptor '/home/said/Desktop/sobat/ROS2WorkSpace/install/sobat_interfaces/share/sobat_interfaces/hook/cmake_prefix_path.dsv'
[6.341s] INFO:colcon.colcon_core.shell:Creating environment hook '/home/said/Desktop/sobat/ROS2WorkSpace/install/sobat_interfaces/share/sobat_interfaces/hook/cmake_prefix_path.sh'
[6.341s] Level 1:colcon.colcon_core.environment:checking '/home/said/Desktop/sobat/ROS2WorkSpace/install/sobat_interfaces/lib'
[6.341s] Level 1:colcon.colcon_core.shell:create_environment_hook('sobat_interfaces', 'ld_library_path_lib')
[6.413s] INFO:colcon.colcon_core.shell:Creating environment hook '/home/said/Desktop/sobat/ROS2WorkSpace/install/sobat_interfaces/share/sobat_interfaces/hook/ld_library_path_lib.ps1'
[6.414s] INFO:colcon.colcon_core.shell:Creating environment descriptor '/home/said/Desktop/sobat/ROS2WorkSpace/install/sobat_interfaces/share/sobat_interfaces/hook/ld_library_path_lib.dsv'
[6.414s] INFO:colcon.colcon_core.shell:Creating environment hook '/home/said/Desktop/sobat/ROS2WorkSpace/install/sobat_interfaces/share/sobat_interfaces/hook/ld_library_path_lib.sh'
[6.414s] Level 1:colcon.colcon_core.environment:checking '/home/said/Desktop/sobat/ROS2WorkSpace/install/sobat_interfaces/bin'
[6.414s] Level 1:colcon.colcon_core.environment:checking '/home/said/Desktop/sobat/ROS2WorkSpace/install/sobat_interfaces/lib/pkgconfig/sobat_interfaces.pc'
[6.414s] Level 1:colcon.colcon_core.environment:checking '/home/said/Desktop/sobat/ROS2WorkSpace/install/sobat_interfaces/lib/python3.8/site-packages'
[6.415s] Level 1:colcon.colcon_core.shell:create_environment_hook('sobat_interfaces', 'pythonpath')
[6.488s] INFO:colcon.colcon_core.shell:Creating environment hook '/home/said/Desktop/sobat/ROS2WorkSpace/install/sobat_interfaces/share/sobat_interfaces/hook/pythonpath.ps1'
[6.488s] INFO:colcon.colcon_core.shell:Creating environment descriptor '/home/said/Desktop/sobat/ROS2WorkSpace/install/sobat_interfaces/share/sobat_interfaces/hook/pythonpath.dsv'
[6.488s] INFO:colcon.colcon_core.shell:Creating environment hook '/home/said/Desktop/sobat/ROS2WorkSpace/install/sobat_interfaces/share/sobat_interfaces/hook/pythonpath.sh'
[6.488s] Level 1:colcon.colcon_core.environment:checking '/home/said/Desktop/sobat/ROS2WorkSpace/install/sobat_interfaces/bin'
[6.561s] INFO:colcon.colcon_core.shell:Creating package script '/home/said/Desktop/sobat/ROS2WorkSpace/install/sobat_interfaces/share/sobat_interfaces/package.ps1'
[6.561s] INFO:colcon.colcon_core.shell:Creating package descriptor '/home/said/Desktop/sobat/ROS2WorkSpace/install/sobat_interfaces/share/sobat_interfaces/package.dsv'
[6.562s] INFO:colcon.colcon_core.shell:Creating package script '/home/said/Desktop/sobat/ROS2WorkSpace/install/sobat_interfaces/share/sobat_interfaces/package.sh'
[6.562s] INFO:colcon.colcon_core.shell:Creating package script '/home/said/Desktop/sobat/ROS2WorkSpace/install/sobat_interfaces/share/sobat_interfaces/package.bash'
[6.562s] INFO:colcon.colcon_core.shell:Creating package script '/home/said/Desktop/sobat/ROS2WorkSpace/install/sobat_interfaces/share/sobat_interfaces/package.zsh'
[6.562s] Level 1:colcon.colcon_core.environment:create_file_with_runtime_dependencies(/home/said/Desktop/sobat/ROS2WorkSpace/install/sobat_interfaces/share/colcon-core/packages/sobat_interfaces)
[6.563s] INFO:colcon.colcon_ros.task.ament_python.build:Building ROS package in '/home/said/Desktop/sobat/ROS2WorkSpace/src/motor_kontrol' with build type 'ament_python'
[6.563s] Level 1:colcon.colcon_core.shell:create_environment_hook('motor_kontrol', 'ament_prefix_path')
[6.641s] INFO:colcon.colcon_core.shell:Creating environment hook '/home/said/Desktop/sobat/ROS2WorkSpace/install/motor_kontrol/share/motor_kontrol/hook/ament_prefix_path.ps1'
[6.641s] INFO:colcon.colcon_core.shell:Creating environment descriptor '/home/said/Desktop/sobat/ROS2WorkSpace/install/motor_kontrol/share/motor_kontrol/hook/ament_prefix_path.dsv'
[6.641s] INFO:colcon.colcon_core.shell:Creating environment hook '/home/said/Desktop/sobat/ROS2WorkSpace/install/motor_kontrol/share/motor_kontrol/hook/ament_prefix_path.sh'
[6.719s] INFO:colcon.colcon_core.shell:Skip shell extension 'powershell' for command environment: Not usable outside of PowerShell
[6.719s] DEBUG:colcon.colcon_core.shell:Skip shell extension 'dsv' for command environment
[7.040s] INFO:colcon.colcon_core.task.python.build:Building Python package in '/home/said/Desktop/sobat/ROS2WorkSpace/src/motor_kontrol'
[7.115s] INFO:colcon.colcon_core.shell:Skip shell extension 'powershell' for command environment: Not usable outside of PowerShell
[7.115s] DEBUG:colcon.colcon_core.shell:Skip shell extension 'dsv' for command environment
[7.566s] DEBUG:colcon.colcon_core.event_handler.log_command:Invoking command in '/home/said/Desktop/sobat/ROS2WorkSpace/src/motor_kontrol': AMENT_PREFIX_PATH=/home/said/Desktop/sobat/ROS2WorkSpace/install/sobat_interfaces:${AMENT_PREFIX_PATH} CMAKE_PREFIX_PATH=/home/said/Desktop/sobat/ROS2WorkSpace/install/sobat_interfaces LD_LIBRARY_PATH=/home/said/Desktop/sobat/ROS2WorkSpace/install/sobat_interfaces/lib:${LD_LIBRARY_PATH} PYTHONPATH=/home/said/Desktop/sobat/ROS2WorkSpace/build/motor_kontrol/prefix_override:/home/said/Desktop/sobat/ROS2WorkSpace/install/motor_kontrol/lib/python3.8/site-packages:/home/said/Desktop/sobat/ROS2WorkSpace/install/sobat_interfaces/lib/python3.8/site-packages:${PYTHONPATH} /usr/bin/python3 setup.py egg_info --egg-base ../../build/motor_kontrol build --build-base /home/said/Desktop/sobat/ROS2WorkSpace/build/motor_kontrol/build install --record /home/said/Desktop/sobat/ROS2WorkSpace/build/motor_kontrol/install.log --install-scripts $base/lib/motor_kontrol --single-version-externally-managed
[7.802s] DEBUG:colcon.colcon_core.event_handler.log_command:Invoked command in '/home/said/Desktop/sobat/ROS2WorkSpace/src/motor_kontrol' returned '0': AMENT_PREFIX_PATH=/home/said/Desktop/sobat/ROS2WorkSpace/install/sobat_interfaces:${AMENT_PREFIX_PATH} CMAKE_PREFIX_PATH=/home/said/Desktop/sobat/ROS2WorkSpace/install/sobat_interfaces LD_LIBRARY_PATH=/home/said/Desktop/sobat/ROS2WorkSpace/install/sobat_interfaces/lib:${LD_LIBRARY_PATH} PYTHONPATH=/home/said/Desktop/sobat/ROS2WorkSpace/build/motor_kontrol/prefix_override:/home/said/Desktop/sobat/ROS2WorkSpace/install/motor_kontrol/lib/python3.8/site-packages:/home/said/Desktop/sobat/ROS2WorkSpace/install/sobat_interfaces/lib/python3.8/site-packages:${PYTHONPATH} /usr/bin/python3 setup.py egg_info --egg-base ../../build/motor_kontrol build --build-base /home/said/Desktop/sobat/ROS2WorkSpace/build/motor_kontrol/build install --record /home/said/Desktop/sobat/ROS2WorkSpace/build/motor_kontrol/install.log --install-scripts $base/lib/motor_kontrol --single-version-externally-managed
[7.878s] Level 1:colcon.colcon_core.environment:checking '/home/said/Desktop/sobat/ROS2WorkSpace/install/motor_kontrol' for CMake module files
[7.879s] Level 1:colcon.colcon_core.environment:checking '/home/said/Desktop/sobat/ROS2WorkSpace/install/motor_kontrol' for CMake config files
[7.879s] Level 1:colcon.colcon_core.environment:checking '/home/said/Desktop/sobat/ROS2WorkSpace/install/motor_kontrol/lib'
[7.879s] Level 1:colcon.colcon_core.environment:checking '/home/said/Desktop/sobat/ROS2WorkSpace/install/motor_kontrol/bin'
[7.879s] Level 1:colcon.colcon_core.environment:checking '/home/said/Desktop/sobat/ROS2WorkSpace/install/motor_kontrol/lib/pkgconfig/motor_kontrol.pc'
[7.879s] Level 1:colcon.colcon_core.environment:checking '/home/said/Desktop/sobat/ROS2WorkSpace/install/motor_kontrol/lib/python3.8/site-packages'
[7.879s] Level 1:colcon.colcon_core.shell:create_environment_hook('motor_kontrol', 'pythonpath')
[7.959s] INFO:colcon.colcon_core.shell:Creating environment hook '/home/said/Desktop/sobat/ROS2WorkSpace/install/motor_kontrol/share/motor_kontrol/hook/pythonpath.ps1'
[7.960s] INFO:colcon.colcon_core.shell:Creating environment descriptor '/home/said/Desktop/sobat/ROS2WorkSpace/install/motor_kontrol/share/motor_kontrol/hook/pythonpath.dsv'
[7.960s] INFO:colcon.colcon_core.shell:Creating environment hook '/home/said/Desktop/sobat/ROS2WorkSpace/install/motor_kontrol/share/motor_kontrol/hook/pythonpath.sh'
[7.961s] Level 1:colcon.colcon_core.environment:checking '/home/said/Desktop/sobat/ROS2WorkSpace/install/motor_kontrol/bin'
[7.961s] Level 1:colcon.colcon_core.environment:create_environment_scripts_only(motor_kontrol)
[8.055s] INFO:colcon.colcon_core.shell:Creating package script '/home/said/Desktop/sobat/ROS2WorkSpace/install/motor_kontrol/share/motor_kontrol/package.ps1'
[8.056s] INFO:colcon.colcon_core.shell:Creating package descriptor '/home/said/Desktop/sobat/ROS2WorkSpace/install/motor_kontrol/share/motor_kontrol/package.dsv'
[8.056s] INFO:colcon.colcon_core.shell:Creating package script '/home/said/Desktop/sobat/ROS2WorkSpace/install/motor_kontrol/share/motor_kontrol/package.sh'
[8.057s] INFO:colcon.colcon_core.shell:Creating package script '/home/said/Desktop/sobat/ROS2WorkSpace/install/motor_kontrol/share/motor_kontrol/package.bash'
[8.057s] INFO:colcon.colcon_core.shell:Creating package script '/home/said/Desktop/sobat/ROS2WorkSpace/install/motor_kontrol/share/motor_kontrol/package.zsh'
[8.057s] Level 1:colcon.colcon_core.environment:create_file_with_runtime_dependencies(/home/said/Desktop/sobat/ROS2WorkSpace/install/motor_kontrol/share/colcon-core/packages/motor_kontrol)
[8.057s] INFO:colcon.colcon_ros.task.ament_python.build:Building ROS package in '/home/said/Desktop/sobat/ROS2WorkSpace/src/halka_gorev' with build type 'ament_python'
[8.058s] Level 1:colcon.colcon_core.shell:create_environment_hook('halka_gorev', 'ament_prefix_path')
[8.138s] INFO:colcon.colcon_core.shell:Creating environment hook '/home/said/Desktop/sobat/ROS2WorkSpace/install/halka_gorev/share/halka_gorev/hook/ament_prefix_path.ps1'
[8.139s] INFO:colcon.colcon_core.shell:Creating environment descriptor '/home/said/Desktop/sobat/ROS2WorkSpace/install/halka_gorev/share/halka_gorev/hook/ament_prefix_path.dsv'
[8.139s] INFO:colcon.colcon_core.shell:Creating environment hook '/home/said/Desktop/sobat/ROS2WorkSpace/install/halka_gorev/share/halka_gorev/hook/ament_prefix_path.sh'
[8.220s] INFO:colcon.colcon_core.shell:Skip shell extension 'powershell' for command environment: Not usable outside of PowerShell
[8.220s] DEBUG:colcon.colcon_core.shell:Skip shell extension 'dsv' for command environment
[8.389s] INFO:colcon.colcon_ros.task.ament_python.build:Building ROS package in '/home/said/Desktop/sobat/ROS2WorkSpace/src/kablo_gorev' with build type 'ament_python'
[8.389s] Level 1:colcon.colcon_core.shell:create_environment_hook('kablo_gorev', 'ament_prefix_path')
[8.472s] INFO:colcon.colcon_core.shell:Creating environment hook '/home/said/Desktop/sobat/ROS2WorkSpace/install/kablo_gorev/share/kablo_gorev/hook/ament_prefix_path.ps1'
[8.473s] INFO:colcon.colcon_core.shell:Creating environment descriptor '/home/said/Desktop/sobat/ROS2WorkSpace/install/kablo_gorev/share/kablo_gorev/hook/ament_prefix_path.dsv'
[8.473s] INFO:colcon.colcon_core.shell:Creating environment hook '/home/said/Desktop/sobat/ROS2WorkSpace/install/kablo_gorev/share/kablo_gorev/hook/ament_prefix_path.sh'
[8.560s] INFO:colcon.colcon_core.shell:Skip shell extension 'powershell' for command environment: Not usable outside of PowerShell
[8.560s] DEBUG:colcon.colcon_core.shell:Skip shell extension 'dsv' for command environment
[8.741s] INFO:colcon.colcon_ros.task.ament_python.build:Building ROS package in '/home/said/Desktop/sobat/ROS2WorkSpace/src/torpido_gorev' with build type 'ament_python'
[8.742s] Level 1:colcon.colcon_core.shell:create_environment_hook('torpido_gorev', 'ament_prefix_path')
[8.832s] INFO:colcon.colcon_core.shell:Creating environment hook '/home/said/Desktop/sobat/ROS2WorkSpace/install/torpido_gorev/share/torpido_gorev/hook/ament_prefix_path.ps1'
[8.832s] INFO:colcon.colcon_core.shell:Creating environment descriptor '/home/said/Desktop/sobat/ROS2WorkSpace/install/torpido_gorev/share/torpido_gorev/hook/ament_prefix_path.dsv'
[8.833s] INFO:colcon.colcon_core.shell:Creating environment hook '/home/said/Desktop/sobat/ROS2WorkSpace/install/torpido_gorev/share/torpido_gorev/hook/ament_prefix_path.sh'
[8.921s] INFO:colcon.colcon_core.shell:Skip shell extension 'powershell' for command environment: Not usable outside of PowerShell
[8.921s] DEBUG:colcon.colcon_core.shell:Skip shell extension 'dsv' for command environment
[9.286s] INFO:colcon.colcon_core.task.python.build:Building Python package in '/home/said/Desktop/sobat/ROS2WorkSpace/src/halka_gorev'
[9.369s] INFO:colcon.colcon_core.shell:Skip shell extension 'powershell' for command environment: Not usable outside of PowerShell
[9.369s] DEBUG:colcon.colcon_core.shell:Skip shell extension 'dsv' for command environment
[9.744s] INFO:colcon.colcon_core.task.python.build:Building Python package in '/home/said/Desktop/sobat/ROS2WorkSpace/src/kablo_gorev'
[9.826s] INFO:colcon.colcon_core.shell:Skip shell extension 'powershell' for command environment: Not usable outside of PowerShell
[9.826s] DEBUG:colcon.colcon_core.shell:Skip shell extension 'dsv' for command environment
[10.191s] INFO:colcon.colcon_core.task.python.build:Building Python package in '/home/said/Desktop/sobat/ROS2WorkSpace/src/torpido_gorev'
[10.323s] INFO:colcon.colcon_core.shell:Skip shell extension 'powershell' for command environment: Not usable outside of PowerShell
[10.323s] DEBUG:colcon.colcon_core.shell:Skip shell extension 'dsv' for command environment
[10.881s] DEBUG:colcon.colcon_core.event_handler.log_command:Invoking command in '/home/said/Desktop/sobat/ROS2WorkSpace/src/kablo_gorev': AMENT_PREFIX_PATH=/home/said/Desktop/sobat/ROS2WorkSpace/install/motor_kontrol:/home/said/Desktop/sobat/ROS2WorkSpace/install/sobat_interfaces:${AMENT_PREFIX_PATH} CMAKE_PREFIX_PATH=/home/said/Desktop/sobat/ROS2WorkSpace/install/sobat_interfaces LD_LIBRARY_PATH=/home/said/Desktop/sobat/ROS2WorkSpace/install/sobat_interfaces/lib:${LD_LIBRARY_PATH} PYTHONPATH=/home/said/Desktop/sobat/ROS2WorkSpace/build/kablo_gorev/prefix_override:/home/said/Desktop/sobat/ROS2WorkSpace/install/kablo_gorev/lib/python3.8/site-packages:/home/said/Desktop/sobat/ROS2WorkSpace/install/motor_kontrol/lib/python3.8/site-packages:/home/said/Desktop/sobat/ROS2WorkSpace/install/sobat_interfaces/lib/python3.8/site-packages:${PYTHONPATH} /usr/bin/python3 setup.py egg_info --egg-base ../../build/kablo_gorev build --build-base /home/said/Desktop/sobat/ROS2WorkSpace/build/kablo_gorev/build install --record /home/said/Desktop/sobat/ROS2WorkSpace/build/kablo_gorev/install.log --install-scripts $base/lib/kablo_gorev --single-version-externally-managed
[10.887s] DEBUG:colcon.colcon_core.event_handler.log_command:Invoking command in '/home/said/Desktop/sobat/ROS2WorkSpace/src/halka_gorev': AMENT_PREFIX_PATH=/home/said/Desktop/sobat/ROS2WorkSpace/install/motor_kontrol:/home/said/Desktop/sobat/ROS2WorkSpace/install/sobat_interfaces:${AMENT_PREFIX_PATH} CMAKE_PREFIX_PATH=/home/said/Desktop/sobat/ROS2WorkSpace/install/sobat_interfaces LD_LIBRARY_PATH=/home/said/Desktop/sobat/ROS2WorkSpace/install/sobat_interfaces/lib:${LD_LIBRARY_PATH} PYTHONPATH=/home/said/Desktop/sobat/ROS2WorkSpace/build/halka_gorev/prefix_override:/home/said/Desktop/sobat/ROS2WorkSpace/install/halka_gorev/lib/python3.8/site-packages:/home/said/Desktop/sobat/ROS2WorkSpace/install/motor_kontrol/lib/python3.8/site-packages:/home/said/Desktop/sobat/ROS2WorkSpace/install/sobat_interfaces/lib/python3.8/site-packages:${PYTHONPATH} /usr/bin/python3 setup.py egg_info --egg-base ../../build/halka_gorev build --build-base /home/said/Desktop/sobat/ROS2WorkSpace/build/halka_gorev/build install --record /home/said/Desktop/sobat/ROS2WorkSpace/build/halka_gorev/install.log --install-scripts $base/lib/halka_gorev --single-version-externally-managed
[10.891s] DEBUG:colcon.colcon_core.event_handler.log_command:Invoking command in '/home/said/Desktop/sobat/ROS2WorkSpace/src/torpido_gorev': AMENT_PREFIX_PATH=/home/said/Desktop/sobat/ROS2WorkSpace/install/motor_kontrol:/home/said/Desktop/sobat/ROS2WorkSpace/install/sobat_interfaces:${AMENT_PREFIX_PATH} CMAKE_PREFIX_PATH=/home/said/Desktop/sobat/ROS2WorkSpace/install/sobat_interfaces LD_LIBRARY_PATH=/home/said/Desktop/sobat/ROS2WorkSpace/install/sobat_interfaces/lib:${LD_LIBRARY_PATH} PYTHONPATH=/home/said/Desktop/sobat/ROS2WorkSpace/build/torpido_gorev/prefix_override:/home/said/Desktop/sobat/ROS2WorkSpace/install/torpido_gorev/lib/python3.8/site-packages:/home/said/Desktop/sobat/ROS2WorkSpace/install/motor_kontrol/lib/python3.8/site-packages:/home/said/Desktop/sobat/ROS2WorkSpace/install/sobat_interfaces/lib/python3.8/site-packages:${PYTHONPATH} /usr/bin/python3 setup.py egg_info --egg-base ../../build/torpido_gorev build --build-base /home/said/Desktop/sobat/ROS2WorkSpace/build/torpido_gorev/build install --record /home/said/Desktop/sobat/ROS2WorkSpace/build/torpido_gorev/install.log --install-scripts $base/lib/torpido_gorev --single-version-externally-managed
[11.156s] DEBUG:colcon.colcon_core.event_handler.log_command:Invoked command in '/home/said/Desktop/sobat/ROS2WorkSpace/src/kablo_gorev' returned '0': AMENT_PREFIX_PATH=/home/said/Desktop/sobat/ROS2WorkSpace/install/motor_kontrol:/home/said/Desktop/sobat/ROS2WorkSpace/install/sobat_interfaces:${AMENT_PREFIX_PATH} CMAKE_PREFIX_PATH=/home/said/Desktop/sobat/ROS2WorkSpace/install/sobat_interfaces LD_LIBRARY_PATH=/home/said/Desktop/sobat/ROS2WorkSpace/install/sobat_interfaces/lib:${LD_LIBRARY_PATH} PYTHONPATH=/home/said/Desktop/sobat/ROS2WorkSpace/build/kablo_gorev/prefix_override:/home/said/Desktop/sobat/ROS2WorkSpace/install/kablo_gorev/lib/python3.8/site-packages:/home/said/Desktop/sobat/ROS2WorkSpace/install/motor_kontrol/lib/python3.8/site-packages:/home/said/Desktop/sobat/ROS2WorkSpace/install/sobat_interfaces/lib/python3.8/site-packages:${PYTHONPATH} /usr/bin/python3 setup.py egg_info --egg-base ../../build/kablo_gorev build --build-base /home/said/Desktop/sobat/ROS2WorkSpace/build/kablo_gorev/build install --record /home/said/Desktop/sobat/ROS2WorkSpace/build/kablo_gorev/install.log --install-scripts $base/lib/kablo_gorev --single-version-externally-managed
[11.241s] Level 1:colcon.colcon_core.environment:checking '/home/said/Desktop/sobat/ROS2WorkSpace/install/kablo_gorev' for CMake module files
[11.242s] Level 1:colcon.colcon_core.environment:checking '/home/said/Desktop/sobat/ROS2WorkSpace/install/kablo_gorev' for CMake config files
[11.242s] Level 1:colcon.colcon_core.environment:checking '/home/said/Desktop/sobat/ROS2WorkSpace/install/kablo_gorev/lib'
[11.242s] Level 1:colcon.colcon_core.environment:checking '/home/said/Desktop/sobat/ROS2WorkSpace/install/kablo_gorev/bin'
[11.242s] Level 1:colcon.colcon_core.environment:checking '/home/said/Desktop/sobat/ROS2WorkSpace/install/kablo_gorev/lib/pkgconfig/kablo_gorev.pc'
[11.242s] Level 1:colcon.colcon_core.environment:checking '/home/said/Desktop/sobat/ROS2WorkSpace/install/kablo_gorev/lib/python3.8/site-packages'
[11.242s] Level 1:colcon.colcon_core.shell:create_environment_hook('kablo_gorev', 'pythonpath')
[11.328s] INFO:colcon.colcon_core.shell:Creating environment hook '/home/said/Desktop/sobat/ROS2WorkSpace/install/kablo_gorev/share/kablo_gorev/hook/pythonpath.ps1'
[11.329s] INFO:colcon.colcon_core.shell:Creating environment descriptor '/home/said/Desktop/sobat/ROS2WorkSpace/install/kablo_gorev/share/kablo_gorev/hook/pythonpath.dsv'
[11.329s] INFO:colcon.colcon_core.shell:Creating environment hook '/home/said/Desktop/sobat/ROS2WorkSpace/install/kablo_gorev/share/kablo_gorev/hook/pythonpath.sh'
[11.329s] Level 1:colcon.colcon_core.environment:checking '/home/said/Desktop/sobat/ROS2WorkSpace/install/kablo_gorev/bin'
[11.329s] Level 1:colcon.colcon_core.environment:create_environment_scripts_only(kablo_gorev)
[11.412s] INFO:colcon.colcon_core.shell:Creating package script '/home/said/Desktop/sobat/ROS2WorkSpace/install/kablo_gorev/share/kablo_gorev/package.ps1'
[11.413s] INFO:colcon.colcon_core.shell:Creating package descriptor '/home/said/Desktop/sobat/ROS2WorkSpace/install/kablo_gorev/share/kablo_gorev/package.dsv'
[11.413s] INFO:colcon.colcon_core.shell:Creating package script '/home/said/Desktop/sobat/ROS2WorkSpace/install/kablo_gorev/share/kablo_gorev/package.sh'
[11.414s] INFO:colcon.colcon_core.shell:Creating package script '/home/said/Desktop/sobat/ROS2WorkSpace/install/kablo_gorev/share/kablo_gorev/package.bash'
[11.414s] INFO:colcon.colcon_core.shell:Creating package script '/home/said/Desktop/sobat/ROS2WorkSpace/install/kablo_gorev/share/kablo_gorev/package.zsh'
[11.414s] Level 1:colcon.colcon_core.environment:create_file_with_runtime_dependencies(/home/said/Desktop/sobat/ROS2WorkSpace/install/kablo_gorev/share/colcon-core/packages/kablo_gorev)
[11.416s] DEBUG:colcon.colcon_core.event_handler.log_command:Invoked command in '/home/said/Desktop/sobat/ROS2WorkSpace/src/torpido_gorev' returned '0': AMENT_PREFIX_PATH=/home/said/Desktop/sobat/ROS2WorkSpace/install/motor_kontrol:/home/said/Desktop/sobat/ROS2WorkSpace/install/sobat_interfaces:${AMENT_PREFIX_PATH} CMAKE_PREFIX_PATH=/home/said/Desktop/sobat/ROS2WorkSpace/install/sobat_interfaces LD_LIBRARY_PATH=/home/said/Desktop/sobat/ROS2WorkSpace/install/sobat_interfaces/lib:${LD_LIBRARY_PATH} PYTHONPATH=/home/said/Desktop/sobat/ROS2WorkSpace/build/torpido_gorev/prefix_override:/home/said/Desktop/sobat/ROS2WorkSpace/install/torpido_gorev/lib/python3.8/site-packages:/home/said/Desktop/sobat/ROS2WorkSpace/install/motor_kontrol/lib/python3.8/site-packages:/home/said/Desktop/sobat/ROS2WorkSpace/install/sobat_interfaces/lib/python3.8/site-packages:${PYTHONPATH} /usr/bin/python3 setup.py egg_info --egg-base ../../build/torpido_gorev build --build-base /home/said/Desktop/sobat/ROS2WorkSpace/build/torpido_gorev/build install --record /home/said/Desktop/sobat/ROS2WorkSpace/build/torpido_gorev/install.log --install-scripts $base/lib/torpido_gorev --single-version-externally-managed
[11.497s] Level 1:colcon.colcon_core.environment:checking '/home/said/Desktop/sobat/ROS2WorkSpace/install/torpido_gorev' for CMake module files
[11.498s] Level 1:colcon.colcon_core.environment:checking '/home/said/Desktop/sobat/ROS2WorkSpace/install/torpido_gorev' for CMake config files
[11.498s] Level 1:colcon.colcon_core.environment:checking '/home/said/Desktop/sobat/ROS2WorkSpace/install/torpido_gorev/lib'
[11.498s] Level 1:colcon.colcon_core.environment:checking '/home/said/Desktop/sobat/ROS2WorkSpace/install/torpido_gorev/bin'
[11.498s] Level 1:colcon.colcon_core.environment:checking '/home/said/Desktop/sobat/ROS2WorkSpace/install/torpido_gorev/lib/pkgconfig/torpido_gorev.pc'
[11.498s] Level 1:colcon.colcon_core.environment:checking '/home/said/Desktop/sobat/ROS2WorkSpace/install/torpido_gorev/lib/python3.8/site-packages'
[11.498s] Level 1:colcon.colcon_core.shell:create_environment_hook('torpido_gorev', 'pythonpath')
[11.574s] INFO:colcon.colcon_core.shell:Creating environment hook '/home/said/Desktop/sobat/ROS2WorkSpace/install/torpido_gorev/share/torpido_gorev/hook/pythonpath.ps1'
[11.575s] INFO:colcon.colcon_core.shell:Creating environment descriptor '/home/said/Desktop/sobat/ROS2WorkSpace/install/torpido_gorev/share/torpido_gorev/hook/pythonpath.dsv'
[11.575s] INFO:colcon.colcon_core.shell:Creating environment hook '/home/said/Desktop/sobat/ROS2WorkSpace/install/torpido_gorev/share/torpido_gorev/hook/pythonpath.sh'
[11.575s] Level 1:colcon.colcon_core.environment:checking '/home/said/Desktop/sobat/ROS2WorkSpace/install/torpido_gorev/bin'
[11.575s] Level 1:colcon.colcon_core.environment:create_environment_scripts_only(torpido_gorev)
[11.648s] INFO:colcon.colcon_core.shell:Creating package script '/home/said/Desktop/sobat/ROS2WorkSpace/install/torpido_gorev/share/torpido_gorev/package.ps1'
[11.649s] INFO:colcon.colcon_core.shell:Creating package descriptor '/home/said/Desktop/sobat/ROS2WorkSpace/install/torpido_gorev/share/torpido_gorev/package.dsv'
[11.649s] INFO:colcon.colcon_core.shell:Creating package script '/home/said/Desktop/sobat/ROS2WorkSpace/install/torpido_gorev/share/torpido_gorev/package.sh'
[11.649s] INFO:colcon.colcon_core.shell:Creating package script '/home/said/Desktop/sobat/ROS2WorkSpace/install/torpido_gorev/share/torpido_gorev/package.bash'
[11.650s] INFO:colcon.colcon_core.shell:Creating package script '/home/said/Desktop/sobat/ROS2WorkSpace/install/torpido_gorev/share/torpido_gorev/package.zsh'
[11.650s] Level 1:colcon.colcon_core.environment:create_file_with_runtime_dependencies(/home/said/Desktop/sobat/ROS2WorkSpace/install/torpido_gorev/share/colcon-core/packages/torpido_gorev)
[11.651s] DEBUG:colcon.colcon_core.event_handler.log_command:Invoked command in '/home/said/Desktop/sobat/ROS2WorkSpace/src/halka_gorev' returned '0': AMENT_PREFIX_PATH=/home/said/Desktop/sobat/ROS2WorkSpace/install/motor_kontrol:/home/said/Desktop/sobat/ROS2WorkSpace/install/sobat_interfaces:${AMENT_PREFIX_PATH} CMAKE_PREFIX_PATH=/home/said/Desktop/sobat/ROS2WorkSpace/install/sobat_interfaces LD_LIBRARY_PATH=/home/said/Desktop/sobat/ROS2WorkSpace/install/sobat_interfaces/lib:${LD_LIBRARY_PATH} PYTHONPATH=/home/said/Desktop/sobat/ROS2WorkSpace/build/halka_gorev/prefix_override:/home/said/Desktop/sobat/ROS2WorkSpace/install/halka_gorev/lib/python3.8/site-packages:/home/said/Desktop/sobat/ROS2WorkSpace/install/motor_kontrol/lib/python3.8/site-packages:/home/said/Desktop/sobat/ROS2WorkSpace/install/sobat_interfaces/lib/python3.8/site-packages:${PYTHONPATH} /usr/bin/python3 setup.py egg_info --egg-base ../../build/halka_gorev build --build-base /home/said/Desktop/sobat/ROS2WorkSpace/build/halka_gorev/build install --record /home/said/Desktop/sobat/ROS2WorkSpace/build/halka_gorev/install.log --install-scripts $base/lib/halka_gorev --single-version-externally-managed
[11.725s] Level 1:colcon.colcon_core.environment:checking '/home/said/Desktop/sobat/ROS2WorkSpace/install/halka_gorev' for CMake module files
[11.725s] Level 1:colcon.colcon_core.environment:checking '/home/said/Desktop/sobat/ROS2WorkSpace/install/halka_gorev' for CMake config files
[11.725s] Level 1:colcon.colcon_core.environment:checking '/home/said/Desktop/sobat/ROS2WorkSpace/install/halka_gorev/lib'
[11.725s] Level 1:colcon.colcon_core.environment:checking '/home/said/Desktop/sobat/ROS2WorkSpace/install/halka_gorev/bin'
[11.726s] Level 1:colcon.colcon_core.environment:checking '/home/said/Desktop/sobat/ROS2WorkSpace/install/halka_gorev/lib/pkgconfig/halka_gorev.pc'
[11.726s] Level 1:colcon.colcon_core.environment:checking '/home/said/Desktop/sobat/ROS2WorkSpace/install/halka_gorev/lib/python3.8/site-packages'
[11.726s] Level 1:colcon.colcon_core.shell:create_environment_hook('halka_gorev', 'pythonpath')
[11.801s] INFO:colcon.colcon_core.shell:Creating environment hook '/home/said/Desktop/sobat/ROS2WorkSpace/install/halka_gorev/share/halka_gorev/hook/pythonpath.ps1'
[11.801s] INFO:colcon.colcon_core.shell:Creating environment descriptor '/home/said/Desktop/sobat/ROS2WorkSpace/install/halka_gorev/share/halka_gorev/hook/pythonpath.dsv'
[11.801s] INFO:colcon.colcon_core.shell:Creating environment hook '/home/said/Desktop/sobat/ROS2WorkSpace/install/halka_gorev/share/halka_gorev/hook/pythonpath.sh'
[11.801s] Level 1:colcon.colcon_core.environment:checking '/home/said/Desktop/sobat/ROS2WorkSpace/install/halka_gorev/bin'
[11.801s] Level 1:colcon.colcon_core.environment:create_environment_scripts_only(halka_gorev)
[11.875s] INFO:colcon.colcon_core.shell:Creating package script '/home/said/Desktop/sobat/ROS2WorkSpace/install/halka_gorev/share/halka_gorev/package.ps1'
[11.876s] INFO:colcon.colcon_core.shell:Creating package descriptor '/home/said/Desktop/sobat/ROS2WorkSpace/install/halka_gorev/share/halka_gorev/package.dsv'
[11.876s] INFO:colcon.colcon_core.shell:Creating package script '/home/said/Desktop/sobat/ROS2WorkSpace/install/halka_gorev/share/halka_gorev/package.sh'
[11.876s] INFO:colcon.colcon_core.shell:Creating package script '/home/said/Desktop/sobat/ROS2WorkSpace/install/halka_gorev/share/halka_gorev/package.bash'
[11.876s] INFO:colcon.colcon_core.shell:Creating package script '/home/said/Desktop/sobat/ROS2WorkSpace/install/halka_gorev/share/halka_gorev/package.zsh'
[11.877s] Level 1:colcon.colcon_core.environment:create_file_with_runtime_dependencies(/home/said/Desktop/sobat/ROS2WorkSpace/install/halka_gorev/share/colcon-core/packages/halka_gorev)
[11.877s] DEBUG:colcon.colcon_parallel_executor.executor.parallel:closing loop
[11.877s] DEBUG:colcon.colcon_parallel_executor.executor.parallel:loop closed
[11.877s] DEBUG:colcon.colcon_parallel_executor.executor.parallel:run_until_complete finished with '0'
[11.877s] DEBUG:colcon.colcon_core.event_reactor:joining thread
[11.958s] INFO:colcon.colcon_core.plugin_system:Skipping extension 'colcon_notification.desktop_notification.terminal_notifier': Not used on non-Darwin systems
[11.958s] INFO:colcon.colcon_core.plugin_system:Skipping extension 'colcon_notification.desktop_notification.win32': Not used on non-Windows systems
[11.958s] INFO:colcon.colcon_notification.desktop_notification:Sending desktop notification using 'notify2'
[11.968s] DEBUG:colcon.colcon_core.event_reactor:joined thread
[12.042s] INFO:colcon.colcon_core.shell:Creating prefix script '/home/said/Desktop/sobat/ROS2WorkSpace/install/local_setup.ps1'
[12.043s] INFO:colcon.colcon_core.shell:Creating prefix util module '/home/said/Desktop/sobat/ROS2WorkSpace/install/_local_setup_util_ps1.py'
[12.044s] INFO:colcon.colcon_core.shell:Creating prefix chain script '/home/said/Desktop/sobat/ROS2WorkSpace/install/setup.ps1'
[12.117s] INFO:colcon.colcon_core.shell:Creating prefix script '/home/said/Desktop/sobat/ROS2WorkSpace/install/local_setup.sh'
[12.118s] INFO:colcon.colcon_core.shell:Creating prefix util module '/home/said/Desktop/sobat/ROS2WorkSpace/install/_local_setup_util_sh.py'
[12.118s] INFO:colcon.colcon_core.shell:Creating prefix chain script '/home/said/Desktop/sobat/ROS2WorkSpace/install/setup.sh'
[12.195s] INFO:colcon.colcon_core.shell:Creating prefix script '/home/said/Desktop/sobat/ROS2WorkSpace/install/local_setup.bash'
[12.195s] INFO:colcon.colcon_core.shell:Creating prefix chain script '/home/said/Desktop/sobat/ROS2WorkSpace/install/setup.bash'
[12.271s] INFO:colcon.colcon_core.shell:Creating prefix script '/home/said/Desktop/sobat/ROS2WorkSpace/install/local_setup.zsh'
[12.271s] INFO:colcon.colcon_core.shell:Creating prefix chain script '/home/said/Desktop/sobat/ROS2WorkSpace/install/setup.zsh'
