[3.887s] DEBUG:colcon:Command line arguments: ['/usr/bin/colcon', 'build']
[3.887s] DEBUG:colcon:Parsed command line arguments: Namespace(allow_overriding=[], ament_cmake_args=None, base_paths=['.'], build_base='build', catkin_cmake_args=None, catkin_skip_building_tests=False, cmake_args=None, cmake_clean_cache=False, cmake_clean_first=False, cmake_force_configure=False, cmake_target=None, cmake_target_skip_unavailable=False, continue_on_error=False, event_handlers=None, executor='parallel', ignore_user_meta=False, install_base='install', log_base=None, log_level=None, main=<bound method BuildVerb.main of <colcon_core.verb.build.BuildVerb object at 0x7f7b1ce704f0>>, merge_install=False, metas=['./colcon.meta'], packages_above=None, packages_above_and_dependencies=None, packages_above_depth=None, packages_end=None, packages_ignore=None, packages_ignore_regex=None, packages_select=None, packages_select_build_failed=False, packages_select_by_dep=None, packages_select_regex=None, packages_select_test_failures=False, packages_skip=None, packages_skip_build_finished=False, packages_skip_by_dep=None, packages_skip_regex=None, packages_skip_test_passed=False, packages_skip_up_to=None, packages_start=None, packages_up_to=None, packages_up_to_regex=None, parallel_workers=8, paths=None, symlink_install=False, test_result_base=None, verb_extension=<colcon_core.verb.build.BuildVerb object at 0x7f7b1ce704f0>, verb_name='build', verb_parser=<colcon_defaults.argument_parser.defaults.DefaultArgumentsDecorator object at 0x7f7b1ce70940>)
[4.046s] Level 1:colcon.colcon_core.package_discovery:discover_packages(colcon_meta) check parameters
[4.047s] Level 1:colcon.colcon_core.package_discovery:discover_packages(recursive) check parameters
[4.047s] Level 1:colcon.colcon_core.package_discovery:discover_packages(ignore) check parameters
[4.047s] Level 1:colcon.colcon_core.package_discovery:discover_packages(path) check parameters
[4.047s] Level 1:colcon.colcon_core.package_discovery:discover_packages(colcon_meta) discover
[4.047s] Level 1:colcon.colcon_core.package_discovery:discover_packages(recursive) discover
[4.047s] INFO:colcon.colcon_core.package_discovery:Crawling recursively for packages in '/home/said/Desktop/sobat/ROS2WorkSpace'
[4.047s] Level 1:colcon.colcon_core.package_identification:_identify(.) by extensions ['ignore', 'ignore_ament_install']
[4.047s] Level 1:colcon.colcon_core.package_identification:_identify(.) by extension 'ignore'
[4.047s] Level 1:colcon.colcon_core.package_identification:_identify(.) by extension 'ignore_ament_install'
[4.047s] Level 1:colcon.colcon_core.package_identification:_identify(.) by extensions ['colcon_pkg']
[4.047s] Level 1:colcon.colcon_core.package_identification:_identify(.) by extension 'colcon_pkg'
[4.047s] Level 1:colcon.colcon_core.package_identification:_identify(.) by extensions ['colcon_meta']
[4.047s] Level 1:colcon.colcon_core.package_identification:_identify(.) by extension 'colcon_meta'
[4.047s] Level 1:colcon.colcon_core.package_identification:_identify(.) by extensions ['ros']
[4.047s] Level 1:colcon.colcon_core.package_identification:_identify(.) by extension 'ros'
[4.055s] Level 1:colcon.colcon_core.package_identification:_identify(.) by extensions ['cmake', 'python']
[4.055s] Level 1:colcon.colcon_core.package_identification:_identify(.) by extension 'cmake'
[4.055s] Level 1:colcon.colcon_core.package_identification:_identify(.) by extension 'python'
[4.055s] Level 1:colcon.colcon_core.package_identification:_identify(.) by extensions ['python_setup_py']
[4.055s] Level 1:colcon.colcon_core.package_identification:_identify(.) by extension 'python_setup_py'
[4.055s] Level 1:colcon.colcon_core.package_identification:_identify(build) by extensions ['ignore', 'ignore_ament_install']
[4.056s] Level 1:colcon.colcon_core.package_identification:_identify(build) by extension 'ignore'
[4.056s] Level 1:colcon.colcon_core.package_identification:_identify(build) ignored
[4.056s] Level 1:colcon.colcon_core.package_identification:_identify(install) by extensions ['ignore', 'ignore_ament_install']
[4.056s] Level 1:colcon.colcon_core.package_identification:_identify(install) by extension 'ignore'
[4.056s] Level 1:colcon.colcon_core.package_identification:_identify(install) ignored
[4.056s] Level 1:colcon.colcon_core.package_identification:_identify(log) by extensions ['ignore', 'ignore_ament_install']
[4.056s] Level 1:colcon.colcon_core.package_identification:_identify(log) by extension 'ignore'
[4.056s] Level 1:colcon.colcon_core.package_identification:_identify(log) ignored
[4.056s] Level 1:colcon.colcon_core.package_identification:_identify(src) by extensions ['ignore', 'ignore_ament_install']
[4.056s] Level 1:colcon.colcon_core.package_identification:_identify(src) by extension 'ignore'
[4.056s] Level 1:colcon.colcon_core.package_identification:_identify(src) by extension 'ignore_ament_install'
[4.056s] Level 1:colcon.colcon_core.package_identification:_identify(src) by extensions ['colcon_pkg']
[4.056s] Level 1:colcon.colcon_core.package_identification:_identify(src) by extension 'colcon_pkg'
[4.056s] Level 1:colcon.colcon_core.package_identification:_identify(src) by extensions ['colcon_meta']
[4.056s] Level 1:colcon.colcon_core.package_identification:_identify(src) by extension 'colcon_meta'
[4.056s] Level 1:colcon.colcon_core.package_identification:_identify(src) by extensions ['ros']
[4.056s] Level 1:colcon.colcon_core.package_identification:_identify(src) by extension 'ros'
[4.056s] Level 1:colcon.colcon_core.package_identification:_identify(src) by extensions ['cmake', 'python']
[4.056s] Level 1:colcon.colcon_core.package_identification:_identify(src) by extension 'cmake'
[4.057s] Level 1:colcon.colcon_core.package_identification:_identify(src) by extension 'python'
[4.057s] Level 1:colcon.colcon_core.package_identification:_identify(src) by extensions ['python_setup_py']
[4.057s] Level 1:colcon.colcon_core.package_identification:_identify(src) by extension 'python_setup_py'
[4.057s] Level 1:colcon.colcon_core.package_identification:_identify(src/halka_gorev) by extensions ['ignore', 'ignore_ament_install']
[4.057s] Level 1:colcon.colcon_core.package_identification:_identify(src/halka_gorev) by extension 'ignore'
[4.057s] Level 1:colcon.colcon_core.package_identification:_identify(src/halka_gorev) by extension 'ignore_ament_install'
[4.057s] Level 1:colcon.colcon_core.package_identification:_identify(src/halka_gorev) by extensions ['colcon_pkg']
[4.057s] Level 1:colcon.colcon_core.package_identification:_identify(src/halka_gorev) by extension 'colcon_pkg'
[4.057s] Level 1:colcon.colcon_core.package_identification:_identify(src/halka_gorev) by extensions ['colcon_meta']
[4.057s] Level 1:colcon.colcon_core.package_identification:_identify(src/halka_gorev) by extension 'colcon_meta'
[4.057s] Level 1:colcon.colcon_core.package_identification:_identify(src/halka_gorev) by extensions ['ros']
[4.057s] Level 1:colcon.colcon_core.package_identification:_identify(src/halka_gorev) by extension 'ros'
[4.059s] DEBUG:colcon.colcon_core.package_identification:Package 'src/halka_gorev' with type 'ros.ament_python' and name 'halka_gorev'
[4.059s] Level 1:colcon.colcon_core.package_identification:_identify(src/kablo_gorev) by extensions ['ignore', 'ignore_ament_install']
[4.059s] Level 1:colcon.colcon_core.package_identification:_identify(src/kablo_gorev) by extension 'ignore'
[4.059s] Level 1:colcon.colcon_core.package_identification:_identify(src/kablo_gorev) by extension 'ignore_ament_install'
[4.059s] Level 1:colcon.colcon_core.package_identification:_identify(src/kablo_gorev) by extensions ['colcon_pkg']
[4.059s] Level 1:colcon.colcon_core.package_identification:_identify(src/kablo_gorev) by extension 'colcon_pkg'
[4.059s] Level 1:colcon.colcon_core.package_identification:_identify(src/kablo_gorev) by extensions ['colcon_meta']
[4.059s] Level 1:colcon.colcon_core.package_identification:_identify(src/kablo_gorev) by extension 'colcon_meta'
[4.059s] Level 1:colcon.colcon_core.package_identification:_identify(src/kablo_gorev) by extensions ['ros']
[4.059s] Level 1:colcon.colcon_core.package_identification:_identify(src/kablo_gorev) by extension 'ros'
[4.059s] DEBUG:colcon.colcon_core.package_identification:Package 'src/kablo_gorev' with type 'ros.ament_python' and name 'kablo_gorev'
[4.060s] Level 1:colcon.colcon_core.package_identification:_identify(src/sobat_interfaces) by extensions ['ignore', 'ignore_ament_install']
[4.060s] Level 1:colcon.colcon_core.package_identification:_identify(src/sobat_interfaces) by extension 'ignore'
[4.060s] Level 1:colcon.colcon_core.package_identification:_identify(src/sobat_interfaces) by extension 'ignore_ament_install'
[4.060s] Level 1:colcon.colcon_core.package_identification:_identify(src/sobat_interfaces) by extensions ['colcon_pkg']
[4.060s] Level 1:colcon.colcon_core.package_identification:_identify(src/sobat_interfaces) by extension 'colcon_pkg'
[4.060s] Level 1:colcon.colcon_core.package_identification:_identify(src/sobat_interfaces) by extensions ['colcon_meta']
[4.060s] Level 1:colcon.colcon_core.package_identification:_identify(src/sobat_interfaces) by extension 'colcon_meta'
[4.060s] Level 1:colcon.colcon_core.package_identification:_identify(src/sobat_interfaces) by extensions ['ros']
[4.060s] Level 1:colcon.colcon_core.package_identification:_identify(src/sobat_interfaces) by extension 'ros'
[4.060s] DEBUG:colcon.colcon_core.package_identification:Package 'src/sobat_interfaces' with type 'ros.ament_cmake' and name 'sobat_interfaces'
[4.060s] Level 1:colcon.colcon_core.package_identification:_identify(src/torpido_gorev) by extensions ['ignore', 'ignore_ament_install']
[4.060s] Level 1:colcon.colcon_core.package_identification:_identify(src/torpido_gorev) by extension 'ignore'
[4.060s] Level 1:colcon.colcon_core.package_identification:_identify(src/torpido_gorev) by extension 'ignore_ament_install'
[4.061s] Level 1:colcon.colcon_core.package_identification:_identify(src/torpido_gorev) by extensions ['colcon_pkg']
[4.061s] Level 1:colcon.colcon_core.package_identification:_identify(src/torpido_gorev) by extension 'colcon_pkg'
[4.061s] Level 1:colcon.colcon_core.package_identification:_identify(src/torpido_gorev) by extensions ['colcon_meta']
[4.061s] Level 1:colcon.colcon_core.package_identification:_identify(src/torpido_gorev) by extension 'colcon_meta'
[4.061s] Level 1:colcon.colcon_core.package_identification:_identify(src/torpido_gorev) by extensions ['ros']
[4.061s] Level 1:colcon.colcon_core.package_identification:_identify(src/torpido_gorev) by extension 'ros'
[4.061s] DEBUG:colcon.colcon_core.package_identification:Package 'src/torpido_gorev' with type 'ros.ament_python' and name 'torpido_gorev'
[4.061s] Level 1:colcon.colcon_core.package_discovery:discover_packages(recursive) using defaults
[4.061s] Level 1:colcon.colcon_core.package_discovery:discover_packages(ignore) discover
[4.061s] Level 1:colcon.colcon_core.package_discovery:discover_packages(ignore) using defaults
[4.061s] Level 1:colcon.colcon_core.package_discovery:discover_packages(path) discover
[4.061s] Level 1:colcon.colcon_core.package_discovery:discover_packages(path) using defaults
[4.442s] Level 1:colcon.colcon_core.package_discovery:discover_packages(prefix_path) check parameters
[4.442s] Level 1:colcon.colcon_core.package_discovery:discover_packages(prefix_path) discover
[4.593s] DEBUG:colcon.colcon_installed_package_information.package_discovery:Found 334 installed packages in /opt/ros/foxy
[4.595s] Level 1:colcon.colcon_core.package_discovery:discover_packages(prefix_path) using defaults
[4.820s] Level 5:colcon.colcon_core.verb:set package 'kablo_gorev' build argument 'cmake_args' from command line to 'None'
[4.820s] Level 5:colcon.colcon_core.verb:set package 'kablo_gorev' build argument 'cmake_target' from command line to 'None'
[4.820s] Level 5:colcon.colcon_core.verb:set package 'kablo_gorev' build argument 'cmake_target_skip_unavailable' from command line to 'False'
[4.820s] Level 5:colcon.colcon_core.verb:set package 'kablo_gorev' build argument 'cmake_clean_cache' from command line to 'False'
[4.820s] Level 5:colcon.colcon_core.verb:set package 'kablo_gorev' build argument 'cmake_clean_first' from command line to 'False'
[4.820s] Level 5:colcon.colcon_core.verb:set package 'kablo_gorev' build argument 'cmake_force_configure' from command line to 'False'
[4.820s] Level 5:colcon.colcon_core.verb:set package 'kablo_gorev' build argument 'ament_cmake_args' from command line to 'None'
[4.820s] Level 5:colcon.colcon_core.verb:set package 'kablo_gorev' build argument 'catkin_cmake_args' from command line to 'None'
[4.820s] Level 5:colcon.colcon_core.verb:set package 'kablo_gorev' build argument 'catkin_skip_building_tests' from command line to 'False'
[4.820s] DEBUG:colcon.colcon_core.verb:Building package 'kablo_gorev' with the following arguments: {'ament_cmake_args': None, 'build_base': '/home/said/Desktop/sobat/ROS2WorkSpace/build/kablo_gorev', 'catkin_cmake_args': None, 'catkin_skip_building_tests': False, 'cmake_args': None, 'cmake_clean_cache': False, 'cmake_clean_first': False, 'cmake_force_configure': False, 'cmake_target': None, 'cmake_target_skip_unavailable': False, 'install_base': '/home/said/Desktop/sobat/ROS2WorkSpace/install/kablo_gorev', 'merge_install': False, 'path': '/home/said/Desktop/sobat/ROS2WorkSpace/src/kablo_gorev', 'symlink_install': False, 'test_result_base': None}
[4.894s] Level 5:colcon.colcon_core.verb:set package 'sobat_interfaces' build argument 'cmake_args' from command line to 'None'
[4.894s] Level 5:colcon.colcon_core.verb:set package 'sobat_interfaces' build argument 'cmake_target' from command line to 'None'
[4.894s] Level 5:colcon.colcon_core.verb:set package 'sobat_interfaces' build argument 'cmake_target_skip_unavailable' from command line to 'False'
[4.894s] Level 5:colcon.colcon_core.verb:set package 'sobat_interfaces' build argument 'cmake_clean_cache' from command line to 'False'
[4.894s] Level 5:colcon.colcon_core.verb:set package 'sobat_interfaces' build argument 'cmake_clean_first' from command line to 'False'
[4.894s] Level 5:colcon.colcon_core.verb:set package 'sobat_interfaces' build argument 'cmake_force_configure' from command line to 'False'
[4.894s] Level 5:colcon.colcon_core.verb:set package 'sobat_interfaces' build argument 'ament_cmake_args' from command line to 'None'
[4.894s] Level 5:colcon.colcon_core.verb:set package 'sobat_interfaces' build argument 'catkin_cmake_args' from command line to 'None'
[4.894s] Level 5:colcon.colcon_core.verb:set package 'sobat_interfaces' build argument 'catkin_skip_building_tests' from command line to 'False'
[4.894s] DEBUG:colcon.colcon_core.verb:Building package 'sobat_interfaces' with the following arguments: {'ament_cmake_args': None, 'build_base': '/home/said/Desktop/sobat/ROS2WorkSpace/build/sobat_interfaces', 'catkin_cmake_args': None, 'catkin_skip_building_tests': False, 'cmake_args': None, 'cmake_clean_cache': False, 'cmake_clean_first': False, 'cmake_force_configure': False, 'cmake_target': None, 'cmake_target_skip_unavailable': False, 'install_base': '/home/said/Desktop/sobat/ROS2WorkSpace/install/sobat_interfaces', 'merge_install': False, 'path': '/home/said/Desktop/sobat/ROS2WorkSpace/src/sobat_interfaces', 'symlink_install': False, 'test_result_base': None}
[4.964s] Level 5:colcon.colcon_core.verb:set package 'torpido_gorev' build argument 'cmake_args' from command line to 'None'
[4.964s] Level 5:colcon.colcon_core.verb:set package 'torpido_gorev' build argument 'cmake_target' from command line to 'None'
[4.964s] Level 5:colcon.colcon_core.verb:set package 'torpido_gorev' build argument 'cmake_target_skip_unavailable' from command line to 'False'
[4.964s] Level 5:colcon.colcon_core.verb:set package 'torpido_gorev' build argument 'cmake_clean_cache' from command line to 'False'
[4.964s] Level 5:colcon.colcon_core.verb:set package 'torpido_gorev' build argument 'cmake_clean_first' from command line to 'False'
[4.964s] Level 5:colcon.colcon_core.verb:set package 'torpido_gorev' build argument 'cmake_force_configure' from command line to 'False'
[4.964s] Level 5:colcon.colcon_core.verb:set package 'torpido_gorev' build argument 'ament_cmake_args' from command line to 'None'
[4.964s] Level 5:colcon.colcon_core.verb:set package 'torpido_gorev' build argument 'catkin_cmake_args' from command line to 'None'
[4.965s] Level 5:colcon.colcon_core.verb:set package 'torpido_gorev' build argument 'catkin_skip_building_tests' from command line to 'False'
[4.965s] DEBUG:colcon.colcon_core.verb:Building package 'torpido_gorev' with the following arguments: {'ament_cmake_args': None, 'build_base': '/home/said/Desktop/sobat/ROS2WorkSpace/build/torpido_gorev', 'catkin_cmake_args': None, 'catkin_skip_building_tests': False, 'cmake_args': None, 'cmake_clean_cache': False, 'cmake_clean_first': False, 'cmake_force_configure': False, 'cmake_target': None, 'cmake_target_skip_unavailable': False, 'install_base': '/home/said/Desktop/sobat/ROS2WorkSpace/install/torpido_gorev', 'merge_install': False, 'path': '/home/said/Desktop/sobat/ROS2WorkSpace/src/torpido_gorev', 'symlink_install': False, 'test_result_base': None}
[5.034s] Level 5:colcon.colcon_core.verb:set package 'halka_gorev' build argument 'cmake_args' from command line to 'None'
[5.034s] Level 5:colcon.colcon_core.verb:set package 'halka_gorev' build argument 'cmake_target' from command line to 'None'
[5.034s] Level 5:colcon.colcon_core.verb:set package 'halka_gorev' build argument 'cmake_target_skip_unavailable' from command line to 'False'
[5.034s] Level 5:colcon.colcon_core.verb:set package 'halka_gorev' build argument 'cmake_clean_cache' from command line to 'False'
[5.034s] Level 5:colcon.colcon_core.verb:set package 'halka_gorev' build argument 'cmake_clean_first' from command line to 'False'
[5.034s] Level 5:colcon.colcon_core.verb:set package 'halka_gorev' build argument 'cmake_force_configure' from command line to 'False'
[5.034s] Level 5:colcon.colcon_core.verb:set package 'halka_gorev' build argument 'ament_cmake_args' from command line to 'None'
[5.034s] Level 5:colcon.colcon_core.verb:set package 'halka_gorev' build argument 'catkin_cmake_args' from command line to 'None'
[5.034s] Level 5:colcon.colcon_core.verb:set package 'halka_gorev' build argument 'catkin_skip_building_tests' from command line to 'False'
[5.034s] DEBUG:colcon.colcon_core.verb:Building package 'halka_gorev' with the following arguments: {'ament_cmake_args': None, 'build_base': '/home/said/Desktop/sobat/ROS2WorkSpace/build/halka_gorev', 'catkin_cmake_args': None, 'catkin_skip_building_tests': False, 'cmake_args': None, 'cmake_clean_cache': False, 'cmake_clean_first': False, 'cmake_force_configure': False, 'cmake_target': None, 'cmake_target_skip_unavailable': False, 'install_base': '/home/said/Desktop/sobat/ROS2WorkSpace/install/halka_gorev', 'merge_install': False, 'path': '/home/said/Desktop/sobat/ROS2WorkSpace/src/halka_gorev', 'symlink_install': False, 'test_result_base': None}
[5.102s] INFO:colcon.colcon_core.executor:Executing jobs using 'parallel' executor
[5.173s] DEBUG:colcon.colcon_parallel_executor.executor.parallel:run_until_complete
[5.173s] INFO:colcon.colcon_ros.task.ament_cmake.build:Building ROS package in '/home/said/Desktop/sobat/ROS2WorkSpace/src/sobat_interfaces' with build type 'ament_cmake'
[5.173s] INFO:colcon.colcon_cmake.task.cmake.build:Building CMake package in '/home/said/Desktop/sobat/ROS2WorkSpace/src/sobat_interfaces'
[5.248s] INFO:colcon.colcon_core.plugin_system:Skipping extension 'colcon_core.shell.bat': Not used on non-Windows systems
[5.248s] INFO:colcon.colcon_core.shell:Skip shell extension 'powershell' for command environment: Not usable outside of PowerShell
[5.248s] DEBUG:colcon.colcon_core.shell:Skip shell extension 'dsv' for command environment
[5.405s] INFO:colcon.colcon_ros.task.ament_python.build:Building ROS package in '/home/said/Desktop/sobat/ROS2WorkSpace/src/kablo_gorev' with build type 'ament_python'
[5.406s] Level 1:colcon.colcon_core.shell:create_environment_hook('kablo_gorev', 'ament_prefix_path')
[5.487s] INFO:colcon.colcon_core.shell:Creating environment hook '/home/said/Desktop/sobat/ROS2WorkSpace/install/kablo_gorev/share/kablo_gorev/hook/ament_prefix_path.ps1'
[5.487s] INFO:colcon.colcon_core.shell:Creating environment descriptor '/home/said/Desktop/sobat/ROS2WorkSpace/install/kablo_gorev/share/kablo_gorev/hook/ament_prefix_path.dsv'
[5.488s] INFO:colcon.colcon_core.shell:Creating environment hook '/home/said/Desktop/sobat/ROS2WorkSpace/install/kablo_gorev/share/kablo_gorev/hook/ament_prefix_path.sh'
[5.564s] INFO:colcon.colcon_core.shell:Skip shell extension 'powershell' for command environment: Not usable outside of PowerShell
[5.564s] DEBUG:colcon.colcon_core.shell:Skip shell extension 'dsv' for command environment
[5.722s] INFO:colcon.colcon_ros.task.ament_python.build:Building ROS package in '/home/said/Desktop/sobat/ROS2WorkSpace/src/torpido_gorev' with build type 'ament_python'
[5.722s] Level 1:colcon.colcon_core.shell:create_environment_hook('torpido_gorev', 'ament_prefix_path')
[5.808s] INFO:colcon.colcon_core.shell:Creating environment hook '/home/said/Desktop/sobat/ROS2WorkSpace/install/torpido_gorev/share/torpido_gorev/hook/ament_prefix_path.ps1'
[5.808s] INFO:colcon.colcon_core.shell:Creating environment descriptor '/home/said/Desktop/sobat/ROS2WorkSpace/install/torpido_gorev/share/torpido_gorev/hook/ament_prefix_path.dsv'
[5.808s] INFO:colcon.colcon_core.shell:Creating environment hook '/home/said/Desktop/sobat/ROS2WorkSpace/install/torpido_gorev/share/torpido_gorev/hook/ament_prefix_path.sh'
[5.889s] INFO:colcon.colcon_core.shell:Skip shell extension 'powershell' for command environment: Not usable outside of PowerShell
[5.889s] DEBUG:colcon.colcon_core.shell:Skip shell extension 'dsv' for command environment
[6.058s] DEBUG:colcon.colcon_core.event_handler.log_command:Invoking command in '/home/said/Desktop/sobat/ROS2WorkSpace/build/sobat_interfaces': CMAKE_PREFIX_PATH=/opt/ros/foxy /usr/bin/cmake --build /home/said/Desktop/sobat/ROS2WorkSpace/build/sobat_interfaces -- -j8 -l8
[6.248s] INFO:colcon.colcon_core.task.python.build:Building Python package in '/home/said/Desktop/sobat/ROS2WorkSpace/src/kablo_gorev'
[6.331s] INFO:colcon.colcon_core.shell:Skip shell extension 'powershell' for command environment: Not usable outside of PowerShell
[6.331s] DEBUG:colcon.colcon_core.shell:Skip shell extension 'dsv' for command environment
[6.665s] INFO:colcon.colcon_core.task.python.build:Building Python package in '/home/said/Desktop/sobat/ROS2WorkSpace/src/torpido_gorev'
[6.741s] INFO:colcon.colcon_core.shell:Skip shell extension 'powershell' for command environment: Not usable outside of PowerShell
[6.741s] DEBUG:colcon.colcon_core.shell:Skip shell extension 'dsv' for command environment
[6.899s] DEBUG:colcon.colcon_core.event_handler.log_command:Invoked command in '/home/said/Desktop/sobat/ROS2WorkSpace/build/sobat_interfaces' returned '0': CMAKE_PREFIX_PATH=/opt/ros/foxy /usr/bin/cmake --build /home/said/Desktop/sobat/ROS2WorkSpace/build/sobat_interfaces -- -j8 -l8
[6.939s] DEBUG:colcon.colcon_core.event_handler.log_command:Invoking command in '/home/said/Desktop/sobat/ROS2WorkSpace/build/sobat_interfaces': CMAKE_PREFIX_PATH=/opt/ros/foxy /usr/bin/cmake --install /home/said/Desktop/sobat/ROS2WorkSpace/build/sobat_interfaces
[6.981s] Level 1:colcon.colcon_core.environment:create_environment_scripts_only(sobat_interfaces)
[6.982s] DEBUG:colcon.colcon_core.event_handler.log_command:Invoked command in '/home/said/Desktop/sobat/ROS2WorkSpace/build/sobat_interfaces' returned '0': CMAKE_PREFIX_PATH=/opt/ros/foxy /usr/bin/cmake --install /home/said/Desktop/sobat/ROS2WorkSpace/build/sobat_interfaces
[7.060s] Level 1:colcon.colcon_core.environment:checking '/home/said/Desktop/sobat/ROS2WorkSpace/install/sobat_interfaces' for CMake module files
[7.061s] Level 1:colcon.colcon_core.environment:checking '/home/said/Desktop/sobat/ROS2WorkSpace/install/sobat_interfaces' for CMake config files
[7.061s] Level 1:colcon.colcon_core.shell:create_environment_hook('sobat_interfaces', 'cmake_prefix_path')
[7.139s] INFO:colcon.colcon_core.shell:Creating environment hook '/home/said/Desktop/sobat/ROS2WorkSpace/install/sobat_interfaces/share/sobat_interfaces/hook/cmake_prefix_path.ps1'
[7.139s] INFO:colcon.colcon_core.shell:Creating environment descriptor '/home/said/Desktop/sobat/ROS2WorkSpace/install/sobat_interfaces/share/sobat_interfaces/hook/cmake_prefix_path.dsv'
[7.139s] INFO:colcon.colcon_core.shell:Creating environment hook '/home/said/Desktop/sobat/ROS2WorkSpace/install/sobat_interfaces/share/sobat_interfaces/hook/cmake_prefix_path.sh'
[7.140s] Level 1:colcon.colcon_core.environment:checking '/home/said/Desktop/sobat/ROS2WorkSpace/install/sobat_interfaces/lib'
[7.140s] Level 1:colcon.colcon_core.shell:create_environment_hook('sobat_interfaces', 'ld_library_path_lib')
[7.220s] INFO:colcon.colcon_core.shell:Creating environment hook '/home/said/Desktop/sobat/ROS2WorkSpace/install/sobat_interfaces/share/sobat_interfaces/hook/ld_library_path_lib.ps1'
[7.220s] INFO:colcon.colcon_core.shell:Creating environment descriptor '/home/said/Desktop/sobat/ROS2WorkSpace/install/sobat_interfaces/share/sobat_interfaces/hook/ld_library_path_lib.dsv'
[7.220s] INFO:colcon.colcon_core.shell:Creating environment hook '/home/said/Desktop/sobat/ROS2WorkSpace/install/sobat_interfaces/share/sobat_interfaces/hook/ld_library_path_lib.sh'
[7.221s] Level 1:colcon.colcon_core.environment:checking '/home/said/Desktop/sobat/ROS2WorkSpace/install/sobat_interfaces/bin'
[7.221s] Level 1:colcon.colcon_core.environment:checking '/home/said/Desktop/sobat/ROS2WorkSpace/install/sobat_interfaces/lib/pkgconfig/sobat_interfaces.pc'
[7.221s] Level 1:colcon.colcon_core.environment:checking '/home/said/Desktop/sobat/ROS2WorkSpace/install/sobat_interfaces/lib/python3.8/site-packages'
[7.221s] Level 1:colcon.colcon_core.shell:create_environment_hook('sobat_interfaces', 'pythonpath')
[7.293s] INFO:colcon.colcon_core.shell:Creating environment hook '/home/said/Desktop/sobat/ROS2WorkSpace/install/sobat_interfaces/share/sobat_interfaces/hook/pythonpath.ps1'
[7.293s] INFO:colcon.colcon_core.shell:Creating environment descriptor '/home/said/Desktop/sobat/ROS2WorkSpace/install/sobat_interfaces/share/sobat_interfaces/hook/pythonpath.dsv'
[7.293s] INFO:colcon.colcon_core.shell:Creating environment hook '/home/said/Desktop/sobat/ROS2WorkSpace/install/sobat_interfaces/share/sobat_interfaces/hook/pythonpath.sh'
[7.293s] Level 1:colcon.colcon_core.environment:checking '/home/said/Desktop/sobat/ROS2WorkSpace/install/sobat_interfaces/bin'
[7.368s] INFO:colcon.colcon_core.shell:Creating package script '/home/said/Desktop/sobat/ROS2WorkSpace/install/sobat_interfaces/share/sobat_interfaces/package.ps1'
[7.369s] INFO:colcon.colcon_core.shell:Creating package descriptor '/home/said/Desktop/sobat/ROS2WorkSpace/install/sobat_interfaces/share/sobat_interfaces/package.dsv'
[7.369s] INFO:colcon.colcon_core.shell:Creating package script '/home/said/Desktop/sobat/ROS2WorkSpace/install/sobat_interfaces/share/sobat_interfaces/package.sh'
[7.370s] INFO:colcon.colcon_core.shell:Creating package script '/home/said/Desktop/sobat/ROS2WorkSpace/install/sobat_interfaces/share/sobat_interfaces/package.bash'
[7.370s] INFO:colcon.colcon_core.shell:Creating package script '/home/said/Desktop/sobat/ROS2WorkSpace/install/sobat_interfaces/share/sobat_interfaces/package.zsh'
[7.371s] Level 1:colcon.colcon_core.environment:create_file_with_runtime_dependencies(/home/said/Desktop/sobat/ROS2WorkSpace/install/sobat_interfaces/share/colcon-core/packages/sobat_interfaces)
[7.378s] DEBUG:colcon.colcon_core.event_handler.log_command:Invoking command in '/home/said/Desktop/sobat/ROS2WorkSpace/src/torpido_gorev': PYTHONPATH=/home/said/Desktop/sobat/ROS2WorkSpace/build/torpido_gorev/prefix_override:/home/said/Desktop/sobat/ROS2WorkSpace/install/torpido_gorev/lib/python3.8/site-packages:${PYTHONPATH} /usr/bin/python3 setup.py egg_info --egg-base ../../build/torpido_gorev build --build-base /home/said/Desktop/sobat/ROS2WorkSpace/build/torpido_gorev/build install --record /home/said/Desktop/sobat/ROS2WorkSpace/build/torpido_gorev/install.log --install-scripts $base/lib/torpido_gorev --single-version-externally-managed
[7.380s] DEBUG:colcon.colcon_core.event_handler.log_command:Invoking command in '/home/said/Desktop/sobat/ROS2WorkSpace/src/kablo_gorev': PYTHONPATH=/home/said/Desktop/sobat/ROS2WorkSpace/build/kablo_gorev/prefix_override:/home/said/Desktop/sobat/ROS2WorkSpace/install/kablo_gorev/lib/python3.8/site-packages:${PYTHONPATH} /usr/bin/python3 setup.py egg_info --egg-base ../../build/kablo_gorev build --build-base /home/said/Desktop/sobat/ROS2WorkSpace/build/kablo_gorev/build install --record /home/said/Desktop/sobat/ROS2WorkSpace/build/kablo_gorev/install.log --install-scripts $base/lib/kablo_gorev --single-version-externally-managed
[7.477s] Level 1:colcon.colcon_core.environment:create_environment_scripts_only(sobat_interfaces)
[7.556s] Level 1:colcon.colcon_core.environment:checking '/home/said/Desktop/sobat/ROS2WorkSpace/install/sobat_interfaces' for CMake module files
[7.556s] Level 1:colcon.colcon_core.environment:checking '/home/said/Desktop/sobat/ROS2WorkSpace/install/sobat_interfaces' for CMake config files
[7.556s] Level 1:colcon.colcon_core.shell:create_environment_hook('sobat_interfaces', 'cmake_prefix_path')
[7.638s] INFO:colcon.colcon_core.shell:Creating environment hook '/home/said/Desktop/sobat/ROS2WorkSpace/install/sobat_interfaces/share/sobat_interfaces/hook/cmake_prefix_path.ps1'
[7.638s] INFO:colcon.colcon_core.shell:Creating environment descriptor '/home/said/Desktop/sobat/ROS2WorkSpace/install/sobat_interfaces/share/sobat_interfaces/hook/cmake_prefix_path.dsv'
[7.639s] INFO:colcon.colcon_core.shell:Creating environment hook '/home/said/Desktop/sobat/ROS2WorkSpace/install/sobat_interfaces/share/sobat_interfaces/hook/cmake_prefix_path.sh'
[7.639s] Level 1:colcon.colcon_core.environment:checking '/home/said/Desktop/sobat/ROS2WorkSpace/install/sobat_interfaces/lib'
[7.639s] Level 1:colcon.colcon_core.shell:create_environment_hook('sobat_interfaces', 'ld_library_path_lib')
[7.713s] INFO:colcon.colcon_core.shell:Creating environment hook '/home/said/Desktop/sobat/ROS2WorkSpace/install/sobat_interfaces/share/sobat_interfaces/hook/ld_library_path_lib.ps1'
[7.713s] INFO:colcon.colcon_core.shell:Creating environment descriptor '/home/said/Desktop/sobat/ROS2WorkSpace/install/sobat_interfaces/share/sobat_interfaces/hook/ld_library_path_lib.dsv'
[7.713s] INFO:colcon.colcon_core.shell:Creating environment hook '/home/said/Desktop/sobat/ROS2WorkSpace/install/sobat_interfaces/share/sobat_interfaces/hook/ld_library_path_lib.sh'
[7.714s] Level 1:colcon.colcon_core.environment:checking '/home/said/Desktop/sobat/ROS2WorkSpace/install/sobat_interfaces/bin'
[7.714s] Level 1:colcon.colcon_core.environment:checking '/home/said/Desktop/sobat/ROS2WorkSpace/install/sobat_interfaces/lib/pkgconfig/sobat_interfaces.pc'
[7.714s] Level 1:colcon.colcon_core.environment:checking '/home/said/Desktop/sobat/ROS2WorkSpace/install/sobat_interfaces/lib/python3.8/site-packages'
[7.714s] Level 1:colcon.colcon_core.shell:create_environment_hook('sobat_interfaces', 'pythonpath')
[7.788s] INFO:colcon.colcon_core.shell:Creating environment hook '/home/said/Desktop/sobat/ROS2WorkSpace/install/sobat_interfaces/share/sobat_interfaces/hook/pythonpath.ps1'
[7.788s] INFO:colcon.colcon_core.shell:Creating environment descriptor '/home/said/Desktop/sobat/ROS2WorkSpace/install/sobat_interfaces/share/sobat_interfaces/hook/pythonpath.dsv'
[7.789s] INFO:colcon.colcon_core.shell:Creating environment hook '/home/said/Desktop/sobat/ROS2WorkSpace/install/sobat_interfaces/share/sobat_interfaces/hook/pythonpath.sh'
[7.789s] Level 1:colcon.colcon_core.environment:checking '/home/said/Desktop/sobat/ROS2WorkSpace/install/sobat_interfaces/bin'
[7.863s] INFO:colcon.colcon_core.shell:Creating package script '/home/said/Desktop/sobat/ROS2WorkSpace/install/sobat_interfaces/share/sobat_interfaces/package.ps1'
[7.864s] INFO:colcon.colcon_core.shell:Creating package descriptor '/home/said/Desktop/sobat/ROS2WorkSpace/install/sobat_interfaces/share/sobat_interfaces/package.dsv'
[7.864s] INFO:colcon.colcon_core.shell:Creating package script '/home/said/Desktop/sobat/ROS2WorkSpace/install/sobat_interfaces/share/sobat_interfaces/package.sh'
[7.865s] INFO:colcon.colcon_core.shell:Creating package script '/home/said/Desktop/sobat/ROS2WorkSpace/install/sobat_interfaces/share/sobat_interfaces/package.bash'
[7.865s] INFO:colcon.colcon_core.shell:Creating package script '/home/said/Desktop/sobat/ROS2WorkSpace/install/sobat_interfaces/share/sobat_interfaces/package.zsh'
[7.865s] Level 1:colcon.colcon_core.environment:create_file_with_runtime_dependencies(/home/said/Desktop/sobat/ROS2WorkSpace/install/sobat_interfaces/share/colcon-core/packages/sobat_interfaces)
[7.866s] INFO:colcon.colcon_ros.task.ament_python.build:Building ROS package in '/home/said/Desktop/sobat/ROS2WorkSpace/src/halka_gorev' with build type 'ament_python'
[7.866s] Level 1:colcon.colcon_core.shell:create_environment_hook('halka_gorev', 'ament_prefix_path')
[7.943s] INFO:colcon.colcon_core.shell:Creating environment hook '/home/said/Desktop/sobat/ROS2WorkSpace/install/halka_gorev/share/halka_gorev/hook/ament_prefix_path.ps1'
[7.943s] INFO:colcon.colcon_core.shell:Creating environment descriptor '/home/said/Desktop/sobat/ROS2WorkSpace/install/halka_gorev/share/halka_gorev/hook/ament_prefix_path.dsv'
[7.944s] INFO:colcon.colcon_core.shell:Creating environment hook '/home/said/Desktop/sobat/ROS2WorkSpace/install/halka_gorev/share/halka_gorev/hook/ament_prefix_path.sh'
[8.016s] INFO:colcon.colcon_core.shell:Skip shell extension 'powershell' for command environment: Not usable outside of PowerShell
[8.016s] DEBUG:colcon.colcon_core.shell:Skip shell extension 'dsv' for command environment
[8.168s] DEBUG:colcon.colcon_core.event_handler.log_command:Invoked command in '/home/said/Desktop/sobat/ROS2WorkSpace/src/torpido_gorev' returned '0': PYTHONPATH=/home/said/Desktop/sobat/ROS2WorkSpace/build/torpido_gorev/prefix_override:/home/said/Desktop/sobat/ROS2WorkSpace/install/torpido_gorev/lib/python3.8/site-packages:${PYTHONPATH} /usr/bin/python3 setup.py egg_info --egg-base ../../build/torpido_gorev build --build-base /home/said/Desktop/sobat/ROS2WorkSpace/build/torpido_gorev/build install --record /home/said/Desktop/sobat/ROS2WorkSpace/build/torpido_gorev/install.log --install-scripts $base/lib/torpido_gorev --single-version-externally-managed
[8.243s] Level 1:colcon.colcon_core.environment:checking '/home/said/Desktop/sobat/ROS2WorkSpace/install/torpido_gorev' for CMake module files
[8.243s] Level 1:colcon.colcon_core.environment:checking '/home/said/Desktop/sobat/ROS2WorkSpace/install/torpido_gorev' for CMake config files
[8.244s] Level 1:colcon.colcon_core.environment:checking '/home/said/Desktop/sobat/ROS2WorkSpace/install/torpido_gorev/lib'
[8.244s] Level 1:colcon.colcon_core.environment:checking '/home/said/Desktop/sobat/ROS2WorkSpace/install/torpido_gorev/bin'
[8.244s] Level 1:colcon.colcon_core.environment:checking '/home/said/Desktop/sobat/ROS2WorkSpace/install/torpido_gorev/lib/pkgconfig/torpido_gorev.pc'
[8.244s] Level 1:colcon.colcon_core.environment:checking '/home/said/Desktop/sobat/ROS2WorkSpace/install/torpido_gorev/lib/python3.8/site-packages'
[8.244s] Level 1:colcon.colcon_core.shell:create_environment_hook('torpido_gorev', 'pythonpath')
[8.316s] INFO:colcon.colcon_core.shell:Creating environment hook '/home/said/Desktop/sobat/ROS2WorkSpace/install/torpido_gorev/share/torpido_gorev/hook/pythonpath.ps1'
[8.316s] INFO:colcon.colcon_core.shell:Creating environment descriptor '/home/said/Desktop/sobat/ROS2WorkSpace/install/torpido_gorev/share/torpido_gorev/hook/pythonpath.dsv'
[8.316s] INFO:colcon.colcon_core.shell:Creating environment hook '/home/said/Desktop/sobat/ROS2WorkSpace/install/torpido_gorev/share/torpido_gorev/hook/pythonpath.sh'
[8.317s] Level 1:colcon.colcon_core.environment:checking '/home/said/Desktop/sobat/ROS2WorkSpace/install/torpido_gorev/bin'
[8.317s] Level 1:colcon.colcon_core.environment:create_environment_scripts_only(torpido_gorev)
[8.390s] INFO:colcon.colcon_core.shell:Creating package script '/home/said/Desktop/sobat/ROS2WorkSpace/install/torpido_gorev/share/torpido_gorev/package.ps1'
[8.391s] INFO:colcon.colcon_core.shell:Creating package descriptor '/home/said/Desktop/sobat/ROS2WorkSpace/install/torpido_gorev/share/torpido_gorev/package.dsv'
[8.391s] INFO:colcon.colcon_core.shell:Creating package script '/home/said/Desktop/sobat/ROS2WorkSpace/install/torpido_gorev/share/torpido_gorev/package.sh'
[8.391s] INFO:colcon.colcon_core.shell:Creating package script '/home/said/Desktop/sobat/ROS2WorkSpace/install/torpido_gorev/share/torpido_gorev/package.bash'
[8.391s] INFO:colcon.colcon_core.shell:Creating package script '/home/said/Desktop/sobat/ROS2WorkSpace/install/torpido_gorev/share/torpido_gorev/package.zsh'
[8.392s] Level 1:colcon.colcon_core.environment:create_file_with_runtime_dependencies(/home/said/Desktop/sobat/ROS2WorkSpace/install/torpido_gorev/share/colcon-core/packages/torpido_gorev)
[8.393s] DEBUG:colcon.colcon_core.event_handler.log_command:Invoked command in '/home/said/Desktop/sobat/ROS2WorkSpace/src/kablo_gorev' returned '0': PYTHONPATH=/home/said/Desktop/sobat/ROS2WorkSpace/build/kablo_gorev/prefix_override:/home/said/Desktop/sobat/ROS2WorkSpace/install/kablo_gorev/lib/python3.8/site-packages:${PYTHONPATH} /usr/bin/python3 setup.py egg_info --egg-base ../../build/kablo_gorev build --build-base /home/said/Desktop/sobat/ROS2WorkSpace/build/kablo_gorev/build install --record /home/said/Desktop/sobat/ROS2WorkSpace/build/kablo_gorev/install.log --install-scripts $base/lib/kablo_gorev --single-version-externally-managed
[8.470s] Level 1:colcon.colcon_core.environment:checking '/home/said/Desktop/sobat/ROS2WorkSpace/install/kablo_gorev' for CMake module files
[8.471s] Level 1:colcon.colcon_core.environment:checking '/home/said/Desktop/sobat/ROS2WorkSpace/install/kablo_gorev' for CMake config files
[8.471s] Level 1:colcon.colcon_core.environment:checking '/home/said/Desktop/sobat/ROS2WorkSpace/install/kablo_gorev/lib'
[8.471s] Level 1:colcon.colcon_core.environment:checking '/home/said/Desktop/sobat/ROS2WorkSpace/install/kablo_gorev/bin'
[8.471s] Level 1:colcon.colcon_core.environment:checking '/home/said/Desktop/sobat/ROS2WorkSpace/install/kablo_gorev/lib/pkgconfig/kablo_gorev.pc'
[8.471s] Level 1:colcon.colcon_core.environment:checking '/home/said/Desktop/sobat/ROS2WorkSpace/install/kablo_gorev/lib/python3.8/site-packages'
[8.471s] Level 1:colcon.colcon_core.shell:create_environment_hook('kablo_gorev', 'pythonpath')
[8.546s] INFO:colcon.colcon_core.shell:Creating environment hook '/home/said/Desktop/sobat/ROS2WorkSpace/install/kablo_gorev/share/kablo_gorev/hook/pythonpath.ps1'
[8.546s] INFO:colcon.colcon_core.shell:Creating environment descriptor '/home/said/Desktop/sobat/ROS2WorkSpace/install/kablo_gorev/share/kablo_gorev/hook/pythonpath.dsv'
[8.546s] INFO:colcon.colcon_core.shell:Creating environment hook '/home/said/Desktop/sobat/ROS2WorkSpace/install/kablo_gorev/share/kablo_gorev/hook/pythonpath.sh'
[8.547s] Level 1:colcon.colcon_core.environment:checking '/home/said/Desktop/sobat/ROS2WorkSpace/install/kablo_gorev/bin'
[8.547s] Level 1:colcon.colcon_core.environment:create_environment_scripts_only(kablo_gorev)
[8.619s] INFO:colcon.colcon_core.shell:Creating package script '/home/said/Desktop/sobat/ROS2WorkSpace/install/kablo_gorev/share/kablo_gorev/package.ps1'
[8.620s] INFO:colcon.colcon_core.shell:Creating package descriptor '/home/said/Desktop/sobat/ROS2WorkSpace/install/kablo_gorev/share/kablo_gorev/package.dsv'
[8.620s] INFO:colcon.colcon_core.shell:Creating package script '/home/said/Desktop/sobat/ROS2WorkSpace/install/kablo_gorev/share/kablo_gorev/package.sh'
[8.621s] INFO:colcon.colcon_core.shell:Creating package script '/home/said/Desktop/sobat/ROS2WorkSpace/install/kablo_gorev/share/kablo_gorev/package.bash'
[8.621s] INFO:colcon.colcon_core.shell:Creating package script '/home/said/Desktop/sobat/ROS2WorkSpace/install/kablo_gorev/share/kablo_gorev/package.zsh'
[8.621s] Level 1:colcon.colcon_core.environment:create_file_with_runtime_dependencies(/home/said/Desktop/sobat/ROS2WorkSpace/install/kablo_gorev/share/colcon-core/packages/kablo_gorev)
[8.788s] INFO:colcon.colcon_core.task.python.build:Building Python package in '/home/said/Desktop/sobat/ROS2WorkSpace/src/halka_gorev'
[8.863s] INFO:colcon.colcon_core.shell:Skip shell extension 'powershell' for command environment: Not usable outside of PowerShell
[8.863s] DEBUG:colcon.colcon_core.shell:Skip shell extension 'dsv' for command environment
[9.294s] DEBUG:colcon.colcon_core.event_handler.log_command:Invoking command in '/home/said/Desktop/sobat/ROS2WorkSpace/src/halka_gorev': AMENT_PREFIX_PATH=/home/said/Desktop/sobat/ROS2WorkSpace/install/sobat_interfaces:${AMENT_PREFIX_PATH} CMAKE_PREFIX_PATH=/home/said/Desktop/sobat/ROS2WorkSpace/install/sobat_interfaces LD_LIBRARY_PATH=/home/said/Desktop/sobat/ROS2WorkSpace/install/sobat_interfaces/lib:${LD_LIBRARY_PATH} PYTHONPATH=/home/said/Desktop/sobat/ROS2WorkSpace/build/halka_gorev/prefix_override:/home/said/Desktop/sobat/ROS2WorkSpace/install/halka_gorev/lib/python3.8/site-packages:/home/said/Desktop/sobat/ROS2WorkSpace/install/sobat_interfaces/lib/python3.8/site-packages:${PYTHONPATH} /usr/bin/python3 setup.py egg_info --egg-base ../../build/halka_gorev build --build-base /home/said/Desktop/sobat/ROS2WorkSpace/build/halka_gorev/build install --record /home/said/Desktop/sobat/ROS2WorkSpace/build/halka_gorev/install.log --install-scripts $base/lib/halka_gorev --single-version-externally-managed
[9.510s] DEBUG:colcon.colcon_core.event_handler.log_command:Invoked command in '/home/said/Desktop/sobat/ROS2WorkSpace/src/halka_gorev' returned '0': AMENT_PREFIX_PATH=/home/said/Desktop/sobat/ROS2WorkSpace/install/sobat_interfaces:${AMENT_PREFIX_PATH} CMAKE_PREFIX_PATH=/home/said/Desktop/sobat/ROS2WorkSpace/install/sobat_interfaces LD_LIBRARY_PATH=/home/said/Desktop/sobat/ROS2WorkSpace/install/sobat_interfaces/lib:${LD_LIBRARY_PATH} PYTHONPATH=/home/said/Desktop/sobat/ROS2WorkSpace/build/halka_gorev/prefix_override:/home/said/Desktop/sobat/ROS2WorkSpace/install/halka_gorev/lib/python3.8/site-packages:/home/said/Desktop/sobat/ROS2WorkSpace/install/sobat_interfaces/lib/python3.8/site-packages:${PYTHONPATH} /usr/bin/python3 setup.py egg_info --egg-base ../../build/halka_gorev build --build-base /home/said/Desktop/sobat/ROS2WorkSpace/build/halka_gorev/build install --record /home/said/Desktop/sobat/ROS2WorkSpace/build/halka_gorev/install.log --install-scripts $base/lib/halka_gorev --single-version-externally-managed
[9.585s] Level 1:colcon.colcon_core.environment:checking '/home/said/Desktop/sobat/ROS2WorkSpace/install/halka_gorev' for CMake module files
[9.585s] Level 1:colcon.colcon_core.environment:checking '/home/said/Desktop/sobat/ROS2WorkSpace/install/halka_gorev' for CMake config files
[9.585s] Level 1:colcon.colcon_core.environment:checking '/home/said/Desktop/sobat/ROS2WorkSpace/install/halka_gorev/lib'
[9.585s] Level 1:colcon.colcon_core.environment:checking '/home/said/Desktop/sobat/ROS2WorkSpace/install/halka_gorev/bin'
[9.585s] Level 1:colcon.colcon_core.environment:checking '/home/said/Desktop/sobat/ROS2WorkSpace/install/halka_gorev/lib/pkgconfig/halka_gorev.pc'
[9.586s] Level 1:colcon.colcon_core.environment:checking '/home/said/Desktop/sobat/ROS2WorkSpace/install/halka_gorev/lib/python3.8/site-packages'
[9.586s] Level 1:colcon.colcon_core.shell:create_environment_hook('halka_gorev', 'pythonpath')
[9.660s] INFO:colcon.colcon_core.shell:Creating environment hook '/home/said/Desktop/sobat/ROS2WorkSpace/install/halka_gorev/share/halka_gorev/hook/pythonpath.ps1'
[9.660s] INFO:colcon.colcon_core.shell:Creating environment descriptor '/home/said/Desktop/sobat/ROS2WorkSpace/install/halka_gorev/share/halka_gorev/hook/pythonpath.dsv'
[9.660s] INFO:colcon.colcon_core.shell:Creating environment hook '/home/said/Desktop/sobat/ROS2WorkSpace/install/halka_gorev/share/halka_gorev/hook/pythonpath.sh'
[9.661s] Level 1:colcon.colcon_core.environment:checking '/home/said/Desktop/sobat/ROS2WorkSpace/install/halka_gorev/bin'
[9.661s] Level 1:colcon.colcon_core.environment:create_environment_scripts_only(halka_gorev)
[9.734s] INFO:colcon.colcon_core.shell:Creating package script '/home/said/Desktop/sobat/ROS2WorkSpace/install/halka_gorev/share/halka_gorev/package.ps1'
[9.735s] INFO:colcon.colcon_core.shell:Creating package descriptor '/home/said/Desktop/sobat/ROS2WorkSpace/install/halka_gorev/share/halka_gorev/package.dsv'
[9.735s] INFO:colcon.colcon_core.shell:Creating package script '/home/said/Desktop/sobat/ROS2WorkSpace/install/halka_gorev/share/halka_gorev/package.sh'
[9.735s] INFO:colcon.colcon_core.shell:Creating package script '/home/said/Desktop/sobat/ROS2WorkSpace/install/halka_gorev/share/halka_gorev/package.bash'
[9.736s] INFO:colcon.colcon_core.shell:Creating package script '/home/said/Desktop/sobat/ROS2WorkSpace/install/halka_gorev/share/halka_gorev/package.zsh'
[9.736s] Level 1:colcon.colcon_core.environment:create_file_with_runtime_dependencies(/home/said/Desktop/sobat/ROS2WorkSpace/install/halka_gorev/share/colcon-core/packages/halka_gorev)
[9.736s] DEBUG:colcon.colcon_parallel_executor.executor.parallel:closing loop
[9.737s] DEBUG:colcon.colcon_parallel_executor.executor.parallel:loop closed
[9.737s] DEBUG:colcon.colcon_parallel_executor.executor.parallel:run_until_complete finished with '0'
[9.737s] DEBUG:colcon.colcon_core.event_reactor:joining thread
[9.815s] INFO:colcon.colcon_core.plugin_system:Skipping extension 'colcon_notification.desktop_notification.terminal_notifier': Not used on non-Darwin systems
[9.815s] INFO:colcon.colcon_core.plugin_system:Skipping extension 'colcon_notification.desktop_notification.win32': Not used on non-Windows systems
[9.815s] INFO:colcon.colcon_notification.desktop_notification:Sending desktop notification using 'notify2'
[9.826s] DEBUG:colcon.colcon_core.event_reactor:joined thread
[9.900s] INFO:colcon.colcon_core.shell:Creating prefix script '/home/said/Desktop/sobat/ROS2WorkSpace/install/local_setup.ps1'
[9.901s] INFO:colcon.colcon_core.shell:Creating prefix util module '/home/said/Desktop/sobat/ROS2WorkSpace/install/_local_setup_util_ps1.py'
[9.902s] INFO:colcon.colcon_core.shell:Creating prefix chain script '/home/said/Desktop/sobat/ROS2WorkSpace/install/setup.ps1'
[9.975s] INFO:colcon.colcon_core.shell:Creating prefix script '/home/said/Desktop/sobat/ROS2WorkSpace/install/local_setup.sh'
[9.975s] INFO:colcon.colcon_core.shell:Creating prefix util module '/home/said/Desktop/sobat/ROS2WorkSpace/install/_local_setup_util_sh.py'
[9.976s] INFO:colcon.colcon_core.shell:Creating prefix chain script '/home/said/Desktop/sobat/ROS2WorkSpace/install/setup.sh'
[10.047s] INFO:colcon.colcon_core.shell:Creating prefix script '/home/said/Desktop/sobat/ROS2WorkSpace/install/local_setup.bash'
[10.047s] INFO:colcon.colcon_core.shell:Creating prefix chain script '/home/said/Desktop/sobat/ROS2WorkSpace/install/setup.bash'
[10.118s] INFO:colcon.colcon_core.shell:Creating prefix script '/home/said/Desktop/sobat/ROS2WorkSpace/install/local_setup.zsh'
[10.118s] INFO:colcon.colcon_core.shell:Creating prefix chain script '/home/said/Desktop/sobat/ROS2WorkSpace/install/setup.zsh'
