[2.505s] Invoking command in '/home/said/Desktop/sobat/ROS2WorkSpace/build/kablo_gorev': AMENT_PREFIX_PATH=/home/said/Desktop/sobat/ROS2WorkSpace/install/motor_kontrol:/home/said/Desktop/sobat/ROS2WorkSpace/install/torpido_gorev:/home/said/Desktop/sobat/ROS2WorkSpace/install/kablo_gorev:/home/said/Desktop/sobat/ROS2WorkSpace/install/halka_gorev:/home/said/Desktop/sobat/ROS2WorkSpace/install/sobat_interfaces:/opt/ros/foxy PYTHONPATH=/home/said/Desktop/sobat/ROS2WorkSpace/build/kablo_gorev/prefix_override:/home/said/Desktop/sobat/ROS2WorkSpace/install/kablo_gorev/lib/python3.8/site-packages:/home/said/Desktop/sobat/ROS2WorkSpace/install/motor_kontrol/lib/python3.8/site-packages:/home/said/Desktop/sobat/ROS2WorkSpace/install/sobat_interfaces/lib/python3.8/site-packages:/home/said/Desktop/sobat/ROS2WorkSpace/build/torpido_gorev:/home/said/Desktop/sobat/ROS2WorkSpace/install/torpido_gorev/lib/python3.8/site-packages:/home/said/Desktop/sobat/ROS2WorkSpace/build/kablo_gorev:/home/said/Desktop/sobat/ROS2WorkSpace/install/kablo_gorev/lib/python3.8/site-packages:/home/said/Desktop/sobat/ROS2WorkSpace/build/halka_gorev:/home/said/Desktop/sobat/ROS2WorkSpace/install/halka_gorev/lib/python3.8/site-packages:/opt/ros/foxy/lib/python3.8/site-packages /usr/bin/python3 setup.py develop --uninstall --editable --build-directory /home/said/Desktop/sobat/ROS2WorkSpace/build/kablo_gorev/build
[2.680s] running develop
[2.784s] Removing /home/said/Desktop/sobat/ROS2WorkSpace/install/kablo_gorev/lib/python3.8/site-packages/kablo-gorev.egg-link (link to .)
[2.804s] Invoked command in '/home/said/Desktop/sobat/ROS2WorkSpace/build/kablo_gorev' returned '0': AMENT_PREFIX_PATH=/home/said/Desktop/sobat/ROS2WorkSpace/install/motor_kontrol:/home/said/Desktop/sobat/ROS2WorkSpace/install/torpido_gorev:/home/said/Desktop/sobat/ROS2WorkSpace/install/kablo_gorev:/home/said/Desktop/sobat/ROS2WorkSpace/install/halka_gorev:/home/said/Desktop/sobat/ROS2WorkSpace/install/sobat_interfaces:/opt/ros/foxy PYTHONPATH=/home/said/Desktop/sobat/ROS2WorkSpace/build/kablo_gorev/prefix_override:/home/said/Desktop/sobat/ROS2WorkSpace/install/kablo_gorev/lib/python3.8/site-packages:/home/said/Desktop/sobat/ROS2WorkSpace/install/motor_kontrol/lib/python3.8/site-packages:/home/said/Desktop/sobat/ROS2WorkSpace/install/sobat_interfaces/lib/python3.8/site-packages:/home/said/Desktop/sobat/ROS2WorkSpace/build/torpido_gorev:/home/said/Desktop/sobat/ROS2WorkSpace/install/torpido_gorev/lib/python3.8/site-packages:/home/said/Desktop/sobat/ROS2WorkSpace/build/kablo_gorev:/home/said/Desktop/sobat/ROS2WorkSpace/install/kablo_gorev/lib/python3.8/site-packages:/home/said/Desktop/sobat/ROS2WorkSpace/build/halka_gorev:/home/said/Desktop/sobat/ROS2WorkSpace/install/halka_gorev/lib/python3.8/site-packages:/opt/ros/foxy/lib/python3.8/site-packages /usr/bin/python3 setup.py develop --uninstall --editable --build-directory /home/said/Desktop/sobat/ROS2WorkSpace/build/kablo_gorev/build
[2.806s] Invoking command in '/home/said/Desktop/sobat/ROS2WorkSpace/src/kablo_gorev': AMENT_PREFIX_PATH=/home/said/Desktop/sobat/ROS2WorkSpace/install/motor_kontrol:/home/said/Desktop/sobat/ROS2WorkSpace/install/torpido_gorev:/home/said/Desktop/sobat/ROS2WorkSpace/install/kablo_gorev:/home/said/Desktop/sobat/ROS2WorkSpace/install/halka_gorev:/home/said/Desktop/sobat/ROS2WorkSpace/install/sobat_interfaces:/opt/ros/foxy PYTHONPATH=/home/said/Desktop/sobat/ROS2WorkSpace/build/kablo_gorev/prefix_override:/home/said/Desktop/sobat/ROS2WorkSpace/install/kablo_gorev/lib/python3.8/site-packages:/home/said/Desktop/sobat/ROS2WorkSpace/install/motor_kontrol/lib/python3.8/site-packages:/home/said/Desktop/sobat/ROS2WorkSpace/install/sobat_interfaces/lib/python3.8/site-packages:/home/said/Desktop/sobat/ROS2WorkSpace/build/torpido_gorev:/home/said/Desktop/sobat/ROS2WorkSpace/install/torpido_gorev/lib/python3.8/site-packages:/home/said/Desktop/sobat/ROS2WorkSpace/build/kablo_gorev:/home/said/Desktop/sobat/ROS2WorkSpace/install/kablo_gorev/lib/python3.8/site-packages:/home/said/Desktop/sobat/ROS2WorkSpace/build/halka_gorev:/home/said/Desktop/sobat/ROS2WorkSpace/install/halka_gorev/lib/python3.8/site-packages:/opt/ros/foxy/lib/python3.8/site-packages /usr/bin/python3 setup.py egg_info --egg-base ../../build/kablo_gorev build --build-base /home/said/Desktop/sobat/ROS2WorkSpace/build/kablo_gorev/build install --record /home/said/Desktop/sobat/ROS2WorkSpace/build/kablo_gorev/install.log --install-scripts $base/lib/kablo_gorev --single-version-externally-managed
[2.972s] running egg_info
[2.972s] writing ../../build/kablo_gorev/kablo_gorev.egg-info/PKG-INFO
[2.973s] writing dependency_links to ../../build/kablo_gorev/kablo_gorev.egg-info/dependency_links.txt
[2.973s] writing entry points to ../../build/kablo_gorev/kablo_gorev.egg-info/entry_points.txt
[2.973s] writing requirements to ../../build/kablo_gorev/kablo_gorev.egg-info/requires.txt
[2.973s] writing top-level names to ../../build/kablo_gorev/kablo_gorev.egg-info/top_level.txt
[3.000s] reading manifest file '../../build/kablo_gorev/kablo_gorev.egg-info/SOURCES.txt'
[3.001s] writing manifest file '../../build/kablo_gorev/kablo_gorev.egg-info/SOURCES.txt'
[3.001s] running build
[3.001s] running build_py
[3.002s] running install
[3.002s] running install_lib
[3.003s] creating /home/said/Desktop/sobat/ROS2WorkSpace/install/kablo_gorev/lib/python3.8/site-packages/kablo_gorev
[3.003s] copying /home/said/Desktop/sobat/ROS2WorkSpace/build/kablo_gorev/build/lib/kablo_gorev/__init__.py -> /home/said/Desktop/sobat/ROS2WorkSpace/install/kablo_gorev/lib/python3.8/site-packages/kablo_gorev
[3.004s] byte-compiling /home/said/Desktop/sobat/ROS2WorkSpace/install/kablo_gorev/lib/python3.8/site-packages/kablo_gorev/__init__.py to __init__.cpython-38.pyc
[3.004s] running install_data
[3.005s] running install_egg_info
[3.006s] Copying ../../build/kablo_gorev/kablo_gorev.egg-info to /home/said/Desktop/sobat/ROS2WorkSpace/install/kablo_gorev/lib/python3.8/site-packages/kablo_gorev-0.0.0-py3.8.egg-info
[3.007s] running install_scripts
[3.021s] writing list of installed files to '/home/said/Desktop/sobat/ROS2WorkSpace/build/kablo_gorev/install.log'
[3.254s] Invoked command in '/home/said/Desktop/sobat/ROS2WorkSpace/src/kablo_gorev' returned '0': AMENT_PREFIX_PATH=/home/said/Desktop/sobat/ROS2WorkSpace/install/motor_kontrol:/home/said/Desktop/sobat/ROS2WorkSpace/install/torpido_gorev:/home/said/Desktop/sobat/ROS2WorkSpace/install/kablo_gorev:/home/said/Desktop/sobat/ROS2WorkSpace/install/halka_gorev:/home/said/Desktop/sobat/ROS2WorkSpace/install/sobat_interfaces:/opt/ros/foxy PYTHONPATH=/home/said/Desktop/sobat/ROS2WorkSpace/build/kablo_gorev/prefix_override:/home/said/Desktop/sobat/ROS2WorkSpace/install/kablo_gorev/lib/python3.8/site-packages:/home/said/Desktop/sobat/ROS2WorkSpace/install/motor_kontrol/lib/python3.8/site-packages:/home/said/Desktop/sobat/ROS2WorkSpace/install/sobat_interfaces/lib/python3.8/site-packages:/home/said/Desktop/sobat/ROS2WorkSpace/build/torpido_gorev:/home/said/Desktop/sobat/ROS2WorkSpace/install/torpido_gorev/lib/python3.8/site-packages:/home/said/Desktop/sobat/ROS2WorkSpace/build/kablo_gorev:/home/said/Desktop/sobat/ROS2WorkSpace/install/kablo_gorev/lib/python3.8/site-packages:/home/said/Desktop/sobat/ROS2WorkSpace/build/halka_gorev:/home/said/Desktop/sobat/ROS2WorkSpace/install/halka_gorev/lib/python3.8/site-packages:/opt/ros/foxy/lib/python3.8/site-packages /usr/bin/python3 setup.py egg_info --egg-base ../../build/kablo_gorev build --build-base /home/said/Desktop/sobat/ROS2WorkSpace/build/kablo_gorev/build install --record /home/said/Desktop/sobat/ROS2WorkSpace/build/kablo_gorev/install.log --install-scripts $base/lib/kablo_gorev --single-version-externally-managed
