-- The C compiler identification is GNU 11.4.0
-- The CXX compiler identification is GNU 11.4.0
-- Detecting C compiler ABI info
-- Detecting C compiler ABI info - done
-- Check for working C compiler: /usr/bin/cc - skipped
-- Detecting C compile features
-- Detecting C compile features - done
-- Detecting CXX compiler ABI info
-- Detecting CXX compiler ABI info - done
-- Check for working CXX compiler: /usr/bin/c++ - skipped
-- Detecting CXX compile features
-- Detecting CXX compile features - done
-- Found ament_cmake: 1.3.7 (/opt/ros/humble/share/ament_cmake/cmake)
-- Found Python3: /usr/bin/python3.10 (found version "3.10.12") found components: Interpreter 
-- Found ament_lint_auto: 0.12.10 (/opt/ros/humble/share/ament_lint_auto/cmake)
-- Added test 'lint_cmake' to check CMake code style
-- Added test 'xmllint' to check XML markup files
-- Configuring done
-- Generating done
-- Build files have been written to: /home/said/Desktop/rosWS/build/gnnss_data
-- Install configuration: ""
-- Installing: /home/said/Desktop/rosWS/install/gnnss_data/share/ament_index/resource_index/package_run_dependencies/gnnss_data
-- Installing: /home/said/Desktop/rosWS/install/gnnss_data/share/ament_index/resource_index/parent_prefix_path/gnnss_data
-- Installing: /home/said/Desktop/rosWS/install/gnnss_data/share/gnnss_data/environment/ament_prefix_path.sh
-- Installing: /home/said/Desktop/rosWS/install/gnnss_data/share/gnnss_data/environment/ament_prefix_path.dsv
-- Installing: /home/said/Desktop/rosWS/install/gnnss_data/share/gnnss_data/environment/path.sh
-- Installing: /home/said/Desktop/rosWS/install/gnnss_data/share/gnnss_data/environment/path.dsv
-- Installing: /home/said/Desktop/rosWS/install/gnnss_data/share/gnnss_data/local_setup.bash
-- Installing: /home/said/Desktop/rosWS/install/gnnss_data/share/gnnss_data/local_setup.sh
-- Installing: /home/said/Desktop/rosWS/install/gnnss_data/share/gnnss_data/local_setup.zsh
-- Installing: /home/said/Desktop/rosWS/install/gnnss_data/share/gnnss_data/local_setup.dsv
-- Installing: /home/said/Desktop/rosWS/install/gnnss_data/share/gnnss_data/package.dsv
-- Installing: /home/said/Desktop/rosWS/install/gnnss_data/share/ament_index/resource_index/packages/gnnss_data
-- Installing: /home/said/Desktop/rosWS/install/gnnss_data/share/gnnss_data/cmake/gnnss_dataConfig.cmake
-- Installing: /home/said/Desktop/rosWS/install/gnnss_data/share/gnnss_data/cmake/gnnss_dataConfig-version.cmake
-- Installing: /home/said/Desktop/rosWS/install/gnnss_data/share/gnnss_data/package.xml
