[0.041s] Invoking command in '/home/said/Desktop/rosWS/build/gnnss_data': CMAKE_PREFIX_PATH=/opt/ros/humble /usr/bin/cmake /home/said/Desktop/rosWS/src/gnnss_data -DCMAKE_INSTALL_PREFIX=/home/said/Desktop/rosWS/install/gnnss_data
[0.161s] -- The C compiler identification is GNU 11.4.0
[0.259s] -- The CXX compiler identification is GNU 11.4.0
[0.268s] -- Detecting C compiler ABI info
[0.324s] -- Detecting C compiler ABI info - done
[0.330s] -- Check for working C compiler: /usr/bin/cc - skipped
[0.330s] -- Detecting C compile features
[0.331s] -- Detecting C compile features - done
[0.334s] -- Detecting CXX compiler ABI info
[0.393s] -- Detecting CXX compiler ABI info - done
[0.399s] -- Check for working CXX compiler: /usr/bin/c++ - skipped
[0.399s] -- Detecting CXX compile features
[0.400s] -- Detecting CXX compile features - done
[0.401s] -- Found ament_cmake: 1.3.7 (/opt/ros/humble/share/ament_cmake/cmake)
[0.541s] -- Found Python3: /usr/bin/python3.10 (found version "3.10.12") found components: Interpreter 
[0.607s] -- Found ament_lint_auto: 0.12.10 (/opt/ros/humble/share/ament_lint_auto/cmake)
[0.675s] -- Added test 'lint_cmake' to check CMake code style
[0.676s] -- Added test 'xmllint' to check XML markup files
[0.677s] -- Configuring done
[0.679s] -- Generating done
[0.679s] -- Build files have been written to: /home/said/Desktop/rosWS/build/gnnss_data
[0.683s] Invoked command in '/home/said/Desktop/rosWS/build/gnnss_data' returned '0': CMAKE_PREFIX_PATH=/opt/ros/humble /usr/bin/cmake /home/said/Desktop/rosWS/src/gnnss_data -DCMAKE_INSTALL_PREFIX=/home/said/Desktop/rosWS/install/gnnss_data
[0.685s] Invoking command in '/home/said/Desktop/rosWS/build/gnnss_data': CMAKE_PREFIX_PATH=/opt/ros/humble /usr/bin/cmake --build /home/said/Desktop/rosWS/build/gnnss_data -- -j8 -l8
[0.717s] Invoked command in '/home/said/Desktop/rosWS/build/gnnss_data' returned '0': CMAKE_PREFIX_PATH=/opt/ros/humble /usr/bin/cmake --build /home/said/Desktop/rosWS/build/gnnss_data -- -j8 -l8
[0.740s] Invoking command in '/home/said/Desktop/rosWS/build/gnnss_data': CMAKE_PREFIX_PATH=/opt/ros/humble /usr/bin/cmake --install /home/said/Desktop/rosWS/build/gnnss_data
[0.746s] -- Install configuration: ""
[0.746s] -- Installing: /home/said/Desktop/rosWS/install/gnnss_data/share/ament_index/resource_index/package_run_dependencies/gnnss_data
[0.746s] -- Installing: /home/said/Desktop/rosWS/install/gnnss_data/share/ament_index/resource_index/parent_prefix_path/gnnss_data
[0.746s] -- Installing: /home/said/Desktop/rosWS/install/gnnss_data/share/gnnss_data/environment/ament_prefix_path.sh
[0.746s] -- Installing: /home/said/Desktop/rosWS/install/gnnss_data/share/gnnss_data/environment/ament_prefix_path.dsv
[0.746s] -- Installing: /home/said/Desktop/rosWS/install/gnnss_data/share/gnnss_data/environment/path.sh
[0.746s] -- Installing: /home/said/Desktop/rosWS/install/gnnss_data/share/gnnss_data/environment/path.dsv
[0.747s] -- Installing: /home/said/Desktop/rosWS/install/gnnss_data/share/gnnss_data/local_setup.bash
[0.747s] -- Installing: /home/said/Desktop/rosWS/install/gnnss_data/share/gnnss_data/local_setup.sh
[0.747s] -- Installing: /home/said/Desktop/rosWS/install/gnnss_data/share/gnnss_data/local_setup.zsh
[0.747s] -- Installing: /home/said/Desktop/rosWS/install/gnnss_data/share/gnnss_data/local_setup.dsv
[0.747s] -- Installing: /home/said/Desktop/rosWS/install/gnnss_data/share/gnnss_data/package.dsv
[0.747s] -- Installing: /home/said/Desktop/rosWS/install/gnnss_data/share/ament_index/resource_index/packages/gnnss_data
[0.747s] -- Installing: /home/said/Desktop/rosWS/install/gnnss_data/share/gnnss_data/cmake/gnnss_dataConfig.cmake
[0.747s] -- Installing: /home/said/Desktop/rosWS/install/gnnss_data/share/gnnss_data/cmake/gnnss_dataConfig-version.cmake
[0.747s] -- Installing: /home/said/Desktop/rosWS/install/gnnss_data/share/gnnss_data/package.xml
[0.749s] Invoked command in '/home/said/Desktop/rosWS/build/gnnss_data' returned '0': CMAKE_PREFIX_PATH=/opt/ros/humble /usr/bin/cmake --install /home/said/Desktop/rosWS/build/gnnss_data
