[1.092s] Invoking command in '/home/said/Desktop/sobat/ROS2WorkSpace/src/torpido_gorev': PYTHONPATH=/home/said/Desktop/sobat/ROS2WorkSpace/src/build/torpido_gorev/prefix_override:/home/said/Desktop/sobat/ROS2WorkSpace/src/install/torpido_gorev/lib/python3.10/site-packages:${PYTHONPATH} /usr/bin/python3 setup.py egg_info --egg-base ../build/torpido_gorev build --build-base /home/said/Desktop/sobat/ROS2WorkSpace/src/build/torpido_gorev/build install --record /home/said/Desktop/sobat/ROS2WorkSpace/src/build/torpido_gorev/install.log --single-version-externally-managed
[1.295s] running egg_info
[1.296s] creating ../build/torpido_gorev/torpido_gorev.egg-info
[1.296s] writing ../build/torpido_gorev/torpido_gorev.egg-info/PKG-INFO
[1.296s] writing dependency_links to ../build/torpido_gorev/torpido_gorev.egg-info/dependency_links.txt
[1.296s] writing entry points to ../build/torpido_gorev/torpido_gorev.egg-info/entry_points.txt
[1.297s] writing requirements to ../build/torpido_gorev/torpido_gorev.egg-info/requires.txt
[1.297s] writing top-level names to ../build/torpido_gorev/torpido_gorev.egg-info/top_level.txt
[1.297s] writing manifest file '../build/torpido_gorev/torpido_gorev.egg-info/SOURCES.txt'
[1.298s] reading manifest file '../build/torpido_gorev/torpido_gorev.egg-info/SOURCES.txt'
[1.299s] writing manifest file '../build/torpido_gorev/torpido_gorev.egg-info/SOURCES.txt'
[1.299s] running build
[1.299s] running build_py
[1.299s] creating /home/said/Desktop/sobat/ROS2WorkSpace/src/build/torpido_gorev/build
[1.299s] creating /home/said/Desktop/sobat/ROS2WorkSpace/src/build/torpido_gorev/build/lib
[1.299s] creating /home/said/Desktop/sobat/ROS2WorkSpace/src/build/torpido_gorev/build/lib/torpido_gorev
[1.300s] copying torpido_gorev/__init__.py -> /home/said/Desktop/sobat/ROS2WorkSpace/src/build/torpido_gorev/build/lib/torpido_gorev
[1.300s] running install
[1.300s] running install_lib
[1.301s] creating /home/said/Desktop/sobat/ROS2WorkSpace/src/install/torpido_gorev/lib/python3.10/site-packages/torpido_gorev
[1.301s] copying /home/said/Desktop/sobat/ROS2WorkSpace/src/build/torpido_gorev/build/lib/torpido_gorev/__init__.py -> /home/said/Desktop/sobat/ROS2WorkSpace/src/install/torpido_gorev/lib/python3.10/site-packages/torpido_gorev
[1.301s] byte-compiling /home/said/Desktop/sobat/ROS2WorkSpace/src/install/torpido_gorev/lib/python3.10/site-packages/torpido_gorev/__init__.py to __init__.cpython-310.pyc
[1.301s] running install_data
[1.302s] creating /home/said/Desktop/sobat/ROS2WorkSpace/src/install/torpido_gorev/share/ament_index
[1.302s] creating /home/said/Desktop/sobat/ROS2WorkSpace/src/install/torpido_gorev/share/ament_index/resource_index
[1.302s] creating /home/said/Desktop/sobat/ROS2WorkSpace/src/install/torpido_gorev/share/ament_index/resource_index/packages
[1.302s] copying resource/torpido_gorev -> /home/said/Desktop/sobat/ROS2WorkSpace/src/install/torpido_gorev/share/ament_index/resource_index/packages
[1.302s] copying package.xml -> /home/said/Desktop/sobat/ROS2WorkSpace/src/install/torpido_gorev/share/torpido_gorev
[1.302s] running install_egg_info
[1.303s] Copying ../build/torpido_gorev/torpido_gorev.egg-info to /home/said/Desktop/sobat/ROS2WorkSpace/src/install/torpido_gorev/lib/python3.10/site-packages/torpido_gorev-0.0.0-py3.10.egg-info
[1.303s] running install_scripts
[1.320s] writing list of installed files to '/home/said/Desktop/sobat/ROS2WorkSpace/src/build/torpido_gorev/install.log'
[1.353s] Invoked command in '/home/said/Desktop/sobat/ROS2WorkSpace/src/torpido_gorev' returned '0': PYTHONPATH=/home/said/Desktop/sobat/ROS2WorkSpace/src/build/torpido_gorev/prefix_override:/home/said/Desktop/sobat/ROS2WorkSpace/src/install/torpido_gorev/lib/python3.10/site-packages:${PYTHONPATH} /usr/bin/python3 setup.py egg_info --egg-base ../build/torpido_gorev build --build-base /home/said/Desktop/sobat/ROS2WorkSpace/src/build/torpido_gorev/build install --record /home/said/Desktop/sobat/ROS2WorkSpace/src/build/torpido_gorev/install.log --single-version-externally-managed
