[1.149s] Invoking command in '/home/said/Desktop/sobat/ROS2WorkSpace/src/motor_kontrol': PYTHONPATH=/home/said/Desktop/sobat/ROS2WorkSpace/build/motor_kontrol/prefix_override:/home/said/Desktop/sobat/ROS2WorkSpace/install/motor_kontrol/lib/python3.8/site-packages:/home/said/Desktop/sobat/ROS2WorkSpace/install/sobat_interfaces/lib/python3.8/site-packages:/home/said/Desktop/sobat/ROS2WorkSpace/build/motor_kontrol:/home/said/Desktop/sobat/ROS2WorkSpace/build/torpido_gorev:/home/said/Desktop/sobat/ROS2WorkSpace/install/torpido_gorev/lib/python3.8/site-packages:/home/said/Desktop/sobat/ROS2WorkSpace/build/kablo_gorev:/home/said/Desktop/sobat/ROS2WorkSpace/install/kablo_gorev/lib/python3.8/site-packages:/home/said/Desktop/sobat/ROS2WorkSpace/build/halka_gorev:/home/said/Desktop/sobat/ROS2WorkSpace/install/halka_gorev/lib/python3.8/site-packages:/home/said/Desktop/sobat/ROS2WorkSpace/install/motor_kontrol/lib/python3.8/site-packages:/opt/ros/foxy/lib/python3.8/site-packages /usr/bin/python3 setup.py egg_info --egg-base ../../build/motor_kontrol build --build-base /home/said/Desktop/sobat/ROS2WorkSpace/build/motor_kontrol/build install --record /home/said/Desktop/sobat/ROS2WorkSpace/build/motor_kontrol/install.log --install-scripts $base/lib/motor_kontrol --single-version-externally-managed
[1.306s] running egg_info
[1.306s] writing ../../build/motor_kontrol/motor_kontrol.egg-info/PKG-INFO
[1.306s] writing dependency_links to ../../build/motor_kontrol/motor_kontrol.egg-info/dependency_links.txt
[1.307s] writing entry points to ../../build/motor_kontrol/motor_kontrol.egg-info/entry_points.txt
[1.307s] writing requirements to ../../build/motor_kontrol/motor_kontrol.egg-info/requires.txt
[1.307s] writing top-level names to ../../build/motor_kontrol/motor_kontrol.egg-info/top_level.txt
[1.333s] reading manifest file '../../build/motor_kontrol/motor_kontrol.egg-info/SOURCES.txt'
[1.333s] writing manifest file '../../build/motor_kontrol/motor_kontrol.egg-info/SOURCES.txt'
[1.333s] running build
[1.333s] running build_py
[1.333s] running install
[1.334s] running install_lib
[1.335s] running install_data
[1.336s] copying package.xml -> /home/said/Desktop/sobat/ROS2WorkSpace/install/motor_kontrol/share/motor_kontrol
[1.336s] running install_egg_info
[1.337s] removing '/home/said/Desktop/sobat/ROS2WorkSpace/install/motor_kontrol/lib/python3.8/site-packages/motor_kontrol-0.0.0-py3.8.egg-info' (and everything under it)
[1.337s] Copying ../../build/motor_kontrol/motor_kontrol.egg-info to /home/said/Desktop/sobat/ROS2WorkSpace/install/motor_kontrol/lib/python3.8/site-packages/motor_kontrol-0.0.0-py3.8.egg-info
[1.338s] running install_scripts
[1.350s] Installing motor_kontrol_node_script script to /home/said/Desktop/sobat/ROS2WorkSpace/install/motor_kontrol/lib/motor_kontrol
[1.350s] writing list of installed files to '/home/said/Desktop/sobat/ROS2WorkSpace/build/motor_kontrol/install.log'
[1.364s] Invoked command in '/home/said/Desktop/sobat/ROS2WorkSpace/src/motor_kontrol' returned '0': PYTHONPATH=/home/said/Desktop/sobat/ROS2WorkSpace/build/motor_kontrol/prefix_override:/home/said/Desktop/sobat/ROS2WorkSpace/install/motor_kontrol/lib/python3.8/site-packages:/home/said/Desktop/sobat/ROS2WorkSpace/install/sobat_interfaces/lib/python3.8/site-packages:/home/said/Desktop/sobat/ROS2WorkSpace/build/motor_kontrol:/home/said/Desktop/sobat/ROS2WorkSpace/build/torpido_gorev:/home/said/Desktop/sobat/ROS2WorkSpace/install/torpido_gorev/lib/python3.8/site-packages:/home/said/Desktop/sobat/ROS2WorkSpace/build/kablo_gorev:/home/said/Desktop/sobat/ROS2WorkSpace/install/kablo_gorev/lib/python3.8/site-packages:/home/said/Desktop/sobat/ROS2WorkSpace/build/halka_gorev:/home/said/Desktop/sobat/ROS2WorkSpace/install/halka_gorev/lib/python3.8/site-packages:/home/said/Desktop/sobat/ROS2WorkSpace/install/motor_kontrol/lib/python3.8/site-packages:/opt/ros/foxy/lib/python3.8/site-packages /usr/bin/python3 setup.py egg_info --egg-base ../../build/motor_kontrol build --build-base /home/said/Desktop/sobat/ROS2WorkSpace/build/motor_kontrol/build install --record /home/said/Desktop/sobat/ROS2WorkSpace/build/motor_kontrol/install.log --install-scripts $base/lib/motor_kontrol --single-version-externally-managed
