[0.303s] Invoking command in '/home/said/Desktop/sobat/ROS2WorkSpace/build/sobat_interfaces': CMAKE_PREFIX_PATH=${CMAKE_PREFIX_PATH}:/home/said/Desktop/sobat/ROS2WorkSpace/install/motor_kontrol:/home/said/Desktop/sobat/ROS2WorkSpace/install/torpido_gorev:/home/said/Desktop/sobat/ROS2WorkSpace/install/halka_gorev:/home/said/Desktop/sobat/ROS2WorkSpace/install/kablo_gorev:/opt/ros/foxy /usr/bin/cmake /home/said/Desktop/sobat/ROS2WorkSpace/src/sobat_interfaces -DAMENT_CMAKE_SYMLINK_INSTALL=1 -DCMAKE_INSTALL_PREFIX=/home/said/Desktop/sobat/ROS2WorkSpace/install/sobat_interfaces
[0.314s] -- Found ament_cmake: 0.9.12 (/opt/ros/foxy/share/ament_cmake/cmake)
[0.330s] -- Found PythonInterp: /usr/bin/python3 (found suitable version "3.8.10", minimum required is "3") 
[0.330s] -- Using PYTHON_EXECUTABLE: /usr/bin/python3
[0.458s] -- Override CMake install command with custom implementation using symlinks instead of copying resources
[0.465s] -- Found rosidl_default_generators: 1.0.1 (/opt/ros/foxy/share/rosidl_default_generators/cmake)
[0.467s] -- Using all available rosidl_typesupport_c: rosidl_typesupport_fastrtps_c;rosidl_typesupport_introspection_c
[0.470s] -- Found rosidl_adapter: 1.3.1 (/opt/ros/foxy/share/rosidl_adapter/cmake)
[0.574s] -- Using all available rosidl_typesupport_cpp: rosidl_typesupport_fastrtps_cpp;rosidl_typesupport_introspection_cpp
[0.607s] -- Found PythonInterp: /usr/bin/python3 (found version "3.8.10") 
[0.693s] -- Found ament_cmake_ros: 0.9.2 (/opt/ros/foxy/share/ament_cmake_ros/cmake)
[0.765s] -- Using all available rosidl_typesupport_c: rosidl_typesupport_fastrtps_c;rosidl_typesupport_introspection_c
[0.771s] -- Using all available rosidl_typesupport_cpp: rosidl_typesupport_fastrtps_cpp;rosidl_typesupport_introspection_cpp
[0.788s] -- Found PythonInterp: /usr/bin/python3 (found suitable version "3.8.10", minimum required is "3.5") 
[0.789s] -- Found python_cmake_module: 0.8.1 (/opt/ros/foxy/share/python_cmake_module/cmake)
[0.806s] -- Using PYTHON_EXECUTABLE: /usr/bin/python3
[0.806s] -- Using PYTHON_INCLUDE_DIRS: /usr/include/python3.8
[0.806s] -- Using PYTHON_LIBRARIES: /usr/lib/x86_64-linux-gnu/libpython3.8.so
[0.826s] -- Configuring done
[0.845s] -- Generating done
[0.847s] -- Build files have been written to: /home/said/Desktop/sobat/ROS2WorkSpace/build/sobat_interfaces
[0.852s] Invoked command in '/home/said/Desktop/sobat/ROS2WorkSpace/build/sobat_interfaces' returned '0': CMAKE_PREFIX_PATH=${CMAKE_PREFIX_PATH}:/home/said/Desktop/sobat/ROS2WorkSpace/install/motor_kontrol:/home/said/Desktop/sobat/ROS2WorkSpace/install/torpido_gorev:/home/said/Desktop/sobat/ROS2WorkSpace/install/halka_gorev:/home/said/Desktop/sobat/ROS2WorkSpace/install/kablo_gorev:/opt/ros/foxy /usr/bin/cmake /home/said/Desktop/sobat/ROS2WorkSpace/src/sobat_interfaces -DAMENT_CMAKE_SYMLINK_INSTALL=1 -DCMAKE_INSTALL_PREFIX=/home/said/Desktop/sobat/ROS2WorkSpace/install/sobat_interfaces
[0.854s] Invoking command in '/home/said/Desktop/sobat/ROS2WorkSpace/build/sobat_interfaces': CMAKE_PREFIX_PATH=${CMAKE_PREFIX_PATH}:/home/said/Desktop/sobat/ROS2WorkSpace/install/motor_kontrol:/home/said/Desktop/sobat/ROS2WorkSpace/install/torpido_gorev:/home/said/Desktop/sobat/ROS2WorkSpace/install/halka_gorev:/home/said/Desktop/sobat/ROS2WorkSpace/install/kablo_gorev:/opt/ros/foxy /usr/bin/cmake --build /home/said/Desktop/sobat/ROS2WorkSpace/build/sobat_interfaces -- -j8 -l8
[0.889s] [  3%] Built target sobat_interfaces__cpp
[0.889s] [ 12%] Built target sobat_interfaces__rosidl_generator_c
[0.905s] [ 22%] Built target sobat_interfaces__rosidl_typesupport_introspection_c
[0.905s] [ 32%] Built target sobat_interfaces__rosidl_typesupport_cpp
[0.907s] [ 41%] Built target sobat_interfaces__rosidl_typesupport_c
[0.909s] [ 51%] Built target sobat_interfaces__rosidl_typesupport_introspection_cpp
[0.910s] [ 54%] [32m[1mLinking CXX shared library libsobat_interfaces__rosidl_typesupport_fastrtps_cpp.so[0m
[0.968s] [ 61%] Built target sobat_interfaces__rosidl_typesupport_fastrtps_cpp
[0.986s] [ 64%] [32m[1mLinking CXX shared library libsobat_interfaces__rosidl_typesupport_fastrtps_c.so[0m
[1.044s] [ 70%] Built target sobat_interfaces__rosidl_typesupport_fastrtps_c
[1.057s] [ 70%] Built target sobat_interfaces
[1.072s] [ 74%] Built target sobat_interfaces__py
[1.090s] [ 77%] [32m[1mLinking C shared library rosidl_generator_py/sobat_interfaces/libsobat_interfaces__python.so[0m
[1.116s] [ 80%] Built target sobat_interfaces__python
[1.135s] [ 90%] [32m[1mLinking CXX shared library rosidl_generator_py/sobat_interfaces/sobat_interfaces_s__rosidl_typesupport_fastrtps_c.cpython-38-x86_64-linux-gnu.so[0m
[1.135s] [ 90%] [32m[1mLinking C shared library rosidl_generator_py/sobat_interfaces/sobat_interfaces_s__rosidl_typesupport_c.cpython-38-x86_64-linux-gnu.so[0m
[1.135s] [ 90%] [32m[1mLinking C shared library rosidl_generator_py/sobat_interfaces/sobat_interfaces_s__rosidl_typesupport_introspection_c.cpython-38-x86_64-linux-gnu.so[0m
[1.159s] [ 96%] Built target sobat_interfaces__rosidl_typesupport_c__pyext
[1.159s] [ 96%] Built target sobat_interfaces__rosidl_typesupport_introspection_c__pyext
[1.180s] [100%] Built target sobat_interfaces__rosidl_typesupport_fastrtps_c__pyext
[1.187s] Invoked command in '/home/said/Desktop/sobat/ROS2WorkSpace/build/sobat_interfaces' returned '0': CMAKE_PREFIX_PATH=${CMAKE_PREFIX_PATH}:/home/said/Desktop/sobat/ROS2WorkSpace/install/motor_kontrol:/home/said/Desktop/sobat/ROS2WorkSpace/install/torpido_gorev:/home/said/Desktop/sobat/ROS2WorkSpace/install/halka_gorev:/home/said/Desktop/sobat/ROS2WorkSpace/install/kablo_gorev:/opt/ros/foxy /usr/bin/cmake --build /home/said/Desktop/sobat/ROS2WorkSpace/build/sobat_interfaces -- -j8 -l8
[1.225s] Invoking command in '/home/said/Desktop/sobat/ROS2WorkSpace/build/sobat_interfaces': CMAKE_PREFIX_PATH=${CMAKE_PREFIX_PATH}:/home/said/Desktop/sobat/ROS2WorkSpace/install/motor_kontrol:/home/said/Desktop/sobat/ROS2WorkSpace/install/torpido_gorev:/home/said/Desktop/sobat/ROS2WorkSpace/install/halka_gorev:/home/said/Desktop/sobat/ROS2WorkSpace/install/kablo_gorev:/opt/ros/foxy /usr/bin/cmake --install /home/said/Desktop/sobat/ROS2WorkSpace/build/sobat_interfaces
[1.231s] -- Install configuration: ""
[1.232s] -- Execute custom install script
[1.232s] -- Symlinking: /home/said/Desktop/sobat/ROS2WorkSpace/install/sobat_interfaces/share/ament_index/resource_index/rosidl_interfaces/sobat_interfaces
[1.239s] -- Symlinking: /home/said/Desktop/sobat/ROS2WorkSpace/install/sobat_interfaces/include/sobat_interfaces/msg/detail/mesafe_sensor__functions.h
[1.245s] -- Symlinking: /home/said/Desktop/sobat/ROS2WorkSpace/install/sobat_interfaces/include/sobat_interfaces/msg/detail/mesafe_sensor__struct.h
[1.253s] -- Symlinking: /home/said/Desktop/sobat/ROS2WorkSpace/install/sobat_interfaces/include/sobat_interfaces/msg/detail/mesafe_sensor__type_support.h
[1.259s] -- Symlinking: /home/said/Desktop/sobat/ROS2WorkSpace/install/sobat_interfaces/include/sobat_interfaces/msg/mesafe_sensor.h
[1.267s] -- Symlinking: /home/said/Desktop/sobat/ROS2WorkSpace/install/sobat_interfaces/include/sobat_interfaces/msg/rosidl_generator_c__visibility_control.h
[1.273s] -- Symlinking: /home/said/Desktop/sobat/ROS2WorkSpace/install/sobat_interfaces/share/sobat_interfaces/environment/library_path.sh
[1.279s] -- Symlinking: /home/said/Desktop/sobat/ROS2WorkSpace/install/sobat_interfaces/share/sobat_interfaces/environment/library_path.dsv
[1.286s] -- Symlinking: /home/said/Desktop/sobat/ROS2WorkSpace/install/sobat_interfaces/include/sobat_interfaces/msg/detail/mesafe_sensor__rosidl_typesupport_fastrtps_c.h
[1.292s] -- Symlinking: /home/said/Desktop/sobat/ROS2WorkSpace/install/sobat_interfaces/include/sobat_interfaces/msg/rosidl_typesupport_fastrtps_c__visibility_control.h
[1.298s] -- Symlinking: /home/said/Desktop/sobat/ROS2WorkSpace/install/sobat_interfaces/lib/libsobat_interfaces__rosidl_typesupport_fastrtps_c.so
[1.304s] -- Symlinking: /home/said/Desktop/sobat/ROS2WorkSpace/install/sobat_interfaces/include/sobat_interfaces/msg/detail/mesafe_sensor__rosidl_typesupport_fastrtps_cpp.hpp
[1.310s] -- Symlinking: /home/said/Desktop/sobat/ROS2WorkSpace/install/sobat_interfaces/include/sobat_interfaces/msg/rosidl_typesupport_fastrtps_cpp__visibility_control.h
[1.317s] -- Symlinking: /home/said/Desktop/sobat/ROS2WorkSpace/install/sobat_interfaces/lib/libsobat_interfaces__rosidl_typesupport_fastrtps_cpp.so
[1.323s] -- Symlinking: /home/said/Desktop/sobat/ROS2WorkSpace/install/sobat_interfaces/include/sobat_interfaces/msg/detail/mesafe_sensor__rosidl_typesupport_introspection_c.h
[1.329s] -- Symlinking: /home/said/Desktop/sobat/ROS2WorkSpace/install/sobat_interfaces/include/sobat_interfaces/msg/rosidl_typesupport_introspection_c__visibility_control.h
[1.336s] -- Symlinking: /home/said/Desktop/sobat/ROS2WorkSpace/install/sobat_interfaces/include/sobat_interfaces/msg/detail/mesafe_sensor__builder.hpp
[1.342s] -- Symlinking: /home/said/Desktop/sobat/ROS2WorkSpace/install/sobat_interfaces/include/sobat_interfaces/msg/detail/mesafe_sensor__struct.hpp
[1.348s] -- Symlinking: /home/said/Desktop/sobat/ROS2WorkSpace/install/sobat_interfaces/include/sobat_interfaces/msg/detail/mesafe_sensor__traits.hpp
[1.354s] -- Symlinking: /home/said/Desktop/sobat/ROS2WorkSpace/install/sobat_interfaces/include/sobat_interfaces/msg/detail/mesafe_sensor__type_support.hpp
[1.360s] -- Symlinking: /home/said/Desktop/sobat/ROS2WorkSpace/install/sobat_interfaces/include/sobat_interfaces/msg/mesafe_sensor.hpp
[1.367s] -- Symlinking: /home/said/Desktop/sobat/ROS2WorkSpace/install/sobat_interfaces/include/sobat_interfaces/msg/rosidl_generator_cpp__visibility_control.hpp
[1.374s] -- Symlinking: /home/said/Desktop/sobat/ROS2WorkSpace/install/sobat_interfaces/include/sobat_interfaces/msg/detail/mesafe_sensor__rosidl_typesupport_introspection_cpp.hpp
[1.380s] -- Symlinking: /home/said/Desktop/sobat/ROS2WorkSpace/install/sobat_interfaces/share/sobat_interfaces/environment/pythonpath.sh
[1.386s] -- Symlinking: /home/said/Desktop/sobat/ROS2WorkSpace/install/sobat_interfaces/share/sobat_interfaces/environment/pythonpath.dsv
[1.392s] -- Symlinking: /home/said/Desktop/sobat/ROS2WorkSpace/install/sobat_interfaces/lib/python3.8/site-packages/sobat_interfaces/__init__.py
[1.398s] -- Symlinking: /home/said/Desktop/sobat/ROS2WorkSpace/install/sobat_interfaces/lib/python3.8/site-packages/sobat_interfaces/msg/__init__.py
[1.404s] -- Symlinking: /home/said/Desktop/sobat/ROS2WorkSpace/install/sobat_interfaces/lib/python3.8/site-packages/sobat_interfaces/msg/_mesafe_sensor.py
[1.410s] -- Symlinking: /home/said/Desktop/sobat/ROS2WorkSpace/install/sobat_interfaces/lib/python3.8/site-packages/sobat_interfaces/sobat_interfaces_s__rosidl_typesupport_fastrtps_c.cpython-38-x86_64-linux-gnu.so
[1.416s] -- Symlinking: /home/said/Desktop/sobat/ROS2WorkSpace/install/sobat_interfaces/lib/python3.8/site-packages/sobat_interfaces/sobat_interfaces_s__rosidl_typesupport_introspection_c.cpython-38-x86_64-linux-gnu.so
[1.423s] -- Symlinking: /home/said/Desktop/sobat/ROS2WorkSpace/install/sobat_interfaces/lib/python3.8/site-packages/sobat_interfaces/sobat_interfaces_s__rosidl_typesupport_c.cpython-38-x86_64-linux-gnu.so
[1.429s] -- Symlinking: /home/said/Desktop/sobat/ROS2WorkSpace/install/sobat_interfaces/lib/libsobat_interfaces__python.so
[1.435s] -- Symlinking: /home/said/Desktop/sobat/ROS2WorkSpace/install/sobat_interfaces/share/sobat_interfaces/msg/MesafeSensor.idl
[1.441s] -- Symlinking: /home/said/Desktop/sobat/ROS2WorkSpace/install/sobat_interfaces/share/sobat_interfaces/msg/MesafeSensor.msg
[1.448s] -- Symlinking: /home/said/Desktop/sobat/ROS2WorkSpace/install/sobat_interfaces/share/ament_index/resource_index/package_run_dependencies/sobat_interfaces
[1.454s] -- Symlinking: /home/said/Desktop/sobat/ROS2WorkSpace/install/sobat_interfaces/share/ament_index/resource_index/parent_prefix_path/sobat_interfaces
[1.460s] -- Symlinking: /home/said/Desktop/sobat/ROS2WorkSpace/install/sobat_interfaces/share/sobat_interfaces/environment/ament_prefix_path.sh
[1.466s] -- Symlinking: /home/said/Desktop/sobat/ROS2WorkSpace/install/sobat_interfaces/share/sobat_interfaces/environment/ament_prefix_path.dsv
[1.472s] -- Symlinking: /home/said/Desktop/sobat/ROS2WorkSpace/install/sobat_interfaces/share/sobat_interfaces/environment/path.sh
[1.479s] -- Symlinking: /home/said/Desktop/sobat/ROS2WorkSpace/install/sobat_interfaces/share/sobat_interfaces/environment/path.dsv
[1.485s] -- Symlinking: /home/said/Desktop/sobat/ROS2WorkSpace/install/sobat_interfaces/share/sobat_interfaces/local_setup.bash
[1.491s] -- Symlinking: /home/said/Desktop/sobat/ROS2WorkSpace/install/sobat_interfaces/share/sobat_interfaces/local_setup.sh
[1.497s] -- Symlinking: /home/said/Desktop/sobat/ROS2WorkSpace/install/sobat_interfaces/share/sobat_interfaces/local_setup.zsh
[1.503s] -- Symlinking: /home/said/Desktop/sobat/ROS2WorkSpace/install/sobat_interfaces/share/sobat_interfaces/local_setup.dsv
[1.509s] -- Symlinking: /home/said/Desktop/sobat/ROS2WorkSpace/install/sobat_interfaces/share/sobat_interfaces/package.dsv
[1.515s] -- Symlinking: /home/said/Desktop/sobat/ROS2WorkSpace/install/sobat_interfaces/share/ament_index/resource_index/packages/sobat_interfaces
[1.521s] -- Symlinking: /home/said/Desktop/sobat/ROS2WorkSpace/install/sobat_interfaces/share/sobat_interfaces/cmake/rosidl_cmake-extras.cmake
[1.527s] -- Symlinking: /home/said/Desktop/sobat/ROS2WorkSpace/install/sobat_interfaces/share/sobat_interfaces/cmake/ament_cmake_export_dependencies-extras.cmake
[1.534s] -- Symlinking: /home/said/Desktop/sobat/ROS2WorkSpace/install/sobat_interfaces/share/sobat_interfaces/cmake/ament_cmake_export_libraries-extras.cmake
[1.540s] -- Symlinking: /home/said/Desktop/sobat/ROS2WorkSpace/install/sobat_interfaces/share/sobat_interfaces/cmake/ament_cmake_export_targets-extras.cmake
[1.546s] -- Symlinking: /home/said/Desktop/sobat/ROS2WorkSpace/install/sobat_interfaces/share/sobat_interfaces/cmake/ament_cmake_export_include_directories-extras.cmake
[1.552s] -- Symlinking: /home/said/Desktop/sobat/ROS2WorkSpace/install/sobat_interfaces/share/sobat_interfaces/cmake/rosidl_cmake_export_typesupport_libraries-extras.cmake
[1.558s] -- Symlinking: /home/said/Desktop/sobat/ROS2WorkSpace/install/sobat_interfaces/share/sobat_interfaces/cmake/rosidl_cmake_export_typesupport_targets-extras.cmake
[1.565s] -- Symlinking: /home/said/Desktop/sobat/ROS2WorkSpace/install/sobat_interfaces/share/sobat_interfaces/cmake/sobat_interfacesConfig.cmake
[1.571s] -- Symlinking: /home/said/Desktop/sobat/ROS2WorkSpace/install/sobat_interfaces/share/sobat_interfaces/cmake/sobat_interfacesConfig-version.cmake
[1.577s] -- Symlinking: /home/said/Desktop/sobat/ROS2WorkSpace/install/sobat_interfaces/share/sobat_interfaces/package.xml
[1.583s] -- Up-to-date: /home/said/Desktop/sobat/ROS2WorkSpace/install/sobat_interfaces/lib/libsobat_interfaces__rosidl_generator_c.so
[1.584s] -- Up-to-date: /home/said/Desktop/sobat/ROS2WorkSpace/install/sobat_interfaces/lib/libsobat_interfaces__rosidl_typesupport_introspection_c.so
[1.584s] -- Up-to-date: /home/said/Desktop/sobat/ROS2WorkSpace/install/sobat_interfaces/lib/libsobat_interfaces__rosidl_typesupport_c.so
[1.584s] -- Up-to-date: /home/said/Desktop/sobat/ROS2WorkSpace/install/sobat_interfaces/lib/libsobat_interfaces__rosidl_typesupport_introspection_cpp.so
[1.584s] -- Up-to-date: /home/said/Desktop/sobat/ROS2WorkSpace/install/sobat_interfaces/lib/libsobat_interfaces__rosidl_typesupport_cpp.so
[1.607s] Compiling '/home/said/Desktop/sobat/ROS2WorkSpace/install/sobat_interfaces/lib/python3.8/site-packages/sobat_interfaces/__init__.py'...
[1.610s] -- Up-to-date: /home/said/Desktop/sobat/ROS2WorkSpace/install/sobat_interfaces/share/sobat_interfaces/cmake/sobat_interfaces__rosidl_generator_cExport.cmake
[1.610s] -- Installing: /home/said/Desktop/sobat/ROS2WorkSpace/install/sobat_interfaces/share/sobat_interfaces/cmake/sobat_interfaces__rosidl_generator_cExport-noconfig.cmake
[1.610s] -- Up-to-date: /home/said/Desktop/sobat/ROS2WorkSpace/install/sobat_interfaces/share/sobat_interfaces/cmake/sobat_interfaces__rosidl_typesupport_introspection_cExport.cmake
[1.610s] -- Installing: /home/said/Desktop/sobat/ROS2WorkSpace/install/sobat_interfaces/share/sobat_interfaces/cmake/sobat_interfaces__rosidl_typesupport_introspection_cExport-noconfig.cmake
[1.610s] -- Up-to-date: /home/said/Desktop/sobat/ROS2WorkSpace/install/sobat_interfaces/share/sobat_interfaces/cmake/sobat_interfaces__rosidl_typesupport_cExport.cmake
[1.611s] -- Installing: /home/said/Desktop/sobat/ROS2WorkSpace/install/sobat_interfaces/share/sobat_interfaces/cmake/sobat_interfaces__rosidl_typesupport_cExport-noconfig.cmake
[1.611s] -- Up-to-date: /home/said/Desktop/sobat/ROS2WorkSpace/install/sobat_interfaces/share/sobat_interfaces/cmake/sobat_interfaces__rosidl_generator_cppExport.cmake
[1.611s] -- Up-to-date: /home/said/Desktop/sobat/ROS2WorkSpace/install/sobat_interfaces/share/sobat_interfaces/cmake/sobat_interfaces__rosidl_typesupport_introspection_cppExport.cmake
[1.611s] -- Installing: /home/said/Desktop/sobat/ROS2WorkSpace/install/sobat_interfaces/share/sobat_interfaces/cmake/sobat_interfaces__rosidl_typesupport_introspection_cppExport-noconfig.cmake
[1.611s] -- Up-to-date: /home/said/Desktop/sobat/ROS2WorkSpace/install/sobat_interfaces/share/sobat_interfaces/cmake/sobat_interfaces__rosidl_typesupport_cppExport.cmake
[1.611s] -- Installing: /home/said/Desktop/sobat/ROS2WorkSpace/install/sobat_interfaces/share/sobat_interfaces/cmake/sobat_interfaces__rosidl_typesupport_cppExport-noconfig.cmake
[1.613s] Invoked command in '/home/said/Desktop/sobat/ROS2WorkSpace/build/sobat_interfaces' returned '0': CMAKE_PREFIX_PATH=${CMAKE_PREFIX_PATH}:/home/said/Desktop/sobat/ROS2WorkSpace/install/motor_kontrol:/home/said/Desktop/sobat/ROS2WorkSpace/install/torpido_gorev:/home/said/Desktop/sobat/ROS2WorkSpace/install/halka_gorev:/home/said/Desktop/sobat/ROS2WorkSpace/install/kablo_gorev:/opt/ros/foxy /usr/bin/cmake --install /home/said/Desktop/sobat/ROS2WorkSpace/build/sobat_interfaces
