[3.786s] DEBUG:colcon:Command line arguments: ['/usr/bin/colcon', 'build']
[3.786s] DEBUG:colcon:Parsed command line arguments: Namespace(allow_overriding=[], ament_cmake_args=None, base_paths=['.'], build_base='build', catkin_cmake_args=None, catkin_skip_building_tests=False, cmake_args=None, cmake_clean_cache=False, cmake_clean_first=False, cmake_force_configure=False, cmake_target=None, cmake_target_skip_unavailable=False, continue_on_error=False, event_handlers=None, executor='parallel', ignore_user_meta=False, install_base='install', log_base=None, log_level=None, main=<bound method BuildVerb.main of <colcon_core.verb.build.BuildVerb object at 0x7f918e4a1d60>>, merge_install=False, metas=['./colcon.meta'], packages_above=None, packages_above_and_dependencies=None, packages_above_depth=None, packages_end=None, packages_ignore=None, packages_ignore_regex=None, packages_select=None, packages_select_build_failed=False, packages_select_by_dep=None, packages_select_regex=None, packages_select_test_failures=False, packages_skip=None, packages_skip_build_finished=False, packages_skip_by_dep=None, packages_skip_regex=None, packages_skip_test_passed=False, packages_skip_up_to=None, packages_start=None, packages_up_to=None, packages_up_to_regex=None, parallel_workers=8, paths=None, symlink_install=False, test_result_base=None, verb_extension=<colcon_core.verb.build.BuildVerb object at 0x7f918e4a1d60>, verb_name='build', verb_parser=<colcon_defaults.argument_parser.defaults.DefaultArgumentsDecorator object at 0x7f918e4ab1f0>)
[3.944s] Level 1:colcon.colcon_core.package_discovery:discover_packages(colcon_meta) check parameters
[3.945s] Level 1:colcon.colcon_core.package_discovery:discover_packages(recursive) check parameters
[3.945s] Level 1:colcon.colcon_core.package_discovery:discover_packages(ignore) check parameters
[3.945s] Level 1:colcon.colcon_core.package_discovery:discover_packages(path) check parameters
[3.945s] Level 1:colcon.colcon_core.package_discovery:discover_packages(colcon_meta) discover
[3.945s] Level 1:colcon.colcon_core.package_discovery:discover_packages(recursive) discover
[3.945s] INFO:colcon.colcon_core.package_discovery:Crawling recursively for packages in '/home/said/Desktop/sobat/ROS2WorkSpace'
[3.945s] Level 1:colcon.colcon_core.package_identification:_identify(.) by extensions ['ignore', 'ignore_ament_install']
[3.945s] Level 1:colcon.colcon_core.package_identification:_identify(.) by extension 'ignore'
[3.945s] Level 1:colcon.colcon_core.package_identification:_identify(.) by extension 'ignore_ament_install'
[3.945s] Level 1:colcon.colcon_core.package_identification:_identify(.) by extensions ['colcon_pkg']
[3.945s] Level 1:colcon.colcon_core.package_identification:_identify(.) by extension 'colcon_pkg'
[3.945s] Level 1:colcon.colcon_core.package_identification:_identify(.) by extensions ['colcon_meta']
[3.945s] Level 1:colcon.colcon_core.package_identification:_identify(.) by extension 'colcon_meta'
[3.945s] Level 1:colcon.colcon_core.package_identification:_identify(.) by extensions ['ros']
[3.945s] Level 1:colcon.colcon_core.package_identification:_identify(.) by extension 'ros'
[3.953s] Level 1:colcon.colcon_core.package_identification:_identify(.) by extensions ['cmake', 'python']
[3.953s] Level 1:colcon.colcon_core.package_identification:_identify(.) by extension 'cmake'
[3.953s] Level 1:colcon.colcon_core.package_identification:_identify(.) by extension 'python'
[3.953s] Level 1:colcon.colcon_core.package_identification:_identify(.) by extensions ['python_setup_py']
[3.953s] Level 1:colcon.colcon_core.package_identification:_identify(.) by extension 'python_setup_py'
[3.953s] Level 1:colcon.colcon_core.package_identification:_identify(build) by extensions ['ignore', 'ignore_ament_install']
[3.953s] Level 1:colcon.colcon_core.package_identification:_identify(build) by extension 'ignore'
[3.953s] Level 1:colcon.colcon_core.package_identification:_identify(build) ignored
[3.953s] Level 1:colcon.colcon_core.package_identification:_identify(install) by extensions ['ignore', 'ignore_ament_install']
[3.954s] Level 1:colcon.colcon_core.package_identification:_identify(install) by extension 'ignore'
[3.954s] Level 1:colcon.colcon_core.package_identification:_identify(install) ignored
[3.954s] Level 1:colcon.colcon_core.package_identification:_identify(log) by extensions ['ignore', 'ignore_ament_install']
[3.954s] Level 1:colcon.colcon_core.package_identification:_identify(log) by extension 'ignore'
[3.954s] Level 1:colcon.colcon_core.package_identification:_identify(log) ignored
[3.954s] Level 1:colcon.colcon_core.package_identification:_identify(src) by extensions ['ignore', 'ignore_ament_install']
[3.954s] Level 1:colcon.colcon_core.package_identification:_identify(src) by extension 'ignore'
[3.954s] Level 1:colcon.colcon_core.package_identification:_identify(src) by extension 'ignore_ament_install'
[3.954s] Level 1:colcon.colcon_core.package_identification:_identify(src) by extensions ['colcon_pkg']
[3.954s] Level 1:colcon.colcon_core.package_identification:_identify(src) by extension 'colcon_pkg'
[3.954s] Level 1:colcon.colcon_core.package_identification:_identify(src) by extensions ['colcon_meta']
[3.954s] Level 1:colcon.colcon_core.package_identification:_identify(src) by extension 'colcon_meta'
[3.954s] Level 1:colcon.colcon_core.package_identification:_identify(src) by extensions ['ros']
[3.954s] Level 1:colcon.colcon_core.package_identification:_identify(src) by extension 'ros'
[3.954s] Level 1:colcon.colcon_core.package_identification:_identify(src) by extensions ['cmake', 'python']
[3.954s] Level 1:colcon.colcon_core.package_identification:_identify(src) by extension 'cmake'
[3.954s] Level 1:colcon.colcon_core.package_identification:_identify(src) by extension 'python'
[3.954s] Level 1:colcon.colcon_core.package_identification:_identify(src) by extensions ['python_setup_py']
[3.954s] Level 1:colcon.colcon_core.package_identification:_identify(src) by extension 'python_setup_py'
[3.955s] Level 1:colcon.colcon_core.package_identification:_identify(src/halka_gorev) by extensions ['ignore', 'ignore_ament_install']
[3.955s] Level 1:colcon.colcon_core.package_identification:_identify(src/halka_gorev) by extension 'ignore'
[3.955s] Level 1:colcon.colcon_core.package_identification:_identify(src/halka_gorev) by extension 'ignore_ament_install'
[3.955s] Level 1:colcon.colcon_core.package_identification:_identify(src/halka_gorev) by extensions ['colcon_pkg']
[3.955s] Level 1:colcon.colcon_core.package_identification:_identify(src/halka_gorev) by extension 'colcon_pkg'
[3.955s] Level 1:colcon.colcon_core.package_identification:_identify(src/halka_gorev) by extensions ['colcon_meta']
[3.955s] Level 1:colcon.colcon_core.package_identification:_identify(src/halka_gorev) by extension 'colcon_meta'
[3.955s] Level 1:colcon.colcon_core.package_identification:_identify(src/halka_gorev) by extensions ['ros']
[3.955s] Level 1:colcon.colcon_core.package_identification:_identify(src/halka_gorev) by extension 'ros'
[3.957s] DEBUG:colcon.colcon_core.package_identification:Package 'src/halka_gorev' with type 'ros.ament_python' and name 'halka_gorev'
[3.957s] Level 1:colcon.colcon_core.package_identification:_identify(src/kablo_gorev) by extensions ['ignore', 'ignore_ament_install']
[3.957s] Level 1:colcon.colcon_core.package_identification:_identify(src/kablo_gorev) by extension 'ignore'
[3.957s] Level 1:colcon.colcon_core.package_identification:_identify(src/kablo_gorev) by extension 'ignore_ament_install'
[3.957s] Level 1:colcon.colcon_core.package_identification:_identify(src/kablo_gorev) by extensions ['colcon_pkg']
[3.957s] Level 1:colcon.colcon_core.package_identification:_identify(src/kablo_gorev) by extension 'colcon_pkg'
[3.957s] Level 1:colcon.colcon_core.package_identification:_identify(src/kablo_gorev) by extensions ['colcon_meta']
[3.957s] Level 1:colcon.colcon_core.package_identification:_identify(src/kablo_gorev) by extension 'colcon_meta'
[3.957s] Level 1:colcon.colcon_core.package_identification:_identify(src/kablo_gorev) by extensions ['ros']
[3.957s] Level 1:colcon.colcon_core.package_identification:_identify(src/kablo_gorev) by extension 'ros'
[3.958s] DEBUG:colcon.colcon_core.package_identification:Package 'src/kablo_gorev' with type 'ros.ament_python' and name 'kablo_gorev'
[3.958s] Level 1:colcon.colcon_core.package_identification:_identify(src/sobat_interfaces) by extensions ['ignore', 'ignore_ament_install']
[3.958s] Level 1:colcon.colcon_core.package_identification:_identify(src/sobat_interfaces) by extension 'ignore'
[3.958s] Level 1:colcon.colcon_core.package_identification:_identify(src/sobat_interfaces) by extension 'ignore_ament_install'
[3.958s] Level 1:colcon.colcon_core.package_identification:_identify(src/sobat_interfaces) by extensions ['colcon_pkg']
[3.958s] Level 1:colcon.colcon_core.package_identification:_identify(src/sobat_interfaces) by extension 'colcon_pkg'
[3.958s] Level 1:colcon.colcon_core.package_identification:_identify(src/sobat_interfaces) by extensions ['colcon_meta']
[3.958s] Level 1:colcon.colcon_core.package_identification:_identify(src/sobat_interfaces) by extension 'colcon_meta'
[3.958s] Level 1:colcon.colcon_core.package_identification:_identify(src/sobat_interfaces) by extensions ['ros']
[3.958s] Level 1:colcon.colcon_core.package_identification:_identify(src/sobat_interfaces) by extension 'ros'
[3.958s] DEBUG:colcon.colcon_core.package_identification:Package 'src/sobat_interfaces' with type 'ros.ament_cmake' and name 'sobat_interfaces'
[3.958s] Level 1:colcon.colcon_core.package_identification:_identify(src/torpido_gorev) by extensions ['ignore', 'ignore_ament_install']
[3.958s] Level 1:colcon.colcon_core.package_identification:_identify(src/torpido_gorev) by extension 'ignore'
[3.959s] Level 1:colcon.colcon_core.package_identification:_identify(src/torpido_gorev) by extension 'ignore_ament_install'
[3.959s] Level 1:colcon.colcon_core.package_identification:_identify(src/torpido_gorev) by extensions ['colcon_pkg']
[3.959s] Level 1:colcon.colcon_core.package_identification:_identify(src/torpido_gorev) by extension 'colcon_pkg'
[3.959s] Level 1:colcon.colcon_core.package_identification:_identify(src/torpido_gorev) by extensions ['colcon_meta']
[3.959s] Level 1:colcon.colcon_core.package_identification:_identify(src/torpido_gorev) by extension 'colcon_meta'
[3.959s] Level 1:colcon.colcon_core.package_identification:_identify(src/torpido_gorev) by extensions ['ros']
[3.959s] Level 1:colcon.colcon_core.package_identification:_identify(src/torpido_gorev) by extension 'ros'
[3.959s] DEBUG:colcon.colcon_core.package_identification:Package 'src/torpido_gorev' with type 'ros.ament_python' and name 'torpido_gorev'
[3.959s] Level 1:colcon.colcon_core.package_discovery:discover_packages(recursive) using defaults
[3.959s] Level 1:colcon.colcon_core.package_discovery:discover_packages(ignore) discover
[3.959s] Level 1:colcon.colcon_core.package_discovery:discover_packages(ignore) using defaults
[3.959s] Level 1:colcon.colcon_core.package_discovery:discover_packages(path) discover
[3.959s] Level 1:colcon.colcon_core.package_discovery:discover_packages(path) using defaults
[4.316s] Level 1:colcon.colcon_core.package_discovery:discover_packages(prefix_path) check parameters
[4.316s] Level 1:colcon.colcon_core.package_discovery:discover_packages(prefix_path) discover
[4.462s] DEBUG:colcon.colcon_installed_package_information.package_discovery:Found 3 installed packages in /home/said/Desktop/sobat/ROS2WorkSpace/install
[4.534s] DEBUG:colcon.colcon_installed_package_information.package_discovery:Found 334 installed packages in /opt/ros/foxy
[4.535s] Level 1:colcon.colcon_core.package_discovery:discover_packages(prefix_path) using defaults
[4.741s] Level 5:colcon.colcon_core.verb:set package 'halka_gorev' build argument 'cmake_args' from command line to 'None'
[4.741s] Level 5:colcon.colcon_core.verb:set package 'halka_gorev' build argument 'cmake_target' from command line to 'None'
[4.741s] Level 5:colcon.colcon_core.verb:set package 'halka_gorev' build argument 'cmake_target_skip_unavailable' from command line to 'False'
[4.741s] Level 5:colcon.colcon_core.verb:set package 'halka_gorev' build argument 'cmake_clean_cache' from command line to 'False'
[4.741s] Level 5:colcon.colcon_core.verb:set package 'halka_gorev' build argument 'cmake_clean_first' from command line to 'False'
[4.741s] Level 5:colcon.colcon_core.verb:set package 'halka_gorev' build argument 'cmake_force_configure' from command line to 'False'
[4.741s] Level 5:colcon.colcon_core.verb:set package 'halka_gorev' build argument 'ament_cmake_args' from command line to 'None'
[4.741s] Level 5:colcon.colcon_core.verb:set package 'halka_gorev' build argument 'catkin_cmake_args' from command line to 'None'
[4.741s] Level 5:colcon.colcon_core.verb:set package 'halka_gorev' build argument 'catkin_skip_building_tests' from command line to 'False'
[4.742s] DEBUG:colcon.colcon_core.verb:Building package 'halka_gorev' with the following arguments: {'ament_cmake_args': None, 'build_base': '/home/said/Desktop/sobat/ROS2WorkSpace/build/halka_gorev', 'catkin_cmake_args': None, 'catkin_skip_building_tests': False, 'cmake_args': None, 'cmake_clean_cache': False, 'cmake_clean_first': False, 'cmake_force_configure': False, 'cmake_target': None, 'cmake_target_skip_unavailable': False, 'install_base': '/home/said/Desktop/sobat/ROS2WorkSpace/install/halka_gorev', 'merge_install': False, 'path': '/home/said/Desktop/sobat/ROS2WorkSpace/src/halka_gorev', 'symlink_install': False, 'test_result_base': None}
[4.811s] Level 5:colcon.colcon_core.verb:set package 'kablo_gorev' build argument 'cmake_args' from command line to 'None'
[4.811s] Level 5:colcon.colcon_core.verb:set package 'kablo_gorev' build argument 'cmake_target' from command line to 'None'
[4.811s] Level 5:colcon.colcon_core.verb:set package 'kablo_gorev' build argument 'cmake_target_skip_unavailable' from command line to 'False'
[4.811s] Level 5:colcon.colcon_core.verb:set package 'kablo_gorev' build argument 'cmake_clean_cache' from command line to 'False'
[4.811s] Level 5:colcon.colcon_core.verb:set package 'kablo_gorev' build argument 'cmake_clean_first' from command line to 'False'
[4.811s] Level 5:colcon.colcon_core.verb:set package 'kablo_gorev' build argument 'cmake_force_configure' from command line to 'False'
[4.811s] Level 5:colcon.colcon_core.verb:set package 'kablo_gorev' build argument 'ament_cmake_args' from command line to 'None'
[4.811s] Level 5:colcon.colcon_core.verb:set package 'kablo_gorev' build argument 'catkin_cmake_args' from command line to 'None'
[4.811s] Level 5:colcon.colcon_core.verb:set package 'kablo_gorev' build argument 'catkin_skip_building_tests' from command line to 'False'
[4.811s] DEBUG:colcon.colcon_core.verb:Building package 'kablo_gorev' with the following arguments: {'ament_cmake_args': None, 'build_base': '/home/said/Desktop/sobat/ROS2WorkSpace/build/kablo_gorev', 'catkin_cmake_args': None, 'catkin_skip_building_tests': False, 'cmake_args': None, 'cmake_clean_cache': False, 'cmake_clean_first': False, 'cmake_force_configure': False, 'cmake_target': None, 'cmake_target_skip_unavailable': False, 'install_base': '/home/said/Desktop/sobat/ROS2WorkSpace/install/kablo_gorev', 'merge_install': False, 'path': '/home/said/Desktop/sobat/ROS2WorkSpace/src/kablo_gorev', 'symlink_install': False, 'test_result_base': None}
[4.880s] Level 5:colcon.colcon_core.verb:set package 'sobat_interfaces' build argument 'cmake_args' from command line to 'None'
[4.880s] Level 5:colcon.colcon_core.verb:set package 'sobat_interfaces' build argument 'cmake_target' from command line to 'None'
[4.880s] Level 5:colcon.colcon_core.verb:set package 'sobat_interfaces' build argument 'cmake_target_skip_unavailable' from command line to 'False'
[4.880s] Level 5:colcon.colcon_core.verb:set package 'sobat_interfaces' build argument 'cmake_clean_cache' from command line to 'False'
[4.880s] Level 5:colcon.colcon_core.verb:set package 'sobat_interfaces' build argument 'cmake_clean_first' from command line to 'False'
[4.880s] Level 5:colcon.colcon_core.verb:set package 'sobat_interfaces' build argument 'cmake_force_configure' from command line to 'False'
[4.880s] Level 5:colcon.colcon_core.verb:set package 'sobat_interfaces' build argument 'ament_cmake_args' from command line to 'None'
[4.880s] Level 5:colcon.colcon_core.verb:set package 'sobat_interfaces' build argument 'catkin_cmake_args' from command line to 'None'
[4.880s] Level 5:colcon.colcon_core.verb:set package 'sobat_interfaces' build argument 'catkin_skip_building_tests' from command line to 'False'
[4.880s] DEBUG:colcon.colcon_core.verb:Building package 'sobat_interfaces' with the following arguments: {'ament_cmake_args': None, 'build_base': '/home/said/Desktop/sobat/ROS2WorkSpace/build/sobat_interfaces', 'catkin_cmake_args': None, 'catkin_skip_building_tests': False, 'cmake_args': None, 'cmake_clean_cache': False, 'cmake_clean_first': False, 'cmake_force_configure': False, 'cmake_target': None, 'cmake_target_skip_unavailable': False, 'install_base': '/home/said/Desktop/sobat/ROS2WorkSpace/install/sobat_interfaces', 'merge_install': False, 'path': '/home/said/Desktop/sobat/ROS2WorkSpace/src/sobat_interfaces', 'symlink_install': False, 'test_result_base': None}
[4.949s] Level 5:colcon.colcon_core.verb:set package 'torpido_gorev' build argument 'cmake_args' from command line to 'None'
[4.949s] Level 5:colcon.colcon_core.verb:set package 'torpido_gorev' build argument 'cmake_target' from command line to 'None'
[4.949s] Level 5:colcon.colcon_core.verb:set package 'torpido_gorev' build argument 'cmake_target_skip_unavailable' from command line to 'False'
[4.949s] Level 5:colcon.colcon_core.verb:set package 'torpido_gorev' build argument 'cmake_clean_cache' from command line to 'False'
[4.949s] Level 5:colcon.colcon_core.verb:set package 'torpido_gorev' build argument 'cmake_clean_first' from command line to 'False'
[4.949s] Level 5:colcon.colcon_core.verb:set package 'torpido_gorev' build argument 'cmake_force_configure' from command line to 'False'
[4.949s] Level 5:colcon.colcon_core.verb:set package 'torpido_gorev' build argument 'ament_cmake_args' from command line to 'None'
[4.949s] Level 5:colcon.colcon_core.verb:set package 'torpido_gorev' build argument 'catkin_cmake_args' from command line to 'None'
[4.949s] Level 5:colcon.colcon_core.verb:set package 'torpido_gorev' build argument 'catkin_skip_building_tests' from command line to 'False'
[4.949s] DEBUG:colcon.colcon_core.verb:Building package 'torpido_gorev' with the following arguments: {'ament_cmake_args': None, 'build_base': '/home/said/Desktop/sobat/ROS2WorkSpace/build/torpido_gorev', 'catkin_cmake_args': None, 'catkin_skip_building_tests': False, 'cmake_args': None, 'cmake_clean_cache': False, 'cmake_clean_first': False, 'cmake_force_configure': False, 'cmake_target': None, 'cmake_target_skip_unavailable': False, 'install_base': '/home/said/Desktop/sobat/ROS2WorkSpace/install/torpido_gorev', 'merge_install': False, 'path': '/home/said/Desktop/sobat/ROS2WorkSpace/src/torpido_gorev', 'symlink_install': False, 'test_result_base': None}
[5.017s] INFO:colcon.colcon_core.executor:Executing jobs using 'parallel' executor
[5.086s] DEBUG:colcon.colcon_parallel_executor.executor.parallel:run_until_complete
[5.087s] INFO:colcon.colcon_ros.task.ament_python.build:Building ROS package in '/home/said/Desktop/sobat/ROS2WorkSpace/src/halka_gorev' with build type 'ament_python'
[5.087s] Level 1:colcon.colcon_core.shell:create_environment_hook('halka_gorev', 'ament_prefix_path')
[5.159s] INFO:colcon.colcon_core.plugin_system:Skipping extension 'colcon_core.shell.bat': Not used on non-Windows systems
[5.159s] INFO:colcon.colcon_core.shell:Creating environment hook '/home/said/Desktop/sobat/ROS2WorkSpace/install/halka_gorev/share/halka_gorev/hook/ament_prefix_path.ps1'
[5.160s] INFO:colcon.colcon_core.shell:Creating environment descriptor '/home/said/Desktop/sobat/ROS2WorkSpace/install/halka_gorev/share/halka_gorev/hook/ament_prefix_path.dsv'
[5.160s] INFO:colcon.colcon_core.shell:Creating environment hook '/home/said/Desktop/sobat/ROS2WorkSpace/install/halka_gorev/share/halka_gorev/hook/ament_prefix_path.sh'
[5.231s] INFO:colcon.colcon_core.shell:Skip shell extension 'powershell' for command environment: Not usable outside of PowerShell
[5.231s] DEBUG:colcon.colcon_core.shell:Skip shell extension 'dsv' for command environment
[5.444s] INFO:colcon.colcon_ros.task.ament_python.build:Building ROS package in '/home/said/Desktop/sobat/ROS2WorkSpace/src/kablo_gorev' with build type 'ament_python'
[5.445s] Level 1:colcon.colcon_core.shell:create_environment_hook('kablo_gorev', 'ament_prefix_path')
[5.517s] INFO:colcon.colcon_core.shell:Creating environment hook '/home/said/Desktop/sobat/ROS2WorkSpace/install/kablo_gorev/share/kablo_gorev/hook/ament_prefix_path.ps1'
[5.518s] INFO:colcon.colcon_core.shell:Creating environment descriptor '/home/said/Desktop/sobat/ROS2WorkSpace/install/kablo_gorev/share/kablo_gorev/hook/ament_prefix_path.dsv'
[5.518s] INFO:colcon.colcon_core.shell:Creating environment hook '/home/said/Desktop/sobat/ROS2WorkSpace/install/kablo_gorev/share/kablo_gorev/hook/ament_prefix_path.sh'
[5.589s] INFO:colcon.colcon_core.shell:Skip shell extension 'powershell' for command environment: Not usable outside of PowerShell
[5.589s] DEBUG:colcon.colcon_core.shell:Skip shell extension 'dsv' for command environment
[5.805s] INFO:colcon.colcon_ros.task.ament_cmake.build:Building ROS package in '/home/said/Desktop/sobat/ROS2WorkSpace/src/sobat_interfaces' with build type 'ament_cmake'
[5.805s] INFO:colcon.colcon_cmake.task.cmake.build:Building CMake package in '/home/said/Desktop/sobat/ROS2WorkSpace/src/sobat_interfaces'
[5.877s] INFO:colcon.colcon_core.shell:Skip shell extension 'powershell' for command environment: Not usable outside of PowerShell
[5.877s] DEBUG:colcon.colcon_core.shell:Skip shell extension 'dsv' for command environment
[6.094s] INFO:colcon.colcon_ros.task.ament_python.build:Building ROS package in '/home/said/Desktop/sobat/ROS2WorkSpace/src/torpido_gorev' with build type 'ament_python'
[6.095s] Level 1:colcon.colcon_core.shell:create_environment_hook('torpido_gorev', 'ament_prefix_path')
[6.168s] INFO:colcon.colcon_core.shell:Creating environment hook '/home/said/Desktop/sobat/ROS2WorkSpace/install/torpido_gorev/share/torpido_gorev/hook/ament_prefix_path.ps1'
[6.169s] INFO:colcon.colcon_core.shell:Creating environment descriptor '/home/said/Desktop/sobat/ROS2WorkSpace/install/torpido_gorev/share/torpido_gorev/hook/ament_prefix_path.dsv'
[6.169s] INFO:colcon.colcon_core.shell:Creating environment hook '/home/said/Desktop/sobat/ROS2WorkSpace/install/torpido_gorev/share/torpido_gorev/hook/ament_prefix_path.sh'
[6.240s] INFO:colcon.colcon_core.shell:Skip shell extension 'powershell' for command environment: Not usable outside of PowerShell
[6.240s] DEBUG:colcon.colcon_core.shell:Skip shell extension 'dsv' for command environment
[6.625s] INFO:colcon.colcon_core.task.python.build:Building Python package in '/home/said/Desktop/sobat/ROS2WorkSpace/src/halka_gorev'
[6.698s] INFO:colcon.colcon_core.shell:Skip shell extension 'powershell' for command environment: Not usable outside of PowerShell
[6.698s] DEBUG:colcon.colcon_core.shell:Skip shell extension 'dsv' for command environment
[7.072s] INFO:colcon.colcon_core.task.python.build:Building Python package in '/home/said/Desktop/sobat/ROS2WorkSpace/src/kablo_gorev'
[7.145s] INFO:colcon.colcon_core.shell:Skip shell extension 'powershell' for command environment: Not usable outside of PowerShell
[7.145s] DEBUG:colcon.colcon_core.shell:Skip shell extension 'dsv' for command environment
[7.364s] DEBUG:colcon.colcon_core.event_handler.log_command:Invoking command in '/home/said/Desktop/sobat/ROS2WorkSpace/build/sobat_interfaces': CMAKE_PREFIX_PATH=/home/said/Desktop/sobat/ROS2WorkSpace/install/torpido_gorev:/home/said/Desktop/sobat/ROS2WorkSpace/install/kablo_gorev:/home/said/Desktop/sobat/ROS2WorkSpace/install/halka_gorev:/opt/ros/foxy /usr/bin/cmake /home/said/Desktop/sobat/ROS2WorkSpace/src/sobat_interfaces -DCMAKE_INSTALL_PREFIX=/home/said/Desktop/sobat/ROS2WorkSpace/install/sobat_interfaces
[7.533s] INFO:colcon.colcon_core.task.python.build:Building Python package in '/home/said/Desktop/sobat/ROS2WorkSpace/src/torpido_gorev'
[7.608s] INFO:colcon.colcon_core.shell:Skip shell extension 'powershell' for command environment: Not usable outside of PowerShell
[7.608s] DEBUG:colcon.colcon_core.shell:Skip shell extension 'dsv' for command environment
[8.159s] DEBUG:colcon.colcon_core.event_handler.log_command:Invoking command in '/home/said/Desktop/sobat/ROS2WorkSpace/src/kablo_gorev': PYTHONPATH=/home/said/Desktop/sobat/ROS2WorkSpace/build/kablo_gorev/prefix_override:/home/said/Desktop/sobat/ROS2WorkSpace/install/kablo_gorev/lib/python3.8/site-packages:${PYTHONPATH} /usr/bin/python3 setup.py egg_info --egg-base ../../build/kablo_gorev build --build-base /home/said/Desktop/sobat/ROS2WorkSpace/build/kablo_gorev/build install --record /home/said/Desktop/sobat/ROS2WorkSpace/build/kablo_gorev/install.log --install-scripts $base/lib/kablo_gorev --single-version-externally-managed
[8.182s] DEBUG:colcon.colcon_core.event_handler.log_command:Invoking command in '/home/said/Desktop/sobat/ROS2WorkSpace/src/torpido_gorev': PYTHONPATH=/home/said/Desktop/sobat/ROS2WorkSpace/build/torpido_gorev/prefix_override:/home/said/Desktop/sobat/ROS2WorkSpace/install/torpido_gorev/lib/python3.8/site-packages:${PYTHONPATH} /usr/bin/python3 setup.py egg_info --egg-base ../../build/torpido_gorev build --build-base /home/said/Desktop/sobat/ROS2WorkSpace/build/torpido_gorev/build install --record /home/said/Desktop/sobat/ROS2WorkSpace/build/torpido_gorev/install.log --install-scripts $base/lib/torpido_gorev --single-version-externally-managed
[8.212s] DEBUG:colcon.colcon_core.event_handler.log_command:Invoking command in '/home/said/Desktop/sobat/ROS2WorkSpace/src/halka_gorev': PYTHONPATH=/home/said/Desktop/sobat/ROS2WorkSpace/build/halka_gorev/prefix_override:/home/said/Desktop/sobat/ROS2WorkSpace/install/halka_gorev/lib/python3.8/site-packages:${PYTHONPATH} /usr/bin/python3 setup.py egg_info --egg-base ../../build/halka_gorev build --build-base /home/said/Desktop/sobat/ROS2WorkSpace/build/halka_gorev/build install --record /home/said/Desktop/sobat/ROS2WorkSpace/build/halka_gorev/install.log --install-scripts $base/lib/halka_gorev --single-version-externally-managed
[8.406s] DEBUG:colcon.colcon_core.event_handler.log_command:Invoked command in '/home/said/Desktop/sobat/ROS2WorkSpace/src/kablo_gorev' returned '0': PYTHONPATH=/home/said/Desktop/sobat/ROS2WorkSpace/build/kablo_gorev/prefix_override:/home/said/Desktop/sobat/ROS2WorkSpace/install/kablo_gorev/lib/python3.8/site-packages:${PYTHONPATH} /usr/bin/python3 setup.py egg_info --egg-base ../../build/kablo_gorev build --build-base /home/said/Desktop/sobat/ROS2WorkSpace/build/kablo_gorev/build install --record /home/said/Desktop/sobat/ROS2WorkSpace/build/kablo_gorev/install.log --install-scripts $base/lib/kablo_gorev --single-version-externally-managed
[8.493s] Level 1:colcon.colcon_core.environment:checking '/home/said/Desktop/sobat/ROS2WorkSpace/install/kablo_gorev' for CMake module files
[8.494s] Level 1:colcon.colcon_core.environment:checking '/home/said/Desktop/sobat/ROS2WorkSpace/install/kablo_gorev' for CMake config files
[8.494s] Level 1:colcon.colcon_core.environment:checking '/home/said/Desktop/sobat/ROS2WorkSpace/install/kablo_gorev/lib'
[8.495s] Level 1:colcon.colcon_core.environment:checking '/home/said/Desktop/sobat/ROS2WorkSpace/install/kablo_gorev/bin'
[8.495s] Level 1:colcon.colcon_core.environment:checking '/home/said/Desktop/sobat/ROS2WorkSpace/install/kablo_gorev/lib/pkgconfig/kablo_gorev.pc'
[8.495s] Level 1:colcon.colcon_core.environment:checking '/home/said/Desktop/sobat/ROS2WorkSpace/install/kablo_gorev/lib/python3.8/site-packages'
[8.495s] Level 1:colcon.colcon_core.shell:create_environment_hook('kablo_gorev', 'pythonpath')
[8.579s] INFO:colcon.colcon_core.shell:Creating environment hook '/home/said/Desktop/sobat/ROS2WorkSpace/install/kablo_gorev/share/kablo_gorev/hook/pythonpath.ps1'
[8.579s] INFO:colcon.colcon_core.shell:Creating environment descriptor '/home/said/Desktop/sobat/ROS2WorkSpace/install/kablo_gorev/share/kablo_gorev/hook/pythonpath.dsv'
[8.580s] INFO:colcon.colcon_core.shell:Creating environment hook '/home/said/Desktop/sobat/ROS2WorkSpace/install/kablo_gorev/share/kablo_gorev/hook/pythonpath.sh'
[8.580s] Level 1:colcon.colcon_core.environment:checking '/home/said/Desktop/sobat/ROS2WorkSpace/install/kablo_gorev/bin'
[8.580s] Level 1:colcon.colcon_core.environment:create_environment_scripts_only(kablo_gorev)
[8.651s] INFO:colcon.colcon_core.shell:Creating package script '/home/said/Desktop/sobat/ROS2WorkSpace/install/kablo_gorev/share/kablo_gorev/package.ps1'
[8.652s] INFO:colcon.colcon_core.shell:Creating package descriptor '/home/said/Desktop/sobat/ROS2WorkSpace/install/kablo_gorev/share/kablo_gorev/package.dsv'
[8.652s] INFO:colcon.colcon_core.shell:Creating package script '/home/said/Desktop/sobat/ROS2WorkSpace/install/kablo_gorev/share/kablo_gorev/package.sh'
[8.653s] INFO:colcon.colcon_core.shell:Creating package script '/home/said/Desktop/sobat/ROS2WorkSpace/install/kablo_gorev/share/kablo_gorev/package.bash'
[8.653s] INFO:colcon.colcon_core.shell:Creating package script '/home/said/Desktop/sobat/ROS2WorkSpace/install/kablo_gorev/share/kablo_gorev/package.zsh'
[8.654s] Level 1:colcon.colcon_core.environment:create_file_with_runtime_dependencies(/home/said/Desktop/sobat/ROS2WorkSpace/install/kablo_gorev/share/colcon-core/packages/kablo_gorev)
[8.655s] DEBUG:colcon.colcon_core.event_handler.log_command:Invoked command in '/home/said/Desktop/sobat/ROS2WorkSpace/src/torpido_gorev' returned '0': PYTHONPATH=/home/said/Desktop/sobat/ROS2WorkSpace/build/torpido_gorev/prefix_override:/home/said/Desktop/sobat/ROS2WorkSpace/install/torpido_gorev/lib/python3.8/site-packages:${PYTHONPATH} /usr/bin/python3 setup.py egg_info --egg-base ../../build/torpido_gorev build --build-base /home/said/Desktop/sobat/ROS2WorkSpace/build/torpido_gorev/build install --record /home/said/Desktop/sobat/ROS2WorkSpace/build/torpido_gorev/install.log --install-scripts $base/lib/torpido_gorev --single-version-externally-managed
[8.728s] Level 1:colcon.colcon_core.environment:checking '/home/said/Desktop/sobat/ROS2WorkSpace/install/torpido_gorev' for CMake module files
[8.729s] Level 1:colcon.colcon_core.environment:checking '/home/said/Desktop/sobat/ROS2WorkSpace/install/torpido_gorev' for CMake config files
[8.730s] Level 1:colcon.colcon_core.environment:checking '/home/said/Desktop/sobat/ROS2WorkSpace/install/torpido_gorev/lib'
[8.730s] Level 1:colcon.colcon_core.environment:checking '/home/said/Desktop/sobat/ROS2WorkSpace/install/torpido_gorev/bin'
[8.730s] Level 1:colcon.colcon_core.environment:checking '/home/said/Desktop/sobat/ROS2WorkSpace/install/torpido_gorev/lib/pkgconfig/torpido_gorev.pc'
[8.730s] Level 1:colcon.colcon_core.environment:checking '/home/said/Desktop/sobat/ROS2WorkSpace/install/torpido_gorev/lib/python3.8/site-packages'
[8.730s] Level 1:colcon.colcon_core.shell:create_environment_hook('torpido_gorev', 'pythonpath')
[8.801s] INFO:colcon.colcon_core.shell:Creating environment hook '/home/said/Desktop/sobat/ROS2WorkSpace/install/torpido_gorev/share/torpido_gorev/hook/pythonpath.ps1'
[8.803s] INFO:colcon.colcon_core.shell:Creating environment descriptor '/home/said/Desktop/sobat/ROS2WorkSpace/install/torpido_gorev/share/torpido_gorev/hook/pythonpath.dsv'
[8.803s] INFO:colcon.colcon_core.shell:Creating environment hook '/home/said/Desktop/sobat/ROS2WorkSpace/install/torpido_gorev/share/torpido_gorev/hook/pythonpath.sh'
[8.804s] Level 1:colcon.colcon_core.environment:checking '/home/said/Desktop/sobat/ROS2WorkSpace/install/torpido_gorev/bin'
[8.804s] Level 1:colcon.colcon_core.environment:create_environment_scripts_only(torpido_gorev)
[8.875s] INFO:colcon.colcon_core.shell:Creating package script '/home/said/Desktop/sobat/ROS2WorkSpace/install/torpido_gorev/share/torpido_gorev/package.ps1'
[8.876s] INFO:colcon.colcon_core.shell:Creating package descriptor '/home/said/Desktop/sobat/ROS2WorkSpace/install/torpido_gorev/share/torpido_gorev/package.dsv'
[8.876s] INFO:colcon.colcon_core.shell:Creating package script '/home/said/Desktop/sobat/ROS2WorkSpace/install/torpido_gorev/share/torpido_gorev/package.sh'
[8.877s] INFO:colcon.colcon_core.shell:Creating package script '/home/said/Desktop/sobat/ROS2WorkSpace/install/torpido_gorev/share/torpido_gorev/package.bash'
[8.877s] INFO:colcon.colcon_core.shell:Creating package script '/home/said/Desktop/sobat/ROS2WorkSpace/install/torpido_gorev/share/torpido_gorev/package.zsh'
[8.877s] Level 1:colcon.colcon_core.environment:create_file_with_runtime_dependencies(/home/said/Desktop/sobat/ROS2WorkSpace/install/torpido_gorev/share/colcon-core/packages/torpido_gorev)
[8.878s] DEBUG:colcon.colcon_core.event_handler.log_command:Invoked command in '/home/said/Desktop/sobat/ROS2WorkSpace/src/halka_gorev' returned '0': PYTHONPATH=/home/said/Desktop/sobat/ROS2WorkSpace/build/halka_gorev/prefix_override:/home/said/Desktop/sobat/ROS2WorkSpace/install/halka_gorev/lib/python3.8/site-packages:${PYTHONPATH} /usr/bin/python3 setup.py egg_info --egg-base ../../build/halka_gorev build --build-base /home/said/Desktop/sobat/ROS2WorkSpace/build/halka_gorev/build install --record /home/said/Desktop/sobat/ROS2WorkSpace/build/halka_gorev/install.log --install-scripts $base/lib/halka_gorev --single-version-externally-managed
[8.952s] Level 1:colcon.colcon_core.environment:checking '/home/said/Desktop/sobat/ROS2WorkSpace/install/halka_gorev' for CMake module files
[8.952s] Level 1:colcon.colcon_core.environment:checking '/home/said/Desktop/sobat/ROS2WorkSpace/install/halka_gorev' for CMake config files
[8.953s] Level 1:colcon.colcon_core.environment:checking '/home/said/Desktop/sobat/ROS2WorkSpace/install/halka_gorev/lib'
[8.953s] Level 1:colcon.colcon_core.environment:checking '/home/said/Desktop/sobat/ROS2WorkSpace/install/halka_gorev/bin'
[8.953s] Level 1:colcon.colcon_core.environment:checking '/home/said/Desktop/sobat/ROS2WorkSpace/install/halka_gorev/lib/pkgconfig/halka_gorev.pc'
[8.953s] Level 1:colcon.colcon_core.environment:checking '/home/said/Desktop/sobat/ROS2WorkSpace/install/halka_gorev/lib/python3.8/site-packages'
[8.953s] Level 1:colcon.colcon_core.shell:create_environment_hook('halka_gorev', 'pythonpath')
[9.024s] INFO:colcon.colcon_core.shell:Creating environment hook '/home/said/Desktop/sobat/ROS2WorkSpace/install/halka_gorev/share/halka_gorev/hook/pythonpath.ps1'
[9.025s] INFO:colcon.colcon_core.shell:Creating environment descriptor '/home/said/Desktop/sobat/ROS2WorkSpace/install/halka_gorev/share/halka_gorev/hook/pythonpath.dsv'
[9.025s] INFO:colcon.colcon_core.shell:Creating environment hook '/home/said/Desktop/sobat/ROS2WorkSpace/install/halka_gorev/share/halka_gorev/hook/pythonpath.sh'
[9.026s] Level 1:colcon.colcon_core.environment:checking '/home/said/Desktop/sobat/ROS2WorkSpace/install/halka_gorev/bin'
[9.026s] Level 1:colcon.colcon_core.environment:create_environment_scripts_only(halka_gorev)
[9.098s] INFO:colcon.colcon_core.shell:Creating package script '/home/said/Desktop/sobat/ROS2WorkSpace/install/halka_gorev/share/halka_gorev/package.ps1'
[9.098s] INFO:colcon.colcon_core.shell:Creating package descriptor '/home/said/Desktop/sobat/ROS2WorkSpace/install/halka_gorev/share/halka_gorev/package.dsv'
[9.099s] INFO:colcon.colcon_core.shell:Creating package script '/home/said/Desktop/sobat/ROS2WorkSpace/install/halka_gorev/share/halka_gorev/package.sh'
[9.099s] INFO:colcon.colcon_core.shell:Creating package script '/home/said/Desktop/sobat/ROS2WorkSpace/install/halka_gorev/share/halka_gorev/package.bash'
[9.100s] INFO:colcon.colcon_core.shell:Creating package script '/home/said/Desktop/sobat/ROS2WorkSpace/install/halka_gorev/share/halka_gorev/package.zsh'
[9.100s] Level 1:colcon.colcon_core.environment:create_file_with_runtime_dependencies(/home/said/Desktop/sobat/ROS2WorkSpace/install/halka_gorev/share/colcon-core/packages/halka_gorev)
[9.103s] DEBUG:colcon.colcon_core.event_handler.log_command:Invoked command in '/home/said/Desktop/sobat/ROS2WorkSpace/build/sobat_interfaces' returned '1': CMAKE_PREFIX_PATH=/home/said/Desktop/sobat/ROS2WorkSpace/install/torpido_gorev:/home/said/Desktop/sobat/ROS2WorkSpace/install/kablo_gorev:/home/said/Desktop/sobat/ROS2WorkSpace/install/halka_gorev:/opt/ros/foxy /usr/bin/cmake /home/said/Desktop/sobat/ROS2WorkSpace/src/sobat_interfaces -DCMAKE_INSTALL_PREFIX=/home/said/Desktop/sobat/ROS2WorkSpace/install/sobat_interfaces
[9.110s] Level 1:colcon.colcon_core.environment:create_environment_scripts_only(sobat_interfaces)
[9.183s] Level 1:colcon.colcon_core.environment:checking '/home/said/Desktop/sobat/ROS2WorkSpace/install/sobat_interfaces' for CMake module files
[9.184s] Level 1:colcon.colcon_core.environment:checking '/home/said/Desktop/sobat/ROS2WorkSpace/install/sobat_interfaces' for CMake config files
[9.184s] Level 1:colcon.colcon_core.environment:checking '/home/said/Desktop/sobat/ROS2WorkSpace/install/sobat_interfaces/bin'
[9.184s] Level 1:colcon.colcon_core.environment:checking '/home/said/Desktop/sobat/ROS2WorkSpace/install/sobat_interfaces/lib/pkgconfig/sobat_interfaces.pc'
[9.184s] Level 1:colcon.colcon_core.environment:checking '/home/said/Desktop/sobat/ROS2WorkSpace/install/sobat_interfaces/lib/python3.8/site-packages'
[9.184s] Level 1:colcon.colcon_core.environment:checking '/home/said/Desktop/sobat/ROS2WorkSpace/install/sobat_interfaces/bin'
[9.255s] INFO:colcon.colcon_core.shell:Creating package script '/home/said/Desktop/sobat/ROS2WorkSpace/install/sobat_interfaces/share/sobat_interfaces/package.ps1'
[9.256s] INFO:colcon.colcon_core.shell:Creating package descriptor '/home/said/Desktop/sobat/ROS2WorkSpace/install/sobat_interfaces/share/sobat_interfaces/package.dsv'
[9.256s] INFO:colcon.colcon_core.shell:Creating package script '/home/said/Desktop/sobat/ROS2WorkSpace/install/sobat_interfaces/share/sobat_interfaces/package.sh'
[9.256s] INFO:colcon.colcon_core.shell:Creating package script '/home/said/Desktop/sobat/ROS2WorkSpace/install/sobat_interfaces/share/sobat_interfaces/package.bash'
[9.256s] INFO:colcon.colcon_core.shell:Creating package script '/home/said/Desktop/sobat/ROS2WorkSpace/install/sobat_interfaces/share/sobat_interfaces/package.zsh'
[9.257s] Level 1:colcon.colcon_core.environment:create_file_with_runtime_dependencies(/home/said/Desktop/sobat/ROS2WorkSpace/install/sobat_interfaces/share/colcon-core/packages/sobat_interfaces)
[9.267s] DEBUG:colcon.colcon_parallel_executor.executor.parallel:closing loop
[9.267s] DEBUG:colcon.colcon_parallel_executor.executor.parallel:loop closed
[9.267s] DEBUG:colcon.colcon_parallel_executor.executor.parallel:run_until_complete finished with '1'
[9.268s] DEBUG:colcon.colcon_core.event_reactor:joining thread
[9.345s] INFO:colcon.colcon_core.plugin_system:Skipping extension 'colcon_notification.desktop_notification.terminal_notifier': Not used on non-Darwin systems
[9.345s] INFO:colcon.colcon_core.plugin_system:Skipping extension 'colcon_notification.desktop_notification.win32': Not used on non-Windows systems
[9.345s] INFO:colcon.colcon_notification.desktop_notification:Sending desktop notification using 'notify2'
[9.356s] DEBUG:colcon.colcon_core.event_reactor:joined thread
[9.428s] INFO:colcon.colcon_core.shell:Creating prefix script '/home/said/Desktop/sobat/ROS2WorkSpace/install/local_setup.ps1'
[9.429s] INFO:colcon.colcon_core.shell:Creating prefix util module '/home/said/Desktop/sobat/ROS2WorkSpace/install/_local_setup_util_ps1.py'
[9.430s] INFO:colcon.colcon_core.shell:Creating prefix chain script '/home/said/Desktop/sobat/ROS2WorkSpace/install/setup.ps1'
[9.502s] INFO:colcon.colcon_core.shell:Creating prefix script '/home/said/Desktop/sobat/ROS2WorkSpace/install/local_setup.sh'
[9.502s] INFO:colcon.colcon_core.shell:Creating prefix util module '/home/said/Desktop/sobat/ROS2WorkSpace/install/_local_setup_util_sh.py'
[9.503s] INFO:colcon.colcon_core.shell:Creating prefix chain script '/home/said/Desktop/sobat/ROS2WorkSpace/install/setup.sh'
[9.574s] INFO:colcon.colcon_core.shell:Creating prefix script '/home/said/Desktop/sobat/ROS2WorkSpace/install/local_setup.bash'
[9.574s] INFO:colcon.colcon_core.shell:Creating prefix chain script '/home/said/Desktop/sobat/ROS2WorkSpace/install/setup.bash'
[9.650s] INFO:colcon.colcon_core.shell:Creating prefix script '/home/said/Desktop/sobat/ROS2WorkSpace/install/local_setup.zsh'
[9.651s] INFO:colcon.colcon_core.shell:Creating prefix chain script '/home/said/Desktop/sobat/ROS2WorkSpace/install/setup.zsh'
