[1.194s] Invoking command in '/home/said/Desktop/sobat/ROS2WorkSpace/src/kablo_gorev': PYTHONPATH=/home/said/Desktop/sobat/ROS2WorkSpace/src/build/kablo_gorev/prefix_override:/home/said/Desktop/sobat/ROS2WorkSpace/src/install/kablo_gorev/lib/python3.10/site-packages:${PYTHONPATH} /usr/bin/python3 setup.py egg_info --egg-base ../build/kablo_gorev build --build-base /home/said/Desktop/sobat/ROS2WorkSpace/src/build/kablo_gorev/build install --record /home/said/Desktop/sobat/ROS2WorkSpace/src/build/kablo_gorev/install.log --single-version-externally-managed
[1.400s] running egg_info
[1.401s] creating ../build/kablo_gorev/kablo_gorev.egg-info
[1.401s] writing ../build/kablo_gorev/kablo_gorev.egg-info/PKG-INFO
[1.401s] writing dependency_links to ../build/kablo_gorev/kablo_gorev.egg-info/dependency_links.txt
[1.401s] writing entry points to ../build/kablo_gorev/kablo_gorev.egg-info/entry_points.txt
[1.401s] writing requirements to ../build/kablo_gorev/kablo_gorev.egg-info/requires.txt
[1.402s] writing top-level names to ../build/kablo_gorev/kablo_gorev.egg-info/top_level.txt
[1.402s] writing manifest file '../build/kablo_gorev/kablo_gorev.egg-info/SOURCES.txt'
[1.403s] reading manifest file '../build/kablo_gorev/kablo_gorev.egg-info/SOURCES.txt'
[1.404s] writing manifest file '../build/kablo_gorev/kablo_gorev.egg-info/SOURCES.txt'
[1.404s] running build
[1.404s] running build_py
[1.404s] creating /home/said/Desktop/sobat/ROS2WorkSpace/src/build/kablo_gorev/build
[1.404s] creating /home/said/Desktop/sobat/ROS2WorkSpace/src/build/kablo_gorev/build/lib
[1.405s] creating /home/said/Desktop/sobat/ROS2WorkSpace/src/build/kablo_gorev/build/lib/kablo_gorev
[1.405s] copying kablo_gorev/__init__.py -> /home/said/Desktop/sobat/ROS2WorkSpace/src/build/kablo_gorev/build/lib/kablo_gorev
[1.405s] running install
[1.405s] running install_lib
[1.405s] creating /home/said/Desktop/sobat/ROS2WorkSpace/src/install/kablo_gorev/lib/python3.10/site-packages/kablo_gorev
[1.405s] copying /home/said/Desktop/sobat/ROS2WorkSpace/src/build/kablo_gorev/build/lib/kablo_gorev/__init__.py -> /home/said/Desktop/sobat/ROS2WorkSpace/src/install/kablo_gorev/lib/python3.10/site-packages/kablo_gorev
[1.406s] byte-compiling /home/said/Desktop/sobat/ROS2WorkSpace/src/install/kablo_gorev/lib/python3.10/site-packages/kablo_gorev/__init__.py to __init__.cpython-310.pyc
[1.406s] running install_data
[1.407s] creating /home/said/Desktop/sobat/ROS2WorkSpace/src/install/kablo_gorev/share/ament_index
[1.407s] creating /home/said/Desktop/sobat/ROS2WorkSpace/src/install/kablo_gorev/share/ament_index/resource_index
[1.407s] creating /home/said/Desktop/sobat/ROS2WorkSpace/src/install/kablo_gorev/share/ament_index/resource_index/packages
[1.407s] copying resource/kablo_gorev -> /home/said/Desktop/sobat/ROS2WorkSpace/src/install/kablo_gorev/share/ament_index/resource_index/packages
[1.407s] copying package.xml -> /home/said/Desktop/sobat/ROS2WorkSpace/src/install/kablo_gorev/share/kablo_gorev
[1.407s] running install_egg_info
[1.408s] Copying ../build/kablo_gorev/kablo_gorev.egg-info to /home/said/Desktop/sobat/ROS2WorkSpace/src/install/kablo_gorev/lib/python3.10/site-packages/kablo_gorev-0.0.0-py3.10.egg-info
[1.408s] running install_scripts
[1.424s] writing list of installed files to '/home/said/Desktop/sobat/ROS2WorkSpace/src/build/kablo_gorev/install.log'
[1.514s] Invoked command in '/home/said/Desktop/sobat/ROS2WorkSpace/src/kablo_gorev' returned '0': PYTHONPATH=/home/said/Desktop/sobat/ROS2WorkSpace/src/build/kablo_gorev/prefix_override:/home/said/Desktop/sobat/ROS2WorkSpace/src/install/kablo_gorev/lib/python3.10/site-packages:${PYTHONPATH} /usr/bin/python3 setup.py egg_info --egg-base ../build/kablo_gorev build --build-base /home/said/Desktop/sobat/ROS2WorkSpace/src/build/kablo_gorev/build install --record /home/said/Desktop/sobat/ROS2WorkSpace/src/build/kablo_gorev/install.log --single-version-externally-managed
