[4.340s] DEBUG:colcon:Command line arguments: ['/usr/bin/colcon', 'build', '--packages-select', 'motor_kontrol']
[4.340s] DEBUG:colcon:Parsed command line arguments: Namespace(allow_overriding=[], ament_cmake_args=None, base_paths=['.'], build_base='build', catkin_cmake_args=None, catkin_skip_building_tests=False, cmake_args=None, cmake_clean_cache=False, cmake_clean_first=False, cmake_force_configure=False, cmake_target=None, cmake_target_skip_unavailable=False, continue_on_error=False, event_handlers=None, executor='parallel', ignore_user_meta=False, install_base='install', log_base=None, log_level=None, main=<bound method BuildVerb.main of <colcon_core.verb.build.BuildVerb object at 0x7fb5bc42b2e0>>, merge_install=False, metas=['./colcon.meta'], packages_above=None, packages_above_and_dependencies=None, packages_above_depth=None, packages_end=None, packages_ignore=None, packages_ignore_regex=None, packages_select=['motor_kontrol'], packages_select_build_failed=False, packages_select_by_dep=None, packages_select_regex=None, packages_select_test_failures=False, packages_skip=None, packages_skip_build_finished=False, packages_skip_by_dep=None, packages_skip_regex=None, packages_skip_test_passed=False, packages_skip_up_to=None, packages_start=None, packages_up_to=None, packages_up_to_regex=None, parallel_workers=8, paths=None, symlink_install=False, test_result_base=None, verb_extension=<colcon_core.verb.build.BuildVerb object at 0x7fb5bc42b2e0>, verb_name='build', verb_parser=<colcon_defaults.argument_parser.defaults.DefaultArgumentsDecorator object at 0x7fb5bc42b070>)
[4.521s] Level 1:colcon.colcon_core.package_discovery:discover_packages(colcon_meta) check parameters
[4.522s] Level 1:colcon.colcon_core.package_discovery:discover_packages(recursive) check parameters
[4.522s] Level 1:colcon.colcon_core.package_discovery:discover_packages(ignore) check parameters
[4.522s] Level 1:colcon.colcon_core.package_discovery:discover_packages(path) check parameters
[4.522s] Level 1:colcon.colcon_core.package_discovery:discover_packages(colcon_meta) discover
[4.522s] Level 1:colcon.colcon_core.package_discovery:discover_packages(recursive) discover
[4.522s] INFO:colcon.colcon_core.package_discovery:Crawling recursively for packages in '/home/said/Desktop/sobat/ROS2WorkSpace'
[4.522s] Level 1:colcon.colcon_core.package_identification:_identify(.) by extensions ['ignore', 'ignore_ament_install']
[4.522s] Level 1:colcon.colcon_core.package_identification:_identify(.) by extension 'ignore'
[4.522s] Level 1:colcon.colcon_core.package_identification:_identify(.) by extension 'ignore_ament_install'
[4.522s] Level 1:colcon.colcon_core.package_identification:_identify(.) by extensions ['colcon_pkg']
[4.522s] Level 1:colcon.colcon_core.package_identification:_identify(.) by extension 'colcon_pkg'
[4.522s] Level 1:colcon.colcon_core.package_identification:_identify(.) by extensions ['colcon_meta']
[4.522s] Level 1:colcon.colcon_core.package_identification:_identify(.) by extension 'colcon_meta'
[4.522s] Level 1:colcon.colcon_core.package_identification:_identify(.) by extensions ['ros']
[4.522s] Level 1:colcon.colcon_core.package_identification:_identify(.) by extension 'ros'
[4.532s] Level 1:colcon.colcon_core.package_identification:_identify(.) by extensions ['cmake', 'python']
[4.532s] Level 1:colcon.colcon_core.package_identification:_identify(.) by extension 'cmake'
[4.532s] Level 1:colcon.colcon_core.package_identification:_identify(.) by extension 'python'
[4.532s] Level 1:colcon.colcon_core.package_identification:_identify(.) by extensions ['python_setup_py']
[4.532s] Level 1:colcon.colcon_core.package_identification:_identify(.) by extension 'python_setup_py'
[4.532s] Level 1:colcon.colcon_core.package_identification:_identify(build) by extensions ['ignore', 'ignore_ament_install']
[4.532s] Level 1:colcon.colcon_core.package_identification:_identify(build) by extension 'ignore'
[4.533s] Level 1:colcon.colcon_core.package_identification:_identify(build) ignored
[4.533s] Level 1:colcon.colcon_core.package_identification:_identify(install) by extensions ['ignore', 'ignore_ament_install']
[4.533s] Level 1:colcon.colcon_core.package_identification:_identify(install) by extension 'ignore'
[4.533s] Level 1:colcon.colcon_core.package_identification:_identify(install) ignored
[4.533s] Level 1:colcon.colcon_core.package_identification:_identify(log) by extensions ['ignore', 'ignore_ament_install']
[4.533s] Level 1:colcon.colcon_core.package_identification:_identify(log) by extension 'ignore'
[4.533s] Level 1:colcon.colcon_core.package_identification:_identify(log) ignored
[4.533s] Level 1:colcon.colcon_core.package_identification:_identify(src) by extensions ['ignore', 'ignore_ament_install']
[4.533s] Level 1:colcon.colcon_core.package_identification:_identify(src) by extension 'ignore'
[4.533s] Level 1:colcon.colcon_core.package_identification:_identify(src) by extension 'ignore_ament_install'
[4.533s] Level 1:colcon.colcon_core.package_identification:_identify(src) by extensions ['colcon_pkg']
[4.533s] Level 1:colcon.colcon_core.package_identification:_identify(src) by extension 'colcon_pkg'
[4.533s] Level 1:colcon.colcon_core.package_identification:_identify(src) by extensions ['colcon_meta']
[4.533s] Level 1:colcon.colcon_core.package_identification:_identify(src) by extension 'colcon_meta'
[4.533s] Level 1:colcon.colcon_core.package_identification:_identify(src) by extensions ['ros']
[4.533s] Level 1:colcon.colcon_core.package_identification:_identify(src) by extension 'ros'
[4.534s] Level 1:colcon.colcon_core.package_identification:_identify(src) by extensions ['cmake', 'python']
[4.534s] Level 1:colcon.colcon_core.package_identification:_identify(src) by extension 'cmake'
[4.534s] Level 1:colcon.colcon_core.package_identification:_identify(src) by extension 'python'
[4.534s] Level 1:colcon.colcon_core.package_identification:_identify(src) by extensions ['python_setup_py']
[4.534s] Level 1:colcon.colcon_core.package_identification:_identify(src) by extension 'python_setup_py'
[4.534s] Level 1:colcon.colcon_core.package_identification:_identify(src/halka_gorev) by extensions ['ignore', 'ignore_ament_install']
[4.534s] Level 1:colcon.colcon_core.package_identification:_identify(src/halka_gorev) by extension 'ignore'
[4.534s] Level 1:colcon.colcon_core.package_identification:_identify(src/halka_gorev) by extension 'ignore_ament_install'
[4.534s] Level 1:colcon.colcon_core.package_identification:_identify(src/halka_gorev) by extensions ['colcon_pkg']
[4.534s] Level 1:colcon.colcon_core.package_identification:_identify(src/halka_gorev) by extension 'colcon_pkg'
[4.534s] Level 1:colcon.colcon_core.package_identification:_identify(src/halka_gorev) by extensions ['colcon_meta']
[4.534s] Level 1:colcon.colcon_core.package_identification:_identify(src/halka_gorev) by extension 'colcon_meta'
[4.534s] Level 1:colcon.colcon_core.package_identification:_identify(src/halka_gorev) by extensions ['ros']
[4.534s] Level 1:colcon.colcon_core.package_identification:_identify(src/halka_gorev) by extension 'ros'
[4.536s] DEBUG:colcon.colcon_core.package_identification:Package 'src/halka_gorev' with type 'ros.ament_python' and name 'halka_gorev'
[4.536s] Level 1:colcon.colcon_core.package_identification:_identify(src/kablo_gorev) by extensions ['ignore', 'ignore_ament_install']
[4.536s] Level 1:colcon.colcon_core.package_identification:_identify(src/kablo_gorev) by extension 'ignore'
[4.536s] Level 1:colcon.colcon_core.package_identification:_identify(src/kablo_gorev) by extension 'ignore_ament_install'
[4.536s] Level 1:colcon.colcon_core.package_identification:_identify(src/kablo_gorev) by extensions ['colcon_pkg']
[4.537s] Level 1:colcon.colcon_core.package_identification:_identify(src/kablo_gorev) by extension 'colcon_pkg'
[4.537s] Level 1:colcon.colcon_core.package_identification:_identify(src/kablo_gorev) by extensions ['colcon_meta']
[4.537s] Level 1:colcon.colcon_core.package_identification:_identify(src/kablo_gorev) by extension 'colcon_meta'
[4.537s] Level 1:colcon.colcon_core.package_identification:_identify(src/kablo_gorev) by extensions ['ros']
[4.537s] Level 1:colcon.colcon_core.package_identification:_identify(src/kablo_gorev) by extension 'ros'
[4.537s] DEBUG:colcon.colcon_core.package_identification:Package 'src/kablo_gorev' with type 'ros.ament_python' and name 'kablo_gorev'
[4.537s] Level 1:colcon.colcon_core.package_identification:_identify(src/motor_kontrol) by extensions ['ignore', 'ignore_ament_install']
[4.537s] Level 1:colcon.colcon_core.package_identification:_identify(src/motor_kontrol) by extension 'ignore'
[4.537s] Level 1:colcon.colcon_core.package_identification:_identify(src/motor_kontrol) by extension 'ignore_ament_install'
[4.537s] Level 1:colcon.colcon_core.package_identification:_identify(src/motor_kontrol) by extensions ['colcon_pkg']
[4.537s] Level 1:colcon.colcon_core.package_identification:_identify(src/motor_kontrol) by extension 'colcon_pkg'
[4.537s] Level 1:colcon.colcon_core.package_identification:_identify(src/motor_kontrol) by extensions ['colcon_meta']
[4.537s] Level 1:colcon.colcon_core.package_identification:_identify(src/motor_kontrol) by extension 'colcon_meta'
[4.538s] Level 1:colcon.colcon_core.package_identification:_identify(src/motor_kontrol) by extensions ['ros']
[4.538s] Level 1:colcon.colcon_core.package_identification:_identify(src/motor_kontrol) by extension 'ros'
[4.538s] DEBUG:colcon.colcon_core.package_identification:Package 'src/motor_kontrol' with type 'ros.ament_python' and name 'motor_kontrol'
[4.538s] Level 1:colcon.colcon_core.package_identification:_identify(src/sobat_interfaces) by extensions ['ignore', 'ignore_ament_install']
[4.538s] Level 1:colcon.colcon_core.package_identification:_identify(src/sobat_interfaces) by extension 'ignore'
[4.538s] Level 1:colcon.colcon_core.package_identification:_identify(src/sobat_interfaces) by extension 'ignore_ament_install'
[4.538s] Level 1:colcon.colcon_core.package_identification:_identify(src/sobat_interfaces) by extensions ['colcon_pkg']
[4.538s] Level 1:colcon.colcon_core.package_identification:_identify(src/sobat_interfaces) by extension 'colcon_pkg'
[4.538s] Level 1:colcon.colcon_core.package_identification:_identify(src/sobat_interfaces) by extensions ['colcon_meta']
[4.538s] Level 1:colcon.colcon_core.package_identification:_identify(src/sobat_interfaces) by extension 'colcon_meta'
[4.539s] Level 1:colcon.colcon_core.package_identification:_identify(src/sobat_interfaces) by extensions ['ros']
[4.539s] Level 1:colcon.colcon_core.package_identification:_identify(src/sobat_interfaces) by extension 'ros'
[4.539s] DEBUG:colcon.colcon_core.package_identification:Package 'src/sobat_interfaces' with type 'ros.ament_cmake' and name 'sobat_interfaces'
[4.539s] Level 1:colcon.colcon_core.package_identification:_identify(src/torpido_gorev) by extensions ['ignore', 'ignore_ament_install']
[4.539s] Level 1:colcon.colcon_core.package_identification:_identify(src/torpido_gorev) by extension 'ignore'
[4.539s] Level 1:colcon.colcon_core.package_identification:_identify(src/torpido_gorev) by extension 'ignore_ament_install'
[4.539s] Level 1:colcon.colcon_core.package_identification:_identify(src/torpido_gorev) by extensions ['colcon_pkg']
[4.539s] Level 1:colcon.colcon_core.package_identification:_identify(src/torpido_gorev) by extension 'colcon_pkg'
[4.539s] Level 1:colcon.colcon_core.package_identification:_identify(src/torpido_gorev) by extensions ['colcon_meta']
[4.539s] Level 1:colcon.colcon_core.package_identification:_identify(src/torpido_gorev) by extension 'colcon_meta'
[4.539s] Level 1:colcon.colcon_core.package_identification:_identify(src/torpido_gorev) by extensions ['ros']
[4.539s] Level 1:colcon.colcon_core.package_identification:_identify(src/torpido_gorev) by extension 'ros'
[4.540s] DEBUG:colcon.colcon_core.package_identification:Package 'src/torpido_gorev' with type 'ros.ament_python' and name 'torpido_gorev'
[4.540s] Level 1:colcon.colcon_core.package_discovery:discover_packages(recursive) using defaults
[4.540s] Level 1:colcon.colcon_core.package_discovery:discover_packages(ignore) discover
[4.540s] Level 1:colcon.colcon_core.package_discovery:discover_packages(ignore) using defaults
[4.540s] Level 1:colcon.colcon_core.package_discovery:discover_packages(path) discover
[4.540s] Level 1:colcon.colcon_core.package_discovery:discover_packages(path) using defaults
[4.778s] INFO:colcon.colcon_core.package_selection:Skipping not selected package 'sobat_interfaces' in 'src/sobat_interfaces'
[4.778s] INFO:colcon.colcon_core.package_selection:Skipping not selected package 'halka_gorev' in 'src/halka_gorev'
[4.778s] INFO:colcon.colcon_core.package_selection:Skipping not selected package 'kablo_gorev' in 'src/kablo_gorev'
[4.778s] INFO:colcon.colcon_core.package_selection:Skipping not selected package 'torpido_gorev' in 'src/torpido_gorev'
[4.926s] Level 1:colcon.colcon_core.package_discovery:discover_packages(prefix_path) check parameters
[4.926s] Level 1:colcon.colcon_core.package_discovery:discover_packages(prefix_path) discover
[5.071s] DEBUG:colcon.colcon_installed_package_information.package_discovery:Found 335 installed packages in /opt/ros/foxy
[5.073s] Level 1:colcon.colcon_core.package_discovery:discover_packages(prefix_path) using defaults
[5.290s] Level 5:colcon.colcon_core.verb:set package 'motor_kontrol' build argument 'cmake_args' from command line to 'None'
[5.290s] Level 5:colcon.colcon_core.verb:set package 'motor_kontrol' build argument 'cmake_target' from command line to 'None'
[5.290s] Level 5:colcon.colcon_core.verb:set package 'motor_kontrol' build argument 'cmake_target_skip_unavailable' from command line to 'False'
[5.290s] Level 5:colcon.colcon_core.verb:set package 'motor_kontrol' build argument 'cmake_clean_cache' from command line to 'False'
[5.290s] Level 5:colcon.colcon_core.verb:set package 'motor_kontrol' build argument 'cmake_clean_first' from command line to 'False'
[5.290s] Level 5:colcon.colcon_core.verb:set package 'motor_kontrol' build argument 'cmake_force_configure' from command line to 'False'
[5.290s] Level 5:colcon.colcon_core.verb:set package 'motor_kontrol' build argument 'ament_cmake_args' from command line to 'None'
[5.290s] Level 5:colcon.colcon_core.verb:set package 'motor_kontrol' build argument 'catkin_cmake_args' from command line to 'None'
[5.290s] Level 5:colcon.colcon_core.verb:set package 'motor_kontrol' build argument 'catkin_skip_building_tests' from command line to 'False'
[5.290s] DEBUG:colcon.colcon_core.verb:Building package 'motor_kontrol' with the following arguments: {'ament_cmake_args': None, 'build_base': '/home/said/Desktop/sobat/ROS2WorkSpace/build/motor_kontrol', 'catkin_cmake_args': None, 'catkin_skip_building_tests': False, 'cmake_args': None, 'cmake_clean_cache': False, 'cmake_clean_first': False, 'cmake_force_configure': False, 'cmake_target': None, 'cmake_target_skip_unavailable': False, 'install_base': '/home/said/Desktop/sobat/ROS2WorkSpace/install/motor_kontrol', 'merge_install': False, 'path': '/home/said/Desktop/sobat/ROS2WorkSpace/src/motor_kontrol', 'symlink_install': False, 'test_result_base': None}
[5.362s] INFO:colcon.colcon_core.executor:Executing jobs using 'parallel' executor
[5.445s] DEBUG:colcon.colcon_parallel_executor.executor.parallel:run_until_complete
[5.445s] INFO:colcon.colcon_ros.task.ament_python.build:Building ROS package in '/home/said/Desktop/sobat/ROS2WorkSpace/src/motor_kontrol' with build type 'ament_python'
[5.445s] Level 1:colcon.colcon_core.shell:create_environment_hook('motor_kontrol', 'ament_prefix_path')
[5.525s] INFO:colcon.colcon_core.plugin_system:Skipping extension 'colcon_core.shell.bat': Not used on non-Windows systems
[5.525s] INFO:colcon.colcon_core.shell:Creating environment hook '/home/said/Desktop/sobat/ROS2WorkSpace/install/motor_kontrol/share/motor_kontrol/hook/ament_prefix_path.ps1'
[5.526s] INFO:colcon.colcon_core.shell:Creating environment descriptor '/home/said/Desktop/sobat/ROS2WorkSpace/install/motor_kontrol/share/motor_kontrol/hook/ament_prefix_path.dsv'
[5.526s] INFO:colcon.colcon_core.shell:Creating environment hook '/home/said/Desktop/sobat/ROS2WorkSpace/install/motor_kontrol/share/motor_kontrol/hook/ament_prefix_path.sh'
[5.600s] INFO:colcon.colcon_core.shell:Skip shell extension 'powershell' for command environment: Not usable outside of PowerShell
[5.600s] DEBUG:colcon.colcon_core.shell:Skip shell extension 'dsv' for command environment
[5.920s] INFO:colcon.colcon_core.task.python.build:Building Python package in '/home/said/Desktop/sobat/ROS2WorkSpace/src/motor_kontrol'
[6.001s] INFO:colcon.colcon_core.shell:Skip shell extension 'powershell' for command environment: Not usable outside of PowerShell
[6.001s] DEBUG:colcon.colcon_core.shell:Skip shell extension 'dsv' for command environment
[6.453s] DEBUG:colcon.colcon_core.event_handler.log_command:Invoking command in '/home/said/Desktop/sobat/ROS2WorkSpace/src/motor_kontrol': AMENT_PREFIX_PATH=/home/said/Desktop/sobat/ROS2WorkSpace/install/sobat_interfaces:${AMENT_PREFIX_PATH} CMAKE_PREFIX_PATH=/home/said/Desktop/sobat/ROS2WorkSpace/install/sobat_interfaces LD_LIBRARY_PATH=/home/said/Desktop/sobat/ROS2WorkSpace/install/sobat_interfaces/lib:${LD_LIBRARY_PATH} PYTHONPATH=/home/said/Desktop/sobat/ROS2WorkSpace/build/motor_kontrol/prefix_override:/home/said/Desktop/sobat/ROS2WorkSpace/install/motor_kontrol/lib/python3.8/site-packages:/home/said/Desktop/sobat/ROS2WorkSpace/install/sobat_interfaces/lib/python3.8/site-packages:${PYTHONPATH} /usr/bin/python3 setup.py egg_info --egg-base ../../build/motor_kontrol build --build-base /home/said/Desktop/sobat/ROS2WorkSpace/build/motor_kontrol/build install --record /home/said/Desktop/sobat/ROS2WorkSpace/build/motor_kontrol/install.log --install-scripts $base/lib/motor_kontrol --single-version-externally-managed
[6.660s] DEBUG:colcon.colcon_core.event_handler.log_command:Invoked command in '/home/said/Desktop/sobat/ROS2WorkSpace/src/motor_kontrol' returned '0': AMENT_PREFIX_PATH=/home/said/Desktop/sobat/ROS2WorkSpace/install/sobat_interfaces:${AMENT_PREFIX_PATH} CMAKE_PREFIX_PATH=/home/said/Desktop/sobat/ROS2WorkSpace/install/sobat_interfaces LD_LIBRARY_PATH=/home/said/Desktop/sobat/ROS2WorkSpace/install/sobat_interfaces/lib:${LD_LIBRARY_PATH} PYTHONPATH=/home/said/Desktop/sobat/ROS2WorkSpace/build/motor_kontrol/prefix_override:/home/said/Desktop/sobat/ROS2WorkSpace/install/motor_kontrol/lib/python3.8/site-packages:/home/said/Desktop/sobat/ROS2WorkSpace/install/sobat_interfaces/lib/python3.8/site-packages:${PYTHONPATH} /usr/bin/python3 setup.py egg_info --egg-base ../../build/motor_kontrol build --build-base /home/said/Desktop/sobat/ROS2WorkSpace/build/motor_kontrol/build install --record /home/said/Desktop/sobat/ROS2WorkSpace/build/motor_kontrol/install.log --install-scripts $base/lib/motor_kontrol --single-version-externally-managed
[6.737s] Level 1:colcon.colcon_core.environment:checking '/home/said/Desktop/sobat/ROS2WorkSpace/install/motor_kontrol' for CMake module files
[6.737s] Level 1:colcon.colcon_core.environment:checking '/home/said/Desktop/sobat/ROS2WorkSpace/install/motor_kontrol' for CMake config files
[6.737s] Level 1:colcon.colcon_core.environment:checking '/home/said/Desktop/sobat/ROS2WorkSpace/install/motor_kontrol/lib'
[6.737s] Level 1:colcon.colcon_core.environment:checking '/home/said/Desktop/sobat/ROS2WorkSpace/install/motor_kontrol/bin'
[6.738s] Level 1:colcon.colcon_core.environment:checking '/home/said/Desktop/sobat/ROS2WorkSpace/install/motor_kontrol/lib/pkgconfig/motor_kontrol.pc'
[6.738s] Level 1:colcon.colcon_core.environment:checking '/home/said/Desktop/sobat/ROS2WorkSpace/install/motor_kontrol/lib/python3.8/site-packages'
[6.738s] Level 1:colcon.colcon_core.shell:create_environment_hook('motor_kontrol', 'pythonpath')
[6.811s] INFO:colcon.colcon_core.shell:Creating environment hook '/home/said/Desktop/sobat/ROS2WorkSpace/install/motor_kontrol/share/motor_kontrol/hook/pythonpath.ps1'
[6.812s] INFO:colcon.colcon_core.shell:Creating environment descriptor '/home/said/Desktop/sobat/ROS2WorkSpace/install/motor_kontrol/share/motor_kontrol/hook/pythonpath.dsv'
[6.812s] INFO:colcon.colcon_core.shell:Creating environment hook '/home/said/Desktop/sobat/ROS2WorkSpace/install/motor_kontrol/share/motor_kontrol/hook/pythonpath.sh'
[6.812s] Level 1:colcon.colcon_core.environment:checking '/home/said/Desktop/sobat/ROS2WorkSpace/install/motor_kontrol/bin'
[6.812s] Level 1:colcon.colcon_core.environment:create_environment_scripts_only(motor_kontrol)
[6.885s] INFO:colcon.colcon_core.shell:Creating package script '/home/said/Desktop/sobat/ROS2WorkSpace/install/motor_kontrol/share/motor_kontrol/package.ps1'
[6.885s] INFO:colcon.colcon_core.shell:Creating package descriptor '/home/said/Desktop/sobat/ROS2WorkSpace/install/motor_kontrol/share/motor_kontrol/package.dsv'
[6.886s] INFO:colcon.colcon_core.shell:Creating package script '/home/said/Desktop/sobat/ROS2WorkSpace/install/motor_kontrol/share/motor_kontrol/package.sh'
[6.886s] INFO:colcon.colcon_core.shell:Creating package script '/home/said/Desktop/sobat/ROS2WorkSpace/install/motor_kontrol/share/motor_kontrol/package.bash'
[6.887s] INFO:colcon.colcon_core.shell:Creating package script '/home/said/Desktop/sobat/ROS2WorkSpace/install/motor_kontrol/share/motor_kontrol/package.zsh'
[6.887s] Level 1:colcon.colcon_core.environment:create_file_with_runtime_dependencies(/home/said/Desktop/sobat/ROS2WorkSpace/install/motor_kontrol/share/colcon-core/packages/motor_kontrol)
[6.888s] DEBUG:colcon.colcon_parallel_executor.executor.parallel:closing loop
[6.888s] DEBUG:colcon.colcon_parallel_executor.executor.parallel:loop closed
[6.888s] DEBUG:colcon.colcon_parallel_executor.executor.parallel:run_until_complete finished with '0'
[6.888s] DEBUG:colcon.colcon_core.event_reactor:joining thread
[6.966s] INFO:colcon.colcon_core.plugin_system:Skipping extension 'colcon_notification.desktop_notification.terminal_notifier': Not used on non-Darwin systems
[6.966s] INFO:colcon.colcon_core.plugin_system:Skipping extension 'colcon_notification.desktop_notification.win32': Not used on non-Windows systems
[6.966s] INFO:colcon.colcon_notification.desktop_notification:Sending desktop notification using 'notify2'
[6.976s] DEBUG:colcon.colcon_core.event_reactor:joined thread
[7.051s] INFO:colcon.colcon_core.shell:Creating prefix script '/home/said/Desktop/sobat/ROS2WorkSpace/install/local_setup.ps1'
[7.051s] INFO:colcon.colcon_core.shell:Creating prefix util module '/home/said/Desktop/sobat/ROS2WorkSpace/install/_local_setup_util_ps1.py'
[7.052s] INFO:colcon.colcon_core.shell:Creating prefix chain script '/home/said/Desktop/sobat/ROS2WorkSpace/install/setup.ps1'
[7.127s] INFO:colcon.colcon_core.shell:Creating prefix script '/home/said/Desktop/sobat/ROS2WorkSpace/install/local_setup.sh'
[7.127s] INFO:colcon.colcon_core.shell:Creating prefix util module '/home/said/Desktop/sobat/ROS2WorkSpace/install/_local_setup_util_sh.py'
[7.127s] INFO:colcon.colcon_core.shell:Creating prefix chain script '/home/said/Desktop/sobat/ROS2WorkSpace/install/setup.sh'
[7.202s] INFO:colcon.colcon_core.shell:Creating prefix script '/home/said/Desktop/sobat/ROS2WorkSpace/install/local_setup.bash'
[7.202s] INFO:colcon.colcon_core.shell:Creating prefix chain script '/home/said/Desktop/sobat/ROS2WorkSpace/install/setup.bash'
[7.275s] INFO:colcon.colcon_core.shell:Creating prefix script '/home/said/Desktop/sobat/ROS2WorkSpace/install/local_setup.zsh'
[7.275s] INFO:colcon.colcon_core.shell:Creating prefix chain script '/home/said/Desktop/sobat/ROS2WorkSpace/install/setup.zsh'
