[3.884s] DEBUG:colcon:Command line arguments: ['/usr/bin/colcon', 'build', '--packages-select', 'sobat_interfaces/']
[3.884s] DEBUG:colcon:Parsed command line arguments: Namespace(allow_overriding=[], ament_cmake_args=None, base_paths=['.'], build_base='build', catkin_cmake_args=None, catkin_skip_building_tests=False, cmake_args=None, cmake_clean_cache=False, cmake_clean_first=False, cmake_force_configure=False, cmake_target=None, cmake_target_skip_unavailable=False, continue_on_error=False, event_handlers=None, executor='parallel', ignore_user_meta=False, install_base='install', log_base=None, log_level=None, main=<bound method BuildVerb.main of <colcon_core.verb.build.BuildVerb object at 0x7f4177e9fd60>>, merge_install=False, metas=['./colcon.meta'], packages_above=None, packages_above_and_dependencies=None, packages_above_depth=None, packages_end=None, packages_ignore=None, packages_ignore_regex=None, packages_select=['sobat_interfaces/'], packages_select_build_failed=False, packages_select_by_dep=None, packages_select_regex=None, packages_select_test_failures=False, packages_skip=None, packages_skip_build_finished=False, packages_skip_by_dep=None, packages_skip_regex=None, packages_skip_test_passed=False, packages_skip_up_to=None, packages_start=None, packages_up_to=None, packages_up_to_regex=None, parallel_workers=8, paths=None, symlink_install=False, test_result_base=None, verb_extension=<colcon_core.verb.build.BuildVerb object at 0x7f4177e9fd60>, verb_name='build', verb_parser=<colcon_defaults.argument_parser.defaults.DefaultArgumentsDecorator object at 0x7f4177ea91f0>)
[4.043s] Level 1:colcon.colcon_core.package_discovery:discover_packages(colcon_meta) check parameters
[4.044s] Level 1:colcon.colcon_core.package_discovery:discover_packages(recursive) check parameters
[4.044s] Level 1:colcon.colcon_core.package_discovery:discover_packages(ignore) check parameters
[4.044s] Level 1:colcon.colcon_core.package_discovery:discover_packages(path) check parameters
[4.044s] Level 1:colcon.colcon_core.package_discovery:discover_packages(colcon_meta) discover
[4.044s] Level 1:colcon.colcon_core.package_discovery:discover_packages(recursive) discover
[4.044s] INFO:colcon.colcon_core.package_discovery:Crawling recursively for packages in '/home/said/Desktop/sobat/ROS2WorkSpace'
[4.044s] Level 1:colcon.colcon_core.package_identification:_identify(.) by extensions ['ignore', 'ignore_ament_install']
[4.044s] Level 1:colcon.colcon_core.package_identification:_identify(.) by extension 'ignore'
[4.044s] Level 1:colcon.colcon_core.package_identification:_identify(.) by extension 'ignore_ament_install'
[4.044s] Level 1:colcon.colcon_core.package_identification:_identify(.) by extensions ['colcon_pkg']
[4.044s] Level 1:colcon.colcon_core.package_identification:_identify(.) by extension 'colcon_pkg'
[4.044s] Level 1:colcon.colcon_core.package_identification:_identify(.) by extensions ['colcon_meta']
[4.044s] Level 1:colcon.colcon_core.package_identification:_identify(.) by extension 'colcon_meta'
[4.044s] Level 1:colcon.colcon_core.package_identification:_identify(.) by extensions ['ros']
[4.044s] Level 1:colcon.colcon_core.package_identification:_identify(.) by extension 'ros'
[4.052s] Level 1:colcon.colcon_core.package_identification:_identify(.) by extensions ['cmake', 'python']
[4.052s] Level 1:colcon.colcon_core.package_identification:_identify(.) by extension 'cmake'
[4.052s] Level 1:colcon.colcon_core.package_identification:_identify(.) by extension 'python'
[4.052s] Level 1:colcon.colcon_core.package_identification:_identify(.) by extensions ['python_setup_py']
[4.053s] Level 1:colcon.colcon_core.package_identification:_identify(.) by extension 'python_setup_py'
[4.053s] Level 1:colcon.colcon_core.package_identification:_identify(build) by extensions ['ignore', 'ignore_ament_install']
[4.053s] Level 1:colcon.colcon_core.package_identification:_identify(build) by extension 'ignore'
[4.053s] Level 1:colcon.colcon_core.package_identification:_identify(build) ignored
[4.053s] Level 1:colcon.colcon_core.package_identification:_identify(install) by extensions ['ignore', 'ignore_ament_install']
[4.053s] Level 1:colcon.colcon_core.package_identification:_identify(install) by extension 'ignore'
[4.053s] Level 1:colcon.colcon_core.package_identification:_identify(install) ignored
[4.053s] Level 1:colcon.colcon_core.package_identification:_identify(log) by extensions ['ignore', 'ignore_ament_install']
[4.053s] Level 1:colcon.colcon_core.package_identification:_identify(log) by extension 'ignore'
[4.053s] Level 1:colcon.colcon_core.package_identification:_identify(log) ignored
[4.053s] Level 1:colcon.colcon_core.package_identification:_identify(src) by extensions ['ignore', 'ignore_ament_install']
[4.054s] Level 1:colcon.colcon_core.package_identification:_identify(src) by extension 'ignore'
[4.054s] Level 1:colcon.colcon_core.package_identification:_identify(src) by extension 'ignore_ament_install'
[4.054s] Level 1:colcon.colcon_core.package_identification:_identify(src) by extensions ['colcon_pkg']
[4.054s] Level 1:colcon.colcon_core.package_identification:_identify(src) by extension 'colcon_pkg'
[4.054s] Level 1:colcon.colcon_core.package_identification:_identify(src) by extensions ['colcon_meta']
[4.054s] Level 1:colcon.colcon_core.package_identification:_identify(src) by extension 'colcon_meta'
[4.054s] Level 1:colcon.colcon_core.package_identification:_identify(src) by extensions ['ros']
[4.054s] Level 1:colcon.colcon_core.package_identification:_identify(src) by extension 'ros'
[4.054s] Level 1:colcon.colcon_core.package_identification:_identify(src) by extensions ['cmake', 'python']
[4.054s] Level 1:colcon.colcon_core.package_identification:_identify(src) by extension 'cmake'
[4.054s] Level 1:colcon.colcon_core.package_identification:_identify(src) by extension 'python'
[4.054s] Level 1:colcon.colcon_core.package_identification:_identify(src) by extensions ['python_setup_py']
[4.054s] Level 1:colcon.colcon_core.package_identification:_identify(src) by extension 'python_setup_py'
[4.054s] Level 1:colcon.colcon_core.package_identification:_identify(src/halka_gorev) by extensions ['ignore', 'ignore_ament_install']
[4.054s] Level 1:colcon.colcon_core.package_identification:_identify(src/halka_gorev) by extension 'ignore'
[4.055s] Level 1:colcon.colcon_core.package_identification:_identify(src/halka_gorev) by extension 'ignore_ament_install'
[4.055s] Level 1:colcon.colcon_core.package_identification:_identify(src/halka_gorev) by extensions ['colcon_pkg']
[4.055s] Level 1:colcon.colcon_core.package_identification:_identify(src/halka_gorev) by extension 'colcon_pkg'
[4.055s] Level 1:colcon.colcon_core.package_identification:_identify(src/halka_gorev) by extensions ['colcon_meta']
[4.055s] Level 1:colcon.colcon_core.package_identification:_identify(src/halka_gorev) by extension 'colcon_meta'
[4.055s] Level 1:colcon.colcon_core.package_identification:_identify(src/halka_gorev) by extensions ['ros']
[4.055s] Level 1:colcon.colcon_core.package_identification:_identify(src/halka_gorev) by extension 'ros'
[4.057s] DEBUG:colcon.colcon_core.package_identification:Package 'src/halka_gorev' with type 'ros.ament_python' and name 'halka_gorev'
[4.057s] Level 1:colcon.colcon_core.package_identification:_identify(src/kablo_gorev) by extensions ['ignore', 'ignore_ament_install']
[4.057s] Level 1:colcon.colcon_core.package_identification:_identify(src/kablo_gorev) by extension 'ignore'
[4.057s] Level 1:colcon.colcon_core.package_identification:_identify(src/kablo_gorev) by extension 'ignore_ament_install'
[4.057s] Level 1:colcon.colcon_core.package_identification:_identify(src/kablo_gorev) by extensions ['colcon_pkg']
[4.057s] Level 1:colcon.colcon_core.package_identification:_identify(src/kablo_gorev) by extension 'colcon_pkg'
[4.057s] Level 1:colcon.colcon_core.package_identification:_identify(src/kablo_gorev) by extensions ['colcon_meta']
[4.057s] Level 1:colcon.colcon_core.package_identification:_identify(src/kablo_gorev) by extension 'colcon_meta'
[4.057s] Level 1:colcon.colcon_core.package_identification:_identify(src/kablo_gorev) by extensions ['ros']
[4.057s] Level 1:colcon.colcon_core.package_identification:_identify(src/kablo_gorev) by extension 'ros'
[4.058s] DEBUG:colcon.colcon_core.package_identification:Package 'src/kablo_gorev' with type 'ros.ament_python' and name 'kablo_gorev'
[4.058s] Level 1:colcon.colcon_core.package_identification:_identify(src/sobat_interfaces) by extensions ['ignore', 'ignore_ament_install']
[4.058s] Level 1:colcon.colcon_core.package_identification:_identify(src/sobat_interfaces) by extension 'ignore'
[4.058s] Level 1:colcon.colcon_core.package_identification:_identify(src/sobat_interfaces) by extension 'ignore_ament_install'
[4.058s] Level 1:colcon.colcon_core.package_identification:_identify(src/sobat_interfaces) by extensions ['colcon_pkg']
[4.058s] Level 1:colcon.colcon_core.package_identification:_identify(src/sobat_interfaces) by extension 'colcon_pkg'
[4.058s] Level 1:colcon.colcon_core.package_identification:_identify(src/sobat_interfaces) by extensions ['colcon_meta']
[4.058s] Level 1:colcon.colcon_core.package_identification:_identify(src/sobat_interfaces) by extension 'colcon_meta'
[4.058s] Level 1:colcon.colcon_core.package_identification:_identify(src/sobat_interfaces) by extensions ['ros']
[4.058s] Level 1:colcon.colcon_core.package_identification:_identify(src/sobat_interfaces) by extension 'ros'
[4.059s] DEBUG:colcon.colcon_core.package_identification:Package 'src/sobat_interfaces' with type 'ros.ament_cmake' and name 'sobat_interfaces'
[4.059s] Level 1:colcon.colcon_core.package_identification:_identify(src/torpido_gorev) by extensions ['ignore', 'ignore_ament_install']
[4.059s] Level 1:colcon.colcon_core.package_identification:_identify(src/torpido_gorev) by extension 'ignore'
[4.059s] Level 1:colcon.colcon_core.package_identification:_identify(src/torpido_gorev) by extension 'ignore_ament_install'
[4.059s] Level 1:colcon.colcon_core.package_identification:_identify(src/torpido_gorev) by extensions ['colcon_pkg']
[4.059s] Level 1:colcon.colcon_core.package_identification:_identify(src/torpido_gorev) by extension 'colcon_pkg'
[4.059s] Level 1:colcon.colcon_core.package_identification:_identify(src/torpido_gorev) by extensions ['colcon_meta']
[4.059s] Level 1:colcon.colcon_core.package_identification:_identify(src/torpido_gorev) by extension 'colcon_meta'
[4.059s] Level 1:colcon.colcon_core.package_identification:_identify(src/torpido_gorev) by extensions ['ros']
[4.059s] Level 1:colcon.colcon_core.package_identification:_identify(src/torpido_gorev) by extension 'ros'
[4.060s] DEBUG:colcon.colcon_core.package_identification:Package 'src/torpido_gorev' with type 'ros.ament_python' and name 'torpido_gorev'
[4.060s] Level 1:colcon.colcon_core.package_discovery:discover_packages(recursive) using defaults
[4.060s] Level 1:colcon.colcon_core.package_discovery:discover_packages(ignore) discover
[4.060s] Level 1:colcon.colcon_core.package_discovery:discover_packages(ignore) using defaults
[4.060s] Level 1:colcon.colcon_core.package_discovery:discover_packages(path) discover
[4.060s] Level 1:colcon.colcon_core.package_discovery:discover_packages(path) using defaults
[4.130s] WARNING:colcon.colcon_core.package_selection:ignoring unknown package 'sobat_interfaces/' in --packages-select
[4.284s] INFO:colcon.colcon_core.package_selection:Skipping not selected package 'halka_gorev' in 'src/halka_gorev'
[4.285s] INFO:colcon.colcon_core.package_selection:Skipping not selected package 'kablo_gorev' in 'src/kablo_gorev'
[4.285s] INFO:colcon.colcon_core.package_selection:Skipping not selected package 'sobat_interfaces' in 'src/sobat_interfaces'
[4.285s] INFO:colcon.colcon_core.package_selection:Skipping not selected package 'torpido_gorev' in 'src/torpido_gorev'
[4.424s] Level 1:colcon.colcon_core.package_discovery:discover_packages(prefix_path) check parameters
[4.424s] Level 1:colcon.colcon_core.package_discovery:discover_packages(prefix_path) discover
[4.573s] DEBUG:colcon.colcon_installed_package_information.package_discovery:Found 4 installed packages in /home/said/Desktop/sobat/ROS2WorkSpace/install
[4.646s] DEBUG:colcon.colcon_installed_package_information.package_discovery:Found 334 installed packages in /opt/ros/foxy
[4.648s] Level 1:colcon.colcon_core.package_discovery:discover_packages(prefix_path) using defaults
[4.856s] INFO:colcon.colcon_core.executor:Executing jobs using 'parallel' executor
[4.926s] DEBUG:colcon.colcon_parallel_executor.executor.parallel:run_until_complete
[4.926s] DEBUG:colcon.colcon_parallel_executor.executor.parallel:closing loop
[4.926s] DEBUG:colcon.colcon_parallel_executor.executor.parallel:loop closed
[4.927s] DEBUG:colcon.colcon_parallel_executor.executor.parallel:run_until_complete finished with '0'
[4.927s] DEBUG:colcon.colcon_core.event_reactor:joining thread
[5.002s] INFO:colcon.colcon_core.plugin_system:Skipping extension 'colcon_notification.desktop_notification.terminal_notifier': Not used on non-Darwin systems
[5.002s] INFO:colcon.colcon_core.plugin_system:Skipping extension 'colcon_notification.desktop_notification.win32': Not used on non-Windows systems
[5.002s] INFO:colcon.colcon_notification.desktop_notification:Sending desktop notification using 'notify2'
[5.013s] DEBUG:colcon.colcon_core.event_reactor:joined thread
[5.087s] INFO:colcon.colcon_core.plugin_system:Skipping extension 'colcon_core.shell.bat': Not used on non-Windows systems
[5.087s] INFO:colcon.colcon_core.shell:Creating prefix script '/home/said/Desktop/sobat/ROS2WorkSpace/install/local_setup.ps1'
[5.088s] INFO:colcon.colcon_core.shell:Creating prefix util module '/home/said/Desktop/sobat/ROS2WorkSpace/install/_local_setup_util_ps1.py'
[5.089s] INFO:colcon.colcon_core.shell:Creating prefix chain script '/home/said/Desktop/sobat/ROS2WorkSpace/install/setup.ps1'
[5.163s] INFO:colcon.colcon_core.shell:Creating prefix script '/home/said/Desktop/sobat/ROS2WorkSpace/install/local_setup.sh'
[5.164s] INFO:colcon.colcon_core.shell:Creating prefix util module '/home/said/Desktop/sobat/ROS2WorkSpace/install/_local_setup_util_sh.py'
[5.164s] INFO:colcon.colcon_core.shell:Creating prefix chain script '/home/said/Desktop/sobat/ROS2WorkSpace/install/setup.sh'
[5.237s] INFO:colcon.colcon_core.shell:Creating prefix script '/home/said/Desktop/sobat/ROS2WorkSpace/install/local_setup.bash'
[5.238s] INFO:colcon.colcon_core.shell:Creating prefix chain script '/home/said/Desktop/sobat/ROS2WorkSpace/install/setup.bash'
[5.310s] INFO:colcon.colcon_core.shell:Creating prefix script '/home/said/Desktop/sobat/ROS2WorkSpace/install/local_setup.zsh'
[5.310s] INFO:colcon.colcon_core.shell:Creating prefix chain script '/home/said/Desktop/sobat/ROS2WorkSpace/install/setup.zsh'
