[2.249s] Invoking command in '/home/said/Desktop/sobat/ROS2WorkSpace/src/torpido_gorev': PYTHONPATH=/home/said/Desktop/sobat/ROS2WorkSpace/build/torpido_gorev/prefix_override:/home/said/Desktop/sobat/ROS2WorkSpace/install/torpido_gorev/lib/python3.8/site-packages:${PYTHONPATH} /usr/bin/python3 setup.py egg_info --egg-base ../../build/torpido_gorev build --build-base /home/said/Desktop/sobat/ROS2WorkSpace/build/torpido_gorev/build install --record /home/said/Desktop/sobat/ROS2WorkSpace/build/torpido_gorev/install.log --install-scripts $base/lib/torpido_gorev --single-version-externally-managed
[2.552s] running egg_info
[2.553s] writing ../../build/torpido_gorev/torpido_gorev.egg-info/PKG-INFO
[2.553s] writing dependency_links to ../../build/torpido_gorev/torpido_gorev.egg-info/dependency_links.txt
[2.553s] writing entry points to ../../build/torpido_gorev/torpido_gorev.egg-info/entry_points.txt
[2.554s] writing requirements to ../../build/torpido_gorev/torpido_gorev.egg-info/requires.txt
[2.554s] writing top-level names to ../../build/torpido_gorev/torpido_gorev.egg-info/top_level.txt
[2.607s] reading manifest file '../../build/torpido_gorev/torpido_gorev.egg-info/SOURCES.txt'
[2.609s] writing manifest file '../../build/torpido_gorev/torpido_gorev.egg-info/SOURCES.txt'
[2.609s] running build
[2.609s] running build_py
[2.609s] running install
[2.620s] running install_lib
[2.623s] running install_data
[2.624s] running install_egg_info
[2.627s] removing '/home/said/Desktop/sobat/ROS2WorkSpace/install/torpido_gorev/lib/python3.8/site-packages/torpido_gorev-0.0.0-py3.8.egg-info' (and everything under it)
[2.630s] Copying ../../build/torpido_gorev/torpido_gorev.egg-info to /home/said/Desktop/sobat/ROS2WorkSpace/install/torpido_gorev/lib/python3.8/site-packages/torpido_gorev-0.0.0-py3.8.egg-info
[2.643s] running install_scripts
[2.672s] writing list of installed files to '/home/said/Desktop/sobat/ROS2WorkSpace/build/torpido_gorev/install.log'
[3.057s] Invoked command in '/home/said/Desktop/sobat/ROS2WorkSpace/src/torpido_gorev' returned '0': PYTHONPATH=/home/said/Desktop/sobat/ROS2WorkSpace/build/torpido_gorev/prefix_override:/home/said/Desktop/sobat/ROS2WorkSpace/install/torpido_gorev/lib/python3.8/site-packages:${PYTHONPATH} /usr/bin/python3 setup.py egg_info --egg-base ../../build/torpido_gorev build --build-base /home/said/Desktop/sobat/ROS2WorkSpace/build/torpido_gorev/build install --record /home/said/Desktop/sobat/ROS2WorkSpace/build/torpido_gorev/install.log --install-scripts $base/lib/torpido_gorev --single-version-externally-managed
