[0.297s] Invoking command in '/home/said/Desktop/sobat/ROS2WorkSpace/build/sobat_interfaces': CMAKE_PREFIX_PATH=${CMAKE_PREFIX_PATH}:/home/said/Desktop/sobat/ROS2WorkSpace/install/torpido_gorev:/home/said/Desktop/sobat/ROS2WorkSpace/install/kablo_gorev:/home/said/Desktop/sobat/ROS2WorkSpace/install/halka_gorev:/home/said/Desktop/sobat/ROS2WorkSpace/install/motor_kontrol:/opt/ros/foxy /usr/bin/cmake --build /home/said/Desktop/sobat/ROS2WorkSpace/build/sobat_interfaces -- -j8 -l8
[0.315s] -- Found ament_cmake: 0.9.12 (/opt/ros/foxy/share/ament_cmake/cmake)
[0.337s] -- Found PythonInterp: /usr/bin/python3 (found suitable version "3.8.10", minimum required is "3") 
[0.337s] -- Using PYTHON_EXECUTABLE: /usr/bin/python3
[0.474s] -- Override CMake install command with custom implementation using symlinks instead of copying resources
[0.480s] -- Found rosidl_default_generators: 1.0.1 (/opt/ros/foxy/share/rosidl_default_generators/cmake)
[0.482s] -- Using all available rosidl_typesupport_c: rosidl_typesupport_fastrtps_c;rosidl_typesupport_introspection_c
[0.484s] -- Found rosidl_adapter: 1.3.1 (/opt/ros/foxy/share/rosidl_adapter/cmake)
[0.586s] -- Using all available rosidl_typesupport_cpp: rosidl_typesupport_fastrtps_cpp;rosidl_typesupport_introspection_cpp
[0.625s] -- Found PythonInterp: /usr/bin/python3 (found version "3.8.10") 
[0.720s] -- Found ament_cmake_ros: 0.9.2 (/opt/ros/foxy/share/ament_cmake_ros/cmake)
[0.792s] -- Using all available rosidl_typesupport_c: rosidl_typesupport_fastrtps_c;rosidl_typesupport_introspection_c
[0.798s] -- Using all available rosidl_typesupport_cpp: rosidl_typesupport_fastrtps_cpp;rosidl_typesupport_introspection_cpp
[0.821s] -- Found PythonInterp: /usr/bin/python3 (found suitable version "3.8.10", minimum required is "3.5") 
[0.821s] -- Found python_cmake_module: 0.8.1 (/opt/ros/foxy/share/python_cmake_module/cmake)
[0.843s] -- Using PYTHON_EXECUTABLE: /usr/bin/python3
[0.843s] -- Using PYTHON_INCLUDE_DIRS: /usr/include/python3.8
[0.843s] -- Using PYTHON_LIBRARIES: /usr/lib/x86_64-linux-gnu/libpython3.8.so
[0.863s] -- Configuring done
[0.884s] -- Generating done
[0.885s] -- Build files have been written to: /home/said/Desktop/sobat/ROS2WorkSpace/build/sobat_interfaces
[0.910s] [  2%] Built target sobat_interfaces__cpp
[0.911s] [ 12%] Built target sobat_interfaces__rosidl_generator_c
[0.926s] [ 33%] Built target sobat_interfaces__rosidl_typesupport_introspection_cpp
[0.926s] [ 33%] Built target sobat_interfaces__rosidl_typesupport_cpp
[0.929s] [ 43%] Built target sobat_interfaces__rosidl_typesupport_fastrtps_cpp
[0.942s] [ 64%] Built target sobat_interfaces__rosidl_typesupport_introspection_c
[0.942s] [ 64%] Built target sobat_interfaces__rosidl_typesupport_c
[0.947s] [ 74%] Built target sobat_interfaces__rosidl_typesupport_fastrtps_c
[0.961s] [ 74%] Built target sobat_interfaces
[0.975s] [ 76%] Built target sobat_interfaces__py
[0.994s] [ 84%] Built target sobat_interfaces__python
[1.013s] [100%] Built target sobat_interfaces__rosidl_typesupport_introspection_c__pyext
[1.013s] [100%] Built target sobat_interfaces__rosidl_typesupport_fastrtps_c__pyext
[1.013s] [100%] Built target sobat_interfaces__rosidl_typesupport_c__pyext
[1.021s] Invoked command in '/home/said/Desktop/sobat/ROS2WorkSpace/build/sobat_interfaces' returned '0': CMAKE_PREFIX_PATH=${CMAKE_PREFIX_PATH}:/home/said/Desktop/sobat/ROS2WorkSpace/install/torpido_gorev:/home/said/Desktop/sobat/ROS2WorkSpace/install/kablo_gorev:/home/said/Desktop/sobat/ROS2WorkSpace/install/halka_gorev:/home/said/Desktop/sobat/ROS2WorkSpace/install/motor_kontrol:/opt/ros/foxy /usr/bin/cmake --build /home/said/Desktop/sobat/ROS2WorkSpace/build/sobat_interfaces -- -j8 -l8
[1.066s] Invoking command in '/home/said/Desktop/sobat/ROS2WorkSpace/build/sobat_interfaces': CMAKE_PREFIX_PATH=${CMAKE_PREFIX_PATH}:/home/said/Desktop/sobat/ROS2WorkSpace/install/torpido_gorev:/home/said/Desktop/sobat/ROS2WorkSpace/install/kablo_gorev:/home/said/Desktop/sobat/ROS2WorkSpace/install/halka_gorev:/home/said/Desktop/sobat/ROS2WorkSpace/install/motor_kontrol:/opt/ros/foxy /usr/bin/cmake --install /home/said/Desktop/sobat/ROS2WorkSpace/build/sobat_interfaces
[1.071s] -- Install configuration: ""
[1.072s] -- Execute custom install script
[1.072s] -- Up-to-date symlink: /home/said/Desktop/sobat/ROS2WorkSpace/install/sobat_interfaces/share/ament_index/resource_index/rosidl_interfaces/sobat_interfaces
[1.073s] -- Up-to-date symlink: /home/said/Desktop/sobat/ROS2WorkSpace/install/sobat_interfaces/include/sobat_interfaces/msg/detail/mesafe_sensor__functions.h
[1.073s] -- Up-to-date symlink: /home/said/Desktop/sobat/ROS2WorkSpace/install/sobat_interfaces/include/sobat_interfaces/msg/detail/mesafe_sensor__struct.h
[1.073s] -- Up-to-date symlink: /home/said/Desktop/sobat/ROS2WorkSpace/install/sobat_interfaces/include/sobat_interfaces/msg/detail/mesafe_sensor__type_support.h
[1.073s] -- Up-to-date symlink: /home/said/Desktop/sobat/ROS2WorkSpace/install/sobat_interfaces/include/sobat_interfaces/msg/detail/sobat_hareket__functions.h
[1.073s] -- Up-to-date symlink: /home/said/Desktop/sobat/ROS2WorkSpace/install/sobat_interfaces/include/sobat_interfaces/msg/detail/sobat_hareket__struct.h
[1.073s] -- Up-to-date symlink: /home/said/Desktop/sobat/ROS2WorkSpace/install/sobat_interfaces/include/sobat_interfaces/msg/detail/sobat_hareket__type_support.h
[1.073s] -- Up-to-date symlink: /home/said/Desktop/sobat/ROS2WorkSpace/install/sobat_interfaces/include/sobat_interfaces/msg/mesafe_sensor.h
[1.073s] -- Up-to-date symlink: /home/said/Desktop/sobat/ROS2WorkSpace/install/sobat_interfaces/include/sobat_interfaces/msg/rosidl_generator_c__visibility_control.h
[1.073s] -- Up-to-date symlink: /home/said/Desktop/sobat/ROS2WorkSpace/install/sobat_interfaces/include/sobat_interfaces/msg/sobat_hareket.h
[1.074s] -- Up-to-date symlink: /home/said/Desktop/sobat/ROS2WorkSpace/install/sobat_interfaces/share/sobat_interfaces/environment/library_path.sh
[1.074s] -- Up-to-date symlink: /home/said/Desktop/sobat/ROS2WorkSpace/install/sobat_interfaces/share/sobat_interfaces/environment/library_path.dsv
[1.074s] -- Up-to-date symlink: /home/said/Desktop/sobat/ROS2WorkSpace/install/sobat_interfaces/include/sobat_interfaces/msg/detail/mesafe_sensor__rosidl_typesupport_fastrtps_c.h
[1.074s] -- Up-to-date symlink: /home/said/Desktop/sobat/ROS2WorkSpace/install/sobat_interfaces/include/sobat_interfaces/msg/detail/sobat_hareket__rosidl_typesupport_fastrtps_c.h
[1.074s] -- Up-to-date symlink: /home/said/Desktop/sobat/ROS2WorkSpace/install/sobat_interfaces/include/sobat_interfaces/msg/rosidl_typesupport_fastrtps_c__visibility_control.h
[1.075s] -- Up-to-date symlink: /home/said/Desktop/sobat/ROS2WorkSpace/install/sobat_interfaces/lib/libsobat_interfaces__rosidl_typesupport_fastrtps_c.so
[1.076s] -- Up-to-date symlink: /home/said/Desktop/sobat/ROS2WorkSpace/install/sobat_interfaces/include/sobat_interfaces/msg/detail/mesafe_sensor__rosidl_typesupport_fastrtps_cpp.hpp
[1.076s] -- Up-to-date symlink: /home/said/Desktop/sobat/ROS2WorkSpace/install/sobat_interfaces/include/sobat_interfaces/msg/detail/sobat_hareket__rosidl_typesupport_fastrtps_cpp.hpp
[1.076s] -- Up-to-date symlink: /home/said/Desktop/sobat/ROS2WorkSpace/install/sobat_interfaces/include/sobat_interfaces/msg/rosidl_typesupport_fastrtps_cpp__visibility_control.h
[1.076s] -- Up-to-date symlink: /home/said/Desktop/sobat/ROS2WorkSpace/install/sobat_interfaces/lib/libsobat_interfaces__rosidl_typesupport_fastrtps_cpp.so
[1.076s] -- Up-to-date symlink: /home/said/Desktop/sobat/ROS2WorkSpace/install/sobat_interfaces/include/sobat_interfaces/msg/detail/mesafe_sensor__rosidl_typesupport_introspection_c.h
[1.077s] -- Up-to-date symlink: /home/said/Desktop/sobat/ROS2WorkSpace/install/sobat_interfaces/include/sobat_interfaces/msg/detail/sobat_hareket__rosidl_typesupport_introspection_c.h
[1.077s] -- Up-to-date symlink: /home/said/Desktop/sobat/ROS2WorkSpace/install/sobat_interfaces/include/sobat_interfaces/msg/rosidl_typesupport_introspection_c__visibility_control.h
[1.077s] -- Up-to-date symlink: /home/said/Desktop/sobat/ROS2WorkSpace/install/sobat_interfaces/include/sobat_interfaces/msg/detail/mesafe_sensor__builder.hpp
[1.077s] -- Up-to-date symlink: /home/said/Desktop/sobat/ROS2WorkSpace/install/sobat_interfaces/include/sobat_interfaces/msg/detail/mesafe_sensor__struct.hpp
[1.077s] -- Up-to-date symlink: /home/said/Desktop/sobat/ROS2WorkSpace/install/sobat_interfaces/include/sobat_interfaces/msg/detail/mesafe_sensor__traits.hpp
[1.077s] -- Up-to-date symlink: /home/said/Desktop/sobat/ROS2WorkSpace/install/sobat_interfaces/include/sobat_interfaces/msg/detail/mesafe_sensor__type_support.hpp
[1.078s] -- Up-to-date symlink: /home/said/Desktop/sobat/ROS2WorkSpace/install/sobat_interfaces/include/sobat_interfaces/msg/detail/sobat_hareket__builder.hpp
[1.078s] -- Up-to-date symlink: /home/said/Desktop/sobat/ROS2WorkSpace/install/sobat_interfaces/include/sobat_interfaces/msg/detail/sobat_hareket__struct.hpp
[1.078s] -- Up-to-date symlink: /home/said/Desktop/sobat/ROS2WorkSpace/install/sobat_interfaces/include/sobat_interfaces/msg/detail/sobat_hareket__traits.hpp
[1.078s] -- Up-to-date symlink: /home/said/Desktop/sobat/ROS2WorkSpace/install/sobat_interfaces/include/sobat_interfaces/msg/detail/sobat_hareket__type_support.hpp
[1.078s] -- Up-to-date symlink: /home/said/Desktop/sobat/ROS2WorkSpace/install/sobat_interfaces/include/sobat_interfaces/msg/mesafe_sensor.hpp
[1.078s] -- Up-to-date symlink: /home/said/Desktop/sobat/ROS2WorkSpace/install/sobat_interfaces/include/sobat_interfaces/msg/rosidl_generator_cpp__visibility_control.hpp
[1.078s] -- Up-to-date symlink: /home/said/Desktop/sobat/ROS2WorkSpace/install/sobat_interfaces/include/sobat_interfaces/msg/sobat_hareket.hpp
[1.079s] -- Up-to-date symlink: /home/said/Desktop/sobat/ROS2WorkSpace/install/sobat_interfaces/include/sobat_interfaces/msg/detail/mesafe_sensor__rosidl_typesupport_introspection_cpp.hpp
[1.079s] -- Up-to-date symlink: /home/said/Desktop/sobat/ROS2WorkSpace/install/sobat_interfaces/include/sobat_interfaces/msg/detail/sobat_hareket__rosidl_typesupport_introspection_cpp.hpp
[1.079s] -- Up-to-date symlink: /home/said/Desktop/sobat/ROS2WorkSpace/install/sobat_interfaces/share/sobat_interfaces/environment/pythonpath.sh
[1.079s] -- Up-to-date symlink: /home/said/Desktop/sobat/ROS2WorkSpace/install/sobat_interfaces/share/sobat_interfaces/environment/pythonpath.dsv
[1.079s] -- Up-to-date symlink: /home/said/Desktop/sobat/ROS2WorkSpace/install/sobat_interfaces/lib/python3.8/site-packages/sobat_interfaces/__init__.py
[1.080s] -- Up-to-date symlink: /home/said/Desktop/sobat/ROS2WorkSpace/install/sobat_interfaces/lib/python3.8/site-packages/sobat_interfaces/msg/__init__.py
[1.080s] -- Up-to-date symlink: /home/said/Desktop/sobat/ROS2WorkSpace/install/sobat_interfaces/lib/python3.8/site-packages/sobat_interfaces/msg/_mesafe_sensor.py
[1.080s] -- Up-to-date symlink: /home/said/Desktop/sobat/ROS2WorkSpace/install/sobat_interfaces/lib/python3.8/site-packages/sobat_interfaces/msg/_sobat_hareket.py
[1.080s] -- Up-to-date symlink: /home/said/Desktop/sobat/ROS2WorkSpace/install/sobat_interfaces/lib/python3.8/site-packages/sobat_interfaces/sobat_interfaces_s__rosidl_typesupport_fastrtps_c.cpython-38-x86_64-linux-gnu.so
[1.080s] -- Up-to-date symlink: /home/said/Desktop/sobat/ROS2WorkSpace/install/sobat_interfaces/lib/python3.8/site-packages/sobat_interfaces/sobat_interfaces_s__rosidl_typesupport_introspection_c.cpython-38-x86_64-linux-gnu.so
[1.081s] -- Up-to-date symlink: /home/said/Desktop/sobat/ROS2WorkSpace/install/sobat_interfaces/lib/python3.8/site-packages/sobat_interfaces/sobat_interfaces_s__rosidl_typesupport_c.cpython-38-x86_64-linux-gnu.so
[1.081s] -- Up-to-date symlink: /home/said/Desktop/sobat/ROS2WorkSpace/install/sobat_interfaces/lib/libsobat_interfaces__python.so
[1.081s] -- Up-to-date symlink: /home/said/Desktop/sobat/ROS2WorkSpace/install/sobat_interfaces/share/sobat_interfaces/msg/MesafeSensor.idl
[1.081s] -- Up-to-date symlink: /home/said/Desktop/sobat/ROS2WorkSpace/install/sobat_interfaces/share/sobat_interfaces/msg/SobatHareket.idl
[1.082s] -- Up-to-date symlink: /home/said/Desktop/sobat/ROS2WorkSpace/install/sobat_interfaces/share/sobat_interfaces/msg/MesafeSensor.msg
[1.082s] -- Up-to-date symlink: /home/said/Desktop/sobat/ROS2WorkSpace/install/sobat_interfaces/share/sobat_interfaces/msg/SobatHareket.msg
[1.082s] -- Up-to-date symlink: /home/said/Desktop/sobat/ROS2WorkSpace/install/sobat_interfaces/share/ament_index/resource_index/package_run_dependencies/sobat_interfaces
[1.082s] -- Up-to-date symlink: /home/said/Desktop/sobat/ROS2WorkSpace/install/sobat_interfaces/share/ament_index/resource_index/parent_prefix_path/sobat_interfaces
[1.082s] -- Up-to-date symlink: /home/said/Desktop/sobat/ROS2WorkSpace/install/sobat_interfaces/share/sobat_interfaces/environment/ament_prefix_path.sh
[1.083s] -- Up-to-date symlink: /home/said/Desktop/sobat/ROS2WorkSpace/install/sobat_interfaces/share/sobat_interfaces/environment/ament_prefix_path.dsv
[1.083s] -- Up-to-date symlink: /home/said/Desktop/sobat/ROS2WorkSpace/install/sobat_interfaces/share/sobat_interfaces/environment/path.sh
[1.083s] -- Up-to-date symlink: /home/said/Desktop/sobat/ROS2WorkSpace/install/sobat_interfaces/share/sobat_interfaces/environment/path.dsv
[1.083s] -- Up-to-date symlink: /home/said/Desktop/sobat/ROS2WorkSpace/install/sobat_interfaces/share/sobat_interfaces/local_setup.bash
[1.083s] -- Up-to-date symlink: /home/said/Desktop/sobat/ROS2WorkSpace/install/sobat_interfaces/share/sobat_interfaces/local_setup.sh
[1.084s] -- Up-to-date symlink: /home/said/Desktop/sobat/ROS2WorkSpace/install/sobat_interfaces/share/sobat_interfaces/local_setup.zsh
[1.084s] -- Up-to-date symlink: /home/said/Desktop/sobat/ROS2WorkSpace/install/sobat_interfaces/share/sobat_interfaces/local_setup.dsv
[1.084s] -- Symlinking: /home/said/Desktop/sobat/ROS2WorkSpace/install/sobat_interfaces/share/sobat_interfaces/package.dsv
[1.090s] -- Up-to-date symlink: /home/said/Desktop/sobat/ROS2WorkSpace/install/sobat_interfaces/share/ament_index/resource_index/packages/sobat_interfaces
[1.090s] -- Up-to-date symlink: /home/said/Desktop/sobat/ROS2WorkSpace/install/sobat_interfaces/share/sobat_interfaces/cmake/rosidl_cmake-extras.cmake
[1.091s] -- Up-to-date symlink: /home/said/Desktop/sobat/ROS2WorkSpace/install/sobat_interfaces/share/sobat_interfaces/cmake/ament_cmake_export_dependencies-extras.cmake
[1.091s] -- Up-to-date symlink: /home/said/Desktop/sobat/ROS2WorkSpace/install/sobat_interfaces/share/sobat_interfaces/cmake/ament_cmake_export_libraries-extras.cmake
[1.091s] -- Up-to-date symlink: /home/said/Desktop/sobat/ROS2WorkSpace/install/sobat_interfaces/share/sobat_interfaces/cmake/ament_cmake_export_targets-extras.cmake
[1.092s] -- Up-to-date symlink: /home/said/Desktop/sobat/ROS2WorkSpace/install/sobat_interfaces/share/sobat_interfaces/cmake/ament_cmake_export_include_directories-extras.cmake
[1.092s] -- Up-to-date symlink: /home/said/Desktop/sobat/ROS2WorkSpace/install/sobat_interfaces/share/sobat_interfaces/cmake/rosidl_cmake_export_typesupport_libraries-extras.cmake
[1.092s] -- Up-to-date symlink: /home/said/Desktop/sobat/ROS2WorkSpace/install/sobat_interfaces/share/sobat_interfaces/cmake/rosidl_cmake_export_typesupport_targets-extras.cmake
[1.092s] -- Up-to-date symlink: /home/said/Desktop/sobat/ROS2WorkSpace/install/sobat_interfaces/share/sobat_interfaces/cmake/sobat_interfacesConfig.cmake
[1.092s] -- Up-to-date symlink: /home/said/Desktop/sobat/ROS2WorkSpace/install/sobat_interfaces/share/sobat_interfaces/cmake/sobat_interfacesConfig-version.cmake
[1.092s] -- Up-to-date symlink: /home/said/Desktop/sobat/ROS2WorkSpace/install/sobat_interfaces/share/sobat_interfaces/package.xml
[1.093s] -- Up-to-date: /home/said/Desktop/sobat/ROS2WorkSpace/install/sobat_interfaces/lib/libsobat_interfaces__rosidl_generator_c.so
[1.093s] -- Up-to-date: /home/said/Desktop/sobat/ROS2WorkSpace/install/sobat_interfaces/lib/libsobat_interfaces__rosidl_typesupport_introspection_c.so
[1.093s] -- Up-to-date: /home/said/Desktop/sobat/ROS2WorkSpace/install/sobat_interfaces/lib/libsobat_interfaces__rosidl_typesupport_c.so
[1.093s] -- Up-to-date: /home/said/Desktop/sobat/ROS2WorkSpace/install/sobat_interfaces/lib/libsobat_interfaces__rosidl_typesupport_introspection_cpp.so
[1.093s] -- Up-to-date: /home/said/Desktop/sobat/ROS2WorkSpace/install/sobat_interfaces/lib/libsobat_interfaces__rosidl_typesupport_cpp.so
[1.119s] Compiling '/home/said/Desktop/sobat/ROS2WorkSpace/install/sobat_interfaces/lib/python3.8/site-packages/sobat_interfaces/__init__.py'...
[1.122s] -- Up-to-date: /home/said/Desktop/sobat/ROS2WorkSpace/install/sobat_interfaces/share/sobat_interfaces/cmake/sobat_interfaces__rosidl_generator_cExport.cmake
[1.122s] -- Installing: /home/said/Desktop/sobat/ROS2WorkSpace/install/sobat_interfaces/share/sobat_interfaces/cmake/sobat_interfaces__rosidl_generator_cExport-noconfig.cmake
[1.122s] -- Up-to-date: /home/said/Desktop/sobat/ROS2WorkSpace/install/sobat_interfaces/share/sobat_interfaces/cmake/sobat_interfaces__rosidl_typesupport_introspection_cExport.cmake
[1.122s] -- Installing: /home/said/Desktop/sobat/ROS2WorkSpace/install/sobat_interfaces/share/sobat_interfaces/cmake/sobat_interfaces__rosidl_typesupport_introspection_cExport-noconfig.cmake
[1.122s] -- Up-to-date: /home/said/Desktop/sobat/ROS2WorkSpace/install/sobat_interfaces/share/sobat_interfaces/cmake/sobat_interfaces__rosidl_typesupport_cExport.cmake
[1.122s] -- Installing: /home/said/Desktop/sobat/ROS2WorkSpace/install/sobat_interfaces/share/sobat_interfaces/cmake/sobat_interfaces__rosidl_typesupport_cExport-noconfig.cmake
[1.122s] -- Up-to-date: /home/said/Desktop/sobat/ROS2WorkSpace/install/sobat_interfaces/share/sobat_interfaces/cmake/sobat_interfaces__rosidl_generator_cppExport.cmake
[1.123s] -- Up-to-date: /home/said/Desktop/sobat/ROS2WorkSpace/install/sobat_interfaces/share/sobat_interfaces/cmake/sobat_interfaces__rosidl_typesupport_introspection_cppExport.cmake
[1.123s] -- Installing: /home/said/Desktop/sobat/ROS2WorkSpace/install/sobat_interfaces/share/sobat_interfaces/cmake/sobat_interfaces__rosidl_typesupport_introspection_cppExport-noconfig.cmake
[1.123s] -- Up-to-date: /home/said/Desktop/sobat/ROS2WorkSpace/install/sobat_interfaces/share/sobat_interfaces/cmake/sobat_interfaces__rosidl_typesupport_cppExport.cmake
[1.123s] -- Installing: /home/said/Desktop/sobat/ROS2WorkSpace/install/sobat_interfaces/share/sobat_interfaces/cmake/sobat_interfaces__rosidl_typesupport_cppExport-noconfig.cmake
[1.125s] Invoked command in '/home/said/Desktop/sobat/ROS2WorkSpace/build/sobat_interfaces' returned '0': CMAKE_PREFIX_PATH=${CMAKE_PREFIX_PATH}:/home/said/Desktop/sobat/ROS2WorkSpace/install/torpido_gorev:/home/said/Desktop/sobat/ROS2WorkSpace/install/kablo_gorev:/home/said/Desktop/sobat/ROS2WorkSpace/install/halka_gorev:/home/said/Desktop/sobat/ROS2WorkSpace/install/motor_kontrol:/opt/ros/foxy /usr/bin/cmake --install /home/said/Desktop/sobat/ROS2WorkSpace/build/sobat_interfaces
