[3.911s] DEBUG:colcon:Command line arguments: ['/usr/bin/colcon', 'build', '--packages-select', 'sobat_interfaces']
[3.911s] DEBUG:colcon:Parsed command line arguments: Namespace(allow_overriding=[], ament_cmake_args=None, base_paths=['.'], build_base='build', catkin_cmake_args=None, catkin_skip_building_tests=False, cmake_args=None, cmake_clean_cache=False, cmake_clean_first=False, cmake_force_configure=False, cmake_target=None, cmake_target_skip_unavailable=False, continue_on_error=False, event_handlers=None, executor='parallel', ignore_user_meta=False, install_base='install', log_base=None, log_level=None, main=<bound method BuildVerb.main of <colcon_core.verb.build.BuildVerb object at 0x7f763d9125b0>>, merge_install=False, metas=['./colcon.meta'], packages_above=None, packages_above_and_dependencies=None, packages_above_depth=None, packages_end=None, packages_ignore=None, packages_ignore_regex=None, packages_select=['sobat_interfaces'], packages_select_build_failed=False, packages_select_by_dep=None, packages_select_regex=None, packages_select_test_failures=False, packages_skip=None, packages_skip_build_finished=False, packages_skip_by_dep=None, packages_skip_regex=None, packages_skip_test_passed=False, packages_skip_up_to=None, packages_start=None, packages_up_to=None, packages_up_to_regex=None, parallel_workers=8, paths=None, symlink_install=False, test_result_base=None, verb_extension=<colcon_core.verb.build.BuildVerb object at 0x7f763d9125b0>, verb_name='build', verb_parser=<colcon_defaults.argument_parser.defaults.DefaultArgumentsDecorator object at 0x7f763d912a00>)
[4.077s] Level 1:colcon.colcon_core.package_discovery:discover_packages(colcon_meta) check parameters
[4.077s] Level 1:colcon.colcon_core.package_discovery:discover_packages(recursive) check parameters
[4.077s] Level 1:colcon.colcon_core.package_discovery:discover_packages(ignore) check parameters
[4.077s] Level 1:colcon.colcon_core.package_discovery:discover_packages(path) check parameters
[4.077s] Level 1:colcon.colcon_core.package_discovery:discover_packages(colcon_meta) discover
[4.077s] Level 1:colcon.colcon_core.package_discovery:discover_packages(recursive) discover
[4.077s] INFO:colcon.colcon_core.package_discovery:Crawling recursively for packages in '/home/said/Desktop/sobat/ROS2WorkSpace'
[4.077s] Level 1:colcon.colcon_core.package_identification:_identify(.) by extensions ['ignore', 'ignore_ament_install']
[4.077s] Level 1:colcon.colcon_core.package_identification:_identify(.) by extension 'ignore'
[4.077s] Level 1:colcon.colcon_core.package_identification:_identify(.) by extension 'ignore_ament_install'
[4.077s] Level 1:colcon.colcon_core.package_identification:_identify(.) by extensions ['colcon_pkg']
[4.078s] Level 1:colcon.colcon_core.package_identification:_identify(.) by extension 'colcon_pkg'
[4.078s] Level 1:colcon.colcon_core.package_identification:_identify(.) by extensions ['colcon_meta']
[4.078s] Level 1:colcon.colcon_core.package_identification:_identify(.) by extension 'colcon_meta'
[4.078s] Level 1:colcon.colcon_core.package_identification:_identify(.) by extensions ['ros']
[4.078s] Level 1:colcon.colcon_core.package_identification:_identify(.) by extension 'ros'
[4.086s] Level 1:colcon.colcon_core.package_identification:_identify(.) by extensions ['cmake', 'python']
[4.086s] Level 1:colcon.colcon_core.package_identification:_identify(.) by extension 'cmake'
[4.086s] Level 1:colcon.colcon_core.package_identification:_identify(.) by extension 'python'
[4.086s] Level 1:colcon.colcon_core.package_identification:_identify(.) by extensions ['python_setup_py']
[4.086s] Level 1:colcon.colcon_core.package_identification:_identify(.) by extension 'python_setup_py'
[4.086s] Level 1:colcon.colcon_core.package_identification:_identify(build) by extensions ['ignore', 'ignore_ament_install']
[4.086s] Level 1:colcon.colcon_core.package_identification:_identify(build) by extension 'ignore'
[4.086s] Level 1:colcon.colcon_core.package_identification:_identify(build) ignored
[4.086s] Level 1:colcon.colcon_core.package_identification:_identify(install) by extensions ['ignore', 'ignore_ament_install']
[4.086s] Level 1:colcon.colcon_core.package_identification:_identify(install) by extension 'ignore'
[4.086s] Level 1:colcon.colcon_core.package_identification:_identify(install) ignored
[4.086s] Level 1:colcon.colcon_core.package_identification:_identify(log) by extensions ['ignore', 'ignore_ament_install']
[4.087s] Level 1:colcon.colcon_core.package_identification:_identify(log) by extension 'ignore'
[4.087s] Level 1:colcon.colcon_core.package_identification:_identify(log) ignored
[4.087s] Level 1:colcon.colcon_core.package_identification:_identify(src) by extensions ['ignore', 'ignore_ament_install']
[4.087s] Level 1:colcon.colcon_core.package_identification:_identify(src) by extension 'ignore'
[4.087s] Level 1:colcon.colcon_core.package_identification:_identify(src) by extension 'ignore_ament_install'
[4.087s] Level 1:colcon.colcon_core.package_identification:_identify(src) by extensions ['colcon_pkg']
[4.087s] Level 1:colcon.colcon_core.package_identification:_identify(src) by extension 'colcon_pkg'
[4.087s] Level 1:colcon.colcon_core.package_identification:_identify(src) by extensions ['colcon_meta']
[4.087s] Level 1:colcon.colcon_core.package_identification:_identify(src) by extension 'colcon_meta'
[4.087s] Level 1:colcon.colcon_core.package_identification:_identify(src) by extensions ['ros']
[4.087s] Level 1:colcon.colcon_core.package_identification:_identify(src) by extension 'ros'
[4.087s] Level 1:colcon.colcon_core.package_identification:_identify(src) by extensions ['cmake', 'python']
[4.087s] Level 1:colcon.colcon_core.package_identification:_identify(src) by extension 'cmake'
[4.087s] Level 1:colcon.colcon_core.package_identification:_identify(src) by extension 'python'
[4.087s] Level 1:colcon.colcon_core.package_identification:_identify(src) by extensions ['python_setup_py']
[4.087s] Level 1:colcon.colcon_core.package_identification:_identify(src) by extension 'python_setup_py'
[4.087s] Level 1:colcon.colcon_core.package_identification:_identify(src/halka_gorev) by extensions ['ignore', 'ignore_ament_install']
[4.087s] Level 1:colcon.colcon_core.package_identification:_identify(src/halka_gorev) by extension 'ignore'
[4.087s] Level 1:colcon.colcon_core.package_identification:_identify(src/halka_gorev) by extension 'ignore_ament_install'
[4.087s] Level 1:colcon.colcon_core.package_identification:_identify(src/halka_gorev) by extensions ['colcon_pkg']
[4.087s] Level 1:colcon.colcon_core.package_identification:_identify(src/halka_gorev) by extension 'colcon_pkg'
[4.087s] Level 1:colcon.colcon_core.package_identification:_identify(src/halka_gorev) by extensions ['colcon_meta']
[4.087s] Level 1:colcon.colcon_core.package_identification:_identify(src/halka_gorev) by extension 'colcon_meta'
[4.088s] Level 1:colcon.colcon_core.package_identification:_identify(src/halka_gorev) by extensions ['ros']
[4.088s] Level 1:colcon.colcon_core.package_identification:_identify(src/halka_gorev) by extension 'ros'
[4.089s] DEBUG:colcon.colcon_core.package_identification:Package 'src/halka_gorev' with type 'ros.ament_python' and name 'halka_gorev'
[4.089s] Level 1:colcon.colcon_core.package_identification:_identify(src/kablo_gorev) by extensions ['ignore', 'ignore_ament_install']
[4.090s] Level 1:colcon.colcon_core.package_identification:_identify(src/kablo_gorev) by extension 'ignore'
[4.090s] Level 1:colcon.colcon_core.package_identification:_identify(src/kablo_gorev) by extension 'ignore_ament_install'
[4.090s] Level 1:colcon.colcon_core.package_identification:_identify(src/kablo_gorev) by extensions ['colcon_pkg']
[4.090s] Level 1:colcon.colcon_core.package_identification:_identify(src/kablo_gorev) by extension 'colcon_pkg'
[4.090s] Level 1:colcon.colcon_core.package_identification:_identify(src/kablo_gorev) by extensions ['colcon_meta']
[4.090s] Level 1:colcon.colcon_core.package_identification:_identify(src/kablo_gorev) by extension 'colcon_meta'
[4.090s] Level 1:colcon.colcon_core.package_identification:_identify(src/kablo_gorev) by extensions ['ros']
[4.090s] Level 1:colcon.colcon_core.package_identification:_identify(src/kablo_gorev) by extension 'ros'
[4.090s] DEBUG:colcon.colcon_core.package_identification:Package 'src/kablo_gorev' with type 'ros.ament_python' and name 'kablo_gorev'
[4.090s] Level 1:colcon.colcon_core.package_identification:_identify(src/sobat_interfaces) by extensions ['ignore', 'ignore_ament_install']
[4.090s] Level 1:colcon.colcon_core.package_identification:_identify(src/sobat_interfaces) by extension 'ignore'
[4.090s] Level 1:colcon.colcon_core.package_identification:_identify(src/sobat_interfaces) by extension 'ignore_ament_install'
[4.090s] Level 1:colcon.colcon_core.package_identification:_identify(src/sobat_interfaces) by extensions ['colcon_pkg']
[4.090s] Level 1:colcon.colcon_core.package_identification:_identify(src/sobat_interfaces) by extension 'colcon_pkg'
[4.090s] Level 1:colcon.colcon_core.package_identification:_identify(src/sobat_interfaces) by extensions ['colcon_meta']
[4.090s] Level 1:colcon.colcon_core.package_identification:_identify(src/sobat_interfaces) by extension 'colcon_meta'
[4.090s] Level 1:colcon.colcon_core.package_identification:_identify(src/sobat_interfaces) by extensions ['ros']
[4.090s] Level 1:colcon.colcon_core.package_identification:_identify(src/sobat_interfaces) by extension 'ros'
[4.091s] DEBUG:colcon.colcon_core.package_identification:Package 'src/sobat_interfaces' with type 'ros.ament_cmake' and name 'sobat_interfaces'
[4.091s] Level 1:colcon.colcon_core.package_identification:_identify(src/torpido_gorev) by extensions ['ignore', 'ignore_ament_install']
[4.091s] Level 1:colcon.colcon_core.package_identification:_identify(src/torpido_gorev) by extension 'ignore'
[4.091s] Level 1:colcon.colcon_core.package_identification:_identify(src/torpido_gorev) by extension 'ignore_ament_install'
[4.091s] Level 1:colcon.colcon_core.package_identification:_identify(src/torpido_gorev) by extensions ['colcon_pkg']
[4.091s] Level 1:colcon.colcon_core.package_identification:_identify(src/torpido_gorev) by extension 'colcon_pkg'
[4.091s] Level 1:colcon.colcon_core.package_identification:_identify(src/torpido_gorev) by extensions ['colcon_meta']
[4.091s] Level 1:colcon.colcon_core.package_identification:_identify(src/torpido_gorev) by extension 'colcon_meta'
[4.091s] Level 1:colcon.colcon_core.package_identification:_identify(src/torpido_gorev) by extensions ['ros']
[4.091s] Level 1:colcon.colcon_core.package_identification:_identify(src/torpido_gorev) by extension 'ros'
[4.091s] DEBUG:colcon.colcon_core.package_identification:Package 'src/torpido_gorev' with type 'ros.ament_python' and name 'torpido_gorev'
[4.092s] Level 1:colcon.colcon_core.package_discovery:discover_packages(recursive) using defaults
[4.092s] Level 1:colcon.colcon_core.package_discovery:discover_packages(ignore) discover
[4.092s] Level 1:colcon.colcon_core.package_discovery:discover_packages(ignore) using defaults
[4.092s] Level 1:colcon.colcon_core.package_discovery:discover_packages(path) discover
[4.092s] Level 1:colcon.colcon_core.package_discovery:discover_packages(path) using defaults
[4.313s] INFO:colcon.colcon_core.package_selection:Skipping not selected package 'kablo_gorev' in 'src/kablo_gorev'
[4.313s] INFO:colcon.colcon_core.package_selection:Skipping not selected package 'torpido_gorev' in 'src/torpido_gorev'
[4.313s] INFO:colcon.colcon_core.package_selection:Skipping not selected package 'halka_gorev' in 'src/halka_gorev'
[4.453s] Level 1:colcon.colcon_core.package_discovery:discover_packages(prefix_path) check parameters
[4.453s] Level 1:colcon.colcon_core.package_discovery:discover_packages(prefix_path) discover
[4.602s] DEBUG:colcon.colcon_installed_package_information.package_discovery:Found 334 installed packages in /opt/ros/foxy
[4.603s] Level 1:colcon.colcon_core.package_discovery:discover_packages(prefix_path) using defaults
[4.813s] Level 5:colcon.colcon_core.verb:set package 'sobat_interfaces' build argument 'cmake_args' from command line to 'None'
[4.813s] Level 5:colcon.colcon_core.verb:set package 'sobat_interfaces' build argument 'cmake_target' from command line to 'None'
[4.814s] Level 5:colcon.colcon_core.verb:set package 'sobat_interfaces' build argument 'cmake_target_skip_unavailable' from command line to 'False'
[4.814s] Level 5:colcon.colcon_core.verb:set package 'sobat_interfaces' build argument 'cmake_clean_cache' from command line to 'False'
[4.814s] Level 5:colcon.colcon_core.verb:set package 'sobat_interfaces' build argument 'cmake_clean_first' from command line to 'False'
[4.814s] Level 5:colcon.colcon_core.verb:set package 'sobat_interfaces' build argument 'cmake_force_configure' from command line to 'False'
[4.814s] Level 5:colcon.colcon_core.verb:set package 'sobat_interfaces' build argument 'ament_cmake_args' from command line to 'None'
[4.814s] Level 5:colcon.colcon_core.verb:set package 'sobat_interfaces' build argument 'catkin_cmake_args' from command line to 'None'
[4.814s] Level 5:colcon.colcon_core.verb:set package 'sobat_interfaces' build argument 'catkin_skip_building_tests' from command line to 'False'
[4.814s] DEBUG:colcon.colcon_core.verb:Building package 'sobat_interfaces' with the following arguments: {'ament_cmake_args': None, 'build_base': '/home/said/Desktop/sobat/ROS2WorkSpace/build/sobat_interfaces', 'catkin_cmake_args': None, 'catkin_skip_building_tests': False, 'cmake_args': None, 'cmake_clean_cache': False, 'cmake_clean_first': False, 'cmake_force_configure': False, 'cmake_target': None, 'cmake_target_skip_unavailable': False, 'install_base': '/home/said/Desktop/sobat/ROS2WorkSpace/install/sobat_interfaces', 'merge_install': False, 'path': '/home/said/Desktop/sobat/ROS2WorkSpace/src/sobat_interfaces', 'symlink_install': False, 'test_result_base': None}
[4.882s] INFO:colcon.colcon_core.executor:Executing jobs using 'parallel' executor
[4.951s] DEBUG:colcon.colcon_parallel_executor.executor.parallel:run_until_complete
[4.951s] INFO:colcon.colcon_ros.task.ament_cmake.build:Building ROS package in '/home/said/Desktop/sobat/ROS2WorkSpace/src/sobat_interfaces' with build type 'ament_cmake'
[4.951s] INFO:colcon.colcon_cmake.task.cmake.build:Building CMake package in '/home/said/Desktop/sobat/ROS2WorkSpace/src/sobat_interfaces'
[5.025s] INFO:colcon.colcon_core.plugin_system:Skipping extension 'colcon_core.shell.bat': Not used on non-Windows systems
[5.025s] INFO:colcon.colcon_core.shell:Skip shell extension 'powershell' for command environment: Not usable outside of PowerShell
[5.025s] DEBUG:colcon.colcon_core.shell:Skip shell extension 'dsv' for command environment
[5.180s] DEBUG:colcon.colcon_core.event_handler.log_command:Invoking command in '/home/said/Desktop/sobat/ROS2WorkSpace/build/sobat_interfaces': CMAKE_PREFIX_PATH=/opt/ros/foxy /usr/bin/cmake --build /home/said/Desktop/sobat/ROS2WorkSpace/build/sobat_interfaces -- -j8 -l8
[5.328s] DEBUG:colcon.colcon_core.event_handler.log_command:Invoked command in '/home/said/Desktop/sobat/ROS2WorkSpace/build/sobat_interfaces' returned '0': CMAKE_PREFIX_PATH=/opt/ros/foxy /usr/bin/cmake --build /home/said/Desktop/sobat/ROS2WorkSpace/build/sobat_interfaces -- -j8 -l8
[5.368s] DEBUG:colcon.colcon_core.event_handler.log_command:Invoking command in '/home/said/Desktop/sobat/ROS2WorkSpace/build/sobat_interfaces': CMAKE_PREFIX_PATH=/opt/ros/foxy /usr/bin/cmake --install /home/said/Desktop/sobat/ROS2WorkSpace/build/sobat_interfaces
[5.406s] Level 1:colcon.colcon_core.environment:create_environment_scripts_only(sobat_interfaces)
[5.407s] DEBUG:colcon.colcon_core.event_handler.log_command:Invoked command in '/home/said/Desktop/sobat/ROS2WorkSpace/build/sobat_interfaces' returned '0': CMAKE_PREFIX_PATH=/opt/ros/foxy /usr/bin/cmake --install /home/said/Desktop/sobat/ROS2WorkSpace/build/sobat_interfaces
[5.482s] Level 1:colcon.colcon_core.environment:checking '/home/said/Desktop/sobat/ROS2WorkSpace/install/sobat_interfaces' for CMake module files
[5.482s] Level 1:colcon.colcon_core.environment:checking '/home/said/Desktop/sobat/ROS2WorkSpace/install/sobat_interfaces' for CMake config files
[5.482s] Level 1:colcon.colcon_core.shell:create_environment_hook('sobat_interfaces', 'cmake_prefix_path')
[5.553s] INFO:colcon.colcon_core.shell:Creating environment hook '/home/said/Desktop/sobat/ROS2WorkSpace/install/sobat_interfaces/share/sobat_interfaces/hook/cmake_prefix_path.ps1'
[5.554s] INFO:colcon.colcon_core.shell:Creating environment descriptor '/home/said/Desktop/sobat/ROS2WorkSpace/install/sobat_interfaces/share/sobat_interfaces/hook/cmake_prefix_path.dsv'
[5.554s] INFO:colcon.colcon_core.shell:Creating environment hook '/home/said/Desktop/sobat/ROS2WorkSpace/install/sobat_interfaces/share/sobat_interfaces/hook/cmake_prefix_path.sh'
[5.555s] Level 1:colcon.colcon_core.environment:checking '/home/said/Desktop/sobat/ROS2WorkSpace/install/sobat_interfaces/lib'
[5.555s] Level 1:colcon.colcon_core.shell:create_environment_hook('sobat_interfaces', 'ld_library_path_lib')
[5.628s] INFO:colcon.colcon_core.shell:Creating environment hook '/home/said/Desktop/sobat/ROS2WorkSpace/install/sobat_interfaces/share/sobat_interfaces/hook/ld_library_path_lib.ps1'
[5.628s] INFO:colcon.colcon_core.shell:Creating environment descriptor '/home/said/Desktop/sobat/ROS2WorkSpace/install/sobat_interfaces/share/sobat_interfaces/hook/ld_library_path_lib.dsv'
[5.629s] INFO:colcon.colcon_core.shell:Creating environment hook '/home/said/Desktop/sobat/ROS2WorkSpace/install/sobat_interfaces/share/sobat_interfaces/hook/ld_library_path_lib.sh'
[5.629s] Level 1:colcon.colcon_core.environment:checking '/home/said/Desktop/sobat/ROS2WorkSpace/install/sobat_interfaces/bin'
[5.629s] Level 1:colcon.colcon_core.environment:checking '/home/said/Desktop/sobat/ROS2WorkSpace/install/sobat_interfaces/lib/pkgconfig/sobat_interfaces.pc'
[5.629s] Level 1:colcon.colcon_core.environment:checking '/home/said/Desktop/sobat/ROS2WorkSpace/install/sobat_interfaces/lib/python3.8/site-packages'
[5.629s] Level 1:colcon.colcon_core.shell:create_environment_hook('sobat_interfaces', 'pythonpath')
[5.701s] INFO:colcon.colcon_core.shell:Creating environment hook '/home/said/Desktop/sobat/ROS2WorkSpace/install/sobat_interfaces/share/sobat_interfaces/hook/pythonpath.ps1'
[5.701s] INFO:colcon.colcon_core.shell:Creating environment descriptor '/home/said/Desktop/sobat/ROS2WorkSpace/install/sobat_interfaces/share/sobat_interfaces/hook/pythonpath.dsv'
[5.701s] INFO:colcon.colcon_core.shell:Creating environment hook '/home/said/Desktop/sobat/ROS2WorkSpace/install/sobat_interfaces/share/sobat_interfaces/hook/pythonpath.sh'
[5.702s] Level 1:colcon.colcon_core.environment:checking '/home/said/Desktop/sobat/ROS2WorkSpace/install/sobat_interfaces/bin'
[5.773s] INFO:colcon.colcon_core.shell:Creating package script '/home/said/Desktop/sobat/ROS2WorkSpace/install/sobat_interfaces/share/sobat_interfaces/package.ps1'
[5.773s] INFO:colcon.colcon_core.shell:Creating package descriptor '/home/said/Desktop/sobat/ROS2WorkSpace/install/sobat_interfaces/share/sobat_interfaces/package.dsv'
[5.774s] INFO:colcon.colcon_core.shell:Creating package script '/home/said/Desktop/sobat/ROS2WorkSpace/install/sobat_interfaces/share/sobat_interfaces/package.sh'
[5.774s] INFO:colcon.colcon_core.shell:Creating package script '/home/said/Desktop/sobat/ROS2WorkSpace/install/sobat_interfaces/share/sobat_interfaces/package.bash'
[5.775s] INFO:colcon.colcon_core.shell:Creating package script '/home/said/Desktop/sobat/ROS2WorkSpace/install/sobat_interfaces/share/sobat_interfaces/package.zsh'
[5.775s] Level 1:colcon.colcon_core.environment:create_file_with_runtime_dependencies(/home/said/Desktop/sobat/ROS2WorkSpace/install/sobat_interfaces/share/colcon-core/packages/sobat_interfaces)
[5.877s] Level 1:colcon.colcon_core.environment:create_environment_scripts_only(sobat_interfaces)
[5.949s] Level 1:colcon.colcon_core.environment:checking '/home/said/Desktop/sobat/ROS2WorkSpace/install/sobat_interfaces' for CMake module files
[5.950s] Level 1:colcon.colcon_core.environment:checking '/home/said/Desktop/sobat/ROS2WorkSpace/install/sobat_interfaces' for CMake config files
[5.950s] Level 1:colcon.colcon_core.shell:create_environment_hook('sobat_interfaces', 'cmake_prefix_path')
[6.024s] INFO:colcon.colcon_core.shell:Creating environment hook '/home/said/Desktop/sobat/ROS2WorkSpace/install/sobat_interfaces/share/sobat_interfaces/hook/cmake_prefix_path.ps1'
[6.024s] INFO:colcon.colcon_core.shell:Creating environment descriptor '/home/said/Desktop/sobat/ROS2WorkSpace/install/sobat_interfaces/share/sobat_interfaces/hook/cmake_prefix_path.dsv'
[6.024s] INFO:colcon.colcon_core.shell:Creating environment hook '/home/said/Desktop/sobat/ROS2WorkSpace/install/sobat_interfaces/share/sobat_interfaces/hook/cmake_prefix_path.sh'
[6.025s] Level 1:colcon.colcon_core.environment:checking '/home/said/Desktop/sobat/ROS2WorkSpace/install/sobat_interfaces/lib'
[6.025s] Level 1:colcon.colcon_core.shell:create_environment_hook('sobat_interfaces', 'ld_library_path_lib')
[6.098s] INFO:colcon.colcon_core.shell:Creating environment hook '/home/said/Desktop/sobat/ROS2WorkSpace/install/sobat_interfaces/share/sobat_interfaces/hook/ld_library_path_lib.ps1'
[6.099s] INFO:colcon.colcon_core.shell:Creating environment descriptor '/home/said/Desktop/sobat/ROS2WorkSpace/install/sobat_interfaces/share/sobat_interfaces/hook/ld_library_path_lib.dsv'
[6.099s] INFO:colcon.colcon_core.shell:Creating environment hook '/home/said/Desktop/sobat/ROS2WorkSpace/install/sobat_interfaces/share/sobat_interfaces/hook/ld_library_path_lib.sh'
[6.099s] Level 1:colcon.colcon_core.environment:checking '/home/said/Desktop/sobat/ROS2WorkSpace/install/sobat_interfaces/bin'
[6.099s] Level 1:colcon.colcon_core.environment:checking '/home/said/Desktop/sobat/ROS2WorkSpace/install/sobat_interfaces/lib/pkgconfig/sobat_interfaces.pc'
[6.099s] Level 1:colcon.colcon_core.environment:checking '/home/said/Desktop/sobat/ROS2WorkSpace/install/sobat_interfaces/lib/python3.8/site-packages'
[6.100s] Level 1:colcon.colcon_core.shell:create_environment_hook('sobat_interfaces', 'pythonpath')
[6.171s] INFO:colcon.colcon_core.shell:Creating environment hook '/home/said/Desktop/sobat/ROS2WorkSpace/install/sobat_interfaces/share/sobat_interfaces/hook/pythonpath.ps1'
[6.172s] INFO:colcon.colcon_core.shell:Creating environment descriptor '/home/said/Desktop/sobat/ROS2WorkSpace/install/sobat_interfaces/share/sobat_interfaces/hook/pythonpath.dsv'
[6.172s] INFO:colcon.colcon_core.shell:Creating environment hook '/home/said/Desktop/sobat/ROS2WorkSpace/install/sobat_interfaces/share/sobat_interfaces/hook/pythonpath.sh'
[6.172s] Level 1:colcon.colcon_core.environment:checking '/home/said/Desktop/sobat/ROS2WorkSpace/install/sobat_interfaces/bin'
[6.246s] INFO:colcon.colcon_core.shell:Creating package script '/home/said/Desktop/sobat/ROS2WorkSpace/install/sobat_interfaces/share/sobat_interfaces/package.ps1'
[6.246s] INFO:colcon.colcon_core.shell:Creating package descriptor '/home/said/Desktop/sobat/ROS2WorkSpace/install/sobat_interfaces/share/sobat_interfaces/package.dsv'
[6.247s] INFO:colcon.colcon_core.shell:Creating package script '/home/said/Desktop/sobat/ROS2WorkSpace/install/sobat_interfaces/share/sobat_interfaces/package.sh'
[6.247s] INFO:colcon.colcon_core.shell:Creating package script '/home/said/Desktop/sobat/ROS2WorkSpace/install/sobat_interfaces/share/sobat_interfaces/package.bash'
[6.247s] INFO:colcon.colcon_core.shell:Creating package script '/home/said/Desktop/sobat/ROS2WorkSpace/install/sobat_interfaces/share/sobat_interfaces/package.zsh'
[6.248s] Level 1:colcon.colcon_core.environment:create_file_with_runtime_dependencies(/home/said/Desktop/sobat/ROS2WorkSpace/install/sobat_interfaces/share/colcon-core/packages/sobat_interfaces)
[6.248s] DEBUG:colcon.colcon_parallel_executor.executor.parallel:closing loop
[6.248s] DEBUG:colcon.colcon_parallel_executor.executor.parallel:loop closed
[6.248s] DEBUG:colcon.colcon_parallel_executor.executor.parallel:run_until_complete finished with '0'
[6.248s] DEBUG:colcon.colcon_core.event_reactor:joining thread
[6.326s] INFO:colcon.colcon_core.plugin_system:Skipping extension 'colcon_notification.desktop_notification.terminal_notifier': Not used on non-Darwin systems
[6.326s] INFO:colcon.colcon_core.plugin_system:Skipping extension 'colcon_notification.desktop_notification.win32': Not used on non-Windows systems
[6.326s] INFO:colcon.colcon_notification.desktop_notification:Sending desktop notification using 'notify2'
[6.337s] DEBUG:colcon.colcon_core.event_reactor:joined thread
[6.408s] INFO:colcon.colcon_core.shell:Creating prefix script '/home/said/Desktop/sobat/ROS2WorkSpace/install/local_setup.ps1'
[6.409s] INFO:colcon.colcon_core.shell:Creating prefix util module '/home/said/Desktop/sobat/ROS2WorkSpace/install/_local_setup_util_ps1.py'
[6.410s] INFO:colcon.colcon_core.shell:Creating prefix chain script '/home/said/Desktop/sobat/ROS2WorkSpace/install/setup.ps1'
[6.482s] INFO:colcon.colcon_core.shell:Creating prefix script '/home/said/Desktop/sobat/ROS2WorkSpace/install/local_setup.sh'
[6.483s] INFO:colcon.colcon_core.shell:Creating prefix util module '/home/said/Desktop/sobat/ROS2WorkSpace/install/_local_setup_util_sh.py'
[6.483s] INFO:colcon.colcon_core.shell:Creating prefix chain script '/home/said/Desktop/sobat/ROS2WorkSpace/install/setup.sh'
[6.555s] INFO:colcon.colcon_core.shell:Creating prefix script '/home/said/Desktop/sobat/ROS2WorkSpace/install/local_setup.bash'
[6.555s] INFO:colcon.colcon_core.shell:Creating prefix chain script '/home/said/Desktop/sobat/ROS2WorkSpace/install/setup.bash'
[6.626s] INFO:colcon.colcon_core.shell:Creating prefix script '/home/said/Desktop/sobat/ROS2WorkSpace/install/local_setup.zsh'
[6.626s] INFO:colcon.colcon_core.shell:Creating prefix chain script '/home/said/Desktop/sobat/ROS2WorkSpace/install/setup.zsh'
