[1.559s] Invoking command in '/home/said/Desktop/sobat/ROS2WorkSpace/build/sobat_interfaces': CMAKE_PREFIX_PATH=/home/said/Desktop/sobat/ROS2WorkSpace/install/torpido_gorev:/home/said/Desktop/sobat/ROS2WorkSpace/install/kablo_gorev:/home/said/Desktop/sobat/ROS2WorkSpace/install/halka_gorev:/opt/ros/foxy /usr/bin/cmake /home/said/Desktop/sobat/ROS2WorkSpace/src/sobat_interfaces -DCMAKE_INSTALL_PREFIX=/home/said/Desktop/sobat/ROS2WorkSpace/install/sobat_interfaces
[2.029s] -- The C compiler identification is GNU 9.4.0
[2.029s] -- The CXX compiler identification is GNU 9.4.0
[2.029s] -- Check for working C compiler: /usr/bin/cc
[2.029s] -- Check for working C compiler: /usr/bin/cc -- works
[2.031s] -- Detecting C compiler ABI info
[2.031s] -- Detecting C compiler ABI info - done
[2.031s] -- Detecting C compile features
[2.031s] -- Detecting C compile features - done
[2.032s] -- Check for working CXX compiler: /usr/bin/c++
[2.032s] -- Check for working CXX compiler: /usr/bin/c++ -- works
[2.032s] -- Detecting CXX compiler ABI info
[2.032s] -- Detecting CXX compiler ABI info - done
[2.033s] -- Detecting CXX compile features
[2.033s] -- Detecting CXX compile features - done
[2.034s] -- Found ament_cmake: 0.9.12 (/opt/ros/foxy/share/ament_cmake/cmake)
[2.034s] -- Found PythonInterp: /usr/bin/python3 (found suitable version "3.8.10", minimum required is "3") 
[2.034s] -- Using PYTHON_EXECUTABLE: /usr/bin/python3
[2.081s] -- Found rosidl_default_generators: 1.0.1 (/opt/ros/foxy/share/rosidl_default_generators/cmake)
[2.087s] -- Using all available rosidl_typesupport_c: rosidl_typesupport_fastrtps_c;rosidl_typesupport_introspection_c
[2.099s] -- Found rosidl_adapter: 1.3.1 (/opt/ros/foxy/share/rosidl_adapter/cmake)
[2.217s] -- Found OpenSSL: /usr/lib/x86_64-linux-gnu/libcrypto.so (found version "1.1.1f")  
[2.259s] -- Found FastRTPS: /opt/ros/foxy/include  
[2.351s] -- Using all available rosidl_typesupport_cpp: rosidl_typesupport_fastrtps_cpp;rosidl_typesupport_introspection_cpp
[2.409s] -- Found PythonInterp: /usr/bin/python3 (found version "3.8.10") 
[2.512s] -- Found ament_cmake_ros: 0.9.2 (/opt/ros/foxy/share/ament_cmake_ros/cmake)
[2.615s] -- Using all available rosidl_typesupport_c: rosidl_typesupport_fastrtps_c;rosidl_typesupport_introspection_c
[2.625s] -- Using all available rosidl_typesupport_cpp: rosidl_typesupport_fastrtps_cpp;rosidl_typesupport_introspection_cpp
[2.647s] -- Found PythonInterp: /usr/bin/python3 (found suitable version "3.8.10", minimum required is "3.5") 
[2.649s] -- Found python_cmake_module: 0.8.1 (/opt/ros/foxy/share/python_cmake_module/cmake)
[2.672s] -- Found PythonLibs: /usr/lib/x86_64-linux-gnu/libpython3.8.so (found suitable version "3.8.10", minimum required is "3.5") 
[2.672s] -- Using PYTHON_EXECUTABLE: /usr/bin/python3
[2.672s] -- Using PYTHON_INCLUDE_DIRS: /usr/include/python3.8
[2.672s] -- Using PYTHON_LIBRARIES: /usr/lib/x86_64-linux-gnu/libpython3.8.so
[2.688s] -- Found PythonExtra: .so  
[2.727s] CMake Error at CMakeLists.txt:25 (ament_export_dependecies):
[2.728s]   Unknown CMake command "ament_export_dependecies".
[2.728s] 
[2.728s] 
[2.729s] -- Configuring incomplete, errors occurred!
[2.729s] See also "/home/said/Desktop/sobat/ROS2WorkSpace/build/sobat_interfaces/CMakeFiles/CMakeOutput.log".
[3.297s] Invoked command in '/home/said/Desktop/sobat/ROS2WorkSpace/build/sobat_interfaces' returned '1': CMAKE_PREFIX_PATH=/home/said/Desktop/sobat/ROS2WorkSpace/install/torpido_gorev:/home/said/Desktop/sobat/ROS2WorkSpace/install/kablo_gorev:/home/said/Desktop/sobat/ROS2WorkSpace/install/halka_gorev:/opt/ros/foxy /usr/bin/cmake /home/said/Desktop/sobat/ROS2WorkSpace/src/sobat_interfaces -DCMAKE_INSTALL_PREFIX=/home/said/Desktop/sobat/ROS2WorkSpace/install/sobat_interfaces
