[1.036s] Invoking command in '/home/said/Desktop/sobat/ROS2WorkSpace/build/sobat_interfaces': CMAKE_PREFIX_PATH=${CMAKE_PREFIX_PATH}:/home/said/Desktop/sobat/ROS2WorkSpace/install/torpido_gorev:/home/said/Desktop/sobat/ROS2WorkSpace/install/kablo_gorev:/home/said/Desktop/sobat/ROS2WorkSpace/install/halka_gorev:/opt/ros/foxy /usr/bin/cmake --build /home/said/Desktop/sobat/ROS2WorkSpace/build/sobat_interfaces -- -j8 -l8
[1.968s] [  6%] Built target sobat_interfaces__cpp
[1.969s] [ 12%] Built target sobat_interfaces__rosidl_generator_c
[1.969s] [ 32%] Built target sobat_interfaces__rosidl_typesupport_introspection_c
[1.969s] [ 32%] Built target sobat_interfaces__rosidl_typesupport_c
[1.970s] [ 41%] Built target sobat_interfaces__rosidl_typesupport_introspection_cpp
[1.971s] [ 51%] Built target sobat_interfaces__rosidl_typesupport_cpp
[1.971s] [ 61%] Built target sobat_interfaces__rosidl_typesupport_fastrtps_cpp
[1.972s] [ 70%] Built target sobat_interfaces__rosidl_typesupport_fastrtps_c
[1.972s] [ 70%] Built target sobat_interfaces
[1.973s] [ 74%] Built target sobat_interfaces__py
[1.974s] [ 80%] Built target sobat_interfaces__python
[1.974s] [ 87%] Built target sobat_interfaces__rosidl_typesupport_c__pyext
[1.974s] [100%] Built target sobat_interfaces__rosidl_typesupport_fastrtps_c__pyext
[1.974s] [100%] Built target sobat_interfaces__rosidl_typesupport_introspection_c__pyext
[1.975s] Invoked command in '/home/said/Desktop/sobat/ROS2WorkSpace/build/sobat_interfaces' returned '0': CMAKE_PREFIX_PATH=${CMAKE_PREFIX_PATH}:/home/said/Desktop/sobat/ROS2WorkSpace/install/torpido_gorev:/home/said/Desktop/sobat/ROS2WorkSpace/install/kablo_gorev:/home/said/Desktop/sobat/ROS2WorkSpace/install/halka_gorev:/opt/ros/foxy /usr/bin/cmake --build /home/said/Desktop/sobat/ROS2WorkSpace/build/sobat_interfaces -- -j8 -l8
[2.010s] Invoking command in '/home/said/Desktop/sobat/ROS2WorkSpace/build/sobat_interfaces': CMAKE_PREFIX_PATH=${CMAKE_PREFIX_PATH}:/home/said/Desktop/sobat/ROS2WorkSpace/install/torpido_gorev:/home/said/Desktop/sobat/ROS2WorkSpace/install/kablo_gorev:/home/said/Desktop/sobat/ROS2WorkSpace/install/halka_gorev:/opt/ros/foxy /usr/bin/cmake --install /home/said/Desktop/sobat/ROS2WorkSpace/build/sobat_interfaces
[2.016s] -- Install configuration: ""
[2.017s] -- Up-to-date: /home/said/Desktop/sobat/ROS2WorkSpace/install/sobat_interfaces/share/ament_index/resource_index/rosidl_interfaces/sobat_interfaces
[2.017s] -- Up-to-date: /home/said/Desktop/sobat/ROS2WorkSpace/install/sobat_interfaces/include/sobat_interfaces
[2.017s] -- Up-to-date: /home/said/Desktop/sobat/ROS2WorkSpace/install/sobat_interfaces/include/sobat_interfaces/msg
[2.017s] -- Up-to-date: /home/said/Desktop/sobat/ROS2WorkSpace/install/sobat_interfaces/include/sobat_interfaces/msg/rosidl_generator_c__visibility_control.h
[2.017s] -- Up-to-date: /home/said/Desktop/sobat/ROS2WorkSpace/install/sobat_interfaces/include/sobat_interfaces/msg/detail
[2.017s] -- Up-to-date: /home/said/Desktop/sobat/ROS2WorkSpace/install/sobat_interfaces/include/sobat_interfaces/msg/detail/mesafe_sensor__functions.h
[2.017s] -- Up-to-date: /home/said/Desktop/sobat/ROS2WorkSpace/install/sobat_interfaces/include/sobat_interfaces/msg/detail/mesafe_sensor__type_support.h
[2.017s] -- Up-to-date: /home/said/Desktop/sobat/ROS2WorkSpace/install/sobat_interfaces/include/sobat_interfaces/msg/detail/mesafe_sensor__functions.c
[2.017s] -- Up-to-date: /home/said/Desktop/sobat/ROS2WorkSpace/install/sobat_interfaces/include/sobat_interfaces/msg/detail/mesafe_sensor__struct.h
[2.018s] -- Up-to-date: /home/said/Desktop/sobat/ROS2WorkSpace/install/sobat_interfaces/include/sobat_interfaces/msg/mesafe_sensor.h
[2.018s] -- Up-to-date: /home/said/Desktop/sobat/ROS2WorkSpace/install/sobat_interfaces/share/sobat_interfaces/environment/library_path.sh
[2.018s] -- Up-to-date: /home/said/Desktop/sobat/ROS2WorkSpace/install/sobat_interfaces/share/sobat_interfaces/environment/library_path.dsv
[2.018s] -- Up-to-date: /home/said/Desktop/sobat/ROS2WorkSpace/install/sobat_interfaces/lib/libsobat_interfaces__rosidl_generator_c.so
[2.018s] -- Up-to-date: /home/said/Desktop/sobat/ROS2WorkSpace/install/sobat_interfaces/include/sobat_interfaces
[2.018s] -- Up-to-date: /home/said/Desktop/sobat/ROS2WorkSpace/install/sobat_interfaces/include/sobat_interfaces/msg
[2.018s] -- Up-to-date: /home/said/Desktop/sobat/ROS2WorkSpace/install/sobat_interfaces/include/sobat_interfaces/msg/detail
[2.018s] -- Up-to-date: /home/said/Desktop/sobat/ROS2WorkSpace/install/sobat_interfaces/include/sobat_interfaces/msg/detail/mesafe_sensor__rosidl_typesupport_fastrtps_c.h
[2.018s] -- Up-to-date: /home/said/Desktop/sobat/ROS2WorkSpace/install/sobat_interfaces/include/sobat_interfaces/msg/rosidl_typesupport_fastrtps_c__visibility_control.h
[2.019s] -- Up-to-date: /home/said/Desktop/sobat/ROS2WorkSpace/install/sobat_interfaces/lib/libsobat_interfaces__rosidl_typesupport_fastrtps_c.so
[2.019s] -- Up-to-date: /home/said/Desktop/sobat/ROS2WorkSpace/install/sobat_interfaces/include/sobat_interfaces
[2.019s] -- Up-to-date: /home/said/Desktop/sobat/ROS2WorkSpace/install/sobat_interfaces/include/sobat_interfaces/msg
[2.019s] -- Up-to-date: /home/said/Desktop/sobat/ROS2WorkSpace/install/sobat_interfaces/include/sobat_interfaces/msg/rosidl_typesupport_fastrtps_cpp__visibility_control.h
[2.019s] -- Up-to-date: /home/said/Desktop/sobat/ROS2WorkSpace/install/sobat_interfaces/include/sobat_interfaces/msg/detail
[2.019s] -- Up-to-date: /home/said/Desktop/sobat/ROS2WorkSpace/install/sobat_interfaces/include/sobat_interfaces/msg/detail/mesafe_sensor__rosidl_typesupport_fastrtps_cpp.hpp
[2.019s] -- Up-to-date: /home/said/Desktop/sobat/ROS2WorkSpace/install/sobat_interfaces/include/sobat_interfaces/msg/detail/dds_fastrtps
[2.019s] -- Up-to-date: /home/said/Desktop/sobat/ROS2WorkSpace/install/sobat_interfaces/lib/libsobat_interfaces__rosidl_typesupport_fastrtps_cpp.so
[2.019s] -- Up-to-date: /home/said/Desktop/sobat/ROS2WorkSpace/install/sobat_interfaces/include/sobat_interfaces
[2.019s] -- Up-to-date: /home/said/Desktop/sobat/ROS2WorkSpace/install/sobat_interfaces/include/sobat_interfaces/msg
[2.020s] -- Up-to-date: /home/said/Desktop/sobat/ROS2WorkSpace/install/sobat_interfaces/include/sobat_interfaces/msg/detail
[2.020s] -- Up-to-date: /home/said/Desktop/sobat/ROS2WorkSpace/install/sobat_interfaces/include/sobat_interfaces/msg/detail/mesafe_sensor__type_support.c
[2.020s] -- Up-to-date: /home/said/Desktop/sobat/ROS2WorkSpace/install/sobat_interfaces/include/sobat_interfaces/msg/detail/mesafe_sensor__rosidl_typesupport_introspection_c.h
[2.020s] -- Up-to-date: /home/said/Desktop/sobat/ROS2WorkSpace/install/sobat_interfaces/include/sobat_interfaces/msg/rosidl_typesupport_introspection_c__visibility_control.h
[2.020s] -- Up-to-date: /home/said/Desktop/sobat/ROS2WorkSpace/install/sobat_interfaces/lib/libsobat_interfaces__rosidl_typesupport_introspection_c.so
[2.020s] -- Up-to-date: /home/said/Desktop/sobat/ROS2WorkSpace/install/sobat_interfaces/lib/libsobat_interfaces__rosidl_typesupport_c.so
[2.020s] -- Up-to-date: /home/said/Desktop/sobat/ROS2WorkSpace/install/sobat_interfaces/include/sobat_interfaces
[2.020s] -- Up-to-date: /home/said/Desktop/sobat/ROS2WorkSpace/install/sobat_interfaces/include/sobat_interfaces/msg
[2.020s] -- Up-to-date: /home/said/Desktop/sobat/ROS2WorkSpace/install/sobat_interfaces/include/sobat_interfaces/msg/rosidl_generator_cpp__visibility_control.hpp
[2.020s] -- Up-to-date: /home/said/Desktop/sobat/ROS2WorkSpace/install/sobat_interfaces/include/sobat_interfaces/msg/detail
[2.020s] -- Up-to-date: /home/said/Desktop/sobat/ROS2WorkSpace/install/sobat_interfaces/include/sobat_interfaces/msg/detail/mesafe_sensor__type_support.hpp
[2.021s] -- Up-to-date: /home/said/Desktop/sobat/ROS2WorkSpace/install/sobat_interfaces/include/sobat_interfaces/msg/detail/mesafe_sensor__traits.hpp
[2.021s] -- Up-to-date: /home/said/Desktop/sobat/ROS2WorkSpace/install/sobat_interfaces/include/sobat_interfaces/msg/detail/mesafe_sensor__builder.hpp
[2.021s] -- Up-to-date: /home/said/Desktop/sobat/ROS2WorkSpace/install/sobat_interfaces/include/sobat_interfaces/msg/detail/mesafe_sensor__struct.hpp
[2.021s] -- Up-to-date: /home/said/Desktop/sobat/ROS2WorkSpace/install/sobat_interfaces/include/sobat_interfaces/msg/mesafe_sensor.hpp
[2.021s] -- Up-to-date: /home/said/Desktop/sobat/ROS2WorkSpace/install/sobat_interfaces/include/sobat_interfaces
[2.021s] -- Up-to-date: /home/said/Desktop/sobat/ROS2WorkSpace/install/sobat_interfaces/include/sobat_interfaces/msg
[2.021s] -- Up-to-date: /home/said/Desktop/sobat/ROS2WorkSpace/install/sobat_interfaces/include/sobat_interfaces/msg/detail
[2.021s] -- Up-to-date: /home/said/Desktop/sobat/ROS2WorkSpace/install/sobat_interfaces/include/sobat_interfaces/msg/detail/mesafe_sensor__rosidl_typesupport_introspection_cpp.hpp
[2.021s] -- Up-to-date: /home/said/Desktop/sobat/ROS2WorkSpace/install/sobat_interfaces/include/sobat_interfaces/msg/detail/mesafe_sensor__type_support.cpp
[2.021s] -- Up-to-date: /home/said/Desktop/sobat/ROS2WorkSpace/install/sobat_interfaces/lib/libsobat_interfaces__rosidl_typesupport_introspection_cpp.so
[2.021s] -- Up-to-date: /home/said/Desktop/sobat/ROS2WorkSpace/install/sobat_interfaces/lib/libsobat_interfaces__rosidl_typesupport_cpp.so
[2.021s] -- Up-to-date: /home/said/Desktop/sobat/ROS2WorkSpace/install/sobat_interfaces/share/sobat_interfaces/environment/pythonpath.sh
[2.021s] -- Up-to-date: /home/said/Desktop/sobat/ROS2WorkSpace/install/sobat_interfaces/share/sobat_interfaces/environment/pythonpath.dsv
[2.021s] -- Up-to-date: /home/said/Desktop/sobat/ROS2WorkSpace/install/sobat_interfaces/lib/python3.8/site-packages/sobat_interfaces/__init__.py
[2.050s] -- Up-to-date: /home/said/Desktop/sobat/ROS2WorkSpace/install/sobat_interfaces/lib/python3.8/site-packages/sobat_interfaces/msg
[2.050s] -- Up-to-date: /home/said/Desktop/sobat/ROS2WorkSpace/install/sobat_interfaces/lib/python3.8/site-packages/sobat_interfaces/msg/__init__.py
[2.051s] -- Up-to-date: /home/said/Desktop/sobat/ROS2WorkSpace/install/sobat_interfaces/lib/python3.8/site-packages/sobat_interfaces/msg/_mesafe_sensor_s.c
[2.051s] -- Up-to-date: /home/said/Desktop/sobat/ROS2WorkSpace/install/sobat_interfaces/lib/python3.8/site-packages/sobat_interfaces/msg/_mesafe_sensor.py
[2.051s] -- Up-to-date: /home/said/Desktop/sobat/ROS2WorkSpace/install/sobat_interfaces/lib/python3.8/site-packages/sobat_interfaces/sobat_interfaces_s__rosidl_typesupport_fastrtps_c.cpython-38-x86_64-linux-gnu.so
[2.051s] -- Up-to-date: /home/said/Desktop/sobat/ROS2WorkSpace/install/sobat_interfaces/lib/python3.8/site-packages/sobat_interfaces/sobat_interfaces_s__rosidl_typesupport_introspection_c.cpython-38-x86_64-linux-gnu.so
[2.052s] -- Up-to-date: /home/said/Desktop/sobat/ROS2WorkSpace/install/sobat_interfaces/lib/python3.8/site-packages/sobat_interfaces/sobat_interfaces_s__rosidl_typesupport_c.cpython-38-x86_64-linux-gnu.so
[2.052s] -- Up-to-date: /home/said/Desktop/sobat/ROS2WorkSpace/install/sobat_interfaces/lib/libsobat_interfaces__python.so
[2.053s] -- Up-to-date: /home/said/Desktop/sobat/ROS2WorkSpace/install/sobat_interfaces/share/sobat_interfaces/msg/MesafeSensor.idl
[2.053s] -- Up-to-date: /home/said/Desktop/sobat/ROS2WorkSpace/install/sobat_interfaces/share/sobat_interfaces/msg/MesafeSensor.msg
[2.053s] -- Up-to-date: /home/said/Desktop/sobat/ROS2WorkSpace/install/sobat_interfaces/share/ament_index/resource_index/package_run_dependencies/sobat_interfaces
[2.053s] -- Up-to-date: /home/said/Desktop/sobat/ROS2WorkSpace/install/sobat_interfaces/share/ament_index/resource_index/parent_prefix_path/sobat_interfaces
[2.053s] -- Up-to-date: /home/said/Desktop/sobat/ROS2WorkSpace/install/sobat_interfaces/share/sobat_interfaces/environment/ament_prefix_path.sh
[2.053s] -- Up-to-date: /home/said/Desktop/sobat/ROS2WorkSpace/install/sobat_interfaces/share/sobat_interfaces/environment/ament_prefix_path.dsv
[2.053s] -- Up-to-date: /home/said/Desktop/sobat/ROS2WorkSpace/install/sobat_interfaces/share/sobat_interfaces/environment/path.sh
[2.053s] -- Up-to-date: /home/said/Desktop/sobat/ROS2WorkSpace/install/sobat_interfaces/share/sobat_interfaces/environment/path.dsv
[2.053s] -- Up-to-date: /home/said/Desktop/sobat/ROS2WorkSpace/install/sobat_interfaces/share/sobat_interfaces/local_setup.bash
[2.053s] -- Up-to-date: /home/said/Desktop/sobat/ROS2WorkSpace/install/sobat_interfaces/share/sobat_interfaces/local_setup.sh
[2.053s] -- Up-to-date: /home/said/Desktop/sobat/ROS2WorkSpace/install/sobat_interfaces/share/sobat_interfaces/local_setup.zsh
[2.053s] -- Up-to-date: /home/said/Desktop/sobat/ROS2WorkSpace/install/sobat_interfaces/share/sobat_interfaces/local_setup.dsv
[2.053s] -- Installing: /home/said/Desktop/sobat/ROS2WorkSpace/install/sobat_interfaces/share/sobat_interfaces/package.dsv
[2.054s] -- Up-to-date: /home/said/Desktop/sobat/ROS2WorkSpace/install/sobat_interfaces/share/ament_index/resource_index/packages/sobat_interfaces
[2.054s] -- Up-to-date: /home/said/Desktop/sobat/ROS2WorkSpace/install/sobat_interfaces/share/sobat_interfaces/cmake/sobat_interfaces__rosidl_generator_cExport.cmake
[2.054s] -- Up-to-date: /home/said/Desktop/sobat/ROS2WorkSpace/install/sobat_interfaces/share/sobat_interfaces/cmake/sobat_interfaces__rosidl_generator_cExport-noconfig.cmake
[2.054s] -- Up-to-date: /home/said/Desktop/sobat/ROS2WorkSpace/install/sobat_interfaces/share/sobat_interfaces/cmake/sobat_interfaces__rosidl_typesupport_introspection_cExport.cmake
[2.054s] -- Up-to-date: /home/said/Desktop/sobat/ROS2WorkSpace/install/sobat_interfaces/share/sobat_interfaces/cmake/sobat_interfaces__rosidl_typesupport_introspection_cExport-noconfig.cmake
[2.054s] -- Up-to-date: /home/said/Desktop/sobat/ROS2WorkSpace/install/sobat_interfaces/share/sobat_interfaces/cmake/sobat_interfaces__rosidl_typesupport_cExport.cmake
[2.054s] -- Up-to-date: /home/said/Desktop/sobat/ROS2WorkSpace/install/sobat_interfaces/share/sobat_interfaces/cmake/sobat_interfaces__rosidl_typesupport_cExport-noconfig.cmake
[2.055s] -- Up-to-date: /home/said/Desktop/sobat/ROS2WorkSpace/install/sobat_interfaces/share/sobat_interfaces/cmake/sobat_interfaces__rosidl_generator_cppExport.cmake
[2.055s] -- Up-to-date: /home/said/Desktop/sobat/ROS2WorkSpace/install/sobat_interfaces/share/sobat_interfaces/cmake/sobat_interfaces__rosidl_typesupport_introspection_cppExport.cmake
[2.055s] -- Up-to-date: /home/said/Desktop/sobat/ROS2WorkSpace/install/sobat_interfaces/share/sobat_interfaces/cmake/sobat_interfaces__rosidl_typesupport_introspection_cppExport-noconfig.cmake
[2.055s] -- Up-to-date: /home/said/Desktop/sobat/ROS2WorkSpace/install/sobat_interfaces/share/sobat_interfaces/cmake/sobat_interfaces__rosidl_typesupport_cppExport.cmake
[2.055s] -- Up-to-date: /home/said/Desktop/sobat/ROS2WorkSpace/install/sobat_interfaces/share/sobat_interfaces/cmake/sobat_interfaces__rosidl_typesupport_cppExport-noconfig.cmake
[2.055s] -- Up-to-date: /home/said/Desktop/sobat/ROS2WorkSpace/install/sobat_interfaces/share/sobat_interfaces/cmake/rosidl_cmake-extras.cmake
[2.055s] -- Up-to-date: /home/said/Desktop/sobat/ROS2WorkSpace/install/sobat_interfaces/share/sobat_interfaces/cmake/ament_cmake_export_dependencies-extras.cmake
[2.055s] -- Up-to-date: /home/said/Desktop/sobat/ROS2WorkSpace/install/sobat_interfaces/share/sobat_interfaces/cmake/ament_cmake_export_libraries-extras.cmake
[2.055s] -- Up-to-date: /home/said/Desktop/sobat/ROS2WorkSpace/install/sobat_interfaces/share/sobat_interfaces/cmake/ament_cmake_export_targets-extras.cmake
[2.056s] -- Up-to-date: /home/said/Desktop/sobat/ROS2WorkSpace/install/sobat_interfaces/share/sobat_interfaces/cmake/ament_cmake_export_include_directories-extras.cmake
[2.056s] -- Up-to-date: /home/said/Desktop/sobat/ROS2WorkSpace/install/sobat_interfaces/share/sobat_interfaces/cmake/rosidl_cmake_export_typesupport_libraries-extras.cmake
[2.056s] -- Up-to-date: /home/said/Desktop/sobat/ROS2WorkSpace/install/sobat_interfaces/share/sobat_interfaces/cmake/rosidl_cmake_export_typesupport_targets-extras.cmake
[2.056s] -- Up-to-date: /home/said/Desktop/sobat/ROS2WorkSpace/install/sobat_interfaces/share/sobat_interfaces/cmake/sobat_interfacesConfig.cmake
[2.056s] -- Up-to-date: /home/said/Desktop/sobat/ROS2WorkSpace/install/sobat_interfaces/share/sobat_interfaces/cmake/sobat_interfacesConfig-version.cmake
[2.056s] -- Up-to-date: /home/said/Desktop/sobat/ROS2WorkSpace/install/sobat_interfaces/share/sobat_interfaces/package.xml
[2.058s] Invoked command in '/home/said/Desktop/sobat/ROS2WorkSpace/build/sobat_interfaces' returned '0': CMAKE_PREFIX_PATH=${CMAKE_PREFIX_PATH}:/home/said/Desktop/sobat/ROS2WorkSpace/install/torpido_gorev:/home/said/Desktop/sobat/ROS2WorkSpace/install/kablo_gorev:/home/said/Desktop/sobat/ROS2WorkSpace/install/halka_gorev:/opt/ros/foxy /usr/bin/cmake --install /home/said/Desktop/sobat/ROS2WorkSpace/build/sobat_interfaces
